2023-05-08 12:47:07,397 [ERROR] LogOutputStream:75 - [STDERR_REDIRECT] Exception in thread "AWT-EventQueue-0" java.lang.NullPointerException
2023-05-08 12:47:07,416 [ERROR] LogOutputStream:75 - [STDERR_REDIRECT] 	at com.st.stm32cube.common.mx.targetselector.TargetSelectorAdapter$7.run(TargetSelectorAdapter.java:353)
2023-05-08 12:47:07,417 [ERROR] LogOutputStream:75 - [STDERR_REDIRECT] 	at com.st.stm32cube.common.mx.oss.core.awtswtbridge.AwtEnvironment$2.run(AwtEnvironment.java:166)
2023-05-08 12:47:07,418 [ERROR] LogOutputStream:75 - [STDERR_REDIRECT] 	at java.desktop/java.awt.event.InvocationEvent.dispatch(InvocationEvent.java:313)
2023-05-08 12:47:07,418 [ERROR] LogOutputStream:75 - [STDERR_REDIRECT] 	at java.desktop/java.awt.EventQueue.dispatchEventImpl(EventQueue.java:770)
2023-05-08 12:47:07,419 [ERROR] LogOutputStream:75 - [STDERR_REDIRECT] 	at java.desktop/java.awt.EventQueue$4.run(EventQueue.java:721)
2023-05-08 12:47:07,420 [ERROR] LogOutputStream:75 - [STDERR_REDIRECT] 	at java.desktop/java.awt.EventQueue$4.run(EventQueue.java:715)
2023-05-08 12:47:07,421 [ERROR] LogOutputStream:75 - [STDERR_REDIRECT] 	at java.base/java.security.AccessController.doPrivileged(Native Method)
2023-05-08 12:47:07,422 [ERROR] LogOutputStream:75 - [STDERR_REDIRECT] 	at java.base/java.security.ProtectionDomain$JavaSecurityAccessImpl.doIntersectionPrivilege(ProtectionDomain.java:85)
2023-05-08 12:47:07,423 [ERROR] LogOutputStream:75 - [STDERR_REDIRECT] 	at java.desktop/java.awt.EventQueue.dispatchEvent(EventQueue.java:740)
2023-05-08 12:47:07,424 [ERROR] LogOutputStream:75 - [STDERR_REDIRECT] 	at java.desktop/java.awt.EventDispatchThread.pumpOneEventForFilters(EventDispatchThread.java:203)
2023-05-08 12:47:07,425 [ERROR] LogOutputStream:75 - [STDERR_REDIRECT] 	at java.desktop/java.awt.EventDispatchThread.pumpEventsForFilter(EventDispatchThread.java:124)
2023-05-08 12:47:07,426 [ERROR] LogOutputStream:75 - [STDERR_REDIRECT] 	at java.desktop/java.awt.EventDispatchThread.pumpEventsForHierarchy(EventDispatchThread.java:113)
2023-05-08 12:47:07,427 [ERROR] LogOutputStream:75 - [STDERR_REDIRECT] 	at java.desktop/java.awt.EventDispatchThread.pumpEvents(EventDispatchThread.java:109)
2023-05-08 12:47:07,428 [ERROR] LogOutputStream:75 - [STDERR_REDIRECT] 	at java.desktop/java.awt.EventDispatchThread.pumpEvents(EventDispatchThread.java:101)
2023-05-08 12:47:07,429 [ERROR] LogOutputStream:75 - [STDERR_REDIRECT] 	at java.desktop/java.awt.EventDispatchThread.run(EventDispatchThread.java:90)
2023-05-08 12:47:07,430 [ERROR] LogOutputStream:75 - [STDERR_REDIRECT] Exception in thread "AWT-EventQueue-0" java.lang.NullPointerException
2023-05-08 12:47:07,431 [ERROR] LogOutputStream:75 - [STDERR_REDIRECT] 	at com.st.stm32cube.common.mx.targetselector.TargetSelectorAdapter$7.run(TargetSelectorAdapter.java:353)
2023-05-08 12:47:07,432 [ERROR] LogOutputStream:75 - [STDERR_REDIRECT] 	at com.st.stm32cube.common.mx.oss.core.awtswtbridge.AwtEnvironment$2.run(AwtEnvironment.java:166)
2023-05-08 12:47:07,433 [ERROR] LogOutputStream:75 - [STDERR_REDIRECT] 	at java.desktop/java.awt.event.InvocationEvent.dispatch(InvocationEvent.java:313)
2023-05-08 12:47:07,434 [ERROR] LogOutputStream:75 - [STDERR_REDIRECT] 	at java.desktop/java.awt.EventQueue.dispatchEventImpl(EventQueue.java:770)
2023-05-08 12:47:07,435 [ERROR] LogOutputStream:75 - [STDERR_REDIRECT] 	at java.desktop/java.awt.EventQueue$4.run(EventQueue.java:721)
2023-05-08 12:47:07,435 [ERROR] LogOutputStream:75 - [STDERR_REDIRECT] 	at java.desktop/java.awt.EventQueue$4.run(EventQueue.java:715)
2023-05-08 12:47:07,436 [ERROR] LogOutputStream:75 - [STDERR_REDIRECT] 	at java.base/java.security.AccessController.doPrivileged(Native Method)
2023-05-08 12:47:07,437 [ERROR] LogOutputStream:75 - [STDERR_REDIRECT] 	at java.base/java.security.ProtectionDomain$JavaSecurityAccessImpl.doIntersectionPrivilege(ProtectionDomain.java:85)
2023-05-08 12:47:07,438 [ERROR] LogOutputStream:75 - [STDERR_REDIRECT] 	at java.desktop/java.awt.EventQueue.dispatchEvent(EventQueue.java:740)
2023-05-08 12:47:07,439 [ERROR] LogOutputStream:75 - [STDERR_REDIRECT] 	at java.desktop/java.awt.EventDispatchThread.pumpOneEventForFilters(EventDispatchThread.java:203)
2023-05-08 12:47:07,440 [ERROR] LogOutputStream:75 - [STDERR_REDIRECT] 	at java.desktop/java.awt.EventDispatchThread.pumpEventsForFilter(EventDispatchThread.java:124)
2023-05-08 12:47:07,441 [ERROR] LogOutputStream:75 - [STDERR_REDIRECT] 	at java.desktop/java.awt.EventDispatchThread.pumpEventsForHierarchy(EventDispatchThread.java:113)
2023-05-08 12:47:07,442 [ERROR] LogOutputStream:75 - [STDERR_REDIRECT] 	at java.desktop/java.awt.EventDispatchThread.pumpEvents(EventDispatchThread.java:109)
2023-05-08 12:47:07,443 [ERROR] LogOutputStream:75 - [STDERR_REDIRECT] 	at java.desktop/java.awt.EventDispatchThread.pumpEvents(EventDispatchThread.java:101)
2023-05-08 12:47:07,444 [ERROR] LogOutputStream:75 - [STDERR_REDIRECT] 	at java.desktop/java.awt.EventDispatchThread.run(EventDispatchThread.java:90)
2023-05-08 12:48:39,254 [INFO] MainUpdater:2854 - connection check result : 10
2023-05-08 12:48:39,254 [INFO] McuFinderGlobals:66 - Set McuFinderConnectedMode to true
2023-05-08 12:48:39,659 [INFO] ServerAccessManage:473 - Download File mcusAds.json._tmp_
2023-05-08 12:48:39,778 [INFO] LoadUrlFilesThread:156 - End of LoadUrlFiles Thread
2023-05-08 12:48:39,975 [INFO] ServerAccessManage:473 - Download File cube-finder-db.zip
2023-05-08 12:48:41,331 [INFO] FileExtend:240 - Unzip File : cube-finder-db.zip
2023-05-08 12:48:41,332 [INFO] FileExtend:255 - Standard Zip Deflate
2023-05-08 12:48:41,817 [INFO] LoadUrlFilesThread:156 - End of LoadUrlFiles Thread
2023-05-08 12:48:42,711 [INFO] ServerAccessManage:473 - Download File crdb.zip
2023-05-08 12:48:43,807 [INFO] FileExtend:240 - Unzip File : crdb.zip
2023-05-08 12:48:43,807 [INFO] FileExtend:255 - Standard Zip Deflate
2023-05-08 12:48:43,954 [INFO] LoadUrlFilesThread:156 - End of LoadUrlFiles Thread
2023-05-08 12:48:44,084 [INFO] ServerAccessManage:473 - Download File tutoVideoDB.zip
2023-05-08 12:48:44,092 [INFO] FileExtend:240 - Unzip File : tutoVideoDB.zip
2023-05-08 12:48:44,092 [INFO] FileExtend:255 - Standard Zip Deflate
2023-05-08 12:48:44,219 [INFO] LoadUrlFilesThread:156 - End of LoadUrlFiles Thread
2023-05-08 12:48:44,223 [WARN] DbFile:41 - Overriding database path with different value: C:\Users\Wilso\.stmcufinder\plugins\mcufinder/ => C:\Users\Wilso\.stmcufinder\plugins\mcufinder
2023-05-08 12:48:44,256 [INFO] ServerAccessManage:473 - Download File api_config.json
2023-05-08 12:48:44,374 [INFO] LoadUrlFilesThread:156 - End of LoadUrlFiles Thread
2023-05-08 12:48:44,375 [INFO] DbMcusAds:53 - JSON generation date=Tue Mar 07 00:50:54 PST 2023 (1678179054945)
2023-05-08 12:48:44,377 [INFO] ApiDb:448 - Save user favorites file C:\Users\Wilso/.stm32cubeide/favorites.mcus.txt: 0 item(s)
2023-05-08 12:48:44,377 [INFO] ApiDb:452 - User favorites MCUs=[]
2023-05-08 12:48:44,378 [INFO] ApiDb:581 - Connected to CubeFinder SQLite database (C:\Users\Wilso\.stmcufinder\plugins\mcufinder\mcu\cube-finder-db.db)
2023-05-08 12:48:44,424 [INFO] ApiDb:668 - CubeFinder database Data Model version=2.1
2023-05-08 12:48:44,424 [INFO] ApiDb:669 - CubeFinder database Configuration version=3.0.35
2023-05-08 12:48:44,424 [INFO] ApiDb:670 - CubeFinder database generation date=2023-04-03 (1680511692)
2023-05-08 12:48:44,424 [INFO] ApiDb:671 - CubeFinder database FW Pack versions=[FP-ATR-ASTRA1_V2.0.0, STM32Cube_FW_C0_V1.0.1, STM32Cube_FW_F0_V1.11.4, STM32Cube_FW_F3_V1.11.4, STM32Cube_FW_F4_V1.27.1, STM32Cube_FW_F7_V1.17.0, STM32Cube_FW_G0_V1.6.1, STM32Cube_FW_G4_V1.5.1, STM32Cube_FW_H5_V0.5.1, STM32Cube_FW_H5_V1.0.0, STM32Cube_FW_H7_V1.11.0, STM32Cube_FW_L0_V1.12.2, STM32Cube_FW_L5_V1.5.0, STM32Cube_FW_U5_V1.2.0, STM32Cube_FW_WBA_V1.0.0, STM32Cube_FW_WBA_V1.0.0RC1, STM32Cube_FW_WBA_V1.0.0RC3, STM32Cube_FW_WB_V1.15.0RC1, STM32Cube_FW_WB_V1.16.0, STM32Cube_FW_WB_V1.16.0RC2, STM32Cube_FW_WL_V1.3.0, X-CUBE-ALGOBUILD_V1.3.0, X-CUBE-ALS_V1.0.1, X-CUBE-AZRTOS-F4_V1.1.0, X-CUBE-AZRTOS-F7_V1.1.0, X-CUBE-AZRTOS-G0_V1.1.0, X-CUBE-AZRTOS-G4_V1.0.0, X-CUBE-AZRTOS-H7_V3.0.0, X-CUBE-AZRTOS-L4_V1.0.0, X-CUBE-AZRTOS-L5_V1.1.0, X-CUBE-AZRTOS-WB_V1.1.0, X-CUBE-AZRTOS-WL_V1.0.0, X-CUBE-BLE1_V6.2.4, X-CUBE-BLE2_V3.3.0, X-CUBE-BLEMGR_V1.3.0, X-CUBE-EEPRMA1_V4.1.0, X-CUBE-FREERTOS_V1.0.1, X-CUBE-GNSS1_V6.0.0, X-CUBE-MEMS1_V9.1.0, X-CUBE-MEMS1_V9.4.0, X-CUBE-MEMS1_V9.5.0, X-CUBE-NFC4_V3.0.0, X-CUBE-NFC7_V1.0.0, X-CUBE-SFXS2LP1_V4.0.0, X-CUBE-SUBG2_V5.0.0]
2023-05-08 12:48:45,615 [INFO] ApiDb:240 - Found 297 in-development CPN: [B-G473E-ZEST1S, B-WB1M-WPAN1, B-WL5M-SUBG1, NUCLEO-C031C6, NUCLEO-H503RB, NUCLEO-H563ZI, NUCLEO-U545RE-Q, NUCLEO-U5A5ZJ-Q, NUCLEO-WBA52CG, STEVAL-PROTEUS1, STEVAL-STWINBX1, STM320518-EVAL, STM32C0116-DK, STM32C011D6Y3TR, STM32C011D6Y6TR, STM32C011F4P3, STM32C011F4P6, STM32C011F4U3, STM32C011F4U6TR, STM32C011F6P3, STM32C011F6P6, STM32C011F6U3, STM32C011F6U6TR, STM32C011J4M3, STM32C011J4M6, STM32C011J6M3, STM32C011J6M6, STM32C0316-DK, STM32C031C4T3, STM32C031C4T6, STM32C031C4U3, STM32C031C4U6, STM32C031C6T3, STM32C031C6T6, STM32C031C6U3, STM32C031C6U6, STM32C031F4P3, STM32C031F4P6, STM32C031F6P3, STM32C031F6P6, STM32C031G4U3, STM32C031G4U6, STM32C031G6U3, STM32C031G6U6, STM32C031K4T3, STM32C031K4T6, STM32C031K4U3, STM32C031K4U6, STM32C031K6T3, STM32C031K6T6, STM32C031K6U3, STM32C031K6U6, STM32G071K8TXN, STM32G071K8UXN, STM32G081GBU6N, STM32G081KBT6N, STM32G081KBUXN, STM32G0B1CCT6N, STM32G0B1KCT6, STM32G0B1NEY6TR, STM32G0B1RCT6N, STM32G0C1CCT6, STM32G0C1CCT6N, STM32G0C1CCU6N, STM32G0C1CET6N, STM32G0C1CEU6N, STM32G0C1KCT6, STM32G0C1NEY6TR, STM32G0C1RCI6N, STM32G0C1RCT6N, STM32G0C1REI6N, STM32G0C1RET6N, STM32G0C1VCI6, STM32G0C1VEI6, STM32G471CCT6, STM32G471CCU6, STM32G471CET3, STM32G471CET6, STM32G471CEU3, STM32G471CEU6, STM32G471MCT6, STM32G471MET3, STM32G471MET6, STM32G471MEY6TR, STM32G471QCT6, STM32G471QET3, STM32G471RCT6, STM32G471RET3, STM32G471RET6, STM32G471VCH6, STM32G471VCI6, STM32G471VCT6, STM32G471VEH3, STM32G471VEH6, STM32G471VEI3, STM32G471VEI6, STM32G471VET3, STM32G471VET6, STM32G474CCT6, STM32H503CBT6, STM32H503CBU6, STM32H503EBY6TR, STM32H503KBU6, STM32H503RBT6, STM32H562AGI6, STM32H562AII6, STM32H562IGK6, STM32H562IGT6, STM32H562IIK6, STM32H562IIT6, STM32H562RGT6, STM32H562RGV6, STM32H562RIT6, STM32H562RIV6, STM32H562VGT6, STM32H562VIT6, STM32H562ZGT6, STM32H562ZIT6, STM32H563AGI6, STM32H563AII3Q, STM32H563AII6, STM32H563IGK6, STM32H563IGT6, STM32H563IIK3Q, STM32H563IIK6, STM32H563IIT3Q, STM32H563IIT6, STM32H563MIY3QTR, STM32H563RGT6, STM32H563RGV6, STM32H563RIT6, STM32H563RIV6, STM32H563VGT6, STM32H563VIT3Q, STM32H563VIT6, STM32H563ZGT6, STM32H563ZIT3Q, STM32H563ZIT6, STM32H573AII3Q, STM32H573AII6, STM32H573I-DK, STM32H573IIK3Q, STM32H573IIK6, STM32H573IIT3Q, STM32H573IIT6, STM32H573MIY3QTR, STM32H573RIT6, STM32H573RIV6, STM32H573VIT3Q, STM32H573VIT6, STM32H573ZIT3Q, STM32H573ZIT6, STM32L4R5QGI6STR, STM32MP131AAE3, STM32MP131AAF3, STM32MP131AAG3, STM32MP131CAE3, STM32MP131CAF3, STM32MP131CAG3, STM32MP131DAE7, STM32MP131DAF7, STM32MP131DAG7, STM32MP131FAE7, STM32MP131FAF7, STM32MP131FAG7, STM32MP133AAE3, STM32MP133AAF3, STM32MP133AAG3, STM32MP133CAE3, STM32MP133CAF3, STM32MP133CAG3, STM32MP133DAE7, STM32MP133DAF7, STM32MP133DAG7, STM32MP133FAE7, STM32MP133FAF7, STM32MP133FAG7, STM32MP135AAE3, STM32MP135AAF3, STM32MP135AAG3, STM32MP135CAE3, STM32MP135CAF3, STM32MP135CAG3, STM32MP135DAE7, STM32MP135DAF7, STM32MP135DAG7, STM32MP135F-DK, STM32MP135FAE7, STM32MP135FAF7, STM32MP135FAF7T, STM32MP135FAF7U, STM32MP135FAG7, STM32U535CBT6, STM32U535CBT6Q, STM32U535CBU6, STM32U535CBU6Q, STM32U535CCT6, STM32U535CCT6Q, STM32U535CCU6, STM32U535CCU6Q, STM32U535CET6, STM32U535CET6Q, STM32U535CEU6, STM32U535CEU6Q, STM32U535JEY6QTR, STM32U535NCY6QTR, STM32U535NEY6QTR, STM32U535RBI6, STM32U535RBI6Q, STM32U535RBT6, STM32U535RBT6Q, STM32U535RCI6, STM32U535RCI6Q, STM32U535RCT6, STM32U535RCT6Q, STM32U535REI6, STM32U535REI6Q, STM32U535RET6, STM32U535RET6Q, STM32U535VCI6, STM32U535VCI6Q, STM32U535VCT6, STM32U535VCT6Q, STM32U535VEI6, STM32U535VEI6Q, STM32U535VET6, STM32U535VET6Q, STM32U545CET6, STM32U545CET6Q, STM32U545CEU6, STM32U545CEU6Q, STM32U545JEY6QTR, STM32U545NEY6QTR, STM32U545REI6, STM32U545REI6Q, STM32U545RET6, STM32U545RET6Q, STM32U545VEI6, STM32U545VEI6Q, STM32U545VET6, STM32U545VET6Q, STM32U595AIH6, STM32U595AIH6Q, STM32U595AJH6, STM32U595AJH6Q, STM32U595QII6, STM32U595QII6Q, STM32U595QJI6, STM32U595QJI6Q, STM32U595RIT6, STM32U595RIT6Q, STM32U595RJT6, STM32U595RJT6Q, STM32U595VIT6, STM32U595VIT6Q, STM32U595VJT6, STM32U595VJT6Q, STM32U595ZIT6, STM32U595ZIT6Q, STM32U595ZIY6QTR, STM32U595ZJT6, STM32U595ZJT6Q, STM32U595ZJY6QTR, STM32U599BJY6QTR, STM32U599NIH6Q, STM32U599NJH6Q, STM32U599VIT6Q, STM32U599VJT6, STM32U599VJT6Q, STM32U599ZIT6Q, STM32U599ZIY6QTR, STM32U599ZJT6Q, STM32U599ZJY6QTR, STM32U5A5AJH6, STM32U5A5AJH6Q, STM32U5A5QJI6, STM32U5A5QJI6Q, STM32U5A5RJT6, STM32U5A5RJT6Q, STM32U5A5VJT6, STM32U5A5VJT6Q, STM32U5A5ZJT6, STM32U5A5ZJT6Q, STM32U5A5ZJY6QTR, STM32U5A9BJY6QTR, STM32U5A9J-DK, STM32U5A9NJH6Q, STM32U5A9VJT6Q, STM32U5A9ZJT6Q, STM32U5A9ZJY6QTR, STM32WB1MMCH6, STM32WBA52CEU6, STM32WBA52CEU6T, STM32WBA52CGU6, STM32WBA52CGU6T, STM32WL5MOCH6, STM32WL5MOCH6TR]
2023-05-08 12:48:45,617 [INFO] DbMcus:216 - Found 3775 MCUs, 3775 are supported
2023-05-08 12:48:45,618 [INFO] ApiDb:423 - Load user favorites file C:\Users\Wilso/.stm32cubeide/favorites.mcus.txt: 0 item(s)
2023-05-08 12:48:45,619 [INFO] ApiDb:427 - User favorites MCUs=[]
2023-05-08 12:48:45,619 [INFO] DbMcus:222 - Set 0 / 0 favorites MCUs
2023-05-08 12:48:46,172 [INFO] ApiDb:448 - Save user favorites file C:\Users\Wilso/.stm32cubeide/favorites.boards.txt: 0 item(s)
2023-05-08 12:48:46,172 [INFO] ApiDb:452 - User favorites Boards=[]
2023-05-08 12:48:46,173 [INFO] ApiDb:581 - Connected to CubeFinder SQLite database (C:\Users\Wilso\.stmcufinder\plugins\mcufinder\mcu\cube-finder-db.db)
2023-05-08 12:48:46,221 [INFO] ApiDb:668 - CubeFinder database Data Model version=2.1
2023-05-08 12:48:46,221 [INFO] ApiDb:669 - CubeFinder database Configuration version=3.0.35
2023-05-08 12:48:46,221 [INFO] ApiDb:670 - CubeFinder database generation date=2023-04-03 (1680511692)
2023-05-08 12:48:46,221 [INFO] ApiDb:671 - CubeFinder database FW Pack versions=[FP-ATR-ASTRA1_V2.0.0, STM32Cube_FW_C0_V1.0.1, STM32Cube_FW_F0_V1.11.4, STM32Cube_FW_F3_V1.11.4, STM32Cube_FW_F4_V1.27.1, STM32Cube_FW_F7_V1.17.0, STM32Cube_FW_G0_V1.6.1, STM32Cube_FW_G4_V1.5.1, STM32Cube_FW_H5_V0.5.1, STM32Cube_FW_H5_V1.0.0, STM32Cube_FW_H7_V1.11.0, STM32Cube_FW_L0_V1.12.2, STM32Cube_FW_L5_V1.5.0, STM32Cube_FW_U5_V1.2.0, STM32Cube_FW_WBA_V1.0.0, STM32Cube_FW_WBA_V1.0.0RC1, STM32Cube_FW_WBA_V1.0.0RC3, STM32Cube_FW_WB_V1.15.0RC1, STM32Cube_FW_WB_V1.16.0, STM32Cube_FW_WB_V1.16.0RC2, STM32Cube_FW_WL_V1.3.0, X-CUBE-ALGOBUILD_V1.3.0, X-CUBE-ALS_V1.0.1, X-CUBE-AZRTOS-F4_V1.1.0, X-CUBE-AZRTOS-F7_V1.1.0, X-CUBE-AZRTOS-G0_V1.1.0, X-CUBE-AZRTOS-G4_V1.0.0, X-CUBE-AZRTOS-H7_V3.0.0, X-CUBE-AZRTOS-L4_V1.0.0, X-CUBE-AZRTOS-L5_V1.1.0, X-CUBE-AZRTOS-WB_V1.1.0, X-CUBE-AZRTOS-WL_V1.0.0, X-CUBE-BLE1_V6.2.4, X-CUBE-BLE2_V3.3.0, X-CUBE-BLEMGR_V1.3.0, X-CUBE-EEPRMA1_V4.1.0, X-CUBE-FREERTOS_V1.0.1, X-CUBE-GNSS1_V6.0.0, X-CUBE-MEMS1_V9.1.0, X-CUBE-MEMS1_V9.4.0, X-CUBE-MEMS1_V9.5.0, X-CUBE-NFC4_V3.0.0, X-CUBE-NFC7_V1.0.0, X-CUBE-SFXS2LP1_V4.0.0, X-CUBE-SUBG2_V5.0.0]
2023-05-08 12:48:46,261 [INFO] DbBoardsSqlite:226 - include board P-NUCLEO-WB55-NUCLEO as a kit item of type 'Nucleo-64'
2023-05-08 12:48:46,261 [INFO] DbBoardsSqlite:226 - include board P-NUCLEO-WB55-USBDONGLE as a kit item of type 'Nucleo USB Dongle'
2023-05-08 12:48:46,261 [INFO] DbBoardsSqlite:226 - include board STEVAL-IDP005V1 as a kit item of type 'Evaluation Board'
2023-05-08 12:48:46,262 [INFO] DbBoardsSqlite:226 - include board STEVAL-IDP005V2 as a kit item of type 'Evaluation Board'
2023-05-08 12:48:46,302 [INFO] ApiDb:240 - Found 297 in-development CPN: [B-G473E-ZEST1S, B-WB1M-WPAN1, B-WL5M-SUBG1, NUCLEO-C031C6, NUCLEO-H503RB, NUCLEO-H563ZI, NUCLEO-U545RE-Q, NUCLEO-U5A5ZJ-Q, NUCLEO-WBA52CG, STEVAL-PROTEUS1, STEVAL-STWINBX1, STM320518-EVAL, STM32C0116-DK, STM32C011D6Y3TR, STM32C011D6Y6TR, STM32C011F4P3, STM32C011F4P6, STM32C011F4U3, STM32C011F4U6TR, STM32C011F6P3, STM32C011F6P6, STM32C011F6U3, STM32C011F6U6TR, STM32C011J4M3, STM32C011J4M6, STM32C011J6M3, STM32C011J6M6, STM32C0316-DK, STM32C031C4T3, STM32C031C4T6, STM32C031C4U3, STM32C031C4U6, STM32C031C6T3, STM32C031C6T6, STM32C031C6U3, STM32C031C6U6, STM32C031F4P3, STM32C031F4P6, STM32C031F6P3, STM32C031F6P6, STM32C031G4U3, STM32C031G4U6, STM32C031G6U3, STM32C031G6U6, STM32C031K4T3, STM32C031K4T6, STM32C031K4U3, STM32C031K4U6, STM32C031K6T3, STM32C031K6T6, STM32C031K6U3, STM32C031K6U6, STM32G071K8TXN, STM32G071K8UXN, STM32G081GBU6N, STM32G081KBT6N, STM32G081KBUXN, STM32G0B1CCT6N, STM32G0B1KCT6, STM32G0B1NEY6TR, STM32G0B1RCT6N, STM32G0C1CCT6, STM32G0C1CCT6N, STM32G0C1CCU6N, STM32G0C1CET6N, STM32G0C1CEU6N, STM32G0C1KCT6, STM32G0C1NEY6TR, STM32G0C1RCI6N, STM32G0C1RCT6N, STM32G0C1REI6N, STM32G0C1RET6N, STM32G0C1VCI6, STM32G0C1VEI6, STM32G471CCT6, STM32G471CCU6, STM32G471CET3, STM32G471CET6, STM32G471CEU3, STM32G471CEU6, STM32G471MCT6, STM32G471MET3, STM32G471MET6, STM32G471MEY6TR, STM32G471QCT6, STM32G471QET3, STM32G471RCT6, STM32G471RET3, STM32G471RET6, STM32G471VCH6, STM32G471VCI6, STM32G471VCT6, STM32G471VEH3, STM32G471VEH6, STM32G471VEI3, STM32G471VEI6, STM32G471VET3, STM32G471VET6, STM32G474CCT6, STM32H503CBT6, STM32H503CBU6, STM32H503EBY6TR, STM32H503KBU6, STM32H503RBT6, STM32H562AGI6, STM32H562AII6, STM32H562IGK6, STM32H562IGT6, STM32H562IIK6, STM32H562IIT6, STM32H562RGT6, STM32H562RGV6, STM32H562RIT6, STM32H562RIV6, STM32H562VGT6, STM32H562VIT6, STM32H562ZGT6, STM32H562ZIT6, STM32H563AGI6, STM32H563AII3Q, STM32H563AII6, STM32H563IGK6, STM32H563IGT6, STM32H563IIK3Q, STM32H563IIK6, STM32H563IIT3Q, STM32H563IIT6, STM32H563MIY3QTR, STM32H563RGT6, STM32H563RGV6, STM32H563RIT6, STM32H563RIV6, STM32H563VGT6, STM32H563VIT3Q, STM32H563VIT6, STM32H563ZGT6, STM32H563ZIT3Q, STM32H563ZIT6, STM32H573AII3Q, STM32H573AII6, STM32H573I-DK, STM32H573IIK3Q, STM32H573IIK6, STM32H573IIT3Q, STM32H573IIT6, STM32H573MIY3QTR, STM32H573RIT6, STM32H573RIV6, STM32H573VIT3Q, STM32H573VIT6, STM32H573ZIT3Q, STM32H573ZIT6, STM32L4R5QGI6STR, STM32MP131AAE3, STM32MP131AAF3, STM32MP131AAG3, STM32MP131CAE3, STM32MP131CAF3, STM32MP131CAG3, STM32MP131DAE7, STM32MP131DAF7, STM32MP131DAG7, STM32MP131FAE7, STM32MP131FAF7, STM32MP131FAG7, STM32MP133AAE3, STM32MP133AAF3, STM32MP133AAG3, STM32MP133CAE3, STM32MP133CAF3, STM32MP133CAG3, STM32MP133DAE7, STM32MP133DAF7, STM32MP133DAG7, STM32MP133FAE7, STM32MP133FAF7, STM32MP133FAG7, STM32MP135AAE3, STM32MP135AAF3, STM32MP135AAG3, STM32MP135CAE3, STM32MP135CAF3, STM32MP135CAG3, STM32MP135DAE7, STM32MP135DAF7, STM32MP135DAG7, STM32MP135F-DK, STM32MP135FAE7, STM32MP135FAF7, STM32MP135FAF7T, STM32MP135FAF7U, STM32MP135FAG7, STM32U535CBT6, STM32U535CBT6Q, STM32U535CBU6, STM32U535CBU6Q, STM32U535CCT6, STM32U535CCT6Q, STM32U535CCU6, STM32U535CCU6Q, STM32U535CET6, STM32U535CET6Q, STM32U535CEU6, STM32U535CEU6Q, STM32U535JEY6QTR, STM32U535NCY6QTR, STM32U535NEY6QTR, STM32U535RBI6, STM32U535RBI6Q, STM32U535RBT6, STM32U535RBT6Q, STM32U535RCI6, STM32U535RCI6Q, STM32U535RCT6, STM32U535RCT6Q, STM32U535REI6, STM32U535REI6Q, STM32U535RET6, STM32U535RET6Q, STM32U535VCI6, STM32U535VCI6Q, STM32U535VCT6, STM32U535VCT6Q, STM32U535VEI6, STM32U535VEI6Q, STM32U535VET6, STM32U535VET6Q, STM32U545CET6, STM32U545CET6Q, STM32U545CEU6, STM32U545CEU6Q, STM32U545JEY6QTR, STM32U545NEY6QTR, STM32U545REI6, STM32U545REI6Q, STM32U545RET6, STM32U545RET6Q, STM32U545VEI6, STM32U545VEI6Q, STM32U545VET6, STM32U545VET6Q, STM32U595AIH6, STM32U595AIH6Q, STM32U595AJH6, STM32U595AJH6Q, STM32U595QII6, STM32U595QII6Q, STM32U595QJI6, STM32U595QJI6Q, STM32U595RIT6, STM32U595RIT6Q, STM32U595RJT6, STM32U595RJT6Q, STM32U595VIT6, STM32U595VIT6Q, STM32U595VJT6, STM32U595VJT6Q, STM32U595ZIT6, STM32U595ZIT6Q, STM32U595ZIY6QTR, STM32U595ZJT6, STM32U595ZJT6Q, STM32U595ZJY6QTR, STM32U599BJY6QTR, STM32U599NIH6Q, STM32U599NJH6Q, STM32U599VIT6Q, STM32U599VJT6, STM32U599VJT6Q, STM32U599ZIT6Q, STM32U599ZIY6QTR, STM32U599ZJT6Q, STM32U599ZJY6QTR, STM32U5A5AJH6, STM32U5A5AJH6Q, STM32U5A5QJI6, STM32U5A5QJI6Q, STM32U5A5RJT6, STM32U5A5RJT6Q, STM32U5A5VJT6, STM32U5A5VJT6Q, STM32U5A5ZJT6, STM32U5A5ZJT6Q, STM32U5A5ZJY6QTR, STM32U5A9BJY6QTR, STM32U5A9J-DK, STM32U5A9NJH6Q, STM32U5A9VJT6Q, STM32U5A9ZJT6Q, STM32U5A9ZJY6QTR, STM32WB1MMCH6, STM32WBA52CEU6, STM32WBA52CEU6T, STM32WBA52CGU6, STM32WBA52CGU6T, STM32WL5MOCH6, STM32WL5MOCH6TR]
2023-05-08 12:48:46,398 [INFO] BoardInfo:880 - No configuration file found for board P-NUCLEO-WB55
2023-05-08 12:48:46,398 [INFO] DbBoards:157 - Kit is not supported: P-NUCLEO-WB55
2023-05-08 12:48:46,404 [INFO] BoardInfo:880 - No configuration file found for board STEVAL-BFA001V1B
2023-05-08 12:48:46,404 [INFO] DbBoards:157 - Kit is not supported: STEVAL-BFA001V1B
2023-05-08 12:48:46,405 [INFO] BoardInfo:880 - No configuration file found for board STEVAL-BFA001V2B
2023-05-08 12:48:46,405 [INFO] DbBoards:157 - Kit is not supported: STEVAL-BFA001V2B
2023-05-08 12:48:46,497 [INFO] DbBoards:161 - Found 187 boards, 184 are supported
2023-05-08 12:48:46,499 [INFO] ApiDb:423 - Load user favorites file C:\Users\Wilso/.stm32cubeide/favorites.boards.txt: 0 item(s)
2023-05-08 12:48:46,499 [INFO] ApiDb:427 - User favorites Boards=[]
2023-05-08 12:48:46,499 [INFO] DbBoards:190 - Set 0 / 0 favorites Boards
2023-05-08 12:48:46,964 [INFO] LoadUrlFilesThread:185 - End of LoadServerUrlFiles without Thread
2023-05-08 12:48:46,964 [INFO] TargetSelectorAdapter:259 - Refresh data is successful
2023-05-08 12:48:46,968 [INFO] ApiDb:668 - CubeFinder database Data Model version=2.1
2023-05-08 12:48:46,968 [INFO] ApiDb:669 - CubeFinder database Configuration version=3.0.35
2023-05-08 12:48:46,968 [INFO] ApiDb:670 - CubeFinder database generation date=2023-04-03 (1680511692)
2023-05-08 12:48:46,968 [INFO] ApiDb:671 - CubeFinder database FW Pack versions=[FP-ATR-ASTRA1_V2.0.0, STM32Cube_FW_C0_V1.0.1, STM32Cube_FW_F0_V1.11.4, STM32Cube_FW_F3_V1.11.4, STM32Cube_FW_F4_V1.27.1, STM32Cube_FW_F7_V1.17.0, STM32Cube_FW_G0_V1.6.1, STM32Cube_FW_G4_V1.5.1, STM32Cube_FW_H5_V0.5.1, STM32Cube_FW_H5_V1.0.0, STM32Cube_FW_H7_V1.11.0, STM32Cube_FW_L0_V1.12.2, STM32Cube_FW_L5_V1.5.0, STM32Cube_FW_U5_V1.2.0, STM32Cube_FW_WBA_V1.0.0, STM32Cube_FW_WBA_V1.0.0RC1, STM32Cube_FW_WBA_V1.0.0RC3, STM32Cube_FW_WB_V1.15.0RC1, STM32Cube_FW_WB_V1.16.0, STM32Cube_FW_WB_V1.16.0RC2, STM32Cube_FW_WL_V1.3.0, X-CUBE-ALGOBUILD_V1.3.0, X-CUBE-ALS_V1.0.1, X-CUBE-AZRTOS-F4_V1.1.0, X-CUBE-AZRTOS-F7_V1.1.0, X-CUBE-AZRTOS-G0_V1.1.0, X-CUBE-AZRTOS-G4_V1.0.0, X-CUBE-AZRTOS-H7_V3.0.0, X-CUBE-AZRTOS-L4_V1.0.0, X-CUBE-AZRTOS-L5_V1.1.0, X-CUBE-AZRTOS-WB_V1.1.0, X-CUBE-AZRTOS-WL_V1.0.0, X-CUBE-BLE1_V6.2.4, X-CUBE-BLE2_V3.3.0, X-CUBE-BLEMGR_V1.3.0, X-CUBE-EEPRMA1_V4.1.0, X-CUBE-FREERTOS_V1.0.1, X-CUBE-GNSS1_V6.0.0, X-CUBE-MEMS1_V9.1.0, X-CUBE-MEMS1_V9.4.0, X-CUBE-MEMS1_V9.5.0, X-CUBE-NFC4_V3.0.0, X-CUBE-NFC7_V1.0.0, X-CUBE-SFXS2LP1_V4.0.0, X-CUBE-SUBG2_V5.0.0]
2023-05-08 12:48:47,674 [INFO] DbExamplesSqlite:376 - Ignored 46 examples not supported by CubeIDE
2023-05-08 12:48:47,674 [INFO] DbExamplesSqlite:377 - Found 7336 examples active
2023-05-08 12:48:47,674 [INFO] DbExamplesSqlite:378 - Found 1095 examples obsolete
2023-05-08 12:48:47,674 [INFO] DbExamplesSqlite:379 - Found 0 examples under development
2023-05-08 12:48:47,675 [INFO] DbExamplesSqlite:380 - Found 77 examples not building
2023-05-08 12:48:47,676 [INFO] DbExamples:125 - Found 7367 examples
2023-05-08 12:48:47,684 [INFO] DbExamples:222 - Found 92 boards with related examples
2023-05-08 12:48:47,685 [INFO] DbExamples:235 - Found 78 MCUs with related examples
2023-05-08 12:48:47,699 [INFO] ApiDb:414 - User favorites file not found: C:\Users\Wilso/.stm32cubeide/favorites.examples.txt
2023-05-08 12:48:47,699 [INFO] DbExamples:250 - Set 0 / 0 favorites Examples
2023-05-08 12:48:48,081 [INFO] McuFinderGlobals:66 - Set McuFinderConnectedMode to true
2023-05-08 12:48:48,082 [INFO] MultiScanPanel:200 - Auto-refresh data requested => check proxy status ongoing
2023-05-08 12:48:48,082 [INFO] FinderPluginLoader:95 - Searching for filters in installed packs
2023-05-08 12:48:48,631 [INFO] LoadUrlFilesThread:185 - End of LoadServerUrlFiles without Thread
2023-05-08 12:48:48,631 [INFO] DetailPanel:341 - Set advertising image to C:/Users/Wilso/STM32Cube/Repository/\en.prom-stm32h5-mcu-finder.jpg
2023-05-08 12:49:24,452 [INFO] MainUpdater:2854 - connection check result : 10
2023-05-08 12:49:24,452 [INFO] MainUpdater:2854 - connection check result : 10
2023-05-08 12:49:24,473 [INFO] MicroXplorer:468 - Change Database Path : 
2023-05-08 12:49:24,473 [INFO] MicroXplorer:498 - Change Database Version : DB.6.0.80
2023-05-08 12:49:24,474 [WARN] ThirdParty:871 - waiting for thirdparty lock release [close project]
2023-05-08 12:49:24,474 [INFO] ThirdParty:873 - entering critical section [close project]
2023-05-08 12:49:24,474 [INFO] ThirdParty:883 - exiting critical section [close project]
2023-05-08 12:49:24,477 [INFO] PinOutPanel:1499 - setPackage(No Configuration,No Configuration)
2023-05-08 12:49:24,480 [INFO] UtilMem:75 - Begin LoadConfig() Used Memory: 538866608 Bytes (785383424)
2023-05-08 12:49:24,481 [INFO] MicroXplorer:468 - Change Database Path : 
2023-05-08 12:49:24,481 [INFO] MicroXplorer:498 - Change Database Version : DB.6.0.80
2023-05-08 12:49:24,481 [INFO] OpenFileManager:308 - Change cursor
2023-05-08 12:49:24,505 [INFO] Mcu:1937 - Initializing MCU STM32L4A6ZGTx STM32L4A6ZGTx 
2023-05-08 12:49:24,506 [INFO] Mcu:1950 - No CPN specified => set CPN to STM32L4A6ZGT6
2023-05-08 12:49:26,534 [INFO] Context:659 - Trying to add GPIOservice into a context  which must be forbidden
2023-05-08 12:49:27,024 [INFO] ImportTextPane:194 - (OptionalMessage_ERROR) Unable to find key (Mcu.ThirdPartyNb) in loaded IOC file
2023-05-08 12:49:27,024 [INFO] ImportTextPane:194 - (OptionalMessage_ERROR) Unable to find key (Mcu.PinsNb) in loaded IOC file
2023-05-08 12:49:27,024 [INFO] ImportTextPane:194 - (OptionalMessage_ERROR) Unable to find key (Mcu.IPNb) in loaded IOC file
2023-05-08 12:49:27,257 [INFO] RtosManager:555 - Registered RTOS mode: class=CMSIS, group=RTOS, mode=CMSIS_V1, owner=FREERTOS
2023-05-08 12:49:27,257 [INFO] RtosManager:555 - Registered RTOS mode: class=CMSIS, group=RTOS2, mode=CMSIS_V2, owner=FREERTOS
2023-05-08 12:49:27,257 [INFO] RtosManager:555 - Registered RTOS mode: class=RTOS, group=Core, mode=CMSIS_V1, owner=FREERTOS
2023-05-08 12:49:27,257 [INFO] RtosManager:555 - Registered RTOS mode: class=RTOS, group=Core, mode=CMSIS_V2, owner=FREERTOS
2023-05-08 12:49:27,257 [WARN] ModelIntegratedComponent:184 - Missing modes for component STMicroelectronics:FreeRTOS:0.0.1:STMicroelectronics:RTOS:FreeRTOS:Core:::10.2.0:
2023-05-08 12:49:27,267 [WARN] ModelIntegratedComponent:63 - No mode defined for component null
2023-05-08 12:49:27,267 [WARN] ModelIntegratedComponent:63 - No mode defined for component null
2023-05-08 12:49:27,267 [WARN] ModelIntegratedComponent:63 - No mode defined for component null
2023-05-08 12:49:27,267 [WARN] ModelIntegratedComponent:63 - No mode defined for component null
2023-05-08 12:49:27,267 [WARN] ModelIntegratedComponent:63 - No mode defined for component null
2023-05-08 12:49:27,267 [WARN] ModelIntegratedComponent:63 - No mode defined for component null
2023-05-08 12:49:27,268 [WARN] ModelIntegratedComponent:63 - No mode defined for component null
2023-05-08 12:49:27,268 [WARN] ModelIntegratedComponent:63 - No mode defined for component null
2023-05-08 12:49:27,268 [WARN] ModelIntegratedComponent:63 - No mode defined for component null
2023-05-08 12:49:27,268 [WARN] ModelIntegratedComponent:63 - No mode defined for component null
2023-05-08 12:49:27,268 [WARN] ModelIntegratedComponent:63 - No mode defined for component null
2023-05-08 12:49:27,268 [WARN] ModelIntegratedComponent:63 - No mode defined for component null
2023-05-08 12:49:27,268 [WARN] ModelIntegratedComponent:63 - No mode defined for component null
2023-05-08 12:49:27,268 [WARN] ModelIntegratedComponent:63 - No mode defined for component null
2023-05-08 12:49:27,268 [WARN] ModelIntegratedComponent:63 - No mode defined for component null
2023-05-08 12:49:27,268 [WARN] ModelIntegratedComponent:63 - No mode defined for component null
2023-05-08 12:49:27,268 [WARN] ModelIntegratedComponent:63 - No mode defined for component null
2023-05-08 12:49:27,268 [WARN] ModelIntegratedComponent:63 - No mode defined for component null
2023-05-08 12:49:27,269 [WARN] ModelIntegratedComponent:63 - No mode defined for component null
2023-05-08 12:49:27,269 [WARN] ModelIntegratedComponent:63 - No mode defined for component null
2023-05-08 12:49:27,269 [WARN] ModelIntegratedComponent:63 - No mode defined for component null
2023-05-08 12:49:27,269 [WARN] ModelIntegratedComponent:63 - No mode defined for component null
2023-05-08 12:49:27,269 [WARN] ModelIntegratedComponent:63 - No mode defined for component null
2023-05-08 12:49:27,269 [WARN] ModelIntegratedComponent:63 - No mode defined for component null
2023-05-08 12:49:27,269 [WARN] ModelIntegratedComponent:63 - No mode defined for component null
2023-05-08 12:49:27,269 [WARN] ModelIntegratedComponent:63 - No mode defined for component null
2023-05-08 12:49:27,269 [WARN] ModelIntegratedComponent:63 - No mode defined for component null
2023-05-08 12:49:27,269 [WARN] ModelIntegratedComponent:63 - No mode defined for component null
2023-05-08 12:49:27,269 [WARN] ModelIntegratedComponent:63 - No mode defined for component null
2023-05-08 12:49:27,269 [WARN] ModelIntegratedComponent:63 - No mode defined for component null
2023-05-08 12:49:27,269 [WARN] ModelIntegratedComponent:63 - No mode defined for component null
2023-05-08 12:49:27,270 [WARN] ModelIntegratedComponent:63 - No mode defined for component null
2023-05-08 12:49:27,270 [WARN] ModelIntegratedComponent:63 - No mode defined for component null
2023-05-08 12:49:27,344 [INFO] ThirdPartyModel:298 - Start build external matchings
2023-05-08 12:49:27,866 [INFO] ThirdPartyModel:316 - End build external matchings
2023-05-08 12:49:28,266 [INFO] UtilMem:75 - End LoadConfig() Used Memory: 651001920 Bytes (785383424)
2023-05-08 12:49:28,289 [WARN] ThirdParty:833 - waiting for thirdparty lock release [change project]
2023-05-08 12:49:28,289 [INFO] ThirdParty:835 - entering critical section [change project]
2023-05-08 12:49:28,289 [INFO] ThirdParty:1030 - CMSIS Pack Vendor :STMicroelectronics X-CUBE-ISPU 1.1.0
2023-05-08 12:49:28,289 [INFO] ThirdParty:1030 - CMSIS Pack Vendor :RoweBots I-CUBE-UNISONRTOS 5.5.0-4
2023-05-08 12:49:28,289 [INFO] ThirdParty:1030 - CMSIS Pack Vendor :STMicroelectronics X-CUBE-GNSS1 6.0.0
2023-05-08 12:49:28,289 [INFO] ThirdParty:1030 - CMSIS Pack Vendor :STMicroelectronics USB_HOST 2.0.0
2023-05-08 12:49:28,289 [INFO] ThirdParty:1030 - CMSIS Pack Vendor :STMicroelectronics X-CUBE-AZRTOS-F4 1.1.0
2023-05-08 12:49:28,289 [INFO] ThirdParty:1030 - CMSIS Pack Vendor :STMicroelectronics LIBJPEG 8.0.0
2023-05-08 12:49:28,289 [INFO] ThirdParty:1030 - CMSIS Pack Vendor :STMicroelectronics X-CUBE-SMBUS 2.1.0
2023-05-08 12:49:28,289 [INFO] ThirdParty:1030 - CMSIS Pack Vendor :wolfSSL I-CUBE-wolfSSL 5.6.0
2023-05-08 12:49:28,289 [INFO] ThirdParty:1030 - CMSIS Pack Vendor :STMicroelectronics USB_DEVICE 3.0.0
2023-05-08 12:49:28,289 [INFO] ThirdParty:1030 - CMSIS Pack Vendor :STMicroelectronics X-CUBE-AI 8.0.0
2023-05-08 12:49:28,289 [INFO] ThirdParty:1030 - CMSIS Pack Vendor :STMicroelectronics X-CUBE-FREERTOS 1.0.0
2023-05-08 12:49:28,289 [INFO] ThirdParty:1030 - CMSIS Pack Vendor :STMicroelectronics X-CUBE-FREERTOS 1.0.1
2023-05-08 12:49:28,289 [INFO] ThirdParty:1030 - CMSIS Pack Vendor :STMicroelectronics X-CUBE-TOUCHGFX 4.21.3
2023-05-08 12:49:28,289 [INFO] ThirdParty:1030 - CMSIS Pack Vendor :STMicroelectronics X-CUBE-AZRTOS-F7 1.1.0
2023-05-08 12:49:28,290 [INFO] ThirdParty:1030 - CMSIS Pack Vendor :STMicroelectronics USB_DEVICE 2.0.0
2023-05-08 12:49:28,290 [INFO] ThirdParty:1030 - CMSIS Pack Vendor :STMicroelectronics X-CUBE-MEMS1 9.6.0
2023-05-08 12:49:28,290 [INFO] ThirdParty:1030 - CMSIS Pack Vendor :STMicroelectronics X-CUBE-ALGOBUILD 1.3.0
2023-05-08 12:49:28,290 [INFO] ThirdParty:1030 - CMSIS Pack Vendor :STMicroelectronics X-CUBE-BLE1 6.2.4
2023-05-08 12:49:28,290 [INFO] ThirdParty:1030 - CMSIS Pack Vendor :STMicroelectronics X-CUBE-AZRTOS-L5 1.1.0
2023-05-08 12:49:28,290 [INFO] ThirdParty:1030 - CMSIS Pack Vendor :STMicroelectronics FreeRTOS 0.0.1
2023-05-08 12:49:28,290 [INFO] ThirdParty:1030 - CMSIS Pack Vendor :emotas I-CUBE-CANOPEN 1.1.3
2023-05-08 12:49:28,290 [INFO] ThirdParty:1030 - CMSIS Pack Vendor :STMicroelectronics X-CUBE-AZRTOS-G0 1.1.0
2023-05-08 12:49:28,290 [INFO] ThirdParty:1030 - CMSIS Pack Vendor :STMicroelectronics X-CUBE-BLEMGR 2.0.0
2023-05-08 12:49:28,290 [INFO] ThirdParty:1030 - CMSIS Pack Vendor :STMicroelectronics X-CUBE-SUBG2 5.0.0
2023-05-08 12:49:28,290 [INFO] ThirdParty:1030 - CMSIS Pack Vendor :STMicroelectronics X-CUBE-NFC4 3.0.0
2023-05-08 12:49:28,290 [INFO] ThirdParty:1030 - CMSIS Pack Vendor :STMicroelectronics STM32_WPAN 1.0.0
2023-05-08 12:49:28,290 [INFO] ThirdParty:1030 - CMSIS Pack Vendor :STMicroelectronics lwIP 2.0.3
2023-05-08 12:49:28,290 [INFO] ThirdParty:1030 - CMSIS Pack Vendor :STMicroelectronics USB_HOST 1.0.0
2023-05-08 12:49:28,290 [INFO] ThirdParty:1030 - CMSIS Pack Vendor :STMicroelectronics X-CUBE-AZRTOS-G4 2.0.0
2023-05-08 12:49:28,290 [INFO] ThirdParty:1030 - CMSIS Pack Vendor :STMicroelectronics PDM2PCM 3.1.0
2023-05-08 12:49:28,290 [INFO] ThirdParty:1030 - CMSIS Pack Vendor :STMicroelectronics X-CUBE-AZRTOS-H7 3.1.0
2023-05-08 12:49:28,290 [INFO] ThirdParty:1030 - CMSIS Pack Vendor :STMicroelectronics X-CUBE-TOF1 3.3.0
2023-05-08 12:49:28,290 [INFO] ThirdParty:1030 - CMSIS Pack Vendor :STMicroelectronics FP-ATR-ASTRA1 1.1.1
2023-05-08 12:49:28,290 [INFO] ThirdParty:1030 - CMSIS Pack Vendor :STMicroelectronics PDM2PCM 3.3.0
2023-05-08 12:49:28,290 [INFO] ThirdParty:1030 - CMSIS Pack Vendor :STMicroelectronics X-CUBE-DISPLAY 3.0.0
2023-05-08 12:49:28,290 [INFO] ThirdParty:1030 - CMSIS Pack Vendor :STMicroelectronics X-CUBE-AZRTOS-G4 1.0.0
2023-05-08 12:49:28,290 [INFO] ThirdParty:1030 - CMSIS Pack Vendor :STMicroelectronics FP-ATR-SIGFOX1 3.2.0
2023-05-08 12:49:28,290 [INFO] ThirdParty:1030 - CMSIS Pack Vendor :STMicroelectronics X-CUBE-AZRTOS-L4 1.0.0
2023-05-08 12:49:28,290 [INFO] ThirdParty:1030 - CMSIS Pack Vendor :STMicroelectronics HAL Drivers 0.0.0
2023-05-08 12:49:28,290 [INFO] ThirdParty:1030 - CMSIS Pack Vendor :STMicroelectronics MBEDTLS 2.16.2
2023-05-08 12:49:28,290 [INFO] ThirdParty:1030 - CMSIS Pack Vendor :STMicroelectronics MBEDTLS 2.14.1
2023-05-08 12:49:28,290 [INFO] ThirdParty:1030 - CMSIS Pack Vendor :STMicroelectronics X-CUBE-NFC7 1.0.0
2023-05-08 12:49:28,290 [INFO] ThirdParty:1030 - CMSIS Pack Vendor :STMicroelectronics X-CUBE-AZRTOS-WL 1.0.0
2023-05-08 12:49:28,290 [INFO] ThirdParty:1030 - CMSIS Pack Vendor :STMicroelectronics X-CUBE-EEPRMA1 4.1.0
2023-05-08 12:49:28,290 [INFO] ThirdParty:1030 - CMSIS Pack Vendor :portGmbH I-Cube-SoM-uGOAL 1.1.0
2023-05-08 12:49:28,290 [INFO] ThirdParty:1030 - CMSIS Pack Vendor :STMicroelectronics X-CUBE-ALS 1.0.1
2023-05-08 12:49:28,291 [INFO] ThirdParty:1030 - CMSIS Pack Vendor :STMicroelectronics X-CUBE-MEMS1 9.5.0
2023-05-08 12:49:28,291 [INFO] ThirdParty:1030 - CMSIS Pack Vendor :STMicroelectronics ThreadX 1.0.0
2023-05-08 12:49:28,291 [INFO] ThirdParty:1030 - CMSIS Pack Vendor :STMicroelectronics X-CUBE-AZRTOS-WB 1.1.0
2023-05-08 12:49:28,291 [INFO] ThirdParty:1030 - CMSIS Pack Vendor :SEGGER I-CUBE-embOS 1.3.1
2023-05-08 12:49:28,291 [INFO] ThirdParty:1030 - CMSIS Pack Vendor :STMicroelectronics USB_DEVICE 1.0.0
2023-05-08 12:49:28,291 [INFO] ThirdParty:1030 - CMSIS Pack Vendor :STMicroelectronics ThreadX 0.0.2
2023-05-08 12:49:28,291 [INFO] ThirdParty:1030 - CMSIS Pack Vendor :WES I-CUBE-Cesium 1.3.0
2023-05-08 12:49:28,291 [INFO] ThirdParty:1030 - CMSIS Pack Vendor :STMicroelectronics FP-ATR-ASTRA1 2.0.0
2023-05-08 12:49:28,291 [INFO] ThirdParty:1030 - CMSIS Pack Vendor :STMicroelectronics lwIP 2.1.2
2023-05-08 12:49:28,291 [INFO] ThirdParty:1030 - CMSIS Pack Vendor :STMicroelectronics X-CUBE-SFXS2LP1 4.0.0
2023-05-08 12:49:28,291 [INFO] ThirdParty:1030 - CMSIS Pack Vendor :STMicroelectronics X-CUBE-BLE2 3.3.0
2023-05-08 12:49:28,291 [INFO] ThirdParty:1030 - CMSIS Pack Vendor :STMicroelectronics PDM2PCM 3.2.0
2023-05-08 12:49:28,291 [INFO] ThirdParty:1030 - CMSIS Pack Vendor :STMicroelectronics X-CUBE-AZRTOS-H7 3.0.0
2023-05-08 12:49:28,291 [INFO] ThirdParty:841 - exiting critical section [change project]
2023-05-08 12:49:28,728 [INFO] PinOutPanel:1499 - setPackage(No Configuration,No Configuration)
2023-05-08 12:49:28,729 [INFO] PinOutPanel:1499 - setPackage(STM32L4A6ZGTx,LQFP144)
2023-05-08 12:49:29,256 [INFO] UtilMem:75 - Before build in PCC Used Memory: 692067824 Bytes (785383424)
2023-05-08 12:49:29,972 [INFO] UtilMem:75 - After build in PCC Used Memory: 662263856 Bytes (785383424)
2023-05-08 12:49:30,015 [INFO] IPUIPlugin:80 - create IPUIPlugin
2023-05-08 12:49:30,015 [INFO] IPUIPlugin:80 - create IPUIPlugin
2023-05-08 12:49:30,016 [INFO] IPUIPlugin:80 - create IPUIPlugin
2023-05-08 12:49:30,016 [INFO] IPUIPlugin:80 - create IPUIPlugin
2023-05-08 12:49:30,016 [INFO] IPUIPlugin:80 - create IPUIPlugin
2023-05-08 12:49:30,016 [INFO] IPUIPlugin:80 - create IPUIPlugin
2023-05-08 12:49:30,016 [INFO] IPUIPlugin:80 - create IPUIPlugin
2023-05-08 12:49:30,016 [INFO] IPUIPlugin:80 - create IPUIPlugin
2023-05-08 12:49:30,017 [INFO] IPUIPlugin:80 - create IPUIPlugin
2023-05-08 12:49:30,017 [INFO] IPUIPlugin:80 - create IPUIPlugin
2023-05-08 12:49:30,018 [INFO] IPUIPlugin:80 - create IPUIPlugin
2023-05-08 12:49:30,018 [INFO] IPUIPlugin:80 - create IPUIPlugin
2023-05-08 12:49:30,018 [INFO] IPUIPlugin:80 - create IPUIPlugin
2023-05-08 12:49:30,018 [INFO] IPUIPlugin:80 - create IPUIPlugin
2023-05-08 12:49:30,018 [INFO] IPUIPlugin:80 - create IPUIPlugin
2023-05-08 12:49:30,019 [INFO] IPUIPlugin:80 - create IPUIPlugin
2023-05-08 12:49:30,019 [INFO] IPUIPlugin:80 - create IPUIPlugin
2023-05-08 12:49:30,019 [INFO] IPUIPlugin:80 - create IPUIPlugin
2023-05-08 12:49:30,020 [INFO] IPUIPlugin:80 - create IPUIPlugin
2023-05-08 12:49:30,020 [INFO] IPUIPlugin:80 - create IPUIPlugin
2023-05-08 12:49:30,020 [INFO] IPUIPlugin:80 - create IPUIPlugin
2023-05-08 12:49:30,020 [INFO] IPUIPlugin:80 - create IPUIPlugin
2023-05-08 12:49:30,021 [INFO] IPUIPlugin:80 - create IPUIPlugin
2023-05-08 12:49:30,021 [INFO] IPUIPlugin:80 - create IPUIPlugin
2023-05-08 12:49:30,021 [INFO] IPUIPlugin:80 - create IPUIPlugin
2023-05-08 12:49:30,022 [INFO] IPUIPlugin:80 - create IPUIPlugin
2023-05-08 12:49:30,022 [INFO] IPUIPlugin:80 - create IPUIPlugin
2023-05-08 12:49:30,022 [INFO] IPUIPlugin:80 - create IPUIPlugin
2023-05-08 12:49:30,023 [INFO] IPUIPlugin:80 - create IPUIPlugin
2023-05-08 12:49:30,023 [INFO] IPUIPlugin:80 - create IPUIPlugin
2023-05-08 12:49:30,023 [INFO] IPUIPlugin:80 - create IPUIPlugin
2023-05-08 12:49:30,024 [INFO] IPUIPlugin:80 - create IPUIPlugin
2023-05-08 12:49:30,024 [INFO] IPUIPlugin:80 - create IPUIPlugin
2023-05-08 12:49:30,024 [INFO] IPUIPlugin:80 - create IPUIPlugin
2023-05-08 12:49:30,025 [INFO] IPUIPlugin:80 - create IPUIPlugin
2023-05-08 12:49:30,025 [INFO] IPUIPlugin:80 - create IPUIPlugin
2023-05-08 12:49:30,026 [INFO] IPUIPlugin:80 - create IPUIPlugin
2023-05-08 12:49:30,026 [INFO] IPUIPlugin:80 - create IPUIPlugin
2023-05-08 12:49:30,026 [INFO] IPUIPlugin:80 - create IPUIPlugin
2023-05-08 12:49:30,027 [INFO] IPUIPlugin:80 - create IPUIPlugin
2023-05-08 12:49:30,027 [INFO] IPUIPlugin:80 - create IPUIPlugin
2023-05-08 12:49:30,027 [INFO] IPUIPlugin:80 - create IPUIPlugin
2023-05-08 12:49:30,027 [INFO] IPUIPlugin:80 - create IPUIPlugin
2023-05-08 12:49:30,028 [INFO] IPUIPlugin:80 - create IPUIPlugin
2023-05-08 12:49:30,028 [INFO] IPUIPlugin:80 - create IPUIPlugin
2023-05-08 12:49:30,029 [INFO] IPUIPlugin:80 - create IPUIPlugin
2023-05-08 12:49:30,029 [INFO] IPUIPlugin:80 - create IPUIPlugin
2023-05-08 12:49:30,029 [INFO] IPUIPlugin:80 - create IPUIPlugin
2023-05-08 12:49:30,030 [INFO] IPUIPlugin:80 - create IPUIPlugin
2023-05-08 12:49:30,030 [INFO] IPUIPlugin:80 - create IPUIPlugin
2023-05-08 12:49:30,030 [INFO] IPUIPlugin:80 - create IPUIPlugin
2023-05-08 12:49:30,030 [INFO] IPUIPlugin:80 - create IPUIPlugin
2023-05-08 12:49:30,031 [INFO] IPUIPlugin:80 - create IPUIPlugin
2023-05-08 12:49:30,031 [INFO] IPUIPlugin:80 - create IPUIPlugin
2023-05-08 12:49:30,031 [INFO] IPUIPlugin:80 - create IPUIPlugin
2023-05-08 12:49:30,031 [INFO] IPUIPlugin:80 - create IPUIPlugin
2023-05-08 12:49:30,032 [INFO] IPUIPlugin:80 - create IPUIPlugin
2023-05-08 12:49:30,032 [INFO] IPUIPlugin:80 - create IPUIPlugin
2023-05-08 12:49:30,032 [INFO] IPUIPlugin:80 - create IPUIPlugin
2023-05-08 12:49:30,033 [INFO] IPUIPlugin:80 - create IPUIPlugin
2023-05-08 12:49:30,033 [INFO] IPUIPlugin:80 - create IPUIPlugin
2023-05-08 12:49:30,034 [INFO] IPUIPlugin:80 - create IPUIPlugin
2023-05-08 12:49:30,034 [INFO] IPUIPlugin:80 - create IPUIPlugin
2023-05-08 12:49:30,035 [INFO] IPUIPlugin:80 - create IPUIPlugin
2023-05-08 12:49:30,035 [INFO] IPUIPlugin:80 - create IPUIPlugin
2023-05-08 12:49:30,036 [INFO] IPUIPlugin:80 - create IPUIPlugin
2023-05-08 12:49:30,200 [INFO] CADModel:165 - CPN selected for project levelSTM32L4A6ZGT6
2023-05-08 12:49:30,200 [INFO] CADModel:114 - Register for checkConnection events
2023-05-08 12:49:30,255 [INFO] OpenFileManager:328 - Restore cursor
2023-05-08 12:49:30,894 [INFO] UtilMem:75 - End SaveConfig() Used Memory: 566720520 Bytes (785383424)
2023-05-08 12:49:30,938 [INFO] UtilMem:75 - End SaveConfig() Used Memory: 598177800 Bytes (785383424)
2023-05-08 12:49:31,371 [INFO] BlockDiagram:2759 - set Specific Code input for plugin: RCC
2023-05-08 12:49:31,371 [INFO] BlockDiagram:2759 - set Specific Code input for plugin: NVIC
2023-05-08 12:49:31,373 [INFO] CodeGenerator:793 - code generatio: config db path: C:\Users\Wilso\Desktop\329\STM32CubeIDE_1.12.0\STM32CubeIDE\plugins\com.st.stm32cube.common.mx_6.8.0.202302231600\\db\
2023-05-08 12:49:31,708 [INFO] CodeEngine:255 - oldGeneratedFile, C:\Users\Wilso\Desktop\Code\C\P2\MXTmpFiles\license.tmp_save
2023-05-08 12:49:32,008 [INFO] CodeEngine:279 - Generated code: C:\Users\Wilso\Desktop\Code\C\P2\MXTmpFiles\license.tmp
2023-05-08 12:49:32,055 [INFO] CodeEngine:255 - oldGeneratedFile, C:\Users\Wilso\Desktop\Code\C\P2\Core\Src\stm32l4xx_it.c_save
2023-05-08 12:49:32,220 [INFO] CodeEngine:279 - Generated code: C:\Users\Wilso\Desktop\Code\C\P2\Core\Src\stm32l4xx_it.c
2023-05-08 12:49:32,230 [INFO] CodeEngine:255 - oldGeneratedFile, C:\Users\Wilso\Desktop\Code\C\P2\Core\Inc\stm32l4xx_it.h_save
2023-05-08 12:49:32,370 [INFO] CodeEngine:279 - Generated code: C:\Users\Wilso\Desktop\Code\C\P2\Core\Inc\stm32l4xx_it.h
2023-05-08 12:49:32,537 [INFO] CodeEngine:255 - oldGeneratedFile, C:\Users\Wilso\Desktop\Code\C\P2\Core\Src\stm32l4xx_hal_msp.c_save
2023-05-08 12:49:32,661 [INFO] CodeEngine:279 - Generated code: C:\Users\Wilso\Desktop\Code\C\P2\Core\Src\stm32l4xx_hal_msp.c
2023-05-08 12:49:32,668 [INFO] CodeEngine:255 - oldGeneratedFile, C:\Users\Wilso\Desktop\Code\C\P2\MXTmpFiles\system.tmp_save
2023-05-08 12:49:32,721 [INFO] CodeEngine:279 - Generated code: C:\Users\Wilso\Desktop\Code\C\P2\MXTmpFiles\system.tmp
2023-05-08 12:49:32,731 [INFO] CodeEngine:311 - oldGeneratedFile, C:\Users\Wilso\Desktop\Code\C\P2\Core\Inc\stm32l4xx_hal_conf.h_save
2023-05-08 12:49:32,809 [INFO] CodeEngine:335 - Generated code: C:\Users\Wilso\Desktop\Code\C\P2\Core\Inc\stm32l4xx_hal_conf.h
2023-05-08 12:49:32,865 [INFO] CodeEngine:255 - oldGeneratedFile, C:\Users\Wilso\Desktop\Code\C\P2\Core\Inc\main.h_save
2023-05-08 12:49:32,950 [INFO] CodeEngine:279 - Generated code: C:\Users\Wilso\Desktop\Code\C\P2\Core\Inc\main.h
2023-05-08 12:49:32,959 [INFO] CodeEngine:255 - oldGeneratedFile, C:\Users\Wilso\Desktop\Code\C\P2\Core\Src\main.c_save
2023-05-08 12:49:33,079 [INFO] CodeEngine:279 - Generated code: C:\Users\Wilso\Desktop\Code\C\P2\Core\Src\main.c
2023-05-08 12:49:33,965 [INFO] ProjectBuilder:2996 - Time for Copy HAL[1] : 385mS.
2023-05-08 12:49:33,974 [INFO] ProjectBuilder:4304 - Project Generator version: 3.19.2
2023-05-08 12:49:34,221 [INFO] ConfigFileManager:1483 - The Die is : DIE461
2023-05-08 12:49:34,235 [INFO] ApiDbMcu:507 - Load IP Config File for FATFS
2023-05-08 12:49:34,245 [INFO] ApiDbMcu:507 - Load IP Config File for FREERTOS
2023-05-08 12:49:34,260 [INFO] ApiDbMcu:507 - Load IP Config File for TOUCHSENSING
2023-05-08 12:49:34,269 [INFO] ApiDbMcu:507 - Load IP Config File for USB_DEVICE
2023-05-08 12:49:34,277 [INFO] ApiDbMcu:507 - Load IP Config File for USB_HOST
2023-05-08 12:49:35,061 [INFO] LogOutputStream:77 - [STDOUT_REDIRECT] 
2023-05-08 12:49:37,918 [INFO] ProjectBuilder:4505 - Time for Generating toolchain IDE Files: 3944mS.
2023-05-08 12:49:37,919 [INFO] ProjectBuilder:2867 - Time for Copy CMSIS : 0mS.
2023-05-08 12:49:37,921 [INFO] ProjectBuilder:2867 - Time for Copy CMSIS : 0mS.
2023-05-08 12:49:38,998 [INFO] McuFinderGlobals:66 - Set McuFinderConnectedMode to true
2023-05-08 12:49:38,999 [INFO] ApiDb:448 - Save user favorites file C:\Users\Wilso/.stm32cubeide/favorites.mcus.txt: 0 item(s)
2023-05-08 12:49:38,999 [INFO] ApiDb:452 - User favorites MCUs=[]
