2023-04-27 00:46:50,128 [ERROR] LogOutputStream:75 - [STDERR_REDIRECT] Exception in thread "AWT-EventQueue-0" java.lang.ClassCastException: class sun.awt.windows.WEmbeddedFrame cannot be cast to class javax.swing.JFrame (sun.awt.windows.WEmbeddedFrame and javax.swing.JFrame are in module java.desktop of loader 'bootstrap')
2023-04-27 00:46:50,135 [ERROR] LogOutputStream:75 - [STDERR_REDIRECT] 	at com.st.microxplorer.plugins.clock.ClockConfigurationView.activatePlugin(ClockConfigurationView.java:425)
2023-04-27 00:46:50,136 [ERROR] LogOutputStream:75 - [STDERR_REDIRECT] 	at com.st.microxplorer.maingui.MainPanel$1.stateChanged(MainPanel.java:358)
2023-04-27 00:46:50,137 [ERROR] LogOutputStream:75 - [STDERR_REDIRECT] 	at java.desktop/javax.swing.JTabbedPane.fireStateChanged(JTabbedPane.java:418)
2023-04-27 00:46:50,138 [ERROR] LogOutputStream:75 - [STDERR_REDIRECT] 	at java.desktop/javax.swing.JTabbedPane$ModelListener.stateChanged(JTabbedPane.java:269)
2023-04-27 00:46:50,139 [ERROR] LogOutputStream:75 - [STDERR_REDIRECT] 	at java.desktop/javax.swing.DefaultSingleSelectionModel.fireStateChanged(DefaultSingleSelectionModel.java:143)
2023-04-27 00:46:50,140 [ERROR] LogOutputStream:75 - [STDERR_REDIRECT] 	at java.desktop/javax.swing.DefaultSingleSelectionModel.setSelectedIndex(DefaultSingleSelectionModel.java:74)
2023-04-27 00:46:50,141 [ERROR] LogOutputStream:75 - [STDERR_REDIRECT] 	at java.desktop/javax.swing.JTabbedPane.setSelectedIndexImpl(JTabbedPane.java:622)
2023-04-27 00:46:50,142 [ERROR] LogOutputStream:75 - [STDERR_REDIRECT] 	at java.desktop/javax.swing.JTabbedPane.setSelectedIndex(JTabbedPane.java:597)
2023-04-27 00:46:50,143 [ERROR] LogOutputStream:75 - [STDERR_REDIRECT] 	at java.desktop/javax.swing.plaf.basic.BasicTabbedPaneUI$Handler.mousePressed(BasicTabbedPaneUI.java:4090)
2023-04-27 00:46:50,144 [ERROR] LogOutputStream:75 - [STDERR_REDIRECT] 	at java.desktop/java.awt.Component.processMouseEvent(Component.java:6632)
2023-04-27 00:46:50,145 [ERROR] LogOutputStream:75 - [STDERR_REDIRECT] 	at java.desktop/javax.swing.JComponent.processMouseEvent(JComponent.java:3342)
2023-04-27 00:46:50,145 [ERROR] LogOutputStream:75 - [STDERR_REDIRECT] 	at java.desktop/java.awt.Component.processEvent(Component.java:6400)
2023-04-27 00:46:50,146 [ERROR] LogOutputStream:75 - [STDERR_REDIRECT] 	at java.desktop/java.awt.Container.processEvent(Container.java:2263)
2023-04-27 00:46:50,147 [ERROR] LogOutputStream:75 - [STDERR_REDIRECT] 	at java.desktop/java.awt.Component.dispatchEventImpl(Component.java:5011)
2023-04-27 00:46:50,147 [ERROR] LogOutputStream:75 - [STDERR_REDIRECT] 	at java.desktop/java.awt.Container.dispatchEventImpl(Container.java:2321)
2023-04-27 00:46:50,148 [ERROR] LogOutputStream:75 - [STDERR_REDIRECT] 	at java.desktop/java.awt.Component.dispatchEvent(Component.java:4843)
2023-04-27 00:46:50,149 [ERROR] LogOutputStream:75 - [STDERR_REDIRECT] 	at java.desktop/java.awt.LightweightDispatcher.retargetMouseEvent(Container.java:4918)
2023-04-27 00:46:50,150 [ERROR] LogOutputStream:75 - [STDERR_REDIRECT] 	at java.desktop/java.awt.LightweightDispatcher.processMouseEvent(Container.java:4544)
2023-04-27 00:46:50,151 [ERROR] LogOutputStream:75 - [STDERR_REDIRECT] 	at java.desktop/java.awt.LightweightDispatcher.dispatchEvent(Container.java:4488)
2023-04-27 00:46:50,151 [ERROR] LogOutputStream:75 - [STDERR_REDIRECT] 	at java.desktop/java.awt.Container.dispatchEventImpl(Container.java:2307)
2023-04-27 00:46:50,152 [ERROR] LogOutputStream:75 - [STDERR_REDIRECT] 	at java.desktop/java.awt.Component.dispatchEvent(Component.java:4843)
2023-04-27 00:46:50,153 [ERROR] LogOutputStream:75 - [STDERR_REDIRECT] 	at java.desktop/java.awt.EventQueue.dispatchEventImpl(EventQueue.java:772)
2023-04-27 00:46:50,154 [ERROR] LogOutputStream:75 - [STDERR_REDIRECT] 	at java.desktop/java.awt.EventQueue$4.run(EventQueue.java:721)
2023-04-27 00:46:50,154 [ERROR] LogOutputStream:75 - [STDERR_REDIRECT] 	at java.desktop/java.awt.EventQueue$4.run(EventQueue.java:715)
2023-04-27 00:46:50,155 [ERROR] LogOutputStream:75 - [STDERR_REDIRECT] 	at java.base/java.security.AccessController.doPrivileged(Native Method)
2023-04-27 00:46:50,156 [ERROR] LogOutputStream:75 - [STDERR_REDIRECT] 	at java.base/java.security.ProtectionDomain$JavaSecurityAccessImpl.doIntersectionPrivilege(ProtectionDomain.java:85)
2023-04-27 00:46:50,157 [ERROR] LogOutputStream:75 - [STDERR_REDIRECT] 	at java.base/java.security.ProtectionDomain$JavaSecurityAccessImpl.doIntersectionPrivilege(ProtectionDomain.java:95)
2023-04-27 00:46:50,158 [ERROR] LogOutputStream:75 - [STDERR_REDIRECT] 	at java.desktop/java.awt.EventQueue$5.run(EventQueue.java:745)
2023-04-27 00:46:50,158 [ERROR] LogOutputStream:75 - [STDERR_REDIRECT] 	at java.desktop/java.awt.EventQueue$5.run(EventQueue.java:743)
2023-04-27 00:46:50,159 [ERROR] LogOutputStream:75 - [STDERR_REDIRECT] 	at java.base/java.security.AccessController.doPrivileged(Native Method)
2023-04-27 00:46:50,160 [ERROR] LogOutputStream:75 - [STDERR_REDIRECT] 	at java.base/java.security.ProtectionDomain$JavaSecurityAccessImpl.doIntersectionPrivilege(ProtectionDomain.java:85)
2023-04-27 00:46:50,161 [ERROR] LogOutputStream:75 - [STDERR_REDIRECT] 	at java.desktop/java.awt.EventQueue.dispatchEvent(EventQueue.java:742)
2023-04-27 00:46:50,162 [ERROR] LogOutputStream:75 - [STDERR_REDIRECT] 	at java.desktop/java.awt.EventDispatchThread.pumpOneEventForFilters(EventDispatchThread.java:203)
2023-04-27 00:46:50,163 [ERROR] LogOutputStream:75 - [STDERR_REDIRECT] 	at java.desktop/java.awt.EventDispatchThread.pumpEventsForFilter(EventDispatchThread.java:124)
2023-04-27 00:46:50,164 [ERROR] LogOutputStream:75 - [STDERR_REDIRECT] 	at java.desktop/java.awt.EventDispatchThread.pumpEventsForHierarchy(EventDispatchThread.java:113)
2023-04-27 00:46:50,165 [ERROR] LogOutputStream:75 - [STDERR_REDIRECT] 	at java.desktop/java.awt.EventDispatchThread.pumpEvents(EventDispatchThread.java:109)
2023-04-27 00:46:50,166 [ERROR] LogOutputStream:75 - [STDERR_REDIRECT] 	at java.desktop/java.awt.EventDispatchThread.pumpEvents(EventDispatchThread.java:101)
2023-04-27 00:46:50,166 [ERROR] LogOutputStream:75 - [STDERR_REDIRECT] 	at java.desktop/java.awt.EventDispatchThread.run(EventDispatchThread.java:90)
2023-04-27 00:46:52,045 [WARN] MainPanel:366 - Warning: This peripheral has no parameters to be configured
2023-04-27 00:46:53,323 [INFO] UtilMem:75 - End SaveConfig() Used Memory: 362757480 Bytes (827326464)
2023-04-27 00:46:54,557 [INFO] UtilMem:75 - End SaveConfig() Used Memory: 400164480 Bytes (827326464)
2023-04-27 00:46:58,207 [INFO] UtilMem:75 - End SaveConfig() Used Memory: 490864256 Bytes (827326464)
2023-04-27 00:46:58,327 [INFO] BlockDiagram:2759 - set Specific Code input for plugin: RNG
2023-04-27 00:46:58,327 [INFO] BlockDiagram:2759 - set Specific Code input for plugin: RCC
2023-04-27 00:46:58,327 [INFO] BlockDiagram:2759 - set Specific Code input for plugin: NVIC
2023-04-27 00:46:58,328 [INFO] CodeGenerator:793 - code generatio: config db path: C:\Users\Wilso\Desktop\329\STM32CubeIDE_1.12.0\STM32CubeIDE\plugins\com.st.stm32cube.common.mx_6.8.0.202302231600\\db\
2023-04-27 00:46:58,483 [INFO] CodeEngine:255 - oldGeneratedFile, C:\Users\Wilso\Desktop\Code\C\A4\MXTmpFiles\license.tmp_save
2023-04-27 00:46:58,551 [INFO] CodeEngine:279 - Generated code: C:\Users\Wilso\Desktop\Code\C\A4\MXTmpFiles\license.tmp
2023-04-27 00:46:58,618 [INFO] CodeEngine:255 - oldGeneratedFile, C:\Users\Wilso\Desktop\Code\C\A4\Core\Src\stm32l4xx_it.c_save
2023-04-27 00:46:58,782 [INFO] CodeEngine:279 - Generated code: C:\Users\Wilso\Desktop\Code\C\A4\Core\Src\stm32l4xx_it.c
2023-04-27 00:46:58,787 [INFO] CodeEngine:255 - oldGeneratedFile, C:\Users\Wilso\Desktop\Code\C\A4\Core\Inc\stm32l4xx_it.h_save
2023-04-27 00:46:58,838 [INFO] CodeEngine:279 - Generated code: C:\Users\Wilso\Desktop\Code\C\A4\Core\Inc\stm32l4xx_it.h
2023-04-27 00:46:58,851 [INFO] CodeEngine:255 - oldGeneratedFile, C:\Users\Wilso\Desktop\Code\C\A4\Core\Src\stm32l4xx_hal_msp.c_save
2023-04-27 00:46:58,929 [INFO] CodeEngine:279 - Generated code: C:\Users\Wilso\Desktop\Code\C\A4\Core\Src\stm32l4xx_hal_msp.c
2023-04-27 00:46:58,932 [INFO] CodeEngine:255 - oldGeneratedFile, C:\Users\Wilso\Desktop\Code\C\A4\MXTmpFiles\system.tmp_save
2023-04-27 00:46:58,972 [INFO] CodeEngine:279 - Generated code: C:\Users\Wilso\Desktop\Code\C\A4\MXTmpFiles\system.tmp
2023-04-27 00:46:58,981 [INFO] CodeEngine:311 - oldGeneratedFile, C:\Users\Wilso\Desktop\Code\C\A4\Core\Inc\stm32l4xx_hal_conf.h_save
2023-04-27 00:46:59,042 [INFO] CodeEngine:335 - Generated code: C:\Users\Wilso\Desktop\Code\C\A4\Core\Inc\stm32l4xx_hal_conf.h
2023-04-27 00:46:59,069 [INFO] CodeEngine:255 - oldGeneratedFile, C:\Users\Wilso\Desktop\Code\C\A4\Core\Inc\main.h_save
2023-04-27 00:46:59,122 [INFO] CodeEngine:279 - Generated code: C:\Users\Wilso\Desktop\Code\C\A4\Core\Inc\main.h
2023-04-27 00:46:59,130 [INFO] CodeEngine:255 - oldGeneratedFile, C:\Users\Wilso\Desktop\Code\C\A4\Core\Src\main.c_save
2023-04-27 00:46:59,188 [INFO] CodeEngine:279 - Generated code: C:\Users\Wilso\Desktop\Code\C\A4\Core\Src\main.c
2023-04-27 00:46:59,702 [INFO] ProjectBuilder:2996 - Time for Copy HAL[1] : 205mS.
2023-04-27 00:46:59,704 [INFO] ProjectBuilder:4304 - Project Generator version: 3.19.2
2023-04-27 00:46:59,926 [INFO] ConfigFileManager:1483 - The Die is : DIE461
2023-04-27 00:46:59,928 [INFO] ApiDbMcu:507 - Load IP Config File for FATFS
2023-04-27 00:46:59,930 [INFO] ApiDbMcu:507 - Load IP Config File for FREERTOS
2023-04-27 00:46:59,937 [INFO] ApiDbMcu:507 - Load IP Config File for TOUCHSENSING
2023-04-27 00:46:59,940 [INFO] ApiDbMcu:507 - Load IP Config File for USB_DEVICE
2023-04-27 00:46:59,943 [INFO] ApiDbMcu:507 - Load IP Config File for USB_HOST
2023-04-27 00:47:00,701 [INFO] ProjectBuilder:4505 - Time for Generating toolchain IDE Files: 997mS.
2023-04-27 00:47:00,702 [INFO] ProjectBuilder:2867 - Time for Copy CMSIS : 1mS.
2023-04-27 00:47:00,703 [INFO] ProjectBuilder:2867 - Time for Copy CMSIS : 0mS.
2023-04-27 09:42:05,505 [INFO] MainUpdater:2854 - connection check result : 10
2023-04-27 09:42:05,505 [INFO] MainUpdater:2854 - connection check result : 10
2023-04-27 09:42:05,539 [INFO] MicroXplorer:468 - Change Database Path : 
2023-04-27 09:42:05,539 [INFO] MicroXplorer:498 - Change Database Version : DB.6.0.80
2023-04-27 09:42:05,548 [WARN] ThirdParty:871 - waiting for thirdparty lock release [close project]
2023-04-27 09:42:05,548 [INFO] ThirdParty:873 - entering critical section [close project]
2023-04-27 09:42:05,548 [INFO] ThirdParty:883 - exiting critical section [close project]
2023-04-27 09:42:05,550 [INFO] PinOutPanel:1499 - setPackage(No Configuration,No Configuration)
2023-04-27 09:42:05,552 [INFO] UtilMem:75 - Begin LoadConfig() Used Memory: 331510592 Bytes (968884224)
2023-04-27 09:42:05,552 [INFO] MicroXplorer:468 - Change Database Path : 
2023-04-27 09:42:05,552 [INFO] MicroXplorer:498 - Change Database Version : DB.6.0.80
2023-04-27 09:42:05,553 [INFO] OpenFileManager:308 - Change cursor
2023-04-27 09:42:05,559 [INFO] RulesReader:64 - Compatibility file has been processed (293 Rules)
2023-04-27 09:42:05,561 [INFO] Mcu:1937 - Initializing MCU STM32L4A6ZGTx STM32L4A6ZGTx STM32L4A6ZGT6
2023-04-27 09:42:06,960 [INFO] Context:659 - Trying to add GPIOservice into a context  which must be forbidden
2023-04-27 09:42:07,205 [INFO] RtosManager:555 - Registered RTOS mode: class=CMSIS, group=RTOS, mode=CMSIS_V1, owner=FREERTOS
2023-04-27 09:42:07,205 [INFO] RtosManager:555 - Registered RTOS mode: class=CMSIS, group=RTOS2, mode=CMSIS_V2, owner=FREERTOS
2023-04-27 09:42:07,205 [INFO] RtosManager:555 - Registered RTOS mode: class=RTOS, group=Core, mode=CMSIS_V1, owner=FREERTOS
2023-04-27 09:42:07,205 [INFO] RtosManager:555 - Registered RTOS mode: class=RTOS, group=Core, mode=CMSIS_V2, owner=FREERTOS
2023-04-27 09:42:07,205 [WARN] ModelIntegratedComponent:184 - Missing modes for component STMicroelectronics:FreeRTOS:0.0.1:STMicroelectronics:RTOS:FreeRTOS:Core:::10.2.0:
2023-04-27 09:42:07,209 [WARN] ModelIntegratedComponent:63 - No mode defined for component null
2023-04-27 09:42:07,209 [WARN] ModelIntegratedComponent:63 - No mode defined for component null
2023-04-27 09:42:07,209 [WARN] ModelIntegratedComponent:63 - No mode defined for component null
2023-04-27 09:42:07,209 [WARN] ModelIntegratedComponent:63 - No mode defined for component null
2023-04-27 09:42:07,209 [WARN] ModelIntegratedComponent:63 - No mode defined for component null
2023-04-27 09:42:07,209 [WARN] ModelIntegratedComponent:63 - No mode defined for component null
2023-04-27 09:42:07,209 [WARN] ModelIntegratedComponent:63 - No mode defined for component null
2023-04-27 09:42:07,209 [WARN] ModelIntegratedComponent:63 - No mode defined for component null
2023-04-27 09:42:07,210 [WARN] ModelIntegratedComponent:63 - No mode defined for component null
2023-04-27 09:42:07,210 [WARN] ModelIntegratedComponent:63 - No mode defined for component null
2023-04-27 09:42:07,210 [WARN] ModelIntegratedComponent:63 - No mode defined for component null
2023-04-27 09:42:07,210 [WARN] ModelIntegratedComponent:63 - No mode defined for component null
2023-04-27 09:42:07,210 [WARN] ModelIntegratedComponent:63 - No mode defined for component null
2023-04-27 09:42:07,210 [WARN] ModelIntegratedComponent:63 - No mode defined for component null
2023-04-27 09:42:07,210 [WARN] ModelIntegratedComponent:63 - No mode defined for component null
2023-04-27 09:42:07,210 [WARN] ModelIntegratedComponent:63 - No mode defined for component null
2023-04-27 09:42:07,210 [WARN] ModelIntegratedComponent:63 - No mode defined for component null
2023-04-27 09:42:07,210 [WARN] ModelIntegratedComponent:63 - No mode defined for component null
2023-04-27 09:42:07,210 [WARN] ModelIntegratedComponent:63 - No mode defined for component null
2023-04-27 09:42:07,210 [WARN] ModelIntegratedComponent:63 - No mode defined for component null
2023-04-27 09:42:07,210 [WARN] ModelIntegratedComponent:63 - No mode defined for component null
2023-04-27 09:42:07,210 [WARN] ModelIntegratedComponent:63 - No mode defined for component null
2023-04-27 09:42:07,210 [WARN] ModelIntegratedComponent:63 - No mode defined for component null
2023-04-27 09:42:07,210 [WARN] ModelIntegratedComponent:63 - No mode defined for component null
2023-04-27 09:42:07,210 [WARN] ModelIntegratedComponent:63 - No mode defined for component null
2023-04-27 09:42:07,210 [WARN] ModelIntegratedComponent:63 - No mode defined for component null
2023-04-27 09:42:07,210 [WARN] ModelIntegratedComponent:63 - No mode defined for component null
2023-04-27 09:42:07,210 [WARN] ModelIntegratedComponent:63 - No mode defined for component null
2023-04-27 09:42:07,210 [WARN] ModelIntegratedComponent:63 - No mode defined for component null
2023-04-27 09:42:07,210 [WARN] ModelIntegratedComponent:63 - No mode defined for component null
2023-04-27 09:42:07,210 [WARN] ModelIntegratedComponent:63 - No mode defined for component null
2023-04-27 09:42:07,210 [WARN] ModelIntegratedComponent:63 - No mode defined for component null
2023-04-27 09:42:07,210 [WARN] ModelIntegratedComponent:63 - No mode defined for component null
2023-04-27 09:42:07,256 [INFO] ThirdPartyModel:298 - Start build external matchings
2023-04-27 09:42:07,581 [INFO] ThirdPartyModel:316 - End build external matchings
2023-04-27 09:42:07,950 [INFO] UtilMem:75 - End LoadConfig() Used Memory: 810998944 Bytes (968884224)
2023-04-27 09:42:07,980 [WARN] ThirdParty:833 - waiting for thirdparty lock release [change project]
2023-04-27 09:42:07,980 [INFO] ThirdParty:835 - entering critical section [change project]
2023-04-27 09:42:07,980 [INFO] ThirdParty:1030 - CMSIS Pack Vendor :STMicroelectronics X-CUBE-ISPU 1.1.0
2023-04-27 09:42:07,980 [INFO] ThirdParty:1030 - CMSIS Pack Vendor :RoweBots I-CUBE-UNISONRTOS 5.5.0-4
2023-04-27 09:42:07,980 [INFO] ThirdParty:1030 - CMSIS Pack Vendor :STMicroelectronics X-CUBE-GNSS1 6.0.0
2023-04-27 09:42:07,980 [INFO] ThirdParty:1030 - CMSIS Pack Vendor :STMicroelectronics USB_HOST 2.0.0
2023-04-27 09:42:07,980 [INFO] ThirdParty:1030 - CMSIS Pack Vendor :STMicroelectronics X-CUBE-AZRTOS-F4 1.1.0
2023-04-27 09:42:07,980 [INFO] ThirdParty:1030 - CMSIS Pack Vendor :STMicroelectronics LIBJPEG 8.0.0
2023-04-27 09:42:07,980 [INFO] ThirdParty:1030 - CMSIS Pack Vendor :STMicroelectronics X-CUBE-SMBUS 2.1.0
2023-04-27 09:42:07,980 [INFO] ThirdParty:1030 - CMSIS Pack Vendor :wolfSSL I-CUBE-wolfSSL 5.6.0
2023-04-27 09:42:07,980 [INFO] ThirdParty:1030 - CMSIS Pack Vendor :STMicroelectronics USB_DEVICE 3.0.0
2023-04-27 09:42:07,980 [INFO] ThirdParty:1030 - CMSIS Pack Vendor :STMicroelectronics X-CUBE-AI 8.0.0
2023-04-27 09:42:07,980 [INFO] ThirdParty:1030 - CMSIS Pack Vendor :STMicroelectronics X-CUBE-FREERTOS 1.0.0
2023-04-27 09:42:07,980 [INFO] ThirdParty:1030 - CMSIS Pack Vendor :STMicroelectronics X-CUBE-FREERTOS 1.0.1
2023-04-27 09:42:07,981 [INFO] ThirdParty:1030 - CMSIS Pack Vendor :STMicroelectronics X-CUBE-TOUCHGFX 4.21.3
2023-04-27 09:42:07,981 [INFO] ThirdParty:1030 - CMSIS Pack Vendor :STMicroelectronics X-CUBE-AZRTOS-F7 1.1.0
2023-04-27 09:42:07,981 [INFO] ThirdParty:1030 - CMSIS Pack Vendor :STMicroelectronics USB_DEVICE 2.0.0
2023-04-27 09:42:07,981 [INFO] ThirdParty:1030 - CMSIS Pack Vendor :STMicroelectronics X-CUBE-MEMS1 9.6.0
2023-04-27 09:42:07,981 [INFO] ThirdParty:1030 - CMSIS Pack Vendor :STMicroelectronics X-CUBE-ALGOBUILD 1.3.0
2023-04-27 09:42:07,981 [INFO] ThirdParty:1030 - CMSIS Pack Vendor :STMicroelectronics X-CUBE-BLE1 6.2.4
2023-04-27 09:42:07,981 [INFO] ThirdParty:1030 - CMSIS Pack Vendor :STMicroelectronics X-CUBE-AZRTOS-L5 1.1.0
2023-04-27 09:42:07,981 [INFO] ThirdParty:1030 - CMSIS Pack Vendor :STMicroelectronics FreeRTOS 0.0.1
2023-04-27 09:42:07,981 [INFO] ThirdParty:1030 - CMSIS Pack Vendor :emotas I-CUBE-CANOPEN 1.1.3
2023-04-27 09:42:07,981 [INFO] ThirdParty:1030 - CMSIS Pack Vendor :STMicroelectronics X-CUBE-AZRTOS-G0 1.1.0
2023-04-27 09:42:07,981 [INFO] ThirdParty:1030 - CMSIS Pack Vendor :STMicroelectronics X-CUBE-BLEMGR 2.0.0
2023-04-27 09:42:07,981 [INFO] ThirdParty:1030 - CMSIS Pack Vendor :STMicroelectronics X-CUBE-SUBG2 5.0.0
2023-04-27 09:42:07,981 [INFO] ThirdParty:1030 - CMSIS Pack Vendor :STMicroelectronics X-CUBE-NFC4 3.0.0
2023-04-27 09:42:07,981 [INFO] ThirdParty:1030 - CMSIS Pack Vendor :STMicroelectronics STM32_WPAN 1.0.0
2023-04-27 09:42:07,981 [INFO] ThirdParty:1030 - CMSIS Pack Vendor :STMicroelectronics lwIP 2.0.3
2023-04-27 09:42:07,981 [INFO] ThirdParty:1030 - CMSIS Pack Vendor :STMicroelectronics USB_HOST 1.0.0
2023-04-27 09:42:07,981 [INFO] ThirdParty:1030 - CMSIS Pack Vendor :STMicroelectronics X-CUBE-AZRTOS-G4 2.0.0
2023-04-27 09:42:07,981 [INFO] ThirdParty:1030 - CMSIS Pack Vendor :STMicroelectronics PDM2PCM 3.1.0
2023-04-27 09:42:07,981 [INFO] ThirdParty:1030 - CMSIS Pack Vendor :STMicroelectronics X-CUBE-AZRTOS-H7 3.1.0
2023-04-27 09:42:07,981 [INFO] ThirdParty:1030 - CMSIS Pack Vendor :STMicroelectronics X-CUBE-TOF1 3.3.0
2023-04-27 09:42:07,981 [INFO] ThirdParty:1030 - CMSIS Pack Vendor :STMicroelectronics FP-ATR-ASTRA1 1.1.1
2023-04-27 09:42:07,981 [INFO] ThirdParty:1030 - CMSIS Pack Vendor :STMicroelectronics PDM2PCM 3.3.0
2023-04-27 09:42:07,981 [INFO] ThirdParty:1030 - CMSIS Pack Vendor :STMicroelectronics X-CUBE-DISPLAY 3.0.0
2023-04-27 09:42:07,981 [INFO] ThirdParty:1030 - CMSIS Pack Vendor :STMicroelectronics X-CUBE-AZRTOS-G4 1.0.0
2023-04-27 09:42:07,981 [INFO] ThirdParty:1030 - CMSIS Pack Vendor :STMicroelectronics FP-ATR-SIGFOX1 3.2.0
2023-04-27 09:42:07,981 [INFO] ThirdParty:1030 - CMSIS Pack Vendor :STMicroelectronics X-CUBE-AZRTOS-L4 1.0.0
2023-04-27 09:42:07,981 [INFO] ThirdParty:1030 - CMSIS Pack Vendor :STMicroelectronics HAL Drivers 0.0.0
2023-04-27 09:42:07,981 [INFO] ThirdParty:1030 - CMSIS Pack Vendor :STMicroelectronics MBEDTLS 2.16.2
2023-04-27 09:42:07,981 [INFO] ThirdParty:1030 - CMSIS Pack Vendor :STMicroelectronics MBEDTLS 2.14.1
2023-04-27 09:42:07,981 [INFO] ThirdParty:1030 - CMSIS Pack Vendor :STMicroelectronics X-CUBE-NFC7 1.0.0
2023-04-27 09:42:07,981 [INFO] ThirdParty:1030 - CMSIS Pack Vendor :STMicroelectronics X-CUBE-AZRTOS-WL 1.0.0
2023-04-27 09:42:07,981 [INFO] ThirdParty:1030 - CMSIS Pack Vendor :STMicroelectronics X-CUBE-EEPRMA1 4.1.0
2023-04-27 09:42:07,981 [INFO] ThirdParty:1030 - CMSIS Pack Vendor :portGmbH I-Cube-SoM-uGOAL 1.1.0
2023-04-27 09:42:07,981 [INFO] ThirdParty:1030 - CMSIS Pack Vendor :STMicroelectronics X-CUBE-ALS 1.0.1
2023-04-27 09:42:07,981 [INFO] ThirdParty:1030 - CMSIS Pack Vendor :STMicroelectronics X-CUBE-MEMS1 9.5.0
2023-04-27 09:42:07,981 [INFO] ThirdParty:1030 - CMSIS Pack Vendor :STMicroelectronics ThreadX 1.0.0
2023-04-27 09:42:07,981 [INFO] ThirdParty:1030 - CMSIS Pack Vendor :STMicroelectronics X-CUBE-AZRTOS-WB 1.1.0
2023-04-27 09:42:07,981 [INFO] ThirdParty:1030 - CMSIS Pack Vendor :SEGGER I-CUBE-embOS 1.3.1
2023-04-27 09:42:07,981 [INFO] ThirdParty:1030 - CMSIS Pack Vendor :STMicroelectronics USB_DEVICE 1.0.0
2023-04-27 09:42:07,981 [INFO] ThirdParty:1030 - CMSIS Pack Vendor :STMicroelectronics ThreadX 0.0.2
2023-04-27 09:42:07,981 [INFO] ThirdParty:1030 - CMSIS Pack Vendor :WES I-CUBE-Cesium 1.3.0
2023-04-27 09:42:07,981 [INFO] ThirdParty:1030 - CMSIS Pack Vendor :STMicroelectronics FP-ATR-ASTRA1 2.0.0
2023-04-27 09:42:07,981 [INFO] ThirdParty:1030 - CMSIS Pack Vendor :STMicroelectronics lwIP 2.1.2
2023-04-27 09:42:07,981 [INFO] ThirdParty:1030 - CMSIS Pack Vendor :STMicroelectronics X-CUBE-SFXS2LP1 4.0.0
2023-04-27 09:42:07,982 [INFO] ThirdParty:1030 - CMSIS Pack Vendor :STMicroelectronics X-CUBE-BLE2 3.3.0
2023-04-27 09:42:07,982 [INFO] ThirdParty:1030 - CMSIS Pack Vendor :STMicroelectronics PDM2PCM 3.2.0
2023-04-27 09:42:07,982 [INFO] ThirdParty:1030 - CMSIS Pack Vendor :STMicroelectronics X-CUBE-AZRTOS-H7 3.0.0
2023-04-27 09:42:07,982 [INFO] ThirdParty:841 - exiting critical section [change project]
2023-04-27 09:42:08,162 [INFO] PinOutPanel:1499 - setPackage(No Configuration,No Configuration)
2023-04-27 09:42:08,162 [INFO] PinOutPanel:1499 - setPackage(STM32L4A6ZGTx,LQFP144)
2023-04-27 09:42:08,318 [INFO] UtilMem:75 - Before build in PCC Used Memory: 352558240 Bytes (968884224)
2023-04-27 09:42:08,495 [INFO] UtilMem:75 - After build in PCC Used Memory: 451124384 Bytes (968884224)
2023-04-27 09:42:08,512 [INFO] IPUIPlugin:80 - create IPUIPlugin
2023-04-27 09:42:08,512 [INFO] IPUIPlugin:80 - create IPUIPlugin
2023-04-27 09:42:08,512 [INFO] IPUIPlugin:80 - create IPUIPlugin
2023-04-27 09:42:08,512 [INFO] IPUIPlugin:80 - create IPUIPlugin
2023-04-27 09:42:08,512 [INFO] IPUIPlugin:80 - create IPUIPlugin
2023-04-27 09:42:08,512 [INFO] IPUIPlugin:80 - create IPUIPlugin
2023-04-27 09:42:08,512 [INFO] IPUIPlugin:80 - create IPUIPlugin
2023-04-27 09:42:08,512 [INFO] IPUIPlugin:80 - create IPUIPlugin
2023-04-27 09:42:08,512 [INFO] IPUIPlugin:80 - create IPUIPlugin
2023-04-27 09:42:08,512 [INFO] IPUIPlugin:80 - create IPUIPlugin
2023-04-27 09:42:08,513 [INFO] IPUIPlugin:80 - create IPUIPlugin
2023-04-27 09:42:08,513 [INFO] IPUIPlugin:80 - create IPUIPlugin
2023-04-27 09:42:08,513 [INFO] IPUIPlugin:80 - create IPUIPlugin
2023-04-27 09:42:08,513 [INFO] IPUIPlugin:80 - create IPUIPlugin
2023-04-27 09:42:08,513 [INFO] IPUIPlugin:80 - create IPUIPlugin
2023-04-27 09:42:08,513 [INFO] IPUIPlugin:80 - create IPUIPlugin
2023-04-27 09:42:08,513 [INFO] IPUIPlugin:80 - create IPUIPlugin
2023-04-27 09:42:08,513 [INFO] IPUIPlugin:80 - create IPUIPlugin
2023-04-27 09:42:08,513 [INFO] IPUIPlugin:80 - create IPUIPlugin
2023-04-27 09:42:08,513 [INFO] IPUIPlugin:80 - create IPUIPlugin
2023-04-27 09:42:08,513 [INFO] IPUIPlugin:80 - create IPUIPlugin
2023-04-27 09:42:08,513 [INFO] IPUIPlugin:80 - create IPUIPlugin
2023-04-27 09:42:08,513 [INFO] IPUIPlugin:80 - create IPUIPlugin
2023-04-27 09:42:08,513 [INFO] IPUIPlugin:80 - create IPUIPlugin
2023-04-27 09:42:08,513 [INFO] IPUIPlugin:80 - create IPUIPlugin
2023-04-27 09:42:08,514 [INFO] IPUIPlugin:80 - create IPUIPlugin
2023-04-27 09:42:08,514 [INFO] IPUIPlugin:80 - create IPUIPlugin
2023-04-27 09:42:08,514 [INFO] IPUIPlugin:80 - create IPUIPlugin
2023-04-27 09:42:08,514 [INFO] IPUIPlugin:80 - create IPUIPlugin
2023-04-27 09:42:08,514 [INFO] IPUIPlugin:80 - create IPUIPlugin
2023-04-27 09:42:08,514 [INFO] IPUIPlugin:80 - create IPUIPlugin
2023-04-27 09:42:08,514 [INFO] IPUIPlugin:80 - create IPUIPlugin
2023-04-27 09:42:08,514 [INFO] IPUIPlugin:80 - create IPUIPlugin
2023-04-27 09:42:08,515 [INFO] IPUIPlugin:80 - create IPUIPlugin
2023-04-27 09:42:08,515 [INFO] IPUIPlugin:80 - create IPUIPlugin
2023-04-27 09:42:08,515 [INFO] IPUIPlugin:80 - create IPUIPlugin
2023-04-27 09:42:08,515 [INFO] IPUIPlugin:80 - create IPUIPlugin
2023-04-27 09:42:08,515 [INFO] IPUIPlugin:80 - create IPUIPlugin
2023-04-27 09:42:08,515 [INFO] IPUIPlugin:80 - create IPUIPlugin
2023-04-27 09:42:08,516 [INFO] IPUIPlugin:80 - create IPUIPlugin
2023-04-27 09:42:08,516 [INFO] IPUIPlugin:80 - create IPUIPlugin
2023-04-27 09:42:08,516 [INFO] IPUIPlugin:80 - create IPUIPlugin
2023-04-27 09:42:08,516 [INFO] IPUIPlugin:80 - create IPUIPlugin
2023-04-27 09:42:08,516 [INFO] IPUIPlugin:80 - create IPUIPlugin
2023-04-27 09:42:08,516 [INFO] IPUIPlugin:80 - create IPUIPlugin
2023-04-27 09:42:08,517 [INFO] IPUIPlugin:80 - create IPUIPlugin
2023-04-27 09:42:08,517 [INFO] IPUIPlugin:80 - create IPUIPlugin
2023-04-27 09:42:08,517 [INFO] IPUIPlugin:80 - create IPUIPlugin
2023-04-27 09:42:08,517 [INFO] IPUIPlugin:80 - create IPUIPlugin
2023-04-27 09:42:08,517 [INFO] IPUIPlugin:80 - create IPUIPlugin
2023-04-27 09:42:08,517 [INFO] IPUIPlugin:80 - create IPUIPlugin
2023-04-27 09:42:08,518 [INFO] IPUIPlugin:80 - create IPUIPlugin
2023-04-27 09:42:08,518 [INFO] IPUIPlugin:80 - create IPUIPlugin
2023-04-27 09:42:08,518 [INFO] IPUIPlugin:80 - create IPUIPlugin
2023-04-27 09:42:08,518 [INFO] IPUIPlugin:80 - create IPUIPlugin
2023-04-27 09:42:08,518 [INFO] IPUIPlugin:80 - create IPUIPlugin
2023-04-27 09:42:08,519 [INFO] IPUIPlugin:80 - create IPUIPlugin
2023-04-27 09:42:08,519 [INFO] IPUIPlugin:80 - create IPUIPlugin
2023-04-27 09:42:08,519 [INFO] IPUIPlugin:80 - create IPUIPlugin
2023-04-27 09:42:08,519 [INFO] IPUIPlugin:80 - create IPUIPlugin
2023-04-27 09:42:08,520 [INFO] IPUIPlugin:80 - create IPUIPlugin
2023-04-27 09:42:08,520 [INFO] IPUIPlugin:80 - create IPUIPlugin
2023-04-27 09:42:08,521 [INFO] IPUIPlugin:80 - create IPUIPlugin
2023-04-27 09:42:08,521 [INFO] IPUIPlugin:80 - create IPUIPlugin
2023-04-27 09:42:08,521 [INFO] IPUIPlugin:80 - create IPUIPlugin
2023-04-27 09:42:08,522 [INFO] IPUIPlugin:80 - create IPUIPlugin
2023-04-27 09:42:08,532 [INFO] CADModel:165 - CPN selected for project levelSTM32L4A6ZGT6
2023-04-27 09:42:08,533 [INFO] CADModel:114 - Register for checkConnection events
2023-04-27 09:42:08,583 [INFO] OpenFileManager:328 - Restore cursor
2023-04-27 18:15:44,064 [INFO] MainUpdater:2854 - connection check result : 10
2023-04-27 18:15:44,064 [INFO] MainUpdater:2854 - connection check result : 10
2023-04-27 18:15:44,345 [INFO] MicroXplorer:468 - Change Database Path : 
2023-04-27 18:15:44,345 [INFO] MicroXplorer:498 - Change Database Version : DB.6.0.80
2023-04-27 18:15:44,359 [WARN] ThirdParty:871 - waiting for thirdparty lock release [close project]
2023-04-27 18:15:44,359 [INFO] ThirdParty:873 - entering critical section [close project]
2023-04-27 18:15:44,359 [INFO] ThirdParty:883 - exiting critical section [close project]
2023-04-27 18:15:44,361 [INFO] PinOutPanel:1499 - setPackage(No Configuration,No Configuration)
2023-04-27 18:15:44,364 [INFO] UtilMem:75 - Begin LoadConfig() Used Memory: 441822344 Bytes (968884224)
2023-04-27 18:15:44,365 [INFO] MicroXplorer:468 - Change Database Path : 
2023-04-27 18:15:44,365 [INFO] MicroXplorer:498 - Change Database Version : DB.6.0.80
2023-04-27 18:15:44,365 [INFO] OpenFileManager:308 - Change cursor
2023-04-27 18:15:44,376 [INFO] Mcu:1937 - Initializing MCU STM32L4A6ZGTx STM32L4A6ZGTx STM32L4A6ZGT6
2023-04-27 18:15:46,065 [INFO] Context:659 - Trying to add GPIOservice into a context  which must be forbidden
2023-04-27 18:15:46,392 [INFO] RtosManager:555 - Registered RTOS mode: class=CMSIS, group=RTOS, mode=CMSIS_V1, owner=FREERTOS
2023-04-27 18:15:46,392 [INFO] RtosManager:555 - Registered RTOS mode: class=CMSIS, group=RTOS2, mode=CMSIS_V2, owner=FREERTOS
2023-04-27 18:15:46,392 [INFO] RtosManager:555 - Registered RTOS mode: class=RTOS, group=Core, mode=CMSIS_V1, owner=FREERTOS
2023-04-27 18:15:46,393 [INFO] RtosManager:555 - Registered RTOS mode: class=RTOS, group=Core, mode=CMSIS_V2, owner=FREERTOS
2023-04-27 18:15:46,393 [WARN] ModelIntegratedComponent:184 - Missing modes for component STMicroelectronics:FreeRTOS:0.0.1:STMicroelectronics:RTOS:FreeRTOS:Core:::10.2.0:
2023-04-27 18:15:46,397 [WARN] ModelIntegratedComponent:63 - No mode defined for component null
2023-04-27 18:15:46,397 [WARN] ModelIntegratedComponent:63 - No mode defined for component null
2023-04-27 18:15:46,397 [WARN] ModelIntegratedComponent:63 - No mode defined for component null
2023-04-27 18:15:46,397 [WARN] ModelIntegratedComponent:63 - No mode defined for component null
2023-04-27 18:15:46,397 [WARN] ModelIntegratedComponent:63 - No mode defined for component null
2023-04-27 18:15:46,397 [WARN] ModelIntegratedComponent:63 - No mode defined for component null
2023-04-27 18:15:46,397 [WARN] ModelIntegratedComponent:63 - No mode defined for component null
2023-04-27 18:15:46,397 [WARN] ModelIntegratedComponent:63 - No mode defined for component null
2023-04-27 18:15:46,397 [WARN] ModelIntegratedComponent:63 - No mode defined for component null
2023-04-27 18:15:46,397 [WARN] ModelIntegratedComponent:63 - No mode defined for component null
2023-04-27 18:15:46,397 [WARN] ModelIntegratedComponent:63 - No mode defined for component null
2023-04-27 18:15:46,397 [WARN] ModelIntegratedComponent:63 - No mode defined for component null
2023-04-27 18:15:46,397 [WARN] ModelIntegratedComponent:63 - No mode defined for component null
2023-04-27 18:15:46,397 [WARN] ModelIntegratedComponent:63 - No mode defined for component null
2023-04-27 18:15:46,397 [WARN] ModelIntegratedComponent:63 - No mode defined for component null
2023-04-27 18:15:46,397 [WARN] ModelIntegratedComponent:63 - No mode defined for component null
2023-04-27 18:15:46,397 [WARN] ModelIntegratedComponent:63 - No mode defined for component null
2023-04-27 18:15:46,397 [WARN] ModelIntegratedComponent:63 - No mode defined for component null
2023-04-27 18:15:46,397 [WARN] ModelIntegratedComponent:63 - No mode defined for component null
2023-04-27 18:15:46,397 [WARN] ModelIntegratedComponent:63 - No mode defined for component null
2023-04-27 18:15:46,397 [WARN] ModelIntegratedComponent:63 - No mode defined for component null
2023-04-27 18:15:46,397 [WARN] ModelIntegratedComponent:63 - No mode defined for component null
2023-04-27 18:15:46,398 [WARN] ModelIntegratedComponent:63 - No mode defined for component null
2023-04-27 18:15:46,398 [WARN] ModelIntegratedComponent:63 - No mode defined for component null
2023-04-27 18:15:46,398 [WARN] ModelIntegratedComponent:63 - No mode defined for component null
2023-04-27 18:15:46,398 [WARN] ModelIntegratedComponent:63 - No mode defined for component null
2023-04-27 18:15:46,398 [WARN] ModelIntegratedComponent:63 - No mode defined for component null
2023-04-27 18:15:46,398 [WARN] ModelIntegratedComponent:63 - No mode defined for component null
2023-04-27 18:15:46,398 [WARN] ModelIntegratedComponent:63 - No mode defined for component null
2023-04-27 18:15:46,398 [WARN] ModelIntegratedComponent:63 - No mode defined for component null
2023-04-27 18:15:46,398 [WARN] ModelIntegratedComponent:63 - No mode defined for component null
2023-04-27 18:15:46,398 [WARN] ModelIntegratedComponent:63 - No mode defined for component null
2023-04-27 18:15:46,398 [WARN] ModelIntegratedComponent:63 - No mode defined for component null
2023-04-27 18:15:46,444 [INFO] ThirdPartyModel:298 - Start build external matchings
2023-04-27 18:15:46,781 [INFO] ThirdPartyModel:316 - End build external matchings
2023-04-27 18:15:47,121 [INFO] UtilMem:75 - End LoadConfig() Used Memory: 411074632 Bytes (968884224)
2023-04-27 18:15:47,146 [WARN] ThirdParty:833 - waiting for thirdparty lock release [change project]
2023-04-27 18:15:47,146 [INFO] ThirdParty:835 - entering critical section [change project]
2023-04-27 18:15:47,146 [INFO] ThirdParty:1030 - CMSIS Pack Vendor :STMicroelectronics X-CUBE-ISPU 1.1.0
2023-04-27 18:15:47,146 [INFO] ThirdParty:1030 - CMSIS Pack Vendor :RoweBots I-CUBE-UNISONRTOS 5.5.0-4
2023-04-27 18:15:47,146 [INFO] ThirdParty:1030 - CMSIS Pack Vendor :STMicroelectronics X-CUBE-GNSS1 6.0.0
2023-04-27 18:15:47,146 [INFO] ThirdParty:1030 - CMSIS Pack Vendor :STMicroelectronics USB_HOST 2.0.0
2023-04-27 18:15:47,146 [INFO] ThirdParty:1030 - CMSIS Pack Vendor :STMicroelectronics X-CUBE-AZRTOS-F4 1.1.0
2023-04-27 18:15:47,146 [INFO] ThirdParty:1030 - CMSIS Pack Vendor :STMicroelectronics LIBJPEG 8.0.0
2023-04-27 18:15:47,146 [INFO] ThirdParty:1030 - CMSIS Pack Vendor :STMicroelectronics X-CUBE-SMBUS 2.1.0
2023-04-27 18:15:47,146 [INFO] ThirdParty:1030 - CMSIS Pack Vendor :wolfSSL I-CUBE-wolfSSL 5.6.0
2023-04-27 18:15:47,146 [INFO] ThirdParty:1030 - CMSIS Pack Vendor :STMicroelectronics USB_DEVICE 3.0.0
2023-04-27 18:15:47,146 [INFO] ThirdParty:1030 - CMSIS Pack Vendor :STMicroelectronics X-CUBE-AI 8.0.0
2023-04-27 18:15:47,146 [INFO] ThirdParty:1030 - CMSIS Pack Vendor :STMicroelectronics X-CUBE-FREERTOS 1.0.0
2023-04-27 18:15:47,146 [INFO] ThirdParty:1030 - CMSIS Pack Vendor :STMicroelectronics X-CUBE-FREERTOS 1.0.1
2023-04-27 18:15:47,146 [INFO] ThirdParty:1030 - CMSIS Pack Vendor :STMicroelectronics X-CUBE-TOUCHGFX 4.21.3
2023-04-27 18:15:47,146 [INFO] ThirdParty:1030 - CMSIS Pack Vendor :STMicroelectronics X-CUBE-AZRTOS-F7 1.1.0
2023-04-27 18:15:47,146 [INFO] ThirdParty:1030 - CMSIS Pack Vendor :STMicroelectronics USB_DEVICE 2.0.0
2023-04-27 18:15:47,146 [INFO] ThirdParty:1030 - CMSIS Pack Vendor :STMicroelectronics X-CUBE-MEMS1 9.6.0
2023-04-27 18:15:47,146 [INFO] ThirdParty:1030 - CMSIS Pack Vendor :STMicroelectronics X-CUBE-ALGOBUILD 1.3.0
2023-04-27 18:15:47,146 [INFO] ThirdParty:1030 - CMSIS Pack Vendor :STMicroelectronics X-CUBE-BLE1 6.2.4
2023-04-27 18:15:47,147 [INFO] ThirdParty:1030 - CMSIS Pack Vendor :STMicroelectronics X-CUBE-AZRTOS-L5 1.1.0
2023-04-27 18:15:47,147 [INFO] ThirdParty:1030 - CMSIS Pack Vendor :STMicroelectronics FreeRTOS 0.0.1
2023-04-27 18:15:47,147 [INFO] ThirdParty:1030 - CMSIS Pack Vendor :emotas I-CUBE-CANOPEN 1.1.3
2023-04-27 18:15:47,147 [INFO] ThirdParty:1030 - CMSIS Pack Vendor :STMicroelectronics X-CUBE-AZRTOS-G0 1.1.0
2023-04-27 18:15:47,147 [INFO] ThirdParty:1030 - CMSIS Pack Vendor :STMicroelectronics X-CUBE-BLEMGR 2.0.0
2023-04-27 18:15:47,147 [INFO] ThirdParty:1030 - CMSIS Pack Vendor :STMicroelectronics X-CUBE-SUBG2 5.0.0
2023-04-27 18:15:47,147 [INFO] ThirdParty:1030 - CMSIS Pack Vendor :STMicroelectronics X-CUBE-NFC4 3.0.0
2023-04-27 18:15:47,147 [INFO] ThirdParty:1030 - CMSIS Pack Vendor :STMicroelectronics STM32_WPAN 1.0.0
2023-04-27 18:15:47,147 [INFO] ThirdParty:1030 - CMSIS Pack Vendor :STMicroelectronics lwIP 2.0.3
2023-04-27 18:15:47,147 [INFO] ThirdParty:1030 - CMSIS Pack Vendor :STMicroelectronics USB_HOST 1.0.0
2023-04-27 18:15:47,147 [INFO] ThirdParty:1030 - CMSIS Pack Vendor :STMicroelectronics X-CUBE-AZRTOS-G4 2.0.0
2023-04-27 18:15:47,147 [INFO] ThirdParty:1030 - CMSIS Pack Vendor :STMicroelectronics PDM2PCM 3.1.0
2023-04-27 18:15:47,147 [INFO] ThirdParty:1030 - CMSIS Pack Vendor :STMicroelectronics X-CUBE-AZRTOS-H7 3.1.0
2023-04-27 18:15:47,147 [INFO] ThirdParty:1030 - CMSIS Pack Vendor :STMicroelectronics X-CUBE-TOF1 3.3.0
2023-04-27 18:15:47,147 [INFO] ThirdParty:1030 - CMSIS Pack Vendor :STMicroelectronics FP-ATR-ASTRA1 1.1.1
2023-04-27 18:15:47,147 [INFO] ThirdParty:1030 - CMSIS Pack Vendor :STMicroelectronics PDM2PCM 3.3.0
2023-04-27 18:15:47,147 [INFO] ThirdParty:1030 - CMSIS Pack Vendor :STMicroelectronics X-CUBE-DISPLAY 3.0.0
2023-04-27 18:15:47,147 [INFO] ThirdParty:1030 - CMSIS Pack Vendor :STMicroelectronics X-CUBE-AZRTOS-G4 1.0.0
2023-04-27 18:15:47,147 [INFO] ThirdParty:1030 - CMSIS Pack Vendor :STMicroelectronics FP-ATR-SIGFOX1 3.2.0
2023-04-27 18:15:47,147 [INFO] ThirdParty:1030 - CMSIS Pack Vendor :STMicroelectronics X-CUBE-AZRTOS-L4 1.0.0
2023-04-27 18:15:47,147 [INFO] ThirdParty:1030 - CMSIS Pack Vendor :STMicroelectronics HAL Drivers 0.0.0
2023-04-27 18:15:47,147 [INFO] ThirdParty:1030 - CMSIS Pack Vendor :STMicroelectronics MBEDTLS 2.16.2
2023-04-27 18:15:47,147 [INFO] ThirdParty:1030 - CMSIS Pack Vendor :STMicroelectronics MBEDTLS 2.14.1
2023-04-27 18:15:47,147 [INFO] ThirdParty:1030 - CMSIS Pack Vendor :STMicroelectronics X-CUBE-NFC7 1.0.0
2023-04-27 18:15:47,147 [INFO] ThirdParty:1030 - CMSIS Pack Vendor :STMicroelectronics X-CUBE-AZRTOS-WL 1.0.0
2023-04-27 18:15:47,147 [INFO] ThirdParty:1030 - CMSIS Pack Vendor :STMicroelectronics X-CUBE-EEPRMA1 4.1.0
2023-04-27 18:15:47,147 [INFO] ThirdParty:1030 - CMSIS Pack Vendor :portGmbH I-Cube-SoM-uGOAL 1.1.0
2023-04-27 18:15:47,147 [INFO] ThirdParty:1030 - CMSIS Pack Vendor :STMicroelectronics X-CUBE-ALS 1.0.1
2023-04-27 18:15:47,147 [INFO] ThirdParty:1030 - CMSIS Pack Vendor :STMicroelectronics X-CUBE-MEMS1 9.5.0
2023-04-27 18:15:47,147 [INFO] ThirdParty:1030 - CMSIS Pack Vendor :STMicroelectronics ThreadX 1.0.0
2023-04-27 18:15:47,147 [INFO] ThirdParty:1030 - CMSIS Pack Vendor :STMicroelectronics X-CUBE-AZRTOS-WB 1.1.0
2023-04-27 18:15:47,147 [INFO] ThirdParty:1030 - CMSIS Pack Vendor :SEGGER I-CUBE-embOS 1.3.1
2023-04-27 18:15:47,147 [INFO] ThirdParty:1030 - CMSIS Pack Vendor :STMicroelectronics USB_DEVICE 1.0.0
2023-04-27 18:15:47,147 [INFO] ThirdParty:1030 - CMSIS Pack Vendor :STMicroelectronics ThreadX 0.0.2
2023-04-27 18:15:47,147 [INFO] ThirdParty:1030 - CMSIS Pack Vendor :WES I-CUBE-Cesium 1.3.0
2023-04-27 18:15:47,147 [INFO] ThirdParty:1030 - CMSIS Pack Vendor :STMicroelectronics FP-ATR-ASTRA1 2.0.0
2023-04-27 18:15:47,147 [INFO] ThirdParty:1030 - CMSIS Pack Vendor :STMicroelectronics lwIP 2.1.2
2023-04-27 18:15:47,147 [INFO] ThirdParty:1030 - CMSIS Pack Vendor :STMicroelectronics X-CUBE-SFXS2LP1 4.0.0
2023-04-27 18:15:47,147 [INFO] ThirdParty:1030 - CMSIS Pack Vendor :STMicroelectronics X-CUBE-BLE2 3.3.0
2023-04-27 18:15:47,147 [INFO] ThirdParty:1030 - CMSIS Pack Vendor :STMicroelectronics PDM2PCM 3.2.0
2023-04-27 18:15:47,147 [INFO] ThirdParty:1030 - CMSIS Pack Vendor :STMicroelectronics X-CUBE-AZRTOS-H7 3.0.0
2023-04-27 18:15:47,147 [INFO] ThirdParty:841 - exiting critical section [change project]
2023-04-27 18:15:47,311 [INFO] PinOutPanel:1499 - setPackage(No Configuration,No Configuration)
2023-04-27 18:15:47,312 [INFO] PinOutPanel:1499 - setPackage(STM32L4A6ZGTx,LQFP144)
2023-04-27 18:15:47,489 [INFO] UtilMem:75 - Before build in PCC Used Memory: 348950848 Bytes (968884224)
2023-04-27 18:15:47,711 [INFO] UtilMem:75 - After build in PCC Used Memory: 448565568 Bytes (968884224)
2023-04-27 18:15:47,728 [INFO] IPUIPlugin:80 - create IPUIPlugin
2023-04-27 18:15:47,728 [INFO] IPUIPlugin:80 - create IPUIPlugin
2023-04-27 18:15:47,728 [INFO] IPUIPlugin:80 - create IPUIPlugin
2023-04-27 18:15:47,728 [INFO] IPUIPlugin:80 - create IPUIPlugin
2023-04-27 18:15:47,728 [INFO] IPUIPlugin:80 - create IPUIPlugin
2023-04-27 18:15:47,728 [INFO] IPUIPlugin:80 - create IPUIPlugin
2023-04-27 18:15:47,728 [INFO] IPUIPlugin:80 - create IPUIPlugin
2023-04-27 18:15:47,728 [INFO] IPUIPlugin:80 - create IPUIPlugin
2023-04-27 18:15:47,728 [INFO] IPUIPlugin:80 - create IPUIPlugin
2023-04-27 18:15:47,728 [INFO] IPUIPlugin:80 - create IPUIPlugin
2023-04-27 18:15:47,728 [INFO] IPUIPlugin:80 - create IPUIPlugin
2023-04-27 18:15:47,728 [INFO] IPUIPlugin:80 - create IPUIPlugin
2023-04-27 18:15:47,728 [INFO] IPUIPlugin:80 - create IPUIPlugin
2023-04-27 18:15:47,729 [INFO] IPUIPlugin:80 - create IPUIPlugin
2023-04-27 18:15:47,729 [INFO] IPUIPlugin:80 - create IPUIPlugin
2023-04-27 18:15:47,729 [INFO] IPUIPlugin:80 - create IPUIPlugin
2023-04-27 18:15:47,729 [INFO] IPUIPlugin:80 - create IPUIPlugin
2023-04-27 18:15:47,729 [INFO] IPUIPlugin:80 - create IPUIPlugin
2023-04-27 18:15:47,729 [INFO] IPUIPlugin:80 - create IPUIPlugin
2023-04-27 18:15:47,729 [INFO] IPUIPlugin:80 - create IPUIPlugin
2023-04-27 18:15:47,729 [INFO] IPUIPlugin:80 - create IPUIPlugin
2023-04-27 18:15:47,729 [INFO] IPUIPlugin:80 - create IPUIPlugin
2023-04-27 18:15:47,729 [INFO] IPUIPlugin:80 - create IPUIPlugin
2023-04-27 18:15:47,729 [INFO] IPUIPlugin:80 - create IPUIPlugin
2023-04-27 18:15:47,729 [INFO] IPUIPlugin:80 - create IPUIPlugin
2023-04-27 18:15:47,730 [INFO] IPUIPlugin:80 - create IPUIPlugin
2023-04-27 18:15:47,730 [INFO] IPUIPlugin:80 - create IPUIPlugin
2023-04-27 18:15:47,730 [INFO] IPUIPlugin:80 - create IPUIPlugin
2023-04-27 18:15:47,730 [INFO] IPUIPlugin:80 - create IPUIPlugin
2023-04-27 18:15:47,730 [INFO] IPUIPlugin:80 - create IPUIPlugin
2023-04-27 18:15:47,730 [INFO] IPUIPlugin:80 - create IPUIPlugin
2023-04-27 18:15:47,730 [INFO] IPUIPlugin:80 - create IPUIPlugin
2023-04-27 18:15:47,731 [INFO] IPUIPlugin:80 - create IPUIPlugin
2023-04-27 18:15:47,731 [INFO] IPUIPlugin:80 - create IPUIPlugin
2023-04-27 18:15:47,731 [INFO] IPUIPlugin:80 - create IPUIPlugin
2023-04-27 18:15:47,731 [INFO] IPUIPlugin:80 - create IPUIPlugin
2023-04-27 18:15:47,731 [INFO] IPUIPlugin:80 - create IPUIPlugin
2023-04-27 18:15:47,731 [INFO] IPUIPlugin:80 - create IPUIPlugin
2023-04-27 18:15:47,732 [INFO] IPUIPlugin:80 - create IPUIPlugin
2023-04-27 18:15:47,732 [INFO] IPUIPlugin:80 - create IPUIPlugin
2023-04-27 18:15:47,732 [INFO] IPUIPlugin:80 - create IPUIPlugin
2023-04-27 18:15:47,732 [INFO] IPUIPlugin:80 - create IPUIPlugin
2023-04-27 18:15:47,732 [INFO] IPUIPlugin:80 - create IPUIPlugin
2023-04-27 18:15:47,732 [INFO] IPUIPlugin:80 - create IPUIPlugin
2023-04-27 18:15:47,733 [INFO] IPUIPlugin:80 - create IPUIPlugin
2023-04-27 18:15:47,733 [INFO] IPUIPlugin:80 - create IPUIPlugin
2023-04-27 18:15:47,733 [INFO] IPUIPlugin:80 - create IPUIPlugin
2023-04-27 18:15:47,733 [INFO] IPUIPlugin:80 - create IPUIPlugin
2023-04-27 18:15:47,733 [INFO] IPUIPlugin:80 - create IPUIPlugin
2023-04-27 18:15:47,733 [INFO] IPUIPlugin:80 - create IPUIPlugin
2023-04-27 18:15:47,734 [INFO] IPUIPlugin:80 - create IPUIPlugin
2023-04-27 18:15:47,734 [INFO] IPUIPlugin:80 - create IPUIPlugin
2023-04-27 18:15:47,734 [INFO] IPUIPlugin:80 - create IPUIPlugin
2023-04-27 18:15:47,734 [INFO] IPUIPlugin:80 - create IPUIPlugin
2023-04-27 18:15:47,734 [INFO] IPUIPlugin:80 - create IPUIPlugin
2023-04-27 18:15:47,735 [INFO] IPUIPlugin:80 - create IPUIPlugin
2023-04-27 18:15:47,735 [INFO] IPUIPlugin:80 - create IPUIPlugin
2023-04-27 18:15:47,735 [INFO] IPUIPlugin:80 - create IPUIPlugin
2023-04-27 18:15:47,735 [INFO] IPUIPlugin:80 - create IPUIPlugin
2023-04-27 18:15:47,736 [INFO] IPUIPlugin:80 - create IPUIPlugin
2023-04-27 18:15:47,736 [INFO] IPUIPlugin:80 - create IPUIPlugin
2023-04-27 18:15:47,736 [INFO] IPUIPlugin:80 - create IPUIPlugin
2023-04-27 18:15:47,736 [INFO] IPUIPlugin:80 - create IPUIPlugin
2023-04-27 18:15:47,737 [INFO] IPUIPlugin:80 - create IPUIPlugin
2023-04-27 18:15:47,737 [INFO] IPUIPlugin:80 - create IPUIPlugin
2023-04-27 18:15:47,737 [INFO] IPUIPlugin:80 - create IPUIPlugin
2023-04-27 18:15:47,747 [INFO] CADModel:165 - CPN selected for project levelSTM32L4A6ZGT6
2023-04-27 18:15:47,747 [INFO] CADModel:114 - Register for checkConnection events
2023-04-27 18:15:47,800 [INFO] OpenFileManager:328 - Restore cursor
2023-04-27 18:16:07,449 [INFO] MainUpdater:2854 - connection check result : 10
2023-04-27 18:16:07,449 [INFO] MainUpdater:2854 - connection check result : 10
2023-04-27 18:16:07,494 [INFO] MicroXplorer:468 - Change Database Path : 
2023-04-27 18:16:07,495 [INFO] MicroXplorer:498 - Change Database Version : DB.6.0.80
2023-04-27 18:16:07,503 [WARN] ThirdParty:871 - waiting for thirdparty lock release [close project]
2023-04-27 18:16:07,503 [INFO] ThirdParty:873 - entering critical section [close project]
2023-04-27 18:16:07,503 [INFO] ThirdParty:883 - exiting critical section [close project]
2023-04-27 18:16:07,505 [INFO] PinOutPanel:1499 - setPackage(No Configuration,No Configuration)
2023-04-27 18:16:07,509 [INFO] UtilMem:75 - Begin LoadConfig() Used Memory: 765367272 Bytes (968884224)
2023-04-27 18:16:07,510 [INFO] MicroXplorer:468 - Change Database Path : 
2023-04-27 18:16:07,510 [INFO] MicroXplorer:498 - Change Database Version : DB.6.0.80
2023-04-27 18:16:07,510 [INFO] OpenFileManager:308 - Change cursor
2023-04-27 18:16:07,516 [INFO] Mcu:1937 - Initializing MCU STM32L4A6ZGTx STM32L4A6ZGTx STM32L4A6ZGT6
2023-04-27 18:16:08,879 [INFO] Context:659 - Trying to add GPIOservice into a context  which must be forbidden
2023-04-27 18:16:09,140 [INFO] RtosManager:555 - Registered RTOS mode: class=CMSIS, group=RTOS, mode=CMSIS_V1, owner=FREERTOS
2023-04-27 18:16:09,141 [INFO] RtosManager:555 - Registered RTOS mode: class=CMSIS, group=RTOS2, mode=CMSIS_V2, owner=FREERTOS
2023-04-27 18:16:09,141 [INFO] RtosManager:555 - Registered RTOS mode: class=RTOS, group=Core, mode=CMSIS_V1, owner=FREERTOS
2023-04-27 18:16:09,141 [INFO] RtosManager:555 - Registered RTOS mode: class=RTOS, group=Core, mode=CMSIS_V2, owner=FREERTOS
2023-04-27 18:16:09,141 [WARN] ModelIntegratedComponent:184 - Missing modes for component STMicroelectronics:FreeRTOS:0.0.1:STMicroelectronics:RTOS:FreeRTOS:Core:::10.2.0:
2023-04-27 18:16:09,145 [WARN] ModelIntegratedComponent:63 - No mode defined for component null
2023-04-27 18:16:09,145 [WARN] ModelIntegratedComponent:63 - No mode defined for component null
2023-04-27 18:16:09,145 [WARN] ModelIntegratedComponent:63 - No mode defined for component null
2023-04-27 18:16:09,145 [WARN] ModelIntegratedComponent:63 - No mode defined for component null
2023-04-27 18:16:09,145 [WARN] ModelIntegratedComponent:63 - No mode defined for component null
2023-04-27 18:16:09,145 [WARN] ModelIntegratedComponent:63 - No mode defined for component null
2023-04-27 18:16:09,145 [WARN] ModelIntegratedComponent:63 - No mode defined for component null
2023-04-27 18:16:09,145 [WARN] ModelIntegratedComponent:63 - No mode defined for component null
2023-04-27 18:16:09,145 [WARN] ModelIntegratedComponent:63 - No mode defined for component null
2023-04-27 18:16:09,145 [WARN] ModelIntegratedComponent:63 - No mode defined for component null
2023-04-27 18:16:09,145 [WARN] ModelIntegratedComponent:63 - No mode defined for component null
2023-04-27 18:16:09,145 [WARN] ModelIntegratedComponent:63 - No mode defined for component null
2023-04-27 18:16:09,145 [WARN] ModelIntegratedComponent:63 - No mode defined for component null
2023-04-27 18:16:09,145 [WARN] ModelIntegratedComponent:63 - No mode defined for component null
2023-04-27 18:16:09,145 [WARN] ModelIntegratedComponent:63 - No mode defined for component null
2023-04-27 18:16:09,145 [WARN] ModelIntegratedComponent:63 - No mode defined for component null
2023-04-27 18:16:09,145 [WARN] ModelIntegratedComponent:63 - No mode defined for component null
2023-04-27 18:16:09,145 [WARN] ModelIntegratedComponent:63 - No mode defined for component null
2023-04-27 18:16:09,145 [WARN] ModelIntegratedComponent:63 - No mode defined for component null
2023-04-27 18:16:09,145 [WARN] ModelIntegratedComponent:63 - No mode defined for component null
2023-04-27 18:16:09,145 [WARN] ModelIntegratedComponent:63 - No mode defined for component null
2023-04-27 18:16:09,145 [WARN] ModelIntegratedComponent:63 - No mode defined for component null
2023-04-27 18:16:09,145 [WARN] ModelIntegratedComponent:63 - No mode defined for component null
2023-04-27 18:16:09,145 [WARN] ModelIntegratedComponent:63 - No mode defined for component null
2023-04-27 18:16:09,145 [WARN] ModelIntegratedComponent:63 - No mode defined for component null
2023-04-27 18:16:09,145 [WARN] ModelIntegratedComponent:63 - No mode defined for component null
2023-04-27 18:16:09,145 [WARN] ModelIntegratedComponent:63 - No mode defined for component null
2023-04-27 18:16:09,145 [WARN] ModelIntegratedComponent:63 - No mode defined for component null
2023-04-27 18:16:09,145 [WARN] ModelIntegratedComponent:63 - No mode defined for component null
2023-04-27 18:16:09,145 [WARN] ModelIntegratedComponent:63 - No mode defined for component null
2023-04-27 18:16:09,145 [WARN] ModelIntegratedComponent:63 - No mode defined for component null
2023-04-27 18:16:09,145 [WARN] ModelIntegratedComponent:63 - No mode defined for component null
2023-04-27 18:16:09,145 [WARN] ModelIntegratedComponent:63 - No mode defined for component null
2023-04-27 18:16:09,191 [INFO] ThirdPartyModel:298 - Start build external matchings
2023-04-27 18:16:09,507 [INFO] ThirdPartyModel:316 - End build external matchings
2023-04-27 18:16:09,859 [INFO] UtilMem:75 - End LoadConfig() Used Memory: 619654800 Bytes (968884224)
2023-04-27 18:16:09,893 [WARN] ThirdParty:833 - waiting for thirdparty lock release [change project]
2023-04-27 18:16:09,893 [INFO] ThirdParty:835 - entering critical section [change project]
2023-04-27 18:16:09,893 [INFO] ThirdParty:1030 - CMSIS Pack Vendor :STMicroelectronics X-CUBE-ISPU 1.1.0
2023-04-27 18:16:09,893 [INFO] ThirdParty:1030 - CMSIS Pack Vendor :RoweBots I-CUBE-UNISONRTOS 5.5.0-4
2023-04-27 18:16:09,893 [INFO] ThirdParty:1030 - CMSIS Pack Vendor :STMicroelectronics X-CUBE-GNSS1 6.0.0
2023-04-27 18:16:09,893 [INFO] ThirdParty:1030 - CMSIS Pack Vendor :STMicroelectronics USB_HOST 2.0.0
2023-04-27 18:16:09,893 [INFO] ThirdParty:1030 - CMSIS Pack Vendor :STMicroelectronics X-CUBE-AZRTOS-F4 1.1.0
2023-04-27 18:16:09,893 [INFO] ThirdParty:1030 - CMSIS Pack Vendor :STMicroelectronics LIBJPEG 8.0.0
2023-04-27 18:16:09,893 [INFO] ThirdParty:1030 - CMSIS Pack Vendor :STMicroelectronics X-CUBE-SMBUS 2.1.0
2023-04-27 18:16:09,893 [INFO] ThirdParty:1030 - CMSIS Pack Vendor :wolfSSL I-CUBE-wolfSSL 5.6.0
2023-04-27 18:16:09,893 [INFO] ThirdParty:1030 - CMSIS Pack Vendor :STMicroelectronics USB_DEVICE 3.0.0
2023-04-27 18:16:09,893 [INFO] ThirdParty:1030 - CMSIS Pack Vendor :STMicroelectronics X-CUBE-AI 8.0.0
2023-04-27 18:16:09,893 [INFO] ThirdParty:1030 - CMSIS Pack Vendor :STMicroelectronics X-CUBE-FREERTOS 1.0.0
2023-04-27 18:16:09,893 [INFO] ThirdParty:1030 - CMSIS Pack Vendor :STMicroelectronics X-CUBE-FREERTOS 1.0.1
2023-04-27 18:16:09,894 [INFO] ThirdParty:1030 - CMSIS Pack Vendor :STMicroelectronics X-CUBE-TOUCHGFX 4.21.3
2023-04-27 18:16:09,894 [INFO] ThirdParty:1030 - CMSIS Pack Vendor :STMicroelectronics X-CUBE-AZRTOS-F7 1.1.0
2023-04-27 18:16:09,894 [INFO] ThirdParty:1030 - CMSIS Pack Vendor :STMicroelectronics USB_DEVICE 2.0.0
2023-04-27 18:16:09,894 [INFO] ThirdParty:1030 - CMSIS Pack Vendor :STMicroelectronics X-CUBE-MEMS1 9.6.0
2023-04-27 18:16:09,894 [INFO] ThirdParty:1030 - CMSIS Pack Vendor :STMicroelectronics X-CUBE-ALGOBUILD 1.3.0
2023-04-27 18:16:09,894 [INFO] ThirdParty:1030 - CMSIS Pack Vendor :STMicroelectronics X-CUBE-BLE1 6.2.4
2023-04-27 18:16:09,894 [INFO] ThirdParty:1030 - CMSIS Pack Vendor :STMicroelectronics X-CUBE-AZRTOS-L5 1.1.0
2023-04-27 18:16:09,894 [INFO] ThirdParty:1030 - CMSIS Pack Vendor :STMicroelectronics FreeRTOS 0.0.1
2023-04-27 18:16:09,894 [INFO] ThirdParty:1030 - CMSIS Pack Vendor :emotas I-CUBE-CANOPEN 1.1.3
2023-04-27 18:16:09,894 [INFO] ThirdParty:1030 - CMSIS Pack Vendor :STMicroelectronics X-CUBE-AZRTOS-G0 1.1.0
2023-04-27 18:16:09,894 [INFO] ThirdParty:1030 - CMSIS Pack Vendor :STMicroelectronics X-CUBE-BLEMGR 2.0.0
2023-04-27 18:16:09,894 [INFO] ThirdParty:1030 - CMSIS Pack Vendor :STMicroelectronics X-CUBE-SUBG2 5.0.0
2023-04-27 18:16:09,894 [INFO] ThirdParty:1030 - CMSIS Pack Vendor :STMicroelectronics X-CUBE-NFC4 3.0.0
2023-04-27 18:16:09,894 [INFO] ThirdParty:1030 - CMSIS Pack Vendor :STMicroelectronics STM32_WPAN 1.0.0
2023-04-27 18:16:09,894 [INFO] ThirdParty:1030 - CMSIS Pack Vendor :STMicroelectronics lwIP 2.0.3
2023-04-27 18:16:09,894 [INFO] ThirdParty:1030 - CMSIS Pack Vendor :STMicroelectronics USB_HOST 1.0.0
2023-04-27 18:16:09,894 [INFO] ThirdParty:1030 - CMSIS Pack Vendor :STMicroelectronics X-CUBE-AZRTOS-G4 2.0.0
2023-04-27 18:16:09,894 [INFO] ThirdParty:1030 - CMSIS Pack Vendor :STMicroelectronics PDM2PCM 3.1.0
2023-04-27 18:16:09,894 [INFO] ThirdParty:1030 - CMSIS Pack Vendor :STMicroelectronics X-CUBE-AZRTOS-H7 3.1.0
2023-04-27 18:16:09,894 [INFO] ThirdParty:1030 - CMSIS Pack Vendor :STMicroelectronics X-CUBE-TOF1 3.3.0
2023-04-27 18:16:09,894 [INFO] ThirdParty:1030 - CMSIS Pack Vendor :STMicroelectronics FP-ATR-ASTRA1 1.1.1
2023-04-27 18:16:09,894 [INFO] ThirdParty:1030 - CMSIS Pack Vendor :STMicroelectronics PDM2PCM 3.3.0
2023-04-27 18:16:09,894 [INFO] ThirdParty:1030 - CMSIS Pack Vendor :STMicroelectronics X-CUBE-DISPLAY 3.0.0
2023-04-27 18:16:09,894 [INFO] ThirdParty:1030 - CMSIS Pack Vendor :STMicroelectronics X-CUBE-AZRTOS-G4 1.0.0
2023-04-27 18:16:09,894 [INFO] ThirdParty:1030 - CMSIS Pack Vendor :STMicroelectronics FP-ATR-SIGFOX1 3.2.0
2023-04-27 18:16:09,894 [INFO] ThirdParty:1030 - CMSIS Pack Vendor :STMicroelectronics X-CUBE-AZRTOS-L4 1.0.0
2023-04-27 18:16:09,894 [INFO] ThirdParty:1030 - CMSIS Pack Vendor :STMicroelectronics HAL Drivers 0.0.0
2023-04-27 18:16:09,894 [INFO] ThirdParty:1030 - CMSIS Pack Vendor :STMicroelectronics MBEDTLS 2.16.2
2023-04-27 18:16:09,894 [INFO] ThirdParty:1030 - CMSIS Pack Vendor :STMicroelectronics MBEDTLS 2.14.1
2023-04-27 18:16:09,894 [INFO] ThirdParty:1030 - CMSIS Pack Vendor :STMicroelectronics X-CUBE-NFC7 1.0.0
2023-04-27 18:16:09,894 [INFO] ThirdParty:1030 - CMSIS Pack Vendor :STMicroelectronics X-CUBE-AZRTOS-WL 1.0.0
2023-04-27 18:16:09,894 [INFO] ThirdParty:1030 - CMSIS Pack Vendor :STMicroelectronics X-CUBE-EEPRMA1 4.1.0
2023-04-27 18:16:09,894 [INFO] ThirdParty:1030 - CMSIS Pack Vendor :portGmbH I-Cube-SoM-uGOAL 1.1.0
2023-04-27 18:16:09,894 [INFO] ThirdParty:1030 - CMSIS Pack Vendor :STMicroelectronics X-CUBE-ALS 1.0.1
2023-04-27 18:16:09,894 [INFO] ThirdParty:1030 - CMSIS Pack Vendor :STMicroelectronics X-CUBE-MEMS1 9.5.0
2023-04-27 18:16:09,894 [INFO] ThirdParty:1030 - CMSIS Pack Vendor :STMicroelectronics ThreadX 1.0.0
2023-04-27 18:16:09,894 [INFO] ThirdParty:1030 - CMSIS Pack Vendor :STMicroelectronics X-CUBE-AZRTOS-WB 1.1.0
2023-04-27 18:16:09,894 [INFO] ThirdParty:1030 - CMSIS Pack Vendor :SEGGER I-CUBE-embOS 1.3.1
2023-04-27 18:16:09,894 [INFO] ThirdParty:1030 - CMSIS Pack Vendor :STMicroelectronics USB_DEVICE 1.0.0
2023-04-27 18:16:09,894 [INFO] ThirdParty:1030 - CMSIS Pack Vendor :STMicroelectronics ThreadX 0.0.2
2023-04-27 18:16:09,894 [INFO] ThirdParty:1030 - CMSIS Pack Vendor :WES I-CUBE-Cesium 1.3.0
2023-04-27 18:16:09,895 [INFO] ThirdParty:1030 - CMSIS Pack Vendor :STMicroelectronics FP-ATR-ASTRA1 2.0.0
2023-04-27 18:16:09,895 [INFO] ThirdParty:1030 - CMSIS Pack Vendor :STMicroelectronics lwIP 2.1.2
2023-04-27 18:16:09,895 [INFO] ThirdParty:1030 - CMSIS Pack Vendor :STMicroelectronics X-CUBE-SFXS2LP1 4.0.0
2023-04-27 18:16:09,895 [INFO] ThirdParty:1030 - CMSIS Pack Vendor :STMicroelectronics X-CUBE-BLE2 3.3.0
2023-04-27 18:16:09,895 [INFO] ThirdParty:1030 - CMSIS Pack Vendor :STMicroelectronics PDM2PCM 3.2.0
2023-04-27 18:16:09,895 [INFO] ThirdParty:1030 - CMSIS Pack Vendor :STMicroelectronics X-CUBE-AZRTOS-H7 3.0.0
2023-04-27 18:16:09,895 [INFO] ThirdParty:841 - exiting critical section [change project]
2023-04-27 18:16:10,040 [INFO] PinOutPanel:1499 - setPackage(No Configuration,No Configuration)
2023-04-27 18:16:10,040 [INFO] PinOutPanel:1499 - setPackage(STM32L4A6ZGTx,LQFP144)
2023-04-27 18:16:10,201 [INFO] UtilMem:75 - Before build in PCC Used Memory: 375835088 Bytes (968884224)
2023-04-27 18:16:10,331 [INFO] UtilMem:75 - After build in PCC Used Memory: 474401232 Bytes (968884224)
2023-04-27 18:16:10,348 [INFO] IPUIPlugin:80 - create IPUIPlugin
2023-04-27 18:16:10,348 [INFO] IPUIPlugin:80 - create IPUIPlugin
2023-04-27 18:16:10,348 [INFO] IPUIPlugin:80 - create IPUIPlugin
2023-04-27 18:16:10,348 [INFO] IPUIPlugin:80 - create IPUIPlugin
2023-04-27 18:16:10,348 [INFO] IPUIPlugin:80 - create IPUIPlugin
2023-04-27 18:16:10,348 [INFO] IPUIPlugin:80 - create IPUIPlugin
2023-04-27 18:16:10,348 [INFO] IPUIPlugin:80 - create IPUIPlugin
2023-04-27 18:16:10,348 [INFO] IPUIPlugin:80 - create IPUIPlugin
2023-04-27 18:16:10,348 [INFO] IPUIPlugin:80 - create IPUIPlugin
2023-04-27 18:16:10,348 [INFO] IPUIPlugin:80 - create IPUIPlugin
2023-04-27 18:16:10,349 [INFO] IPUIPlugin:80 - create IPUIPlugin
2023-04-27 18:16:10,349 [INFO] IPUIPlugin:80 - create IPUIPlugin
2023-04-27 18:16:10,349 [INFO] IPUIPlugin:80 - create IPUIPlugin
2023-04-27 18:16:10,349 [INFO] IPUIPlugin:80 - create IPUIPlugin
2023-04-27 18:16:10,349 [INFO] IPUIPlugin:80 - create IPUIPlugin
2023-04-27 18:16:10,349 [INFO] IPUIPlugin:80 - create IPUIPlugin
2023-04-27 18:16:10,350 [INFO] IPUIPlugin:80 - create IPUIPlugin
2023-04-27 18:16:10,350 [INFO] IPUIPlugin:80 - create IPUIPlugin
2023-04-27 18:16:10,350 [INFO] IPUIPlugin:80 - create IPUIPlugin
2023-04-27 18:16:10,350 [INFO] IPUIPlugin:80 - create IPUIPlugin
2023-04-27 18:16:10,350 [INFO] IPUIPlugin:80 - create IPUIPlugin
2023-04-27 18:16:10,350 [INFO] IPUIPlugin:80 - create IPUIPlugin
2023-04-27 18:16:10,350 [INFO] IPUIPlugin:80 - create IPUIPlugin
2023-04-27 18:16:10,351 [INFO] IPUIPlugin:80 - create IPUIPlugin
2023-04-27 18:16:10,351 [INFO] IPUIPlugin:80 - create IPUIPlugin
2023-04-27 18:16:10,351 [INFO] IPUIPlugin:80 - create IPUIPlugin
2023-04-27 18:16:10,351 [INFO] IPUIPlugin:80 - create IPUIPlugin
2023-04-27 18:16:10,351 [INFO] IPUIPlugin:80 - create IPUIPlugin
2023-04-27 18:16:10,352 [INFO] IPUIPlugin:80 - create IPUIPlugin
2023-04-27 18:16:10,352 [INFO] IPUIPlugin:80 - create IPUIPlugin
2023-04-27 18:16:10,352 [INFO] IPUIPlugin:80 - create IPUIPlugin
2023-04-27 18:16:10,352 [INFO] IPUIPlugin:80 - create IPUIPlugin
2023-04-27 18:16:10,352 [INFO] IPUIPlugin:80 - create IPUIPlugin
2023-04-27 18:16:10,352 [INFO] IPUIPlugin:80 - create IPUIPlugin
2023-04-27 18:16:10,353 [INFO] IPUIPlugin:80 - create IPUIPlugin
2023-04-27 18:16:10,353 [INFO] IPUIPlugin:80 - create IPUIPlugin
2023-04-27 18:16:10,353 [INFO] IPUIPlugin:80 - create IPUIPlugin
2023-04-27 18:16:10,353 [INFO] IPUIPlugin:80 - create IPUIPlugin
2023-04-27 18:16:10,353 [INFO] IPUIPlugin:80 - create IPUIPlugin
2023-04-27 18:16:10,353 [INFO] IPUIPlugin:80 - create IPUIPlugin
2023-04-27 18:16:10,354 [INFO] IPUIPlugin:80 - create IPUIPlugin
2023-04-27 18:16:10,354 [INFO] IPUIPlugin:80 - create IPUIPlugin
2023-04-27 18:16:10,354 [INFO] IPUIPlugin:80 - create IPUIPlugin
2023-04-27 18:16:10,354 [INFO] IPUIPlugin:80 - create IPUIPlugin
2023-04-27 18:16:10,354 [INFO] IPUIPlugin:80 - create IPUIPlugin
2023-04-27 18:16:10,354 [INFO] IPUIPlugin:80 - create IPUIPlugin
2023-04-27 18:16:10,355 [INFO] IPUIPlugin:80 - create IPUIPlugin
2023-04-27 18:16:10,355 [INFO] IPUIPlugin:80 - create IPUIPlugin
2023-04-27 18:16:10,355 [INFO] IPUIPlugin:80 - create IPUIPlugin
2023-04-27 18:16:10,355 [INFO] IPUIPlugin:80 - create IPUIPlugin
2023-04-27 18:16:10,356 [INFO] IPUIPlugin:80 - create IPUIPlugin
2023-04-27 18:16:10,356 [INFO] IPUIPlugin:80 - create IPUIPlugin
2023-04-27 18:16:10,356 [INFO] IPUIPlugin:80 - create IPUIPlugin
2023-04-27 18:16:10,356 [INFO] IPUIPlugin:80 - create IPUIPlugin
2023-04-27 18:16:10,356 [INFO] IPUIPlugin:80 - create IPUIPlugin
2023-04-27 18:16:10,357 [INFO] IPUIPlugin:80 - create IPUIPlugin
2023-04-27 18:16:10,357 [INFO] IPUIPlugin:80 - create IPUIPlugin
2023-04-27 18:16:10,357 [INFO] IPUIPlugin:80 - create IPUIPlugin
2023-04-27 18:16:10,358 [INFO] IPUIPlugin:80 - create IPUIPlugin
2023-04-27 18:16:10,358 [INFO] IPUIPlugin:80 - create IPUIPlugin
2023-04-27 18:16:10,358 [INFO] IPUIPlugin:80 - create IPUIPlugin
2023-04-27 18:16:10,359 [INFO] IPUIPlugin:80 - create IPUIPlugin
2023-04-27 18:16:10,359 [INFO] IPUIPlugin:80 - create IPUIPlugin
2023-04-27 18:16:10,359 [INFO] IPUIPlugin:80 - create IPUIPlugin
2023-04-27 18:16:10,359 [INFO] IPUIPlugin:80 - create IPUIPlugin
2023-04-27 18:16:10,360 [INFO] IPUIPlugin:80 - create IPUIPlugin
2023-04-27 18:16:10,401 [INFO] CADModel:165 - CPN selected for project levelSTM32L4A6ZGT6
2023-04-27 18:16:10,401 [INFO] CADModel:114 - Register for checkConnection events
2023-04-27 18:16:10,460 [INFO] OpenFileManager:328 - Restore cursor
