2023-04-27 00:28:06,611 [INFO] NvicIntPanel:101 - NVIC parent = com.st.microxplorer.plugins.ip.nvic.MultiNvicIntPanel[,0,0,550x244,layout=javax.swing.BoxLayout,alignmentX=0.0,alignmentY=0.0,border=,flags=9,maximumSize=,minimumSize=,preferredSize=]
2023-04-27 00:46:36,672 [INFO] MainUpdater:2854 - connection check result : 10
2023-04-27 00:46:36,673 [INFO] MainUpdater:2854 - connection check result : 10
2023-04-27 00:46:36,698 [INFO] MicroXplorer:468 - Change Database Path : 
2023-04-27 00:46:36,698 [INFO] MicroXplorer:498 - Change Database Version : DB.6.0.80
2023-04-27 00:46:36,706 [WARN] ThirdParty:871 - waiting for thirdparty lock release [close project]
2023-04-27 00:46:36,706 [INFO] ThirdParty:873 - entering critical section [close project]
2023-04-27 00:46:36,706 [INFO] ThirdParty:883 - exiting critical section [close project]
2023-04-27 00:46:36,707 [INFO] PinOutPanel:1499 - setPackage(No Configuration,No Configuration)
2023-04-27 00:46:36,710 [INFO] UtilMem:75 - Begin LoadConfig() Used Memory: 548513648 Bytes (827326464)
2023-04-27 00:46:36,710 [INFO] MicroXplorer:468 - Change Database Path : 
2023-04-27 00:46:36,710 [INFO] MicroXplorer:498 - Change Database Version : DB.6.0.80
2023-04-27 00:46:36,710 [INFO] OpenFileManager:308 - Change cursor
2023-04-27 00:46:36,717 [INFO] RulesReader:64 - Compatibility file has been processed (293 Rules)
2023-04-27 00:46:36,719 [INFO] Mcu:1937 - Initializing MCU STM32L4A6ZGTx STM32L4A6ZGTx STM32L4A6ZGT6
2023-04-27 00:46:38,150 [INFO] Context:659 - Trying to add GPIOservice into a context  which must be forbidden
2023-04-27 00:46:38,451 [INFO] RtosManager:555 - Registered RTOS mode: class=CMSIS, group=RTOS, mode=CMSIS_V1, owner=FREERTOS
2023-04-27 00:46:38,451 [INFO] RtosManager:555 - Registered RTOS mode: class=CMSIS, group=RTOS2, mode=CMSIS_V2, owner=FREERTOS
2023-04-27 00:46:38,451 [INFO] RtosManager:555 - Registered RTOS mode: class=RTOS, group=Core, mode=CMSIS_V1, owner=FREERTOS
2023-04-27 00:46:38,451 [INFO] RtosManager:555 - Registered RTOS mode: class=RTOS, group=Core, mode=CMSIS_V2, owner=FREERTOS
2023-04-27 00:46:38,451 [WARN] ModelIntegratedComponent:184 - Missing modes for component STMicroelectronics:FreeRTOS:0.0.1:STMicroelectronics:RTOS:FreeRTOS:Core:::10.2.0:
2023-04-27 00:46:38,456 [WARN] ModelIntegratedComponent:63 - No mode defined for component null
2023-04-27 00:46:38,456 [WARN] ModelIntegratedComponent:63 - No mode defined for component null
2023-04-27 00:46:38,456 [WARN] ModelIntegratedComponent:63 - No mode defined for component null
2023-04-27 00:46:38,456 [WARN] ModelIntegratedComponent:63 - No mode defined for component null
2023-04-27 00:46:38,456 [WARN] ModelIntegratedComponent:63 - No mode defined for component null
2023-04-27 00:46:38,456 [WARN] ModelIntegratedComponent:63 - No mode defined for component null
2023-04-27 00:46:38,456 [WARN] ModelIntegratedComponent:63 - No mode defined for component null
2023-04-27 00:46:38,456 [WARN] ModelIntegratedComponent:63 - No mode defined for component null
2023-04-27 00:46:38,456 [WARN] ModelIntegratedComponent:63 - No mode defined for component null
2023-04-27 00:46:38,456 [WARN] ModelIntegratedComponent:63 - No mode defined for component null
2023-04-27 00:46:38,457 [WARN] ModelIntegratedComponent:63 - No mode defined for component null
2023-04-27 00:46:38,457 [WARN] ModelIntegratedComponent:63 - No mode defined for component null
2023-04-27 00:46:38,457 [WARN] ModelIntegratedComponent:63 - No mode defined for component null
2023-04-27 00:46:38,457 [WARN] ModelIntegratedComponent:63 - No mode defined for component null
2023-04-27 00:46:38,457 [WARN] ModelIntegratedComponent:63 - No mode defined for component null
2023-04-27 00:46:38,457 [WARN] ModelIntegratedComponent:63 - No mode defined for component null
2023-04-27 00:46:38,457 [WARN] ModelIntegratedComponent:63 - No mode defined for component null
2023-04-27 00:46:38,457 [WARN] ModelIntegratedComponent:63 - No mode defined for component null
2023-04-27 00:46:38,457 [WARN] ModelIntegratedComponent:63 - No mode defined for component null
2023-04-27 00:46:38,457 [WARN] ModelIntegratedComponent:63 - No mode defined for component null
2023-04-27 00:46:38,457 [WARN] ModelIntegratedComponent:63 - No mode defined for component null
2023-04-27 00:46:38,457 [WARN] ModelIntegratedComponent:63 - No mode defined for component null
2023-04-27 00:46:38,457 [WARN] ModelIntegratedComponent:63 - No mode defined for component null
2023-04-27 00:46:38,457 [WARN] ModelIntegratedComponent:63 - No mode defined for component null
2023-04-27 00:46:38,457 [WARN] ModelIntegratedComponent:63 - No mode defined for component null
2023-04-27 00:46:38,457 [WARN] ModelIntegratedComponent:63 - No mode defined for component null
2023-04-27 00:46:38,457 [WARN] ModelIntegratedComponent:63 - No mode defined for component null
2023-04-27 00:46:38,457 [WARN] ModelIntegratedComponent:63 - No mode defined for component null
2023-04-27 00:46:38,457 [WARN] ModelIntegratedComponent:63 - No mode defined for component null
2023-04-27 00:46:38,457 [WARN] ModelIntegratedComponent:63 - No mode defined for component null
2023-04-27 00:46:38,457 [WARN] ModelIntegratedComponent:63 - No mode defined for component null
2023-04-27 00:46:38,457 [WARN] ModelIntegratedComponent:63 - No mode defined for component null
2023-04-27 00:46:38,457 [WARN] ModelIntegratedComponent:63 - No mode defined for component null
2023-04-27 00:46:38,504 [INFO] ThirdPartyModel:298 - Start build external matchings
2023-04-27 00:46:38,827 [INFO] ThirdPartyModel:316 - End build external matchings
2023-04-27 00:46:39,172 [INFO] UtilMem:75 - End LoadConfig() Used Memory: 566481352 Bytes (827326464)
2023-04-27 00:46:39,196 [WARN] ThirdParty:833 - waiting for thirdparty lock release [change project]
2023-04-27 00:46:39,196 [INFO] ThirdParty:835 - entering critical section [change project]
2023-04-27 00:46:39,196 [INFO] ThirdParty:1030 - CMSIS Pack Vendor :STMicroelectronics X-CUBE-ISPU 1.1.0
2023-04-27 00:46:39,196 [INFO] ThirdParty:1030 - CMSIS Pack Vendor :RoweBots I-CUBE-UNISONRTOS 5.5.0-4
2023-04-27 00:46:39,196 [INFO] ThirdParty:1030 - CMSIS Pack Vendor :STMicroelectronics X-CUBE-GNSS1 6.0.0
2023-04-27 00:46:39,196 [INFO] ThirdParty:1030 - CMSIS Pack Vendor :STMicroelectronics USB_HOST 2.0.0
2023-04-27 00:46:39,196 [INFO] ThirdParty:1030 - CMSIS Pack Vendor :STMicroelectronics X-CUBE-AZRTOS-F4 1.1.0
2023-04-27 00:46:39,196 [INFO] ThirdParty:1030 - CMSIS Pack Vendor :STMicroelectronics LIBJPEG 8.0.0
2023-04-27 00:46:39,196 [INFO] ThirdParty:1030 - CMSIS Pack Vendor :STMicroelectronics X-CUBE-SMBUS 2.1.0
2023-04-27 00:46:39,196 [INFO] ThirdParty:1030 - CMSIS Pack Vendor :wolfSSL I-CUBE-wolfSSL 5.6.0
2023-04-27 00:46:39,196 [INFO] ThirdParty:1030 - CMSIS Pack Vendor :STMicroelectronics USB_DEVICE 3.0.0
2023-04-27 00:46:39,196 [INFO] ThirdParty:1030 - CMSIS Pack Vendor :STMicroelectronics X-CUBE-AI 8.0.0
2023-04-27 00:46:39,196 [INFO] ThirdParty:1030 - CMSIS Pack Vendor :STMicroelectronics X-CUBE-FREERTOS 1.0.0
2023-04-27 00:46:39,196 [INFO] ThirdParty:1030 - CMSIS Pack Vendor :STMicroelectronics X-CUBE-FREERTOS 1.0.1
2023-04-27 00:46:39,196 [INFO] ThirdParty:1030 - CMSIS Pack Vendor :STMicroelectronics X-CUBE-TOUCHGFX 4.21.3
2023-04-27 00:46:39,196 [INFO] ThirdParty:1030 - CMSIS Pack Vendor :STMicroelectronics X-CUBE-AZRTOS-F7 1.1.0
2023-04-27 00:46:39,197 [INFO] ThirdParty:1030 - CMSIS Pack Vendor :STMicroelectronics USB_DEVICE 2.0.0
2023-04-27 00:46:39,197 [INFO] ThirdParty:1030 - CMSIS Pack Vendor :STMicroelectronics X-CUBE-MEMS1 9.6.0
2023-04-27 00:46:39,197 [INFO] ThirdParty:1030 - CMSIS Pack Vendor :STMicroelectronics X-CUBE-ALGOBUILD 1.3.0
2023-04-27 00:46:39,197 [INFO] ThirdParty:1030 - CMSIS Pack Vendor :STMicroelectronics X-CUBE-BLE1 6.2.4
2023-04-27 00:46:39,197 [INFO] ThirdParty:1030 - CMSIS Pack Vendor :STMicroelectronics X-CUBE-AZRTOS-L5 1.1.0
2023-04-27 00:46:39,197 [INFO] ThirdParty:1030 - CMSIS Pack Vendor :STMicroelectronics FreeRTOS 0.0.1
2023-04-27 00:46:39,197 [INFO] ThirdParty:1030 - CMSIS Pack Vendor :emotas I-CUBE-CANOPEN 1.1.3
2023-04-27 00:46:39,197 [INFO] ThirdParty:1030 - CMSIS Pack Vendor :STMicroelectronics X-CUBE-AZRTOS-G0 1.1.0
2023-04-27 00:46:39,197 [INFO] ThirdParty:1030 - CMSIS Pack Vendor :STMicroelectronics X-CUBE-BLEMGR 2.0.0
2023-04-27 00:46:39,197 [INFO] ThirdParty:1030 - CMSIS Pack Vendor :STMicroelectronics X-CUBE-SUBG2 5.0.0
2023-04-27 00:46:39,197 [INFO] ThirdParty:1030 - CMSIS Pack Vendor :STMicroelectronics X-CUBE-NFC4 3.0.0
2023-04-27 00:46:39,197 [INFO] ThirdParty:1030 - CMSIS Pack Vendor :STMicroelectronics STM32_WPAN 1.0.0
2023-04-27 00:46:39,197 [INFO] ThirdParty:1030 - CMSIS Pack Vendor :STMicroelectronics lwIP 2.0.3
2023-04-27 00:46:39,197 [INFO] ThirdParty:1030 - CMSIS Pack Vendor :STMicroelectronics USB_HOST 1.0.0
2023-04-27 00:46:39,197 [INFO] ThirdParty:1030 - CMSIS Pack Vendor :STMicroelectronics X-CUBE-AZRTOS-G4 2.0.0
2023-04-27 00:46:39,197 [INFO] ThirdParty:1030 - CMSIS Pack Vendor :STMicroelectronics PDM2PCM 3.1.0
2023-04-27 00:46:39,197 [INFO] ThirdParty:1030 - CMSIS Pack Vendor :STMicroelectronics X-CUBE-AZRTOS-H7 3.1.0
2023-04-27 00:46:39,197 [INFO] ThirdParty:1030 - CMSIS Pack Vendor :STMicroelectronics X-CUBE-TOF1 3.3.0
2023-04-27 00:46:39,197 [INFO] ThirdParty:1030 - CMSIS Pack Vendor :STMicroelectronics FP-ATR-ASTRA1 1.1.1
2023-04-27 00:46:39,197 [INFO] ThirdParty:1030 - CMSIS Pack Vendor :STMicroelectronics PDM2PCM 3.3.0
2023-04-27 00:46:39,197 [INFO] ThirdParty:1030 - CMSIS Pack Vendor :STMicroelectronics X-CUBE-DISPLAY 3.0.0
2023-04-27 00:46:39,197 [INFO] ThirdParty:1030 - CMSIS Pack Vendor :STMicroelectronics X-CUBE-AZRTOS-G4 1.0.0
2023-04-27 00:46:39,197 [INFO] ThirdParty:1030 - CMSIS Pack Vendor :STMicroelectronics FP-ATR-SIGFOX1 3.2.0
2023-04-27 00:46:39,197 [INFO] ThirdParty:1030 - CMSIS Pack Vendor :STMicroelectronics X-CUBE-AZRTOS-L4 1.0.0
2023-04-27 00:46:39,197 [INFO] ThirdParty:1030 - CMSIS Pack Vendor :STMicroelectronics HAL Drivers 0.0.0
2023-04-27 00:46:39,197 [INFO] ThirdParty:1030 - CMSIS Pack Vendor :STMicroelectronics MBEDTLS 2.16.2
2023-04-27 00:46:39,197 [INFO] ThirdParty:1030 - CMSIS Pack Vendor :STMicroelectronics MBEDTLS 2.14.1
2023-04-27 00:46:39,197 [INFO] ThirdParty:1030 - CMSIS Pack Vendor :STMicroelectronics X-CUBE-NFC7 1.0.0
2023-04-27 00:46:39,197 [INFO] ThirdParty:1030 - CMSIS Pack Vendor :STMicroelectronics X-CUBE-AZRTOS-WL 1.0.0
2023-04-27 00:46:39,197 [INFO] ThirdParty:1030 - CMSIS Pack Vendor :STMicroelectronics X-CUBE-EEPRMA1 4.1.0
2023-04-27 00:46:39,197 [INFO] ThirdParty:1030 - CMSIS Pack Vendor :portGmbH I-Cube-SoM-uGOAL 1.1.0
2023-04-27 00:46:39,197 [INFO] ThirdParty:1030 - CMSIS Pack Vendor :STMicroelectronics X-CUBE-ALS 1.0.1
2023-04-27 00:46:39,197 [INFO] ThirdParty:1030 - CMSIS Pack Vendor :STMicroelectronics X-CUBE-MEMS1 9.5.0
2023-04-27 00:46:39,197 [INFO] ThirdParty:1030 - CMSIS Pack Vendor :STMicroelectronics ThreadX 1.0.0
2023-04-27 00:46:39,197 [INFO] ThirdParty:1030 - CMSIS Pack Vendor :STMicroelectronics X-CUBE-AZRTOS-WB 1.1.0
2023-04-27 00:46:39,197 [INFO] ThirdParty:1030 - CMSIS Pack Vendor :SEGGER I-CUBE-embOS 1.3.1
2023-04-27 00:46:39,197 [INFO] ThirdParty:1030 - CMSIS Pack Vendor :STMicroelectronics USB_DEVICE 1.0.0
2023-04-27 00:46:39,197 [INFO] ThirdParty:1030 - CMSIS Pack Vendor :STMicroelectronics ThreadX 0.0.2
2023-04-27 00:46:39,197 [INFO] ThirdParty:1030 - CMSIS Pack Vendor :WES I-CUBE-Cesium 1.3.0
2023-04-27 00:46:39,197 [INFO] ThirdParty:1030 - CMSIS Pack Vendor :STMicroelectronics FP-ATR-ASTRA1 2.0.0
2023-04-27 00:46:39,197 [INFO] ThirdParty:1030 - CMSIS Pack Vendor :STMicroelectronics lwIP 2.1.2
2023-04-27 00:46:39,197 [INFO] ThirdParty:1030 - CMSIS Pack Vendor :STMicroelectronics X-CUBE-SFXS2LP1 4.0.0
2023-04-27 00:46:39,198 [INFO] ThirdParty:1030 - CMSIS Pack Vendor :STMicroelectronics X-CUBE-BLE2 3.3.0
2023-04-27 00:46:39,198 [INFO] ThirdParty:1030 - CMSIS Pack Vendor :STMicroelectronics PDM2PCM 3.2.0
2023-04-27 00:46:39,198 [INFO] ThirdParty:1030 - CMSIS Pack Vendor :STMicroelectronics X-CUBE-AZRTOS-H7 3.0.0
2023-04-27 00:46:39,198 [INFO] ThirdParty:841 - exiting critical section [change project]
2023-04-27 00:46:39,371 [INFO] PinOutPanel:1499 - setPackage(No Configuration,No Configuration)
2023-04-27 00:46:39,372 [INFO] PinOutPanel:1499 - setPackage(STM32L4A6ZGTx,LQFP144)
2023-04-27 00:46:39,573 [INFO] UtilMem:75 - Before build in PCC Used Memory: 461079384 Bytes (827326464)
2023-04-27 00:46:39,716 [INFO] UtilMem:75 - After build in PCC Used Memory: 560178024 Bytes (827326464)
2023-04-27 00:46:39,733 [INFO] IPUIPlugin:80 - create IPUIPlugin
2023-04-27 00:46:39,733 [INFO] IPUIPlugin:80 - create IPUIPlugin
2023-04-27 00:46:39,733 [INFO] IPUIPlugin:80 - create IPUIPlugin
2023-04-27 00:46:39,733 [INFO] IPUIPlugin:80 - create IPUIPlugin
2023-04-27 00:46:39,734 [INFO] IPUIPlugin:80 - create IPUIPlugin
2023-04-27 00:46:39,734 [INFO] IPUIPlugin:80 - create IPUIPlugin
2023-04-27 00:46:39,734 [INFO] IPUIPlugin:80 - create IPUIPlugin
2023-04-27 00:46:39,734 [INFO] IPUIPlugin:80 - create IPUIPlugin
2023-04-27 00:46:39,734 [INFO] IPUIPlugin:80 - create IPUIPlugin
2023-04-27 00:46:39,734 [INFO] IPUIPlugin:80 - create IPUIPlugin
2023-04-27 00:46:39,734 [INFO] IPUIPlugin:80 - create IPUIPlugin
2023-04-27 00:46:39,734 [INFO] IPUIPlugin:80 - create IPUIPlugin
2023-04-27 00:46:39,734 [INFO] IPUIPlugin:80 - create IPUIPlugin
2023-04-27 00:46:39,734 [INFO] IPUIPlugin:80 - create IPUIPlugin
2023-04-27 00:46:39,734 [INFO] IPUIPlugin:80 - create IPUIPlugin
2023-04-27 00:46:39,734 [INFO] IPUIPlugin:80 - create IPUIPlugin
2023-04-27 00:46:39,734 [INFO] IPUIPlugin:80 - create IPUIPlugin
2023-04-27 00:46:39,734 [INFO] IPUIPlugin:80 - create IPUIPlugin
2023-04-27 00:46:39,734 [INFO] IPUIPlugin:80 - create IPUIPlugin
2023-04-27 00:46:39,734 [INFO] IPUIPlugin:80 - create IPUIPlugin
2023-04-27 00:46:39,734 [INFO] IPUIPlugin:80 - create IPUIPlugin
2023-04-27 00:46:39,734 [INFO] IPUIPlugin:80 - create IPUIPlugin
2023-04-27 00:46:39,735 [INFO] IPUIPlugin:80 - create IPUIPlugin
2023-04-27 00:46:39,735 [INFO] IPUIPlugin:80 - create IPUIPlugin
2023-04-27 00:46:39,735 [INFO] IPUIPlugin:80 - create IPUIPlugin
2023-04-27 00:46:39,735 [INFO] IPUIPlugin:80 - create IPUIPlugin
2023-04-27 00:46:39,735 [INFO] IPUIPlugin:80 - create IPUIPlugin
2023-04-27 00:46:39,735 [INFO] IPUIPlugin:80 - create IPUIPlugin
2023-04-27 00:46:39,735 [INFO] IPUIPlugin:80 - create IPUIPlugin
2023-04-27 00:46:39,735 [INFO] IPUIPlugin:80 - create IPUIPlugin
2023-04-27 00:46:39,735 [INFO] IPUIPlugin:80 - create IPUIPlugin
2023-04-27 00:46:39,736 [INFO] IPUIPlugin:80 - create IPUIPlugin
2023-04-27 00:46:39,736 [INFO] IPUIPlugin:80 - create IPUIPlugin
2023-04-27 00:46:39,736 [INFO] IPUIPlugin:80 - create IPUIPlugin
2023-04-27 00:46:39,736 [INFO] IPUIPlugin:80 - create IPUIPlugin
2023-04-27 00:46:39,736 [INFO] IPUIPlugin:80 - create IPUIPlugin
2023-04-27 00:46:39,736 [INFO] IPUIPlugin:80 - create IPUIPlugin
2023-04-27 00:46:39,736 [INFO] IPUIPlugin:80 - create IPUIPlugin
2023-04-27 00:46:39,737 [INFO] IPUIPlugin:80 - create IPUIPlugin
2023-04-27 00:46:39,737 [INFO] IPUIPlugin:80 - create IPUIPlugin
2023-04-27 00:46:39,737 [INFO] IPUIPlugin:80 - create IPUIPlugin
2023-04-27 00:46:39,737 [INFO] IPUIPlugin:80 - create IPUIPlugin
2023-04-27 00:46:39,737 [INFO] IPUIPlugin:80 - create IPUIPlugin
2023-04-27 00:46:39,737 [INFO] IPUIPlugin:80 - create IPUIPlugin
2023-04-27 00:46:39,737 [INFO] IPUIPlugin:80 - create IPUIPlugin
2023-04-27 00:46:39,738 [INFO] IPUIPlugin:80 - create IPUIPlugin
2023-04-27 00:46:39,738 [INFO] IPUIPlugin:80 - create IPUIPlugin
2023-04-27 00:46:39,738 [INFO] IPUIPlugin:80 - create IPUIPlugin
2023-04-27 00:46:39,738 [INFO] IPUIPlugin:80 - create IPUIPlugin
2023-04-27 00:46:39,738 [INFO] IPUIPlugin:80 - create IPUIPlugin
2023-04-27 00:46:39,738 [INFO] IPUIPlugin:80 - create IPUIPlugin
2023-04-27 00:46:39,738 [INFO] IPUIPlugin:80 - create IPUIPlugin
2023-04-27 00:46:39,739 [INFO] IPUIPlugin:80 - create IPUIPlugin
2023-04-27 00:46:39,739 [INFO] IPUIPlugin:80 - create IPUIPlugin
2023-04-27 00:46:39,739 [INFO] IPUIPlugin:80 - create IPUIPlugin
2023-04-27 00:46:39,739 [INFO] IPUIPlugin:80 - create IPUIPlugin
2023-04-27 00:46:39,739 [INFO] IPUIPlugin:80 - create IPUIPlugin
2023-04-27 00:46:39,740 [INFO] IPUIPlugin:80 - create IPUIPlugin
2023-04-27 00:46:39,740 [INFO] IPUIPlugin:80 - create IPUIPlugin
2023-04-27 00:46:39,740 [INFO] IPUIPlugin:80 - create IPUIPlugin
2023-04-27 00:46:39,740 [INFO] IPUIPlugin:80 - create IPUIPlugin
2023-04-27 00:46:39,740 [INFO] IPUIPlugin:80 - create IPUIPlugin
2023-04-27 00:46:39,741 [INFO] IPUIPlugin:80 - create IPUIPlugin
2023-04-27 00:46:39,741 [INFO] IPUIPlugin:80 - create IPUIPlugin
2023-04-27 00:46:39,742 [INFO] IPUIPlugin:80 - create IPUIPlugin
2023-04-27 00:46:39,742 [INFO] IPUIPlugin:80 - create IPUIPlugin
2023-04-27 00:46:39,753 [INFO] CADModel:165 - CPN selected for project levelSTM32L4A6ZGT6
2023-04-27 00:46:39,753 [INFO] CADModel:114 - Register for checkConnection events
2023-04-27 00:46:39,807 [INFO] OpenFileManager:328 - Restore cursor
2023-04-27 00:46:47,817 [WARN] MainPanel:366 - Warning: This peripheral has no parameters to be configured
2023-04-27 00:46:47,819 [INFO] NvicIntPanel:101 - NVIC parent = com.st.microxplorer.plugins.ip.nvic.MultiNvicIntPanel[,0,0,0x0,invalid,layout=javax.swing.BoxLayout,alignmentX=0.0,alignmentY=0.0,border=,flags=9,maximumSize=,minimumSize=,preferredSize=]
