2023-05-03 14:38:54,938 [INFO] Activator:176 - 


2023-05-03 14:38:54,942 [INFO] Activator:177 - !SESSION log4j initialized
2023-05-03 14:39:00,443 [INFO] LogOutputStream:77 - [STDOUT_REDIRECT] 
2023-05-03 14:39:22,696 [ERROR] LogOutputStream:75 - [STDERR_REDIRECT] SLF4J: Failed to load class "org.slf4j.impl.StaticLoggerBinder".
2023-05-03 14:39:22,696 [ERROR] LogOutputStream:75 - [STDERR_REDIRECT] SLF4J: Defaulting to no-operation (NOP) logger implementation
2023-05-03 14:39:22,697 [ERROR] LogOutputStream:75 - [STDERR_REDIRECT] SLF4J: See http://www.slf4j.org/codes.html#StaticLoggerBinder for further details.
2023-05-03 20:17:59,694 [INFO] ApplicationProperties:184 - Using Application install path: C:\Users\Wilso\Desktop\329\STM32CubeIDE_1.12.0\STM32CubeIDE\plugins\com.st.stm32cube.common.mx_6.8.0.202302231600
2023-05-03 20:17:59,712 [INFO] DbMcusXml:78 - Set database path to: C:\Users\Wilso\Desktop\329\STM32CubeIDE_1.12.0\STM32CubeIDE\plugins\com.st.stm32cube.common.mx_6.8.0.202302231600\\db\/mcu/
2023-05-03 20:17:59,713 [INFO] ApiDb:274 - Set plugin database path to: C:\Users\Wilso\Desktop\329\STM32CubeIDE_1.12.0\STM32CubeIDE\plugins\com.st.stm32cube.common.mx_6.8.0.202302231600\\db\/plugins/boardmanager/
2023-05-03 20:17:59,714 [WARN] ApiDb:259 - Overriding images path with different value:  => C:\Users\Wilso\Desktop\329\STM32CubeIDE_1.12.0\STM32CubeIDE\plugins\com.st.stm32cube.common.mx_6.8.0.202302231600\\db\/plugins/mcufinder/images/
2023-05-03 20:17:59,725 [INFO] ApiDb:250 - Set database path to: C:\Users\Wilso\.stmcufinder\plugins\mcufinder//mcu/
2023-05-03 20:17:59,726 [INFO] DbMcusAds:125 - Set database path to: C:\Users\Wilso\.stmcufinder\plugins\mcufinder//mcu/
2023-05-03 20:17:59,753 [INFO] CrossReferenceDbSqlite:203 - Set database path to: C:\Users\Wilso\.stmcufinder\plugins\mcufinder//mcu/cs/
2023-05-03 20:17:59,856 [INFO] RulesReader:64 - Compatibility file has been processed (293 Rules)
2023-05-03 20:17:59,936 [INFO] DbMcusXml:78 - Set database path to: C:\Users\Wilso\Desktop\329\STM32CubeIDE_1.12.0\STM32CubeIDE\plugins\com.st.stm32cube.common.mx_6.8.0.202302231600\\db\/mcu/
2023-05-03 20:17:59,936 [INFO] ApiDb:274 - Set plugin database path to: C:\Users\Wilso\Desktop\329\STM32CubeIDE_1.12.0\STM32CubeIDE\plugins\com.st.stm32cube.common.mx_6.8.0.202302231600\\db\/plugins/boardmanager/
2023-05-03 20:17:59,936 [INFO] ApiDb:261 - Set plugin images path to: C:\Users\Wilso\Desktop\329\STM32CubeIDE_1.12.0\STM32CubeIDE\plugins\com.st.stm32cube.common.mx_6.8.0.202302231600\\db\/plugins/mcufinder/images/
2023-05-03 20:17:59,937 [WARN] DbFile:41 - Overriding database path with different value: C:\Users\Wilso\.stmcufinder\plugins\mcufinder/ => C:\Users\Wilso\.stmcufinder\plugins\mcufinder
2023-05-03 20:17:59,937 [INFO] ApiDb:250 - Set database path to: C:\Users\Wilso\.stmcufinder\plugins\mcufinder//mcu/
2023-05-03 20:17:59,937 [WARN] DbFile:41 - Overriding database path with different value: C:\Users\Wilso\.stmcufinder\plugins\mcufinder/ => C:\Users\Wilso\.stmcufinder\plugins\mcufinder
2023-05-03 20:17:59,937 [INFO] DbMcusAds:125 - Set database path to: C:\Users\Wilso\.stmcufinder\plugins\mcufinder//mcu/
2023-05-03 20:17:59,937 [WARN] DbFile:41 - Overriding database path with different value: C:\Users\Wilso\.stmcufinder\plugins\mcufinder/ => C:\Users\Wilso\.stmcufinder\plugins\mcufinder
2023-05-03 20:17:59,937 [WARN] DbFile:41 - Overriding database path with different value: C:\Users\Wilso\.stmcufinder\plugins\mcufinder/ => C:\Users\Wilso\.stmcufinder\plugins\mcufinder
2023-05-03 20:17:59,937 [INFO] CrossReferenceDbSqlite:203 - Set database path to: C:\Users\Wilso\.stmcufinder\plugins\mcufinder//mcu/cs/
2023-05-03 20:18:00,003 [INFO] MainPanel:253 - HeapMemory: 634388480
2023-05-03 20:18:00,094 [INFO] DbMcusXml:78 - Set database path to: C:\Users\Wilso\Desktop\329\STM32CubeIDE_1.12.0\STM32CubeIDE\plugins\com.st.stm32cube.common.mx_6.8.0.202302231600\\db\/mcu/
2023-05-03 20:18:00,094 [INFO] ApiDb:274 - Set plugin database path to: C:\Users\Wilso\Desktop\329\STM32CubeIDE_1.12.0\STM32CubeIDE\plugins\com.st.stm32cube.common.mx_6.8.0.202302231600\\db\/plugins/boardmanager/
2023-05-03 20:18:00,094 [INFO] ApiDb:261 - Set plugin images path to: C:\Users\Wilso\Desktop\329\STM32CubeIDE_1.12.0\STM32CubeIDE\plugins\com.st.stm32cube.common.mx_6.8.0.202302231600\\db\/plugins/mcufinder/images/
2023-05-03 20:18:00,095 [WARN] DbFile:41 - Overriding database path with different value: C:\Users\Wilso\.stmcufinder\plugins\mcufinder/ => C:\Users\Wilso\.stmcufinder\plugins\mcufinder
2023-05-03 20:18:00,095 [INFO] ApiDb:250 - Set database path to: C:\Users\Wilso\.stmcufinder\plugins\mcufinder//mcu/
2023-05-03 20:18:00,095 [WARN] DbFile:41 - Overriding database path with different value: C:\Users\Wilso\.stmcufinder\plugins\mcufinder/ => C:\Users\Wilso\.stmcufinder\plugins\mcufinder
2023-05-03 20:18:00,095 [INFO] DbMcusAds:125 - Set database path to: C:\Users\Wilso\.stmcufinder\plugins\mcufinder//mcu/
2023-05-03 20:18:00,095 [WARN] DbFile:41 - Overriding database path with different value: C:\Users\Wilso\.stmcufinder\plugins\mcufinder/ => C:\Users\Wilso\.stmcufinder\plugins\mcufinder
2023-05-03 20:18:00,095 [WARN] DbFile:41 - Overriding database path with different value: C:\Users\Wilso\.stmcufinder\plugins\mcufinder/ => C:\Users\Wilso\.stmcufinder\plugins\mcufinder
2023-05-03 20:18:00,095 [INFO] CrossReferenceDbSqlite:203 - Set database path to: C:\Users\Wilso\.stmcufinder\plugins\mcufinder//mcu/cs/
2023-05-03 20:18:00,111 [INFO] ApplicationProperties:184 - Using Application install path: C:\Users\Wilso\Desktop\329\STM32CubeIDE_1.12.0\STM32CubeIDE\plugins\com.st.stm32cube.common.mx_6.8.0.202302231600
2023-05-03 20:18:00,113 [INFO] PluginManage:196 - Search for loadable plugins [exclusion list=, ]
2023-05-03 20:18:00,114 [INFO] PluginManage:310 - Check plugin analytics
2023-05-03 20:18:00,252 [INFO] AnalyticsPlugin:253 - Accepted Software Licenses: 
2023-05-03 20:18:00,253 [INFO] AnalyticsPlugin:255 - Accepted CMSIS Pack Licenses: 
2023-05-03 20:18:00,253 [INFO] AnalyticsPlugin:257 - Accepted Firmware Licenses: 
2023-05-03 20:18:00,258 [INFO] PluginManage:359 - Loaded plugin analytics (category:tool,tabindex:-1)
2023-05-03 20:18:00,258 [INFO] PluginManage:310 - Check plugin cadmodel
2023-05-03 20:18:00,271 [INFO] CADModel:105 - Init CAD model plugin
2023-05-03 20:18:00,271 [INFO] PluginManage:359 - Loaded plugin cadmodel (category:power,tabindex:5)
2023-05-03 20:18:00,271 [INFO] PluginManage:310 - Check plugin clock
2023-05-03 20:18:00,290 [INFO] PluginManage:359 - Loaded plugin clock (category:base,tabindex:2)
2023-05-03 20:18:00,290 [INFO] PluginManage:310 - Check plugin ddr
2023-05-03 20:18:00,293 [INFO] PluginManage:359 - Loaded plugin ddr (category:tool,tabindex:6)
2023-05-03 20:18:00,293 [INFO] PluginManage:310 - Check plugin filemanager
2023-05-03 20:18:00,410 [INFO] PluginManage:359 - Loaded plugin filemanager (category:base,tabindex:10)
2023-05-03 20:18:00,410 [INFO] PluginManage:310 - Check plugin ipmanager
2023-05-03 20:18:00,416 [INFO] PluginManage:359 - Loaded plugin ipmanager (category:base,tabindex:5)
2023-05-03 20:18:00,416 [INFO] PluginManage:310 - Check plugin lpbam
2023-05-03 20:18:00,430 [INFO] PluginManage:359 - Loaded plugin lpbam (category:base,tabindex:0)
2023-05-03 20:18:00,430 [INFO] PluginManage:310 - Check plugin pinoutandconfiguration
2023-05-03 20:18:00,443 [INFO] PluginManage:359 - Loaded plugin pinoutandconfiguration (category:base,tabindex:1)
2023-05-03 20:18:00,443 [INFO] PluginManage:310 - Check plugin pinoutconfig
2023-05-03 20:18:00,531 [WARN] SupportedApi:132 - Cannot load RTOS API schema: s4s-elt-must-match.1: The content of 'definitions' must match (annotation?, (simpleType | complexType)?, (unique | key | keyref)*)). A problem was found starting at: attribute.
2023-05-03 20:18:00,652 [INFO] PluginManage:359 - Loaded plugin pinoutconfig (category:base,tabindex:0)
2023-05-03 20:18:00,652 [INFO] PluginManage:310 - Check plugin power
2023-05-03 20:18:00,667 [INFO] PluginManage:359 - Loaded plugin power (category:power,tabindex:4)
2023-05-03 20:18:00,667 [INFO] PluginManage:310 - Check plugin projectmanager
2023-05-03 20:18:00,684 [INFO] PluginManage:359 - Loaded plugin projectmanager (category:projectmanager,tabindex:3)
2023-05-03 20:18:00,684 [INFO] PluginManage:310 - Check plugin thirdparty
2023-05-03 20:18:00,850 [INFO] PluginManage:359 - Loaded plugin thirdparty (category:base,tabindex:-1)
2023-05-03 20:18:00,850 [WARN] IntegrityCheckThread:84 - waiting for thirdparty lock release [integrity check]
2023-05-03 20:18:00,851 [INFO] PluginManage:310 - Check plugin tools
2023-05-03 20:18:00,851 [INFO] IntegrityCheckThread:86 - entering critical section [integrity check]
2023-05-03 20:18:00,852 [INFO] ThirdPartyUpdaterWithRetryManager:70 - Updater plugin not ready yet. [1/15]
2023-05-03 20:18:00,869 [INFO] PluginManage:359 - Loaded plugin tools (category:base,tabindex:7)
2023-05-03 20:18:00,869 [INFO] PluginManage:310 - Check plugin tutovideos
2023-05-03 20:18:01,076 [INFO] PluginManage:359 - Loaded plugin tutovideos (category:base,tabindex:-1)
2023-05-03 20:18:01,076 [INFO] PluginManage:310 - Check plugin updater
2023-05-03 20:18:01,093 [INFO] PluginManage:359 - Loaded plugin updater (category:base,tabindex:12)
2023-05-03 20:18:01,094 [INFO] PluginManage:283 - PluginManage : Loaded plugins [15]
2023-05-03 20:18:01,317 [INFO] PinOutPanel:1499 - setPackage(No Configuration,No Configuration)
2023-05-03 20:18:01,375 [INFO] CADModel:165 - CPN selected for project level
2023-05-03 20:18:01,375 [INFO] CADModel:114 - Register for checkConnection events
2023-05-03 20:18:01,398 [INFO] IPUIPlugin:80 - create IPUIPlugin
2023-05-03 20:18:01,399 [INFO] PluginManager:220 - loadIPPluginJar : add adc
2023-05-03 20:18:01,422 [INFO] IPUIPlugin:80 - create IPUIPlugin
2023-05-03 20:18:01,422 [INFO] PluginManager:220 - loadIPPluginJar : add aes
2023-05-03 20:18:01,449 [INFO] IPUIPlugin:80 - create IPUIPlugin
2023-05-03 20:18:01,449 [INFO] PluginManager:220 - loadIPPluginJar : add can
2023-05-03 20:18:01,464 [INFO] IPUIPlugin:80 - create IPUIPlugin
2023-05-03 20:18:01,464 [INFO] PluginManager:220 - loadIPPluginJar : add comp
2023-05-03 20:18:01,486 [INFO] IPUIPlugin:80 - create IPUIPlugin
2023-05-03 20:18:01,486 [INFO] PluginManager:220 - loadIPPluginJar : add cryp
2023-05-03 20:18:01,504 [INFO] IPUIPlugin:80 - create IPUIPlugin
2023-05-03 20:18:01,504 [INFO] PluginManager:220 - loadIPPluginJar : add dfsdm
2023-05-03 20:18:01,514 [INFO] IPUIPlugin:80 - create IPUIPlugin
2023-05-03 20:18:01,515 [INFO] PluginManager:220 - loadIPPluginJar : add dma
2023-05-03 20:18:01,541 [INFO] IPUIPlugin:80 - create IPUIPlugin
2023-05-03 20:18:01,542 [INFO] PluginManager:220 - loadIPPluginJar : add dma3
2023-05-03 20:18:01,554 [INFO] IPUIPlugin:80 - create IPUIPlugin
2023-05-03 20:18:01,554 [INFO] PluginManager:220 - loadIPPluginJar : add fatfs
2023-05-03 20:18:01,585 [INFO] IPUIPlugin:80 - create IPUIPlugin
2023-05-03 20:18:01,585 [INFO] PluginManager:220 - loadIPPluginJar : add fmc
2023-05-03 20:18:01,597 [INFO] IPUIPlugin:80 - create IPUIPlugin
2023-05-03 20:18:01,597 [INFO] PluginManager:220 - loadIPPluginJar : add freertos
2023-05-03 20:18:01,609 [INFO] IPUIPlugin:80 - create IPUIPlugin
2023-05-03 20:18:01,609 [INFO] PluginManager:220 - loadIPPluginJar : add genericplugin
2023-05-03 20:18:01,663 [INFO] IPUIPlugin:80 - create IPUIPlugin
2023-05-03 20:18:01,663 [INFO] PluginManager:220 - loadIPPluginJar : add gfxmmu
2023-05-03 20:18:01,742 [INFO] IPUIPlugin:80 - create IPUIPlugin
2023-05-03 20:18:01,742 [INFO] PluginManager:220 - loadIPPluginJar : add gic
2023-05-03 20:18:01,754 [INFO] IPUIPlugin:80 - create IPUIPlugin
2023-05-03 20:18:01,754 [INFO] PluginManager:220 - loadIPPluginJar : add gpio
2023-05-03 20:18:01,812 [INFO] IPUIPlugin:80 - create IPUIPlugin
2023-05-03 20:18:01,812 [INFO] PluginManager:220 - loadIPPluginJar : add gtzc
2023-05-03 20:18:01,832 [INFO] IPUIPlugin:80 - create IPUIPlugin
2023-05-03 20:18:01,833 [INFO] PluginManager:220 - loadIPPluginJar : add hash
2023-05-03 20:18:01,864 [INFO] IPUIPlugin:80 - create IPUIPlugin
2023-05-03 20:18:01,864 [INFO] PluginManager:220 - loadIPPluginJar : add i2c
2023-05-03 20:18:01,901 [INFO] IPUIPlugin:80 - create IPUIPlugin
2023-05-03 20:18:01,901 [INFO] PluginManager:220 - loadIPPluginJar : add i2s
2023-05-03 20:18:01,928 [INFO] IPUIPlugin:80 - create IPUIPlugin
2023-05-03 20:18:01,928 [INFO] PluginManager:220 - loadIPPluginJar : add i3c
2023-05-03 20:18:01,998 [INFO] IPUIPlugin:80 - create IPUIPlugin
2023-05-03 20:18:01,998 [INFO] PluginManager:220 - loadIPPluginJar : add ipddr
2023-05-03 20:18:02,054 [INFO] IPUIPlugin:80 - create IPUIPlugin
2023-05-03 20:18:02,054 [INFO] PluginManager:220 - loadIPPluginJar : add linkedlist
2023-05-03 20:18:02,075 [INFO] IPUIPlugin:80 - create IPUIPlugin
2023-05-03 20:18:02,076 [INFO] PluginManager:220 - loadIPPluginJar : add lorawan
2023-05-03 20:18:02,099 [INFO] IPUIPlugin:80 - create IPUIPlugin
2023-05-03 20:18:02,099 [INFO] PluginManager:220 - loadIPPluginJar : add ltdc
2023-05-03 20:18:02,109 [INFO] IPUIPlugin:80 - create IPUIPlugin
2023-05-03 20:18:02,110 [INFO] PluginManager:220 - loadIPPluginJar : add mdma
2023-05-03 20:18:02,118 [INFO] IPUIPlugin:80 - create IPUIPlugin
2023-05-03 20:18:02,118 [INFO] PluginManager:220 - loadIPPluginJar : add nvic
2023-05-03 20:18:02,140 [INFO] IPUIPlugin:80 - create IPUIPlugin
2023-05-03 20:18:02,141 [INFO] PluginManager:220 - loadIPPluginJar : add opamp
2023-05-03 20:18:02,175 [INFO] IPUIPlugin:80 - create IPUIPlugin
2023-05-03 20:18:02,176 [INFO] PluginManager:220 - loadIPPluginJar : add openamp
2023-05-03 20:18:02,202 [INFO] IPUIPlugin:80 - create IPUIPlugin
2023-05-03 20:18:02,202 [INFO] PluginManager:220 - loadIPPluginJar : add pdm2pcm
2023-05-03 20:18:02,212 [INFO] IPUIPlugin:80 - create IPUIPlugin
2023-05-03 20:18:02,215 [INFO] PluginManager:220 - loadIPPluginJar : add plateformsettings
2023-05-03 20:18:02,228 [INFO] IPUIPlugin:80 - create IPUIPlugin
2023-05-03 20:18:02,228 [INFO] PluginManager:220 - loadIPPluginJar : add quadspi
2023-05-03 20:18:02,237 [INFO] IPUIPlugin:80 - create IPUIPlugin
2023-05-03 20:18:02,237 [INFO] PluginManager:220 - loadIPPluginJar : add resmgrutility
2023-05-03 20:18:02,268 [INFO] IPUIPlugin:80 - create IPUIPlugin
2023-05-03 20:18:02,268 [INFO] PluginManager:220 - loadIPPluginJar : add sai
2023-05-03 20:18:02,291 [INFO] IPUIPlugin:80 - create IPUIPlugin
2023-05-03 20:18:02,291 [INFO] PluginManager:220 - loadIPPluginJar : add spi
2023-05-03 20:18:02,328 [INFO] IPUIPlugin:80 - create IPUIPlugin
2023-05-03 20:18:02,328 [INFO] PluginManager:220 - loadIPPluginJar : add stm32_wpan
2023-05-03 20:18:02,342 [INFO] IPUIPlugin:80 - create IPUIPlugin
2023-05-03 20:18:02,343 [INFO] PluginManager:220 - loadIPPluginJar : add tim
2023-05-03 20:18:02,377 [INFO] IPUIPlugin:80 - create IPUIPlugin
2023-05-03 20:18:02,377 [INFO] PluginManager:220 - loadIPPluginJar : add touchsensing
2023-05-03 20:18:02,391 [INFO] IPUIPlugin:80 - create IPUIPlugin
2023-05-03 20:18:02,392 [INFO] PluginManager:220 - loadIPPluginJar : add tracer_emb
2023-05-03 20:18:02,406 [INFO] IPUIPlugin:80 - create IPUIPlugin
2023-05-03 20:18:02,406 [INFO] PluginManager:220 - loadIPPluginJar : add ts
2023-05-03 20:18:02,420 [INFO] IPUIPlugin:80 - create IPUIPlugin
2023-05-03 20:18:02,420 [INFO] PluginManager:220 - loadIPPluginJar : add tsc
2023-05-03 20:18:02,435 [INFO] IPUIPlugin:80 - create IPUIPlugin
2023-05-03 20:18:02,435 [INFO] PluginManager:220 - loadIPPluginJar : add ucpd
2023-05-03 20:18:02,464 [INFO] IPUIPlugin:80 - create IPUIPlugin
2023-05-03 20:18:02,465 [INFO] PluginManager:220 - loadIPPluginJar : add usart
2023-05-03 20:18:02,493 [INFO] IPUIPlugin:80 - create IPUIPlugin
2023-05-03 20:18:02,493 [INFO] PluginManager:220 - loadIPPluginJar : add usbx
2023-05-03 20:18:02,621 [INFO] CADModel:165 - CPN selected for project level
2023-05-03 20:18:02,621 [INFO] CADModel:114 - Register for checkConnection events
2023-05-03 20:18:02,621 [FATAL] Updater:308 - Updater called before beeing initialized
2023-05-03 20:18:02,621 [ERROR] CADModel:125 - Updater not yet initialized, retry later 
2023-05-03 20:18:02,761 [INFO] CADModel:165 - CPN selected for project level
2023-05-03 20:18:02,762 [INFO] CADModel:114 - Register for checkConnection events
2023-05-03 20:18:02,762 [FATAL] Updater:308 - Updater called before beeing initialized
2023-05-03 20:18:02,762 [ERROR] CADModel:125 - Updater not yet initialized, retry later 
2023-05-03 20:18:02,765 [FATAL] Updater:308 - Updater called before beeing initialized
2023-05-03 20:18:02,875 [FATAL] Updater:308 - Updater called before beeing initialized
2023-05-03 20:18:02,886 [INFO] DbMcusAds:53 - JSON generation date=Tue Mar 07 00:50:55 PST 2023 (1678179055335)
2023-05-03 20:18:02,886 [FATAL] Updater:308 - Updater called before beeing initialized
2023-05-03 20:18:02,965 [WARN] DetailPanel:346 - Failed to get advertising image, set to default
2023-05-03 20:18:03,055 [FATAL] Updater:308 - Updater called before beeing initialized
2023-05-03 20:18:03,057 [FATAL] Updater:308 - Updater called before beeing initialized
2023-05-03 20:18:03,057 [FATAL] Updater:308 - Updater called before beeing initialized
2023-05-03 20:18:03,057 [WARN] DetailPanel:346 - Failed to get advertising image, set to default
2023-05-03 20:18:03,058 [FATAL] Updater:308 - Updater called before beeing initialized
2023-05-03 20:18:03,112 [ERROR] Updater:1120 - MainUpdater not yet initialized. External WinMGr cannot be set.
2023-05-03 20:18:03,119 [INFO] Updater:1056 - Updater Version found : 6.8.0
2023-05-03 20:18:03,135 [INFO] ApplicationProperties:184 - Using Application install path: C:\Users\Wilso\Desktop\329\STM32CubeIDE_1.12.0\STM32CubeIDE\plugins\com.st.stm32cube.common.mx_6.8.0.202302231600
2023-05-03 20:18:03,225 [INFO] MainUpdater:2854 - connection check result : 10
2023-05-03 20:18:03,226 [INFO] MainUpdater:283 - Updater Check For Update Now.
2023-05-03 20:18:03,226 [INFO] MicroXplorer:498 - Change Database Version : DB.6.0.80
2023-05-03 20:18:03,385 [INFO] CheckServerUpdateThread:120 - End of CheckServer Thread
2023-05-03 20:18:03,443 [INFO] MainUpdater:2854 - connection check result : 10
2023-05-03 20:18:03,447 [INFO] MainUpdater:2854 - connection check result : 10
2023-05-03 20:18:03,567 [INFO] MicroXplorer:468 - Change Database Path : 
2023-05-03 20:18:03,567 [INFO] MicroXplorer:498 - Change Database Version : DB.6.0.80
2023-05-03 20:18:03,568 [WARN] ThirdParty:871 - waiting for thirdparty lock release [close project]
2023-05-03 20:18:03,986 [WARN] PackLoader:240 - Cannot read IP mode file for STMicroelectronics.X-CUBE-GNSS1.6.0.0
2023-05-03 20:18:04,013 [WARN] PackLoader:240 - Cannot read IP mode file for STMicroelectronics.X-CUBE-AZRTOS-F4.1.1.0
2023-05-03 20:18:04,028 [WARN] PackLoader:240 - Cannot read IP mode file for STMicroelectronics.X-CUBE-SMBUS.2.1.0
2023-05-03 20:18:04,035 [WARN] PackLoader:240 - Cannot read IP mode file for wolfSSL.I-CUBE-wolfSSL.5.6.0
2023-05-03 20:18:04,054 [WARN] PackLoader:240 - Cannot read IP mode file for STMicroelectronics.X-CUBE-AZRTOS-F7.1.1.0
2023-05-03 20:18:04,102 [WARN] PackLoader:240 - Cannot read IP mode file for STMicroelectronics.X-CUBE-MEMS1.9.6.0
2023-05-03 20:18:04,217 [WARN] PackLoader:240 - Cannot read IP mode file for STMicroelectronics.X-CUBE-BLE1.6.2.4
2023-05-03 20:18:04,228 [WARN] PackLoader:240 - Cannot read IP mode file for emotas.I-CUBE-CANOPEN.1.1.3
2023-05-03 20:18:04,239 [WARN] PackLoader:240 - Cannot read IP mode file for STMicroelectronics.X-CUBE-BLEMGR.2.0.0
2023-05-03 20:18:04,259 [WARN] ConditionMgr:438 - getConditionDescription Invalid condition id : UX DEVICE CLASS RTOS Condition cause : null
2023-05-03 20:18:04,259 [WARN] ConditionMgr:438 - getConditionDescription Invalid condition id : UX DEVICE CLASS RTOS Condition cause : null
2023-05-03 20:18:04,262 [WARN] PackLoader:240 - Cannot read IP mode file for STMicroelectronics.X-CUBE-AZRTOS-H7.3.1.0
2023-05-03 20:18:04,262 [WARN] ConditionMgr:1039 - genDependencies : Invalid condition id : UX DEVICE CLASS RTOS Condition cause : null
2023-05-03 20:18:04,262 [WARN] ConditionMgr:1039 - genDependencies : Invalid condition id : UX DEVICE CLASS RTOS Condition cause : null
2023-05-03 20:18:04,263 [WARN] ConditionMgr:1039 - genDependencies : Invalid condition id : UX DEVICE CLASS RTOS Condition cause : null
2023-05-03 20:18:04,263 [WARN] ConditionMgr:1039 - genDependencies : Invalid condition id : UX DEVICE CLASS RTOS Condition cause : null
2023-05-03 20:18:04,263 [WARN] ConditionMgr:1039 - genDependencies : Invalid condition id : UX DEVICE CLASS RTOS Condition cause : null
2023-05-03 20:18:04,273 [WARN] PackLoader:240 - Cannot read IP mode file for STMicroelectronics.X-CUBE-DISPLAY.3.0.0
2023-05-03 20:18:04,283 [WARN] PackLoader:240 - Cannot read IP mode file for STMicroelectronics.X-CUBE-NFC7.1.0.0
2023-05-03 20:18:04,292 [WARN] PackLoader:240 - Cannot read IP mode file for STMicroelectronics.X-CUBE-EEPRMA1.4.1.0
2023-05-03 20:18:04,302 [WARN] PackLoader:240 - Cannot read IP mode file for WES.I-CUBE-Cesium.1.3.0
2023-05-03 20:18:04,311 [WARN] PackLoader:240 - Cannot read IP mode file for STMicroelectronics.X-CUBE-SFXS2LP1.4.0.0
2023-05-03 20:18:04,320 [WARN] PackLoader:240 - Cannot read IP mode file for STMicroelectronics.X-CUBE-BLE2.3.3.0
2023-05-03 20:18:04,341 [WARN] PackLoader:240 - Cannot read IP mode file for STMicroelectronics.X-CUBE-AZRTOS-H7.3.0.0
2023-05-03 20:18:04,357 [WARN] PackLoader:240 - Cannot read IP mode file for STMicroelectronics.X-CUBE-ISPU.1.1.0
2023-05-03 20:18:04,369 [WARN] PackLoader:240 - Cannot read IP mode file for RoweBots.I-CUBE-UNISONRTOS.5.5.0-4
2023-05-03 20:18:04,378 [WARN] PackLoader:240 - Cannot read IP mode file for STMicroelectronics.X-CUBE-AI.8.0.0
2023-05-03 20:18:04,388 [WARN] PackLoader:240 - Cannot read IP mode file for STMicroelectronics.X-CUBE-FREERTOS.1.0.0
2023-05-03 20:18:04,398 [WARN] PackLoader:240 - Cannot read IP mode file for STMicroelectronics.X-CUBE-FREERTOS.1.0.1
2023-05-03 20:18:04,407 [WARN] PackLoader:240 - Cannot read IP mode file for STMicroelectronics.X-CUBE-TOUCHGFX.4.21.3
2023-05-03 20:18:04,416 [WARN] PackLoader:240 - Cannot read IP mode file for STMicroelectronics.X-CUBE-ALGOBUILD.1.3.0
2023-05-03 20:18:04,436 [WARN] PackLoader:240 - Cannot read IP mode file for STMicroelectronics.X-CUBE-AZRTOS-L5.1.1.0
2023-05-03 20:18:04,456 [WARN] PackLoader:240 - Cannot read IP mode file for STMicroelectronics.X-CUBE-AZRTOS-G0.1.1.0
2023-05-03 20:18:04,470 [WARN] PackLoader:240 - Cannot read IP mode file for STMicroelectronics.X-CUBE-SUBG2.5.0.0
2023-05-03 20:18:04,483 [WARN] PackLoader:240 - Cannot read IP mode file for STMicroelectronics.X-CUBE-NFC4.3.0.0
2023-05-03 20:18:04,501 [WARN] PackLoader:240 - Cannot read IP mode file for STMicroelectronics.X-CUBE-AZRTOS-G4.2.0.0
2023-05-03 20:18:04,515 [WARN] PackLoader:240 - Cannot read IP mode file for STMicroelectronics.X-CUBE-TOF1.3.3.0
2023-05-03 20:18:04,529 [WARN] PackLoader:240 - Cannot read IP mode file for STMicroelectronics.FP-ATR-ASTRA1.1.1.1
2023-05-03 20:18:04,580 [WARN] PackLoader:240 - Cannot read IP mode file for STMicroelectronics.X-CUBE-AZRTOS-G4.1.0.0
2023-05-03 20:18:04,589 [WARN] PackLoader:240 - Cannot read IP mode file for STMicroelectronics.FP-ATR-SIGFOX1.3.2.0
2023-05-03 20:18:04,610 [WARN] PackLoader:240 - Cannot read IP mode file for STMicroelectronics.X-CUBE-AZRTOS-L4.1.0.0
2023-05-03 20:18:04,626 [WARN] PackLoader:240 - Cannot read IP mode file for STMicroelectronics.X-CUBE-AZRTOS-WL.1.0.0
2023-05-03 20:18:04,635 [WARN] PackLoader:240 - Cannot read IP mode file for portGmbH.I-Cube-SoM-uGOAL.1.1.0
2023-05-03 20:18:04,643 [WARN] PackLoader:240 - Cannot read IP mode file for STMicroelectronics.X-CUBE-ALS.1.0.1
2023-05-03 20:18:04,678 [WARN] PackLoader:240 - Cannot read IP mode file for STMicroelectronics.X-CUBE-MEMS1.9.5.0
2023-05-03 20:18:04,758 [WARN] PackLoader:240 - Cannot read IP mode file for STMicroelectronics.X-CUBE-AZRTOS-WB.1.1.0
2023-05-03 20:18:04,784 [WARN] PackLoader:240 - Cannot read IP mode file for SEGGER.I-CUBE-embOS.1.3.1
2023-05-03 20:18:04,814 [WARN] PackLoader:240 - Cannot read IP mode file for STMicroelectronics.FP-ATR-ASTRA1.2.0.0
2023-05-03 20:18:04,814 [INFO] ThirdParty:978 - Integrity check success = true
2023-05-03 20:18:04,815 [INFO] IntegrityCheckThread:100 - exiting critical section [integrity check]
2023-05-03 20:18:04,815 [INFO] IntegrityCheckThread:103 - End integrity checks thread
2023-05-03 20:18:04,815 [INFO] ThirdParty:873 - entering critical section [close project]
2023-05-03 20:18:04,816 [INFO] ThirdParty:883 - exiting critical section [close project]
2023-05-03 20:18:04,820 [INFO] PinOutPanel:1499 - setPackage(No Configuration,No Configuration)
2023-05-03 20:18:04,824 [INFO] UtilMem:75 - Begin LoadConfig() Used Memory: 469796936 Bytes (634388480)
2023-05-03 20:18:04,825 [INFO] MicroXplorer:468 - Change Database Path : 
2023-05-03 20:18:04,825 [INFO] MicroXplorer:498 - Change Database Version : DB.6.0.80
2023-05-03 20:18:04,826 [INFO] OpenFileManager:308 - Change cursor
2023-05-03 20:18:04,866 [INFO] Mcu:1937 - Initializing MCU STM32L4A6ZGTx STM32L4A6ZGTx STM32L4A6ZGT6
2023-05-03 20:18:07,124 [INFO] Context:659 - Trying to add GPIOservice into a context  which must be forbidden
2023-05-03 20:18:07,830 [INFO] RtosManager:555 - Registered RTOS mode: class=CMSIS, group=RTOS, mode=CMSIS_V1, owner=FREERTOS
2023-05-03 20:18:07,830 [INFO] RtosManager:555 - Registered RTOS mode: class=CMSIS, group=RTOS2, mode=CMSIS_V2, owner=FREERTOS
2023-05-03 20:18:07,830 [INFO] RtosManager:555 - Registered RTOS mode: class=RTOS, group=Core, mode=CMSIS_V1, owner=FREERTOS
2023-05-03 20:18:07,830 [INFO] RtosManager:555 - Registered RTOS mode: class=RTOS, group=Core, mode=CMSIS_V2, owner=FREERTOS
2023-05-03 20:18:07,830 [WARN] ModelIntegratedComponent:184 - Missing modes for component STMicroelectronics:FreeRTOS:0.0.1:STMicroelectronics:RTOS:FreeRTOS:Core:::10.2.0:
2023-05-03 20:18:07,840 [WARN] ModelIntegratedComponent:63 - No mode defined for component null
2023-05-03 20:18:07,840 [WARN] ModelIntegratedComponent:63 - No mode defined for component null
2023-05-03 20:18:07,840 [WARN] ModelIntegratedComponent:63 - No mode defined for component null
2023-05-03 20:18:07,840 [WARN] ModelIntegratedComponent:63 - No mode defined for component null
2023-05-03 20:18:07,841 [WARN] ModelIntegratedComponent:63 - No mode defined for component null
2023-05-03 20:18:07,841 [WARN] ModelIntegratedComponent:63 - No mode defined for component null
2023-05-03 20:18:07,841 [WARN] ModelIntegratedComponent:63 - No mode defined for component null
2023-05-03 20:18:07,841 [WARN] ModelIntegratedComponent:63 - No mode defined for component null
2023-05-03 20:18:07,841 [WARN] ModelIntegratedComponent:63 - No mode defined for component null
2023-05-03 20:18:07,841 [WARN] ModelIntegratedComponent:63 - No mode defined for component null
2023-05-03 20:18:07,841 [WARN] ModelIntegratedComponent:63 - No mode defined for component null
2023-05-03 20:18:07,841 [WARN] ModelIntegratedComponent:63 - No mode defined for component null
2023-05-03 20:18:07,842 [WARN] ModelIntegratedComponent:63 - No mode defined for component null
2023-05-03 20:18:07,842 [WARN] ModelIntegratedComponent:63 - No mode defined for component null
2023-05-03 20:18:07,842 [WARN] ModelIntegratedComponent:63 - No mode defined for component null
2023-05-03 20:18:07,842 [WARN] ModelIntegratedComponent:63 - No mode defined for component null
2023-05-03 20:18:07,842 [WARN] ModelIntegratedComponent:63 - No mode defined for component null
2023-05-03 20:18:07,842 [WARN] ModelIntegratedComponent:63 - No mode defined for component null
2023-05-03 20:18:07,842 [WARN] ModelIntegratedComponent:63 - No mode defined for component null
2023-05-03 20:18:07,843 [WARN] ModelIntegratedComponent:63 - No mode defined for component null
2023-05-03 20:18:07,843 [WARN] ModelIntegratedComponent:63 - No mode defined for component null
2023-05-03 20:18:07,843 [WARN] ModelIntegratedComponent:63 - No mode defined for component null
2023-05-03 20:18:07,843 [WARN] ModelIntegratedComponent:63 - No mode defined for component null
2023-05-03 20:18:07,843 [WARN] ModelIntegratedComponent:63 - No mode defined for component null
2023-05-03 20:18:07,843 [WARN] ModelIntegratedComponent:63 - No mode defined for component null
2023-05-03 20:18:07,843 [WARN] ModelIntegratedComponent:63 - No mode defined for component null
2023-05-03 20:18:07,843 [WARN] ModelIntegratedComponent:63 - No mode defined for component null
2023-05-03 20:18:07,843 [WARN] ModelIntegratedComponent:63 - No mode defined for component null
2023-05-03 20:18:07,844 [WARN] ModelIntegratedComponent:63 - No mode defined for component null
2023-05-03 20:18:07,844 [WARN] ModelIntegratedComponent:63 - No mode defined for component null
2023-05-03 20:18:07,844 [WARN] ModelIntegratedComponent:63 - No mode defined for component null
2023-05-03 20:18:07,844 [WARN] ModelIntegratedComponent:63 - No mode defined for component null
2023-05-03 20:18:07,844 [WARN] ModelIntegratedComponent:63 - No mode defined for component null
2023-05-03 20:18:07,902 [INFO] ThirdPartyModel:298 - Start build external matchings
2023-05-03 20:18:08,232 [INFO] ThirdPartyModel:316 - End build external matchings
2023-05-03 20:18:08,686 [INFO] UtilMem:75 - End LoadConfig() Used Memory: 478257392 Bytes (634388480)
2023-05-03 20:18:08,769 [INFO] ApiDb:581 - Connected to CubeFinder SQLite database (C:\Users\Wilso\.stmcufinder\plugins\mcufinder\mcu\cube-finder-db.db)
2023-05-03 20:18:08,833 [INFO] ApiDb:668 - CubeFinder database Data Model version=2.1
2023-05-03 20:18:08,833 [INFO] ApiDb:669 - CubeFinder database Configuration version=3.0.35
2023-05-03 20:18:08,833 [INFO] ApiDb:670 - CubeFinder database generation date=2023-04-03 (1680511692)
2023-05-03 20:18:08,833 [INFO] ApiDb:671 - CubeFinder database FW Pack versions=[FP-ATR-ASTRA1_V2.0.0, STM32Cube_FW_C0_V1.0.1, STM32Cube_FW_F0_V1.11.4, STM32Cube_FW_F3_V1.11.4, STM32Cube_FW_F4_V1.27.1, STM32Cube_FW_F7_V1.17.0, STM32Cube_FW_G0_V1.6.1, STM32Cube_FW_G4_V1.5.1, STM32Cube_FW_H5_V0.5.1, STM32Cube_FW_H5_V1.0.0, STM32Cube_FW_H7_V1.11.0, STM32Cube_FW_L0_V1.12.2, STM32Cube_FW_L5_V1.5.0, STM32Cube_FW_U5_V1.2.0, STM32Cube_FW_WBA_V1.0.0, STM32Cube_FW_WBA_V1.0.0RC1, STM32Cube_FW_WBA_V1.0.0RC3, STM32Cube_FW_WB_V1.15.0RC1, STM32Cube_FW_WB_V1.16.0, STM32Cube_FW_WB_V1.16.0RC2, STM32Cube_FW_WL_V1.3.0, X-CUBE-ALGOBUILD_V1.3.0, X-CUBE-ALS_V1.0.1, X-CUBE-AZRTOS-F4_V1.1.0, X-CUBE-AZRTOS-F7_V1.1.0, X-CUBE-AZRTOS-G0_V1.1.0, X-CUBE-AZRTOS-G4_V1.0.0, X-CUBE-AZRTOS-H7_V3.0.0, X-CUBE-AZRTOS-L4_V1.0.0, X-CUBE-AZRTOS-L5_V1.1.0, X-CUBE-AZRTOS-WB_V1.1.0, X-CUBE-AZRTOS-WL_V1.0.0, X-CUBE-BLE1_V6.2.4, X-CUBE-BLE2_V3.3.0, X-CUBE-BLEMGR_V1.3.0, X-CUBE-EEPRMA1_V4.1.0, X-CUBE-FREERTOS_V1.0.1, X-CUBE-GNSS1_V6.0.0, X-CUBE-MEMS1_V9.1.0, X-CUBE-MEMS1_V9.4.0, X-CUBE-MEMS1_V9.5.0, X-CUBE-NFC4_V3.0.0, X-CUBE-NFC7_V1.0.0, X-CUBE-SFXS2LP1_V4.0.0, X-CUBE-SUBG2_V5.0.0]
2023-05-03 20:18:10,982 [INFO] ApiDb:240 - Found 297 in-development CPN: [B-G473E-ZEST1S, B-WB1M-WPAN1, B-WL5M-SUBG1, NUCLEO-C031C6, NUCLEO-H503RB, NUCLEO-H563ZI, NUCLEO-U545RE-Q, NUCLEO-U5A5ZJ-Q, NUCLEO-WBA52CG, STEVAL-PROTEUS1, STEVAL-STWINBX1, STM320518-EVAL, STM32C0116-DK, STM32C011D6Y3TR, STM32C011D6Y6TR, STM32C011F4P3, STM32C011F4P6, STM32C011F4U3, STM32C011F4U6TR, STM32C011F6P3, STM32C011F6P6, STM32C011F6U3, STM32C011F6U6TR, STM32C011J4M3, STM32C011J4M6, STM32C011J6M3, STM32C011J6M6, STM32C0316-DK, STM32C031C4T3, STM32C031C4T6, STM32C031C4U3, STM32C031C4U6, STM32C031C6T3, STM32C031C6T6, STM32C031C6U3, STM32C031C6U6, STM32C031F4P3, STM32C031F4P6, STM32C031F6P3, STM32C031F6P6, STM32C031G4U3, STM32C031G4U6, STM32C031G6U3, STM32C031G6U6, STM32C031K4T3, STM32C031K4T6, STM32C031K4U3, STM32C031K4U6, STM32C031K6T3, STM32C031K6T6, STM32C031K6U3, STM32C031K6U6, STM32G071K8TXN, STM32G071K8UXN, STM32G081GBU6N, STM32G081KBT6N, STM32G081KBUXN, STM32G0B1CCT6N, STM32G0B1KCT6, STM32G0B1NEY6TR, STM32G0B1RCT6N, STM32G0C1CCT6, STM32G0C1CCT6N, STM32G0C1CCU6N, STM32G0C1CET6N, STM32G0C1CEU6N, STM32G0C1KCT6, STM32G0C1NEY6TR, STM32G0C1RCI6N, STM32G0C1RCT6N, STM32G0C1REI6N, STM32G0C1RET6N, STM32G0C1VCI6, STM32G0C1VEI6, STM32G471CCT6, STM32G471CCU6, STM32G471CET3, STM32G471CET6, STM32G471CEU3, STM32G471CEU6, STM32G471MCT6, STM32G471MET3, STM32G471MET6, STM32G471MEY6TR, STM32G471QCT6, STM32G471QET3, STM32G471RCT6, STM32G471RET3, STM32G471RET6, STM32G471VCH6, STM32G471VCI6, STM32G471VCT6, STM32G471VEH3, STM32G471VEH6, STM32G471VEI3, STM32G471VEI6, STM32G471VET3, STM32G471VET6, STM32G474CCT6, STM32H503CBT6, STM32H503CBU6, STM32H503EBY6TR, STM32H503KBU6, STM32H503RBT6, STM32H562AGI6, STM32H562AII6, STM32H562IGK6, STM32H562IGT6, STM32H562IIK6, STM32H562IIT6, STM32H562RGT6, STM32H562RGV6, STM32H562RIT6, STM32H562RIV6, STM32H562VGT6, STM32H562VIT6, STM32H562ZGT6, STM32H562ZIT6, STM32H563AGI6, STM32H563AII3Q, STM32H563AII6, STM32H563IGK6, STM32H563IGT6, STM32H563IIK3Q, STM32H563IIK6, STM32H563IIT3Q, STM32H563IIT6, STM32H563MIY3QTR, STM32H563RGT6, STM32H563RGV6, STM32H563RIT6, STM32H563RIV6, STM32H563VGT6, STM32H563VIT3Q, STM32H563VIT6, STM32H563ZGT6, STM32H563ZIT3Q, STM32H563ZIT6, STM32H573AII3Q, STM32H573AII6, STM32H573I-DK, STM32H573IIK3Q, STM32H573IIK6, STM32H573IIT3Q, STM32H573IIT6, STM32H573MIY3QTR, STM32H573RIT6, STM32H573RIV6, STM32H573VIT3Q, STM32H573VIT6, STM32H573ZIT3Q, STM32H573ZIT6, STM32L4R5QGI6STR, STM32MP131AAE3, STM32MP131AAF3, STM32MP131AAG3, STM32MP131CAE3, STM32MP131CAF3, STM32MP131CAG3, STM32MP131DAE7, STM32MP131DAF7, STM32MP131DAG7, STM32MP131FAE7, STM32MP131FAF7, STM32MP131FAG7, STM32MP133AAE3, STM32MP133AAF3, STM32MP133AAG3, STM32MP133CAE3, STM32MP133CAF3, STM32MP133CAG3, STM32MP133DAE7, STM32MP133DAF7, STM32MP133DAG7, STM32MP133FAE7, STM32MP133FAF7, STM32MP133FAG7, STM32MP135AAE3, STM32MP135AAF3, STM32MP135AAG3, STM32MP135CAE3, STM32MP135CAF3, STM32MP135CAG3, STM32MP135DAE7, STM32MP135DAF7, STM32MP135DAG7, STM32MP135F-DK, STM32MP135FAE7, STM32MP135FAF7, STM32MP135FAF7T, STM32MP135FAF7U, STM32MP135FAG7, STM32U535CBT6, STM32U535CBT6Q, STM32U535CBU6, STM32U535CBU6Q, STM32U535CCT6, STM32U535CCT6Q, STM32U535CCU6, STM32U535CCU6Q, STM32U535CET6, STM32U535CET6Q, STM32U535CEU6, STM32U535CEU6Q, STM32U535JEY6QTR, STM32U535NCY6QTR, STM32U535NEY6QTR, STM32U535RBI6, STM32U535RBI6Q, STM32U535RBT6, STM32U535RBT6Q, STM32U535RCI6, STM32U535RCI6Q, STM32U535RCT6, STM32U535RCT6Q, STM32U535REI6, STM32U535REI6Q, STM32U535RET6, STM32U535RET6Q, STM32U535VCI6, STM32U535VCI6Q, STM32U535VCT6, STM32U535VCT6Q, STM32U535VEI6, STM32U535VEI6Q, STM32U535VET6, STM32U535VET6Q, STM32U545CET6, STM32U545CET6Q, STM32U545CEU6, STM32U545CEU6Q, STM32U545JEY6QTR, STM32U545NEY6QTR, STM32U545REI6, STM32U545REI6Q, STM32U545RET6, STM32U545RET6Q, STM32U545VEI6, STM32U545VEI6Q, STM32U545VET6, STM32U545VET6Q, STM32U595AIH6, STM32U595AIH6Q, STM32U595AJH6, STM32U595AJH6Q, STM32U595QII6, STM32U595QII6Q, STM32U595QJI6, STM32U595QJI6Q, STM32U595RIT6, STM32U595RIT6Q, STM32U595RJT6, STM32U595RJT6Q, STM32U595VIT6, STM32U595VIT6Q, STM32U595VJT6, STM32U595VJT6Q, STM32U595ZIT6, STM32U595ZIT6Q, STM32U595ZIY6QTR, STM32U595ZJT6, STM32U595ZJT6Q, STM32U595ZJY6QTR, STM32U599BJY6QTR, STM32U599NIH6Q, STM32U599NJH6Q, STM32U599VIT6Q, STM32U599VJT6, STM32U599VJT6Q, STM32U599ZIT6Q, STM32U599ZIY6QTR, STM32U599ZJT6Q, STM32U599ZJY6QTR, STM32U5A5AJH6, STM32U5A5AJH6Q, STM32U5A5QJI6, STM32U5A5QJI6Q, STM32U5A5RJT6, STM32U5A5RJT6Q, STM32U5A5VJT6, STM32U5A5VJT6Q, STM32U5A5ZJT6, STM32U5A5ZJT6Q, STM32U5A5ZJY6QTR, STM32U5A9BJY6QTR, STM32U5A9J-DK, STM32U5A9NJH6Q, STM32U5A9VJT6Q, STM32U5A9ZJT6Q, STM32U5A9ZJY6QTR, STM32WB1MMCH6, STM32WBA52CEU6, STM32WBA52CEU6T, STM32WBA52CGU6, STM32WBA52CGU6T, STM32WL5MOCH6, STM32WL5MOCH6TR]
2023-05-03 20:18:10,984 [INFO] DbMcus:216 - Found 3775 MCUs, 3775 are supported
2023-05-03 20:18:10,986 [INFO] ApiDb:423 - Load user favorites file C:\Users\Wilso/.stm32cubeide/favorites.mcus.txt: 0 item(s)
2023-05-03 20:18:10,986 [INFO] ApiDb:427 - User favorites MCUs=[]
2023-05-03 20:18:10,986 [INFO] DbMcus:222 - Set 0 / 0 favorites MCUs
2023-05-03 20:18:11,258 [WARN] ThirdParty:833 - waiting for thirdparty lock release [change project]
2023-05-03 20:18:11,258 [INFO] ThirdParty:835 - entering critical section [change project]
2023-05-03 20:18:11,258 [INFO] ThirdParty:1030 - CMSIS Pack Vendor :STMicroelectronics X-CUBE-ISPU 1.1.0
2023-05-03 20:18:11,258 [INFO] ThirdParty:1030 - CMSIS Pack Vendor :RoweBots I-CUBE-UNISONRTOS 5.5.0-4
2023-05-03 20:18:11,258 [INFO] ThirdParty:1030 - CMSIS Pack Vendor :STMicroelectronics X-CUBE-GNSS1 6.0.0
2023-05-03 20:18:11,258 [INFO] ThirdParty:1030 - CMSIS Pack Vendor :STMicroelectronics USB_HOST 2.0.0
2023-05-03 20:18:11,258 [INFO] ThirdParty:1030 - CMSIS Pack Vendor :STMicroelectronics X-CUBE-AZRTOS-F4 1.1.0
2023-05-03 20:18:11,258 [INFO] ThirdParty:1030 - CMSIS Pack Vendor :STMicroelectronics LIBJPEG 8.0.0
2023-05-03 20:18:11,258 [INFO] ThirdParty:1030 - CMSIS Pack Vendor :STMicroelectronics X-CUBE-SMBUS 2.1.0
2023-05-03 20:18:11,258 [INFO] ThirdParty:1030 - CMSIS Pack Vendor :wolfSSL I-CUBE-wolfSSL 5.6.0
2023-05-03 20:18:11,258 [INFO] ThirdParty:1030 - CMSIS Pack Vendor :STMicroelectronics USB_DEVICE 3.0.0
2023-05-03 20:18:11,258 [INFO] ThirdParty:1030 - CMSIS Pack Vendor :STMicroelectronics X-CUBE-AI 8.0.0
2023-05-03 20:18:11,259 [INFO] ThirdParty:1030 - CMSIS Pack Vendor :STMicroelectronics X-CUBE-FREERTOS 1.0.0
2023-05-03 20:18:11,259 [INFO] ThirdParty:1030 - CMSIS Pack Vendor :STMicroelectronics X-CUBE-FREERTOS 1.0.1
2023-05-03 20:18:11,259 [INFO] ThirdParty:1030 - CMSIS Pack Vendor :STMicroelectronics X-CUBE-TOUCHGFX 4.21.3
2023-05-03 20:18:11,259 [INFO] ThirdParty:1030 - CMSIS Pack Vendor :STMicroelectronics X-CUBE-AZRTOS-F7 1.1.0
2023-05-03 20:18:11,259 [INFO] ThirdParty:1030 - CMSIS Pack Vendor :STMicroelectronics USB_DEVICE 2.0.0
2023-05-03 20:18:11,259 [INFO] ThirdParty:1030 - CMSIS Pack Vendor :STMicroelectronics X-CUBE-MEMS1 9.6.0
2023-05-03 20:18:11,259 [INFO] ThirdParty:1030 - CMSIS Pack Vendor :STMicroelectronics X-CUBE-ALGOBUILD 1.3.0
2023-05-03 20:18:11,259 [INFO] ThirdParty:1030 - CMSIS Pack Vendor :STMicroelectronics X-CUBE-BLE1 6.2.4
2023-05-03 20:18:11,259 [INFO] ThirdParty:1030 - CMSIS Pack Vendor :STMicroelectronics X-CUBE-AZRTOS-L5 1.1.0
2023-05-03 20:18:11,259 [INFO] ThirdParty:1030 - CMSIS Pack Vendor :STMicroelectronics FreeRTOS 0.0.1
2023-05-03 20:18:11,259 [INFO] ThirdParty:1030 - CMSIS Pack Vendor :emotas I-CUBE-CANOPEN 1.1.3
2023-05-03 20:18:11,259 [INFO] ThirdParty:1030 - CMSIS Pack Vendor :STMicroelectronics X-CUBE-AZRTOS-G0 1.1.0
2023-05-03 20:18:11,259 [INFO] ThirdParty:1030 - CMSIS Pack Vendor :STMicroelectronics X-CUBE-BLEMGR 2.0.0
2023-05-03 20:18:11,259 [INFO] ThirdParty:1030 - CMSIS Pack Vendor :STMicroelectronics X-CUBE-SUBG2 5.0.0
2023-05-03 20:18:11,259 [INFO] ThirdParty:1030 - CMSIS Pack Vendor :STMicroelectronics X-CUBE-NFC4 3.0.0
2023-05-03 20:18:11,259 [INFO] ThirdParty:1030 - CMSIS Pack Vendor :STMicroelectronics STM32_WPAN 1.0.0
2023-05-03 20:18:11,259 [INFO] ThirdParty:1030 - CMSIS Pack Vendor :STMicroelectronics lwIP 2.0.3
2023-05-03 20:18:11,259 [INFO] ThirdParty:1030 - CMSIS Pack Vendor :STMicroelectronics USB_HOST 1.0.0
2023-05-03 20:18:11,259 [INFO] ThirdParty:1030 - CMSIS Pack Vendor :STMicroelectronics X-CUBE-AZRTOS-G4 2.0.0
2023-05-03 20:18:11,259 [INFO] ThirdParty:1030 - CMSIS Pack Vendor :STMicroelectronics PDM2PCM 3.1.0
2023-05-03 20:18:11,259 [INFO] ThirdParty:1030 - CMSIS Pack Vendor :STMicroelectronics X-CUBE-AZRTOS-H7 3.1.0
2023-05-03 20:18:11,259 [INFO] ThirdParty:1030 - CMSIS Pack Vendor :STMicroelectronics X-CUBE-TOF1 3.3.0
2023-05-03 20:18:11,259 [INFO] ThirdParty:1030 - CMSIS Pack Vendor :STMicroelectronics FP-ATR-ASTRA1 1.1.1
2023-05-03 20:18:11,259 [INFO] ThirdParty:1030 - CMSIS Pack Vendor :STMicroelectronics PDM2PCM 3.3.0
2023-05-03 20:18:11,259 [INFO] ThirdParty:1030 - CMSIS Pack Vendor :STMicroelectronics X-CUBE-DISPLAY 3.0.0
2023-05-03 20:18:11,260 [INFO] ThirdParty:1030 - CMSIS Pack Vendor :STMicroelectronics X-CUBE-AZRTOS-G4 1.0.0
2023-05-03 20:18:11,260 [INFO] ThirdParty:1030 - CMSIS Pack Vendor :STMicroelectronics FP-ATR-SIGFOX1 3.2.0
2023-05-03 20:18:11,260 [INFO] ThirdParty:1030 - CMSIS Pack Vendor :STMicroelectronics X-CUBE-AZRTOS-L4 1.0.0
2023-05-03 20:18:11,260 [INFO] ThirdParty:1030 - CMSIS Pack Vendor :STMicroelectronics HAL Drivers 0.0.0
2023-05-03 20:18:11,260 [INFO] ThirdParty:1030 - CMSIS Pack Vendor :STMicroelectronics MBEDTLS 2.16.2
2023-05-03 20:18:11,260 [INFO] ThirdParty:1030 - CMSIS Pack Vendor :STMicroelectronics MBEDTLS 2.14.1
2023-05-03 20:18:11,260 [INFO] ThirdParty:1030 - CMSIS Pack Vendor :STMicroelectronics X-CUBE-NFC7 1.0.0
2023-05-03 20:18:11,260 [INFO] ThirdParty:1030 - CMSIS Pack Vendor :STMicroelectronics X-CUBE-AZRTOS-WL 1.0.0
2023-05-03 20:18:11,260 [INFO] ThirdParty:1030 - CMSIS Pack Vendor :STMicroelectronics X-CUBE-EEPRMA1 4.1.0
2023-05-03 20:18:11,260 [INFO] ThirdParty:1030 - CMSIS Pack Vendor :portGmbH I-Cube-SoM-uGOAL 1.1.0
2023-05-03 20:18:11,260 [INFO] ThirdParty:1030 - CMSIS Pack Vendor :STMicroelectronics X-CUBE-ALS 1.0.1
2023-05-03 20:18:11,260 [INFO] ThirdParty:1030 - CMSIS Pack Vendor :STMicroelectronics X-CUBE-MEMS1 9.5.0
2023-05-03 20:18:11,260 [INFO] ThirdParty:1030 - CMSIS Pack Vendor :STMicroelectronics ThreadX 1.0.0
2023-05-03 20:18:11,260 [INFO] ThirdParty:1030 - CMSIS Pack Vendor :STMicroelectronics X-CUBE-AZRTOS-WB 1.1.0
2023-05-03 20:18:11,260 [INFO] ThirdParty:1030 - CMSIS Pack Vendor :SEGGER I-CUBE-embOS 1.3.1
2023-05-03 20:18:11,260 [INFO] ThirdParty:1030 - CMSIS Pack Vendor :STMicroelectronics USB_DEVICE 1.0.0
2023-05-03 20:18:11,260 [INFO] ThirdParty:1030 - CMSIS Pack Vendor :STMicroelectronics ThreadX 0.0.2
2023-05-03 20:18:11,260 [INFO] ThirdParty:1030 - CMSIS Pack Vendor :WES I-CUBE-Cesium 1.3.0
2023-05-03 20:18:11,260 [INFO] ThirdParty:1030 - CMSIS Pack Vendor :STMicroelectronics FP-ATR-ASTRA1 2.0.0
2023-05-03 20:18:11,260 [INFO] ThirdParty:1030 - CMSIS Pack Vendor :STMicroelectronics lwIP 2.1.2
2023-05-03 20:18:11,260 [INFO] ThirdParty:1030 - CMSIS Pack Vendor :STMicroelectronics X-CUBE-SFXS2LP1 4.0.0
2023-05-03 20:18:11,261 [INFO] ThirdParty:1030 - CMSIS Pack Vendor :STMicroelectronics X-CUBE-BLE2 3.3.0
2023-05-03 20:18:11,261 [INFO] ThirdParty:1030 - CMSIS Pack Vendor :STMicroelectronics PDM2PCM 3.2.0
2023-05-03 20:18:11,261 [INFO] ThirdParty:1030 - CMSIS Pack Vendor :STMicroelectronics X-CUBE-AZRTOS-H7 3.0.0
2023-05-03 20:18:11,261 [INFO] ThirdParty:841 - exiting critical section [change project]
2023-05-03 20:18:11,789 [INFO] PinOutPanel:1499 - setPackage(No Configuration,No Configuration)
2023-05-03 20:18:11,790 [INFO] PinOutPanel:1499 - setPackage(STM32L4A6ZGTx,LQFP144)
2023-05-03 20:18:12,438 [INFO] UtilMem:75 - Before build in PCC Used Memory: 514460656 Bytes (634388480)
2023-05-03 20:18:13,352 [INFO] UtilMem:75 - After build in PCC Used Memory: 500097688 Bytes (634388480)
2023-05-03 20:18:13,405 [INFO] IPUIPlugin:80 - create IPUIPlugin
2023-05-03 20:18:13,405 [INFO] IPUIPlugin:80 - create IPUIPlugin
2023-05-03 20:18:13,406 [INFO] IPUIPlugin:80 - create IPUIPlugin
2023-05-03 20:18:13,406 [INFO] IPUIPlugin:80 - create IPUIPlugin
2023-05-03 20:18:13,406 [INFO] IPUIPlugin:80 - create IPUIPlugin
2023-05-03 20:18:13,406 [INFO] IPUIPlugin:80 - create IPUIPlugin
2023-05-03 20:18:13,406 [INFO] IPUIPlugin:80 - create IPUIPlugin
2023-05-03 20:18:13,407 [INFO] IPUIPlugin:80 - create IPUIPlugin
2023-05-03 20:18:13,407 [INFO] IPUIPlugin:80 - create IPUIPlugin
2023-05-03 20:18:13,407 [INFO] IPUIPlugin:80 - create IPUIPlugin
2023-05-03 20:18:13,407 [INFO] IPUIPlugin:80 - create IPUIPlugin
2023-05-03 20:18:13,408 [INFO] IPUIPlugin:80 - create IPUIPlugin
2023-05-03 20:18:13,408 [INFO] IPUIPlugin:80 - create IPUIPlugin
2023-05-03 20:18:13,408 [INFO] IPUIPlugin:80 - create IPUIPlugin
2023-05-03 20:18:13,408 [INFO] IPUIPlugin:80 - create IPUIPlugin
2023-05-03 20:18:13,408 [INFO] IPUIPlugin:80 - create IPUIPlugin
2023-05-03 20:18:13,409 [INFO] IPUIPlugin:80 - create IPUIPlugin
2023-05-03 20:18:13,409 [INFO] IPUIPlugin:80 - create IPUIPlugin
2023-05-03 20:18:13,409 [INFO] IPUIPlugin:80 - create IPUIPlugin
2023-05-03 20:18:13,409 [INFO] IPUIPlugin:80 - create IPUIPlugin
2023-05-03 20:18:13,409 [INFO] IPUIPlugin:80 - create IPUIPlugin
2023-05-03 20:18:13,410 [INFO] IPUIPlugin:80 - create IPUIPlugin
2023-05-03 20:18:13,410 [INFO] IPUIPlugin:80 - create IPUIPlugin
2023-05-03 20:18:13,410 [INFO] IPUIPlugin:80 - create IPUIPlugin
2023-05-03 20:18:13,411 [INFO] IPUIPlugin:80 - create IPUIPlugin
2023-05-03 20:18:13,411 [INFO] IPUIPlugin:80 - create IPUIPlugin
2023-05-03 20:18:13,411 [INFO] IPUIPlugin:80 - create IPUIPlugin
2023-05-03 20:18:13,412 [INFO] IPUIPlugin:80 - create IPUIPlugin
2023-05-03 20:18:13,412 [INFO] IPUIPlugin:80 - create IPUIPlugin
2023-05-03 20:18:13,412 [INFO] IPUIPlugin:80 - create IPUIPlugin
2023-05-03 20:18:13,412 [INFO] IPUIPlugin:80 - create IPUIPlugin
2023-05-03 20:18:13,413 [INFO] IPUIPlugin:80 - create IPUIPlugin
2023-05-03 20:18:13,413 [INFO] IPUIPlugin:80 - create IPUIPlugin
2023-05-03 20:18:13,413 [INFO] IPUIPlugin:80 - create IPUIPlugin
2023-05-03 20:18:13,414 [INFO] IPUIPlugin:80 - create IPUIPlugin
2023-05-03 20:18:13,414 [INFO] IPUIPlugin:80 - create IPUIPlugin
2023-05-03 20:18:13,415 [INFO] IPUIPlugin:80 - create IPUIPlugin
2023-05-03 20:18:13,415 [INFO] IPUIPlugin:80 - create IPUIPlugin
2023-05-03 20:18:13,415 [INFO] IPUIPlugin:80 - create IPUIPlugin
2023-05-03 20:18:13,415 [INFO] IPUIPlugin:80 - create IPUIPlugin
2023-05-03 20:18:13,416 [INFO] IPUIPlugin:80 - create IPUIPlugin
2023-05-03 20:18:13,416 [INFO] IPUIPlugin:80 - create IPUIPlugin
2023-05-03 20:18:13,416 [INFO] IPUIPlugin:80 - create IPUIPlugin
2023-05-03 20:18:13,417 [INFO] IPUIPlugin:80 - create IPUIPlugin
2023-05-03 20:18:13,417 [INFO] IPUIPlugin:80 - create IPUIPlugin
2023-05-03 20:18:13,417 [INFO] IPUIPlugin:80 - create IPUIPlugin
2023-05-03 20:18:13,417 [INFO] IPUIPlugin:80 - create IPUIPlugin
2023-05-03 20:18:13,417 [INFO] IPUIPlugin:80 - create IPUIPlugin
2023-05-03 20:18:13,418 [INFO] IPUIPlugin:80 - create IPUIPlugin
2023-05-03 20:18:13,418 [INFO] IPUIPlugin:80 - create IPUIPlugin
2023-05-03 20:18:13,418 [INFO] IPUIPlugin:80 - create IPUIPlugin
2023-05-03 20:18:13,418 [INFO] IPUIPlugin:80 - create IPUIPlugin
2023-05-03 20:18:13,418 [INFO] IPUIPlugin:80 - create IPUIPlugin
2023-05-03 20:18:13,419 [INFO] IPUIPlugin:80 - create IPUIPlugin
2023-05-03 20:18:13,419 [INFO] IPUIPlugin:80 - create IPUIPlugin
2023-05-03 20:18:13,419 [INFO] IPUIPlugin:80 - create IPUIPlugin
2023-05-03 20:18:13,420 [INFO] IPUIPlugin:80 - create IPUIPlugin
2023-05-03 20:18:13,420 [INFO] IPUIPlugin:80 - create IPUIPlugin
2023-05-03 20:18:13,420 [INFO] IPUIPlugin:80 - create IPUIPlugin
2023-05-03 20:18:13,421 [INFO] IPUIPlugin:80 - create IPUIPlugin
2023-05-03 20:18:13,421 [INFO] IPUIPlugin:80 - create IPUIPlugin
2023-05-03 20:18:13,422 [INFO] IPUIPlugin:80 - create IPUIPlugin
2023-05-03 20:18:13,422 [INFO] IPUIPlugin:80 - create IPUIPlugin
2023-05-03 20:18:13,422 [INFO] IPUIPlugin:80 - create IPUIPlugin
2023-05-03 20:18:13,423 [INFO] IPUIPlugin:80 - create IPUIPlugin
2023-05-03 20:18:13,423 [INFO] IPUIPlugin:80 - create IPUIPlugin
2023-05-03 20:18:13,567 [INFO] CADModel:165 - CPN selected for project levelSTM32L4A6ZGT6
2023-05-03 20:18:13,567 [INFO] CADModel:114 - Register for checkConnection events
2023-05-03 20:18:13,631 [INFO] OpenFileManager:328 - Restore cursor
