2023-05-01 15:13:26,928 [INFO] Activator:176 - 


2023-05-01 15:13:26,931 [INFO] Activator:177 - !SESSION log4j initialized
2023-05-01 15:13:32,136 [INFO] LogOutputStream:77 - [STDOUT_REDIRECT] 
2023-05-01 15:13:54,010 [ERROR] LogOutputStream:75 - [STDERR_REDIRECT] SLF4J: Failed to load class "org.slf4j.impl.StaticLoggerBinder".
2023-05-01 15:13:54,011 [ERROR] LogOutputStream:75 - [STDERR_REDIRECT] SLF4J: Defaulting to no-operation (NOP) logger implementation
2023-05-01 15:13:54,012 [ERROR] LogOutputStream:75 - [STDERR_REDIRECT] SLF4J: See http://www.slf4j.org/codes.html#StaticLoggerBinder for further details.
2023-05-01 15:14:05,595 [INFO] ApplicationProperties:184 - Using Application install path: C:\Users\Wilso\Desktop\329\STM32CubeIDE_1.12.0\STM32CubeIDE\plugins\com.st.stm32cube.common.mx_6.8.0.202302231600
2023-05-01 15:14:05,623 [INFO] DbMcusXml:78 - Set database path to: C:\Users\Wilso\Desktop\329\STM32CubeIDE_1.12.0\STM32CubeIDE\plugins\com.st.stm32cube.common.mx_6.8.0.202302231600\\db\/mcu/
2023-05-01 15:14:05,623 [INFO] ApiDb:274 - Set plugin database path to: C:\Users\Wilso\Desktop\329\STM32CubeIDE_1.12.0\STM32CubeIDE\plugins\com.st.stm32cube.common.mx_6.8.0.202302231600\\db\/plugins/boardmanager/
2023-05-01 15:14:05,625 [WARN] ApiDb:259 - Overriding images path with different value:  => C:\Users\Wilso\Desktop\329\STM32CubeIDE_1.12.0\STM32CubeIDE\plugins\com.st.stm32cube.common.mx_6.8.0.202302231600\\db\/plugins/mcufinder/images/
2023-05-01 15:14:05,641 [INFO] ApiDb:250 - Set database path to: C:\Users\Wilso\.stmcufinder\plugins\mcufinder//mcu/
2023-05-01 15:14:05,642 [INFO] DbMcusAds:125 - Set database path to: C:\Users\Wilso\.stmcufinder\plugins\mcufinder//mcu/
2023-05-01 15:14:05,705 [INFO] CrossReferenceDbSqlite:203 - Set database path to: C:\Users\Wilso\.stmcufinder\plugins\mcufinder//mcu/cs/
2023-05-01 15:14:05,794 [INFO] RulesReader:64 - Compatibility file has been processed (293 Rules)
2023-05-01 15:14:05,872 [INFO] DbMcusXml:78 - Set database path to: C:\Users\Wilso\Desktop\329\STM32CubeIDE_1.12.0\STM32CubeIDE\plugins\com.st.stm32cube.common.mx_6.8.0.202302231600\\db\/mcu/
2023-05-01 15:14:05,872 [INFO] ApiDb:274 - Set plugin database path to: C:\Users\Wilso\Desktop\329\STM32CubeIDE_1.12.0\STM32CubeIDE\plugins\com.st.stm32cube.common.mx_6.8.0.202302231600\\db\/plugins/boardmanager/
2023-05-01 15:14:05,872 [INFO] ApiDb:261 - Set plugin images path to: C:\Users\Wilso\Desktop\329\STM32CubeIDE_1.12.0\STM32CubeIDE\plugins\com.st.stm32cube.common.mx_6.8.0.202302231600\\db\/plugins/mcufinder/images/
2023-05-01 15:14:05,872 [WARN] DbFile:41 - Overriding database path with different value: C:\Users\Wilso\.stmcufinder\plugins\mcufinder/ => C:\Users\Wilso\.stmcufinder\plugins\mcufinder
2023-05-01 15:14:05,872 [INFO] ApiDb:250 - Set database path to: C:\Users\Wilso\.stmcufinder\plugins\mcufinder//mcu/
2023-05-01 15:14:05,872 [WARN] DbFile:41 - Overriding database path with different value: C:\Users\Wilso\.stmcufinder\plugins\mcufinder/ => C:\Users\Wilso\.stmcufinder\plugins\mcufinder
2023-05-01 15:14:05,872 [INFO] DbMcusAds:125 - Set database path to: C:\Users\Wilso\.stmcufinder\plugins\mcufinder//mcu/
2023-05-01 15:14:05,872 [WARN] DbFile:41 - Overriding database path with different value: C:\Users\Wilso\.stmcufinder\plugins\mcufinder/ => C:\Users\Wilso\.stmcufinder\plugins\mcufinder
2023-05-01 15:14:05,872 [WARN] DbFile:41 - Overriding database path with different value: C:\Users\Wilso\.stmcufinder\plugins\mcufinder/ => C:\Users\Wilso\.stmcufinder\plugins\mcufinder
2023-05-01 15:14:05,873 [INFO] CrossReferenceDbSqlite:203 - Set database path to: C:\Users\Wilso\.stmcufinder\plugins\mcufinder//mcu/cs/
2023-05-01 15:14:05,930 [INFO] MainPanel:253 - HeapMemory: 287309824
2023-05-01 15:14:06,016 [INFO] DbMcusXml:78 - Set database path to: C:\Users\Wilso\Desktop\329\STM32CubeIDE_1.12.0\STM32CubeIDE\plugins\com.st.stm32cube.common.mx_6.8.0.202302231600\\db\/mcu/
2023-05-01 15:14:06,016 [INFO] ApiDb:274 - Set plugin database path to: C:\Users\Wilso\Desktop\329\STM32CubeIDE_1.12.0\STM32CubeIDE\plugins\com.st.stm32cube.common.mx_6.8.0.202302231600\\db\/plugins/boardmanager/
2023-05-01 15:14:06,016 [INFO] ApiDb:261 - Set plugin images path to: C:\Users\Wilso\Desktop\329\STM32CubeIDE_1.12.0\STM32CubeIDE\plugins\com.st.stm32cube.common.mx_6.8.0.202302231600\\db\/plugins/mcufinder/images/
2023-05-01 15:14:06,016 [WARN] DbFile:41 - Overriding database path with different value: C:\Users\Wilso\.stmcufinder\plugins\mcufinder/ => C:\Users\Wilso\.stmcufinder\plugins\mcufinder
2023-05-01 15:14:06,016 [INFO] ApiDb:250 - Set database path to: C:\Users\Wilso\.stmcufinder\plugins\mcufinder//mcu/
2023-05-01 15:14:06,016 [WARN] DbFile:41 - Overriding database path with different value: C:\Users\Wilso\.stmcufinder\plugins\mcufinder/ => C:\Users\Wilso\.stmcufinder\plugins\mcufinder
2023-05-01 15:14:06,016 [INFO] DbMcusAds:125 - Set database path to: C:\Users\Wilso\.stmcufinder\plugins\mcufinder//mcu/
2023-05-01 15:14:06,016 [WARN] DbFile:41 - Overriding database path with different value: C:\Users\Wilso\.stmcufinder\plugins\mcufinder/ => C:\Users\Wilso\.stmcufinder\plugins\mcufinder
2023-05-01 15:14:06,017 [WARN] DbFile:41 - Overriding database path with different value: C:\Users\Wilso\.stmcufinder\plugins\mcufinder/ => C:\Users\Wilso\.stmcufinder\plugins\mcufinder
2023-05-01 15:14:06,017 [INFO] CrossReferenceDbSqlite:203 - Set database path to: C:\Users\Wilso\.stmcufinder\plugins\mcufinder//mcu/cs/
2023-05-01 15:14:06,031 [INFO] ApplicationProperties:184 - Using Application install path: C:\Users\Wilso\Desktop\329\STM32CubeIDE_1.12.0\STM32CubeIDE\plugins\com.st.stm32cube.common.mx_6.8.0.202302231600
2023-05-01 15:14:06,032 [INFO] PluginManage:196 - Search for loadable plugins [exclusion list=, ]
2023-05-01 15:14:06,033 [INFO] PluginManage:310 - Check plugin analytics
2023-05-01 15:14:06,149 [INFO] AnalyticsPlugin:253 - Accepted Software Licenses: 
2023-05-01 15:14:06,149 [INFO] AnalyticsPlugin:255 - Accepted CMSIS Pack Licenses: 
2023-05-01 15:14:06,150 [INFO] AnalyticsPlugin:257 - Accepted Firmware Licenses: 
2023-05-01 15:14:06,156 [INFO] PluginManage:359 - Loaded plugin analytics (category:tool,tabindex:-1)
2023-05-01 15:14:06,156 [INFO] PluginManage:310 - Check plugin cadmodel
2023-05-01 15:14:06,168 [INFO] CADModel:105 - Init CAD model plugin
2023-05-01 15:14:06,168 [INFO] PluginManage:359 - Loaded plugin cadmodel (category:power,tabindex:5)
2023-05-01 15:14:06,168 [INFO] PluginManage:310 - Check plugin clock
2023-05-01 15:14:06,183 [INFO] PluginManage:359 - Loaded plugin clock (category:base,tabindex:2)
2023-05-01 15:14:06,183 [INFO] PluginManage:310 - Check plugin ddr
2023-05-01 15:14:06,185 [INFO] PluginManage:359 - Loaded plugin ddr (category:tool,tabindex:6)
2023-05-01 15:14:06,186 [INFO] PluginManage:310 - Check plugin filemanager
2023-05-01 15:14:06,284 [INFO] PluginManage:359 - Loaded plugin filemanager (category:base,tabindex:10)
2023-05-01 15:14:06,284 [INFO] PluginManage:310 - Check plugin ipmanager
2023-05-01 15:14:06,289 [INFO] PluginManage:359 - Loaded plugin ipmanager (category:base,tabindex:5)
2023-05-01 15:14:06,289 [INFO] PluginManage:310 - Check plugin lpbam
2023-05-01 15:14:06,303 [INFO] PluginManage:359 - Loaded plugin lpbam (category:base,tabindex:0)
2023-05-01 15:14:06,303 [INFO] PluginManage:310 - Check plugin pinoutandconfiguration
2023-05-01 15:14:06,315 [INFO] PluginManage:359 - Loaded plugin pinoutandconfiguration (category:base,tabindex:1)
2023-05-01 15:14:06,315 [INFO] PluginManage:310 - Check plugin pinoutconfig
2023-05-01 15:14:06,387 [WARN] SupportedApi:132 - Cannot load RTOS API schema: s4s-elt-must-match.1: The content of 'definitions' must match (annotation?, (simpleType | complexType)?, (unique | key | keyref)*)). A problem was found starting at: attribute.
2023-05-01 15:14:06,517 [INFO] PluginManage:359 - Loaded plugin pinoutconfig (category:base,tabindex:0)
2023-05-01 15:14:06,517 [INFO] PluginManage:310 - Check plugin power
2023-05-01 15:14:06,535 [INFO] PluginManage:359 - Loaded plugin power (category:power,tabindex:4)
2023-05-01 15:14:06,535 [INFO] PluginManage:310 - Check plugin projectmanager
2023-05-01 15:14:06,549 [INFO] PluginManage:359 - Loaded plugin projectmanager (category:projectmanager,tabindex:3)
2023-05-01 15:14:06,549 [INFO] PluginManage:310 - Check plugin thirdparty
2023-05-01 15:14:06,749 [INFO] PluginManage:359 - Loaded plugin thirdparty (category:base,tabindex:-1)
2023-05-01 15:14:06,749 [INFO] PluginManage:310 - Check plugin tools
2023-05-01 15:14:06,749 [WARN] IntegrityCheckThread:84 - waiting for thirdparty lock release [integrity check]
2023-05-01 15:14:06,749 [INFO] IntegrityCheckThread:86 - entering critical section [integrity check]
2023-05-01 15:14:06,751 [INFO] ThirdPartyUpdaterWithRetryManager:70 - Updater plugin not ready yet. [1/15]
2023-05-01 15:14:06,770 [INFO] PluginManage:359 - Loaded plugin tools (category:base,tabindex:7)
2023-05-01 15:14:06,770 [INFO] PluginManage:310 - Check plugin tutovideos
2023-05-01 15:14:06,999 [INFO] PluginManage:359 - Loaded plugin tutovideos (category:base,tabindex:-1)
2023-05-01 15:14:06,999 [INFO] PluginManage:310 - Check plugin updater
2023-05-01 15:14:07,014 [INFO] PluginManage:359 - Loaded plugin updater (category:base,tabindex:12)
2023-05-01 15:14:07,014 [INFO] PluginManage:283 - PluginManage : Loaded plugins [15]
2023-05-01 15:14:07,225 [INFO] PinOutPanel:1499 - setPackage(No Configuration,No Configuration)
2023-05-01 15:14:07,287 [INFO] CADModel:165 - CPN selected for project level
2023-05-01 15:14:07,287 [INFO] CADModel:114 - Register for checkConnection events
2023-05-01 15:14:07,309 [INFO] IPUIPlugin:80 - create IPUIPlugin
2023-05-01 15:14:07,309 [INFO] PluginManager:220 - loadIPPluginJar : add adc
2023-05-01 15:14:07,334 [INFO] IPUIPlugin:80 - create IPUIPlugin
2023-05-01 15:14:07,334 [INFO] PluginManager:220 - loadIPPluginJar : add aes
2023-05-01 15:14:07,366 [INFO] IPUIPlugin:80 - create IPUIPlugin
2023-05-01 15:14:07,366 [INFO] PluginManager:220 - loadIPPluginJar : add can
2023-05-01 15:14:07,381 [INFO] IPUIPlugin:80 - create IPUIPlugin
2023-05-01 15:14:07,381 [INFO] PluginManager:220 - loadIPPluginJar : add comp
2023-05-01 15:14:07,402 [INFO] IPUIPlugin:80 - create IPUIPlugin
2023-05-01 15:14:07,402 [INFO] PluginManager:220 - loadIPPluginJar : add cryp
2023-05-01 15:14:07,421 [INFO] IPUIPlugin:80 - create IPUIPlugin
2023-05-01 15:14:07,421 [INFO] PluginManager:220 - loadIPPluginJar : add dfsdm
2023-05-01 15:14:07,432 [INFO] IPUIPlugin:80 - create IPUIPlugin
2023-05-01 15:14:07,433 [INFO] PluginManager:220 - loadIPPluginJar : add dma
2023-05-01 15:14:07,460 [INFO] IPUIPlugin:80 - create IPUIPlugin
2023-05-01 15:14:07,460 [INFO] PluginManager:220 - loadIPPluginJar : add dma3
2023-05-01 15:14:07,473 [INFO] IPUIPlugin:80 - create IPUIPlugin
2023-05-01 15:14:07,473 [INFO] PluginManager:220 - loadIPPluginJar : add fatfs
2023-05-01 15:14:07,505 [INFO] IPUIPlugin:80 - create IPUIPlugin
2023-05-01 15:14:07,505 [INFO] PluginManager:220 - loadIPPluginJar : add fmc
2023-05-01 15:14:07,518 [INFO] IPUIPlugin:80 - create IPUIPlugin
2023-05-01 15:14:07,518 [INFO] PluginManager:220 - loadIPPluginJar : add freertos
2023-05-01 15:14:07,531 [INFO] IPUIPlugin:80 - create IPUIPlugin
2023-05-01 15:14:07,531 [INFO] PluginManager:220 - loadIPPluginJar : add genericplugin
2023-05-01 15:14:07,586 [INFO] IPUIPlugin:80 - create IPUIPlugin
2023-05-01 15:14:07,586 [INFO] PluginManager:220 - loadIPPluginJar : add gfxmmu
2023-05-01 15:14:07,670 [INFO] IPUIPlugin:80 - create IPUIPlugin
2023-05-01 15:14:07,670 [INFO] PluginManager:220 - loadIPPluginJar : add gic
2023-05-01 15:14:07,678 [INFO] IPUIPlugin:80 - create IPUIPlugin
2023-05-01 15:14:07,678 [INFO] PluginManager:220 - loadIPPluginJar : add gpio
2023-05-01 15:14:07,734 [INFO] IPUIPlugin:80 - create IPUIPlugin
2023-05-01 15:14:07,734 [INFO] PluginManager:220 - loadIPPluginJar : add gtzc
2023-05-01 15:14:07,754 [INFO] IPUIPlugin:80 - create IPUIPlugin
2023-05-01 15:14:07,754 [INFO] PluginManager:220 - loadIPPluginJar : add hash
2023-05-01 15:14:07,786 [INFO] IPUIPlugin:80 - create IPUIPlugin
2023-05-01 15:14:07,786 [INFO] PluginManager:220 - loadIPPluginJar : add i2c
2023-05-01 15:14:07,810 [INFO] IPUIPlugin:80 - create IPUIPlugin
2023-05-01 15:14:07,810 [INFO] PluginManager:220 - loadIPPluginJar : add i2s
2023-05-01 15:14:07,835 [INFO] IPUIPlugin:80 - create IPUIPlugin
2023-05-01 15:14:07,836 [INFO] PluginManager:220 - loadIPPluginJar : add i3c
2023-05-01 15:14:07,902 [INFO] IPUIPlugin:80 - create IPUIPlugin
2023-05-01 15:14:07,902 [INFO] PluginManager:220 - loadIPPluginJar : add ipddr
2023-05-01 15:14:07,958 [INFO] IPUIPlugin:80 - create IPUIPlugin
2023-05-01 15:14:07,959 [INFO] PluginManager:220 - loadIPPluginJar : add linkedlist
2023-05-01 15:14:07,980 [INFO] IPUIPlugin:80 - create IPUIPlugin
2023-05-01 15:14:07,981 [INFO] PluginManager:220 - loadIPPluginJar : add lorawan
2023-05-01 15:14:08,006 [INFO] IPUIPlugin:80 - create IPUIPlugin
2023-05-01 15:14:08,006 [INFO] PluginManager:220 - loadIPPluginJar : add ltdc
2023-05-01 15:14:08,022 [INFO] IPUIPlugin:80 - create IPUIPlugin
2023-05-01 15:14:08,022 [INFO] PluginManager:220 - loadIPPluginJar : add mdma
2023-05-01 15:14:08,031 [INFO] IPUIPlugin:80 - create IPUIPlugin
2023-05-01 15:14:08,031 [INFO] PluginManager:220 - loadIPPluginJar : add nvic
2023-05-01 15:14:08,056 [INFO] IPUIPlugin:80 - create IPUIPlugin
2023-05-01 15:14:08,056 [INFO] PluginManager:220 - loadIPPluginJar : add opamp
2023-05-01 15:14:08,094 [INFO] IPUIPlugin:80 - create IPUIPlugin
2023-05-01 15:14:08,095 [INFO] PluginManager:220 - loadIPPluginJar : add openamp
2023-05-01 15:14:08,125 [INFO] IPUIPlugin:80 - create IPUIPlugin
2023-05-01 15:14:08,125 [INFO] PluginManager:220 - loadIPPluginJar : add pdm2pcm
2023-05-01 15:14:08,136 [INFO] IPUIPlugin:80 - create IPUIPlugin
2023-05-01 15:14:08,138 [INFO] PluginManager:220 - loadIPPluginJar : add plateformsettings
2023-05-01 15:14:08,152 [INFO] IPUIPlugin:80 - create IPUIPlugin
2023-05-01 15:14:08,152 [INFO] PluginManager:220 - loadIPPluginJar : add quadspi
2023-05-01 15:14:08,161 [INFO] IPUIPlugin:80 - create IPUIPlugin
2023-05-01 15:14:08,161 [INFO] PluginManager:220 - loadIPPluginJar : add resmgrutility
2023-05-01 15:14:08,194 [INFO] IPUIPlugin:80 - create IPUIPlugin
2023-05-01 15:14:08,195 [INFO] PluginManager:220 - loadIPPluginJar : add sai
2023-05-01 15:14:08,218 [INFO] IPUIPlugin:80 - create IPUIPlugin
2023-05-01 15:14:08,218 [INFO] PluginManager:220 - loadIPPluginJar : add spi
2023-05-01 15:14:08,259 [INFO] IPUIPlugin:80 - create IPUIPlugin
2023-05-01 15:14:08,259 [INFO] PluginManager:220 - loadIPPluginJar : add stm32_wpan
2023-05-01 15:14:08,276 [INFO] IPUIPlugin:80 - create IPUIPlugin
2023-05-01 15:14:08,276 [INFO] PluginManager:220 - loadIPPluginJar : add tim
2023-05-01 15:14:08,315 [INFO] IPUIPlugin:80 - create IPUIPlugin
2023-05-01 15:14:08,315 [INFO] PluginManager:220 - loadIPPluginJar : add touchsensing
2023-05-01 15:14:08,331 [INFO] IPUIPlugin:80 - create IPUIPlugin
2023-05-01 15:14:08,332 [INFO] PluginManager:220 - loadIPPluginJar : add tracer_emb
2023-05-01 15:14:08,364 [INFO] IPUIPlugin:80 - create IPUIPlugin
2023-05-01 15:14:08,364 [INFO] PluginManager:220 - loadIPPluginJar : add ts
2023-05-01 15:14:08,378 [INFO] IPUIPlugin:80 - create IPUIPlugin
2023-05-01 15:14:08,378 [INFO] PluginManager:220 - loadIPPluginJar : add tsc
2023-05-01 15:14:08,394 [INFO] IPUIPlugin:80 - create IPUIPlugin
2023-05-01 15:14:08,394 [INFO] PluginManager:220 - loadIPPluginJar : add ucpd
2023-05-01 15:14:08,426 [INFO] IPUIPlugin:80 - create IPUIPlugin
2023-05-01 15:14:08,426 [INFO] PluginManager:220 - loadIPPluginJar : add usart
2023-05-01 15:14:08,461 [INFO] IPUIPlugin:80 - create IPUIPlugin
2023-05-01 15:14:08,461 [INFO] PluginManager:220 - loadIPPluginJar : add usbx
2023-05-01 15:14:08,574 [INFO] CADModel:165 - CPN selected for project level
2023-05-01 15:14:08,574 [INFO] CADModel:114 - Register for checkConnection events
2023-05-01 15:14:08,574 [FATAL] Updater:308 - Updater called before beeing initialized
2023-05-01 15:14:08,574 [ERROR] CADModel:125 - Updater not yet initialized, retry later 
2023-05-01 15:14:08,703 [INFO] CADModel:165 - CPN selected for project level
2023-05-01 15:14:08,703 [INFO] CADModel:114 - Register for checkConnection events
2023-05-01 15:14:08,703 [FATAL] Updater:308 - Updater called before beeing initialized
2023-05-01 15:14:08,703 [ERROR] CADModel:125 - Updater not yet initialized, retry later 
2023-05-01 15:14:08,707 [FATAL] Updater:308 - Updater called before beeing initialized
2023-05-01 15:14:08,824 [FATAL] Updater:308 - Updater called before beeing initialized
2023-05-01 15:14:08,834 [INFO] DbMcusAds:53 - JSON generation date=Tue Mar 07 00:50:55 PST 2023 (1678179055335)
2023-05-01 15:14:08,834 [FATAL] Updater:308 - Updater called before beeing initialized
2023-05-01 15:14:08,888 [WARN] DetailPanel:346 - Failed to get advertising image, set to default
2023-05-01 15:14:08,977 [FATAL] Updater:308 - Updater called before beeing initialized
2023-05-01 15:14:08,979 [FATAL] Updater:308 - Updater called before beeing initialized
2023-05-01 15:14:08,979 [FATAL] Updater:308 - Updater called before beeing initialized
2023-05-01 15:14:08,979 [WARN] DetailPanel:346 - Failed to get advertising image, set to default
2023-05-01 15:14:08,980 [FATAL] Updater:308 - Updater called before beeing initialized
2023-05-01 15:14:09,023 [ERROR] Updater:1120 - MainUpdater not yet initialized. External WinMGr cannot be set.
2023-05-01 15:14:09,030 [INFO] Updater:1056 - Updater Version found : 6.8.0
2023-05-01 15:14:09,044 [INFO] ApplicationProperties:184 - Using Application install path: C:\Users\Wilso\Desktop\329\STM32CubeIDE_1.12.0\STM32CubeIDE\plugins\com.st.stm32cube.common.mx_6.8.0.202302231600
2023-05-01 15:14:09,183 [INFO] MainUpdater:2854 - connection check result : 10
2023-05-01 15:14:09,183 [INFO] MainUpdater:3548 - Updater definition file requires update
2023-05-01 15:14:09,184 [INFO] MainUpdater:283 - Updater Check For Update Now.
2023-05-01 15:14:09,184 [INFO] MicroXplorer:498 - Change Database Version : DB.6.0.80
2023-05-01 15:14:09,213 [INFO] ServerAccessManage:473 - Download File updaters.zip
2023-05-01 15:14:09,296 [INFO] FileExtend:240 - Unzip File : updaters.zip
2023-05-01 15:14:09,296 [INFO] FileExtend:255 - Standard Zip Deflate
2023-05-01 15:14:09,588 [INFO] ServerAccessManage:473 - Download File PacksControlFlags.xml
2023-05-01 15:14:09,635 [INFO] ServerAccessManage:473 - Download File cubemx.pidx
2023-05-01 15:14:09,712 [INFO] LoadServerUpdatesThread:373 - End of LoadServerUpdate Thread
2023-05-01 15:14:09,765 [WARN] MainUpdater:1187 - Updater busy. Cannot search thirdparties
2023-05-01 15:14:09,765 [INFO] ThirdPartyUpdaterWithRetryManager:96 - Updater plugin is busy. [1/15]
2023-05-01 15:14:09,846 [INFO] CheckServerUpdateThread:120 - End of CheckServer Thread
2023-05-01 15:14:09,860 [INFO] MainUpdater:2854 - connection check result : 10
2023-05-01 15:14:09,873 [INFO] McuFinderGlobals:66 - Set McuFinderConnectedMode to true
2023-05-01 15:14:10,112 [INFO] ServerAccessManage:473 - Download File mcusAds.json._tmp_
2023-05-01 15:14:10,229 [INFO] LoadUrlFilesThread:156 - End of LoadUrlFiles Thread
2023-05-01 15:14:10,362 [INFO] ServerAccessManage:473 - Download File cube-finder-db.zip
2023-05-01 15:14:11,679 [INFO] FileExtend:240 - Unzip File : cube-finder-db.zip
2023-05-01 15:14:11,679 [INFO] FileExtend:255 - Standard Zip Deflate
2023-05-01 15:14:12,283 [INFO] LoadUrlFilesThread:156 - End of LoadUrlFiles Thread
2023-05-01 15:14:12,770 [WARN] MainUpdater:1187 - Updater busy. Cannot search thirdparties
2023-05-01 15:14:12,770 [INFO] ThirdPartyUpdaterWithRetryManager:96 - Updater plugin is busy. [2/15]
2023-05-01 15:14:13,524 [INFO] ServerAccessManage:473 - Download File crdb.zip
2023-05-01 15:14:15,783 [WARN] MainUpdater:1187 - Updater busy. Cannot search thirdparties
2023-05-01 15:14:15,783 [INFO] ThirdPartyUpdaterWithRetryManager:96 - Updater plugin is busy. [3/15]
2023-05-01 15:14:18,790 [WARN] MainUpdater:1187 - Updater busy. Cannot search thirdparties
2023-05-01 15:14:18,790 [INFO] ThirdPartyUpdaterWithRetryManager:96 - Updater plugin is busy. [4/15]
2023-05-01 15:14:19,378 [INFO] FileExtend:240 - Unzip File : crdb.zip
2023-05-01 15:14:19,378 [INFO] FileExtend:255 - Standard Zip Deflate
2023-05-01 15:14:19,517 [INFO] LoadUrlFilesThread:156 - End of LoadUrlFiles Thread
2023-05-01 15:14:20,833 [INFO] ServerAccessManage:473 - Download File tutoVideoDB.zip
2023-05-01 15:14:20,884 [INFO] FileExtend:240 - Unzip File : tutoVideoDB.zip
2023-05-01 15:14:20,884 [INFO] FileExtend:255 - Standard Zip Deflate
2023-05-01 15:14:21,004 [INFO] LoadUrlFilesThread:156 - End of LoadUrlFiles Thread
2023-05-01 15:14:21,007 [WARN] DbFile:41 - Overriding database path with different value: C:\Users\Wilso\.stmcufinder\plugins\mcufinder/ => C:\Users\Wilso\.stmcufinder\plugins\mcufinder
2023-05-01 15:14:21,691 [INFO] ServerAccessManage:473 - Download File api_config.json
2023-05-01 15:14:21,801 [WARN] MainUpdater:1187 - Updater busy. Cannot search thirdparties
2023-05-01 15:14:21,801 [INFO] ThirdPartyUpdaterWithRetryManager:96 - Updater plugin is busy. [5/15]
2023-05-01 15:14:21,807 [INFO] LoadUrlFilesThread:156 - End of LoadUrlFiles Thread
2023-05-01 15:14:21,808 [INFO] DbMcusAds:53 - JSON generation date=Tue Mar 07 00:50:55 PST 2023 (1678179055335)
2023-05-01 15:14:21,822 [INFO] LoadUrlFilesThread:185 - End of LoadServerUrlFiles without Thread
2023-05-01 15:14:21,822 [INFO] TargetSelectorAdapter:259 - Refresh data is successful
2023-05-01 15:14:21,923 [INFO] ApiDb:581 - Connected to CubeFinder SQLite database (C:\Users\Wilso\.stmcufinder\plugins\mcufinder\mcu\cube-finder-db.db)
2023-05-01 15:14:21,980 [INFO] ApiDb:668 - CubeFinder database Data Model version=2.1
2023-05-01 15:14:21,980 [INFO] ApiDb:669 - CubeFinder database Configuration version=3.0.35
2023-05-01 15:14:21,980 [INFO] ApiDb:670 - CubeFinder database generation date=2023-04-03 (1680511692)
2023-05-01 15:14:21,981 [INFO] ApiDb:671 - CubeFinder database FW Pack versions=[FP-ATR-ASTRA1_V2.0.0, STM32Cube_FW_C0_V1.0.1, STM32Cube_FW_F0_V1.11.4, STM32Cube_FW_F3_V1.11.4, STM32Cube_FW_F4_V1.27.1, STM32Cube_FW_F7_V1.17.0, STM32Cube_FW_G0_V1.6.1, STM32Cube_FW_G4_V1.5.1, STM32Cube_FW_H5_V0.5.1, STM32Cube_FW_H5_V1.0.0, STM32Cube_FW_H7_V1.11.0, STM32Cube_FW_L0_V1.12.2, STM32Cube_FW_L5_V1.5.0, STM32Cube_FW_U5_V1.2.0, STM32Cube_FW_WBA_V1.0.0, STM32Cube_FW_WBA_V1.0.0RC1, STM32Cube_FW_WBA_V1.0.0RC3, STM32Cube_FW_WB_V1.15.0RC1, STM32Cube_FW_WB_V1.16.0, STM32Cube_FW_WB_V1.16.0RC2, STM32Cube_FW_WL_V1.3.0, X-CUBE-ALGOBUILD_V1.3.0, X-CUBE-ALS_V1.0.1, X-CUBE-AZRTOS-F4_V1.1.0, X-CUBE-AZRTOS-F7_V1.1.0, X-CUBE-AZRTOS-G0_V1.1.0, X-CUBE-AZRTOS-G4_V1.0.0, X-CUBE-AZRTOS-H7_V3.0.0, X-CUBE-AZRTOS-L4_V1.0.0, X-CUBE-AZRTOS-L5_V1.1.0, X-CUBE-AZRTOS-WB_V1.1.0, X-CUBE-AZRTOS-WL_V1.0.0, X-CUBE-BLE1_V6.2.4, X-CUBE-BLE2_V3.3.0, X-CUBE-BLEMGR_V1.3.0, X-CUBE-EEPRMA1_V4.1.0, X-CUBE-FREERTOS_V1.0.1, X-CUBE-GNSS1_V6.0.0, X-CUBE-MEMS1_V9.1.0, X-CUBE-MEMS1_V9.4.0, X-CUBE-MEMS1_V9.5.0, X-CUBE-NFC4_V3.0.0, X-CUBE-NFC7_V1.0.0, X-CUBE-SFXS2LP1_V4.0.0, X-CUBE-SUBG2_V5.0.0]
2023-05-01 15:14:23,471 [INFO] ApiDb:240 - Found 297 in-development CPN: [B-G473E-ZEST1S, B-WB1M-WPAN1, B-WL5M-SUBG1, NUCLEO-C031C6, NUCLEO-H503RB, NUCLEO-H563ZI, NUCLEO-U545RE-Q, NUCLEO-U5A5ZJ-Q, NUCLEO-WBA52CG, STEVAL-PROTEUS1, STEVAL-STWINBX1, STM320518-EVAL, STM32C0116-DK, STM32C011D6Y3TR, STM32C011D6Y6TR, STM32C011F4P3, STM32C011F4P6, STM32C011F4U3, STM32C011F4U6TR, STM32C011F6P3, STM32C011F6P6, STM32C011F6U3, STM32C011F6U6TR, STM32C011J4M3, STM32C011J4M6, STM32C011J6M3, STM32C011J6M6, STM32C0316-DK, STM32C031C4T3, STM32C031C4T6, STM32C031C4U3, STM32C031C4U6, STM32C031C6T3, STM32C031C6T6, STM32C031C6U3, STM32C031C6U6, STM32C031F4P3, STM32C031F4P6, STM32C031F6P3, STM32C031F6P6, STM32C031G4U3, STM32C031G4U6, STM32C031G6U3, STM32C031G6U6, STM32C031K4T3, STM32C031K4T6, STM32C031K4U3, STM32C031K4U6, STM32C031K6T3, STM32C031K6T6, STM32C031K6U3, STM32C031K6U6, STM32G071K8TXN, STM32G071K8UXN, STM32G081GBU6N, STM32G081KBT6N, STM32G081KBUXN, STM32G0B1CCT6N, STM32G0B1KCT6, STM32G0B1NEY6TR, STM32G0B1RCT6N, STM32G0C1CCT6, STM32G0C1CCT6N, STM32G0C1CCU6N, STM32G0C1CET6N, STM32G0C1CEU6N, STM32G0C1KCT6, STM32G0C1NEY6TR, STM32G0C1RCI6N, STM32G0C1RCT6N, STM32G0C1REI6N, STM32G0C1RET6N, STM32G0C1VCI6, STM32G0C1VEI6, STM32G471CCT6, STM32G471CCU6, STM32G471CET3, STM32G471CET6, STM32G471CEU3, STM32G471CEU6, STM32G471MCT6, STM32G471MET3, STM32G471MET6, STM32G471MEY6TR, STM32G471QCT6, STM32G471QET3, STM32G471RCT6, STM32G471RET3, STM32G471RET6, STM32G471VCH6, STM32G471VCI6, STM32G471VCT6, STM32G471VEH3, STM32G471VEH6, STM32G471VEI3, STM32G471VEI6, STM32G471VET3, STM32G471VET6, STM32G474CCT6, STM32H503CBT6, STM32H503CBU6, STM32H503EBY6TR, STM32H503KBU6, STM32H503RBT6, STM32H562AGI6, STM32H562AII6, STM32H562IGK6, STM32H562IGT6, STM32H562IIK6, STM32H562IIT6, STM32H562RGT6, STM32H562RGV6, STM32H562RIT6, STM32H562RIV6, STM32H562VGT6, STM32H562VIT6, STM32H562ZGT6, STM32H562ZIT6, STM32H563AGI6, STM32H563AII3Q, STM32H563AII6, STM32H563IGK6, STM32H563IGT6, STM32H563IIK3Q, STM32H563IIK6, STM32H563IIT3Q, STM32H563IIT6, STM32H563MIY3QTR, STM32H563RGT6, STM32H563RGV6, STM32H563RIT6, STM32H563RIV6, STM32H563VGT6, STM32H563VIT3Q, STM32H563VIT6, STM32H563ZGT6, STM32H563ZIT3Q, STM32H563ZIT6, STM32H573AII3Q, STM32H573AII6, STM32H573I-DK, STM32H573IIK3Q, STM32H573IIK6, STM32H573IIT3Q, STM32H573IIT6, STM32H573MIY3QTR, STM32H573RIT6, STM32H573RIV6, STM32H573VIT3Q, STM32H573VIT6, STM32H573ZIT3Q, STM32H573ZIT6, STM32L4R5QGI6STR, STM32MP131AAE3, STM32MP131AAF3, STM32MP131AAG3, STM32MP131CAE3, STM32MP131CAF3, STM32MP131CAG3, STM32MP131DAE7, STM32MP131DAF7, STM32MP131DAG7, STM32MP131FAE7, STM32MP131FAF7, STM32MP131FAG7, STM32MP133AAE3, STM32MP133AAF3, STM32MP133AAG3, STM32MP133CAE3, STM32MP133CAF3, STM32MP133CAG3, STM32MP133DAE7, STM32MP133DAF7, STM32MP133DAG7, STM32MP133FAE7, STM32MP133FAF7, STM32MP133FAG7, STM32MP135AAE3, STM32MP135AAF3, STM32MP135AAG3, STM32MP135CAE3, STM32MP135CAF3, STM32MP135CAG3, STM32MP135DAE7, STM32MP135DAF7, STM32MP135DAG7, STM32MP135F-DK, STM32MP135FAE7, STM32MP135FAF7, STM32MP135FAF7T, STM32MP135FAF7U, STM32MP135FAG7, STM32U535CBT6, STM32U535CBT6Q, STM32U535CBU6, STM32U535CBU6Q, STM32U535CCT6, STM32U535CCT6Q, STM32U535CCU6, STM32U535CCU6Q, STM32U535CET6, STM32U535CET6Q, STM32U535CEU6, STM32U535CEU6Q, STM32U535JEY6QTR, STM32U535NCY6QTR, STM32U535NEY6QTR, STM32U535RBI6, STM32U535RBI6Q, STM32U535RBT6, STM32U535RBT6Q, STM32U535RCI6, STM32U535RCI6Q, STM32U535RCT6, STM32U535RCT6Q, STM32U535REI6, STM32U535REI6Q, STM32U535RET6, STM32U535RET6Q, STM32U535VCI6, STM32U535VCI6Q, STM32U535VCT6, STM32U535VCT6Q, STM32U535VEI6, STM32U535VEI6Q, STM32U535VET6, STM32U535VET6Q, STM32U545CET6, STM32U545CET6Q, STM32U545CEU6, STM32U545CEU6Q, STM32U545JEY6QTR, STM32U545NEY6QTR, STM32U545REI6, STM32U545REI6Q, STM32U545RET6, STM32U545RET6Q, STM32U545VEI6, STM32U545VEI6Q, STM32U545VET6, STM32U545VET6Q, STM32U595AIH6, STM32U595AIH6Q, STM32U595AJH6, STM32U595AJH6Q, STM32U595QII6, STM32U595QII6Q, STM32U595QJI6, STM32U595QJI6Q, STM32U595RIT6, STM32U595RIT6Q, STM32U595RJT6, STM32U595RJT6Q, STM32U595VIT6, STM32U595VIT6Q, STM32U595VJT6, STM32U595VJT6Q, STM32U595ZIT6, STM32U595ZIT6Q, STM32U595ZIY6QTR, STM32U595ZJT6, STM32U595ZJT6Q, STM32U595ZJY6QTR, STM32U599BJY6QTR, STM32U599NIH6Q, STM32U599NJH6Q, STM32U599VIT6Q, STM32U599VJT6, STM32U599VJT6Q, STM32U599ZIT6Q, STM32U599ZIY6QTR, STM32U599ZJT6Q, STM32U599ZJY6QTR, STM32U5A5AJH6, STM32U5A5AJH6Q, STM32U5A5QJI6, STM32U5A5QJI6Q, STM32U5A5RJT6, STM32U5A5RJT6Q, STM32U5A5VJT6, STM32U5A5VJT6Q, STM32U5A5ZJT6, STM32U5A5ZJT6Q, STM32U5A5ZJY6QTR, STM32U5A9BJY6QTR, STM32U5A9J-DK, STM32U5A9NJH6Q, STM32U5A9VJT6Q, STM32U5A9ZJT6Q, STM32U5A9ZJY6QTR, STM32WB1MMCH6, STM32WBA52CEU6, STM32WBA52CEU6T, STM32WBA52CGU6, STM32WBA52CGU6T, STM32WL5MOCH6, STM32WL5MOCH6TR]
2023-05-01 15:14:23,475 [INFO] DbMcus:216 - Found 3775 MCUs, 3775 are supported
2023-05-01 15:14:23,477 [INFO] ApiDb:423 - Load user favorites file C:\Users\Wilso/.stm32cubeide/favorites.mcus.txt: 0 item(s)
2023-05-01 15:14:23,477 [INFO] ApiDb:427 - User favorites MCUs=[]
2023-05-01 15:14:23,477 [INFO] DbMcus:222 - Set 0 / 0 favorites MCUs
2023-05-01 15:14:23,706 [INFO] ApiDb:668 - CubeFinder database Data Model version=2.1
2023-05-01 15:14:23,706 [INFO] ApiDb:669 - CubeFinder database Configuration version=3.0.35
2023-05-01 15:14:23,706 [INFO] ApiDb:670 - CubeFinder database generation date=2023-04-03 (1680511692)
2023-05-01 15:14:23,706 [INFO] ApiDb:671 - CubeFinder database FW Pack versions=[FP-ATR-ASTRA1_V2.0.0, STM32Cube_FW_C0_V1.0.1, STM32Cube_FW_F0_V1.11.4, STM32Cube_FW_F3_V1.11.4, STM32Cube_FW_F4_V1.27.1, STM32Cube_FW_F7_V1.17.0, STM32Cube_FW_G0_V1.6.1, STM32Cube_FW_G4_V1.5.1, STM32Cube_FW_H5_V0.5.1, STM32Cube_FW_H5_V1.0.0, STM32Cube_FW_H7_V1.11.0, STM32Cube_FW_L0_V1.12.2, STM32Cube_FW_L5_V1.5.0, STM32Cube_FW_U5_V1.2.0, STM32Cube_FW_WBA_V1.0.0, STM32Cube_FW_WBA_V1.0.0RC1, STM32Cube_FW_WBA_V1.0.0RC3, STM32Cube_FW_WB_V1.15.0RC1, STM32Cube_FW_WB_V1.16.0, STM32Cube_FW_WB_V1.16.0RC2, STM32Cube_FW_WL_V1.3.0, X-CUBE-ALGOBUILD_V1.3.0, X-CUBE-ALS_V1.0.1, X-CUBE-AZRTOS-F4_V1.1.0, X-CUBE-AZRTOS-F7_V1.1.0, X-CUBE-AZRTOS-G0_V1.1.0, X-CUBE-AZRTOS-G4_V1.0.0, X-CUBE-AZRTOS-H7_V3.0.0, X-CUBE-AZRTOS-L4_V1.0.0, X-CUBE-AZRTOS-L5_V1.1.0, X-CUBE-AZRTOS-WB_V1.1.0, X-CUBE-AZRTOS-WL_V1.0.0, X-CUBE-BLE1_V6.2.4, X-CUBE-BLE2_V3.3.0, X-CUBE-BLEMGR_V1.3.0, X-CUBE-EEPRMA1_V4.1.0, X-CUBE-FREERTOS_V1.0.1, X-CUBE-GNSS1_V6.0.0, X-CUBE-MEMS1_V9.1.0, X-CUBE-MEMS1_V9.4.0, X-CUBE-MEMS1_V9.5.0, X-CUBE-NFC4_V3.0.0, X-CUBE-NFC7_V1.0.0, X-CUBE-SFXS2LP1_V4.0.0, X-CUBE-SUBG2_V5.0.0]
2023-05-01 15:14:23,750 [INFO] DbBoardsSqlite:226 - include board P-NUCLEO-WB55-NUCLEO as a kit item of type 'Nucleo-64'
2023-05-01 15:14:23,750 [INFO] DbBoardsSqlite:226 - include board P-NUCLEO-WB55-USBDONGLE as a kit item of type 'Nucleo USB Dongle'
2023-05-01 15:14:23,751 [INFO] DbBoardsSqlite:226 - include board STEVAL-IDP005V1 as a kit item of type 'Evaluation Board'
2023-05-01 15:14:23,751 [INFO] DbBoardsSqlite:226 - include board STEVAL-IDP005V2 as a kit item of type 'Evaluation Board'
2023-05-01 15:14:23,795 [INFO] ApiDb:240 - Found 297 in-development CPN: [B-G473E-ZEST1S, B-WB1M-WPAN1, B-WL5M-SUBG1, NUCLEO-C031C6, NUCLEO-H503RB, NUCLEO-H563ZI, NUCLEO-U545RE-Q, NUCLEO-U5A5ZJ-Q, NUCLEO-WBA52CG, STEVAL-PROTEUS1, STEVAL-STWINBX1, STM320518-EVAL, STM32C0116-DK, STM32C011D6Y3TR, STM32C011D6Y6TR, STM32C011F4P3, STM32C011F4P6, STM32C011F4U3, STM32C011F4U6TR, STM32C011F6P3, STM32C011F6P6, STM32C011F6U3, STM32C011F6U6TR, STM32C011J4M3, STM32C011J4M6, STM32C011J6M3, STM32C011J6M6, STM32C0316-DK, STM32C031C4T3, STM32C031C4T6, STM32C031C4U3, STM32C031C4U6, STM32C031C6T3, STM32C031C6T6, STM32C031C6U3, STM32C031C6U6, STM32C031F4P3, STM32C031F4P6, STM32C031F6P3, STM32C031F6P6, STM32C031G4U3, STM32C031G4U6, STM32C031G6U3, STM32C031G6U6, STM32C031K4T3, STM32C031K4T6, STM32C031K4U3, STM32C031K4U6, STM32C031K6T3, STM32C031K6T6, STM32C031K6U3, STM32C031K6U6, STM32G071K8TXN, STM32G071K8UXN, STM32G081GBU6N, STM32G081KBT6N, STM32G081KBUXN, STM32G0B1CCT6N, STM32G0B1KCT6, STM32G0B1NEY6TR, STM32G0B1RCT6N, STM32G0C1CCT6, STM32G0C1CCT6N, STM32G0C1CCU6N, STM32G0C1CET6N, STM32G0C1CEU6N, STM32G0C1KCT6, STM32G0C1NEY6TR, STM32G0C1RCI6N, STM32G0C1RCT6N, STM32G0C1REI6N, STM32G0C1RET6N, STM32G0C1VCI6, STM32G0C1VEI6, STM32G471CCT6, STM32G471CCU6, STM32G471CET3, STM32G471CET6, STM32G471CEU3, STM32G471CEU6, STM32G471MCT6, STM32G471MET3, STM32G471MET6, STM32G471MEY6TR, STM32G471QCT6, STM32G471QET3, STM32G471RCT6, STM32G471RET3, STM32G471RET6, STM32G471VCH6, STM32G471VCI6, STM32G471VCT6, STM32G471VEH3, STM32G471VEH6, STM32G471VEI3, STM32G471VEI6, STM32G471VET3, STM32G471VET6, STM32G474CCT6, STM32H503CBT6, STM32H503CBU6, STM32H503EBY6TR, STM32H503KBU6, STM32H503RBT6, STM32H562AGI6, STM32H562AII6, STM32H562IGK6, STM32H562IGT6, STM32H562IIK6, STM32H562IIT6, STM32H562RGT6, STM32H562RGV6, STM32H562RIT6, STM32H562RIV6, STM32H562VGT6, STM32H562VIT6, STM32H562ZGT6, STM32H562ZIT6, STM32H563AGI6, STM32H563AII3Q, STM32H563AII6, STM32H563IGK6, STM32H563IGT6, STM32H563IIK3Q, STM32H563IIK6, STM32H563IIT3Q, STM32H563IIT6, STM32H563MIY3QTR, STM32H563RGT6, STM32H563RGV6, STM32H563RIT6, STM32H563RIV6, STM32H563VGT6, STM32H563VIT3Q, STM32H563VIT6, STM32H563ZGT6, STM32H563ZIT3Q, STM32H563ZIT6, STM32H573AII3Q, STM32H573AII6, STM32H573I-DK, STM32H573IIK3Q, STM32H573IIK6, STM32H573IIT3Q, STM32H573IIT6, STM32H573MIY3QTR, STM32H573RIT6, STM32H573RIV6, STM32H573VIT3Q, STM32H573VIT6, STM32H573ZIT3Q, STM32H573ZIT6, STM32L4R5QGI6STR, STM32MP131AAE3, STM32MP131AAF3, STM32MP131AAG3, STM32MP131CAE3, STM32MP131CAF3, STM32MP131CAG3, STM32MP131DAE7, STM32MP131DAF7, STM32MP131DAG7, STM32MP131FAE7, STM32MP131FAF7, STM32MP131FAG7, STM32MP133AAE3, STM32MP133AAF3, STM32MP133AAG3, STM32MP133CAE3, STM32MP133CAF3, STM32MP133CAG3, STM32MP133DAE7, STM32MP133DAF7, STM32MP133DAG7, STM32MP133FAE7, STM32MP133FAF7, STM32MP133FAG7, STM32MP135AAE3, STM32MP135AAF3, STM32MP135AAG3, STM32MP135CAE3, STM32MP135CAF3, STM32MP135CAG3, STM32MP135DAE7, STM32MP135DAF7, STM32MP135DAG7, STM32MP135F-DK, STM32MP135FAE7, STM32MP135FAF7, STM32MP135FAF7T, STM32MP135FAF7U, STM32MP135FAG7, STM32U535CBT6, STM32U535CBT6Q, STM32U535CBU6, STM32U535CBU6Q, STM32U535CCT6, STM32U535CCT6Q, STM32U535CCU6, STM32U535CCU6Q, STM32U535CET6, STM32U535CET6Q, STM32U535CEU6, STM32U535CEU6Q, STM32U535JEY6QTR, STM32U535NCY6QTR, STM32U535NEY6QTR, STM32U535RBI6, STM32U535RBI6Q, STM32U535RBT6, STM32U535RBT6Q, STM32U535RCI6, STM32U535RCI6Q, STM32U535RCT6, STM32U535RCT6Q, STM32U535REI6, STM32U535REI6Q, STM32U535RET6, STM32U535RET6Q, STM32U535VCI6, STM32U535VCI6Q, STM32U535VCT6, STM32U535VCT6Q, STM32U535VEI6, STM32U535VEI6Q, STM32U535VET6, STM32U535VET6Q, STM32U545CET6, STM32U545CET6Q, STM32U545CEU6, STM32U545CEU6Q, STM32U545JEY6QTR, STM32U545NEY6QTR, STM32U545REI6, STM32U545REI6Q, STM32U545RET6, STM32U545RET6Q, STM32U545VEI6, STM32U545VEI6Q, STM32U545VET6, STM32U545VET6Q, STM32U595AIH6, STM32U595AIH6Q, STM32U595AJH6, STM32U595AJH6Q, STM32U595QII6, STM32U595QII6Q, STM32U595QJI6, STM32U595QJI6Q, STM32U595RIT6, STM32U595RIT6Q, STM32U595RJT6, STM32U595RJT6Q, STM32U595VIT6, STM32U595VIT6Q, STM32U595VJT6, STM32U595VJT6Q, STM32U595ZIT6, STM32U595ZIT6Q, STM32U595ZIY6QTR, STM32U595ZJT6, STM32U595ZJT6Q, STM32U595ZJY6QTR, STM32U599BJY6QTR, STM32U599NIH6Q, STM32U599NJH6Q, STM32U599VIT6Q, STM32U599VJT6, STM32U599VJT6Q, STM32U599ZIT6Q, STM32U599ZIY6QTR, STM32U599ZJT6Q, STM32U599ZJY6QTR, STM32U5A5AJH6, STM32U5A5AJH6Q, STM32U5A5QJI6, STM32U5A5QJI6Q, STM32U5A5RJT6, STM32U5A5RJT6Q, STM32U5A5VJT6, STM32U5A5VJT6Q, STM32U5A5ZJT6, STM32U5A5ZJT6Q, STM32U5A5ZJY6QTR, STM32U5A9BJY6QTR, STM32U5A9J-DK, STM32U5A9NJH6Q, STM32U5A9VJT6Q, STM32U5A9ZJT6Q, STM32U5A9ZJY6QTR, STM32WB1MMCH6, STM32WBA52CEU6, STM32WBA52CEU6T, STM32WBA52CGU6, STM32WBA52CGU6T, STM32WL5MOCH6, STM32WL5MOCH6TR]
2023-05-01 15:14:23,891 [INFO] BoardInfo:880 - No configuration file found for board P-NUCLEO-WB55
2023-05-01 15:14:23,892 [INFO] DbBoards:157 - Kit is not supported: P-NUCLEO-WB55
2023-05-01 15:14:23,895 [INFO] BoardInfo:880 - No configuration file found for board STEVAL-BFA001V1B
2023-05-01 15:14:23,895 [INFO] DbBoards:157 - Kit is not supported: STEVAL-BFA001V1B
2023-05-01 15:14:23,896 [INFO] BoardInfo:880 - No configuration file found for board STEVAL-BFA001V2B
2023-05-01 15:14:23,896 [INFO] DbBoards:157 - Kit is not supported: STEVAL-BFA001V2B
2023-05-01 15:14:23,984 [INFO] DbBoards:161 - Found 187 boards, 184 are supported
2023-05-01 15:14:23,986 [INFO] ApiDb:414 - User favorites file not found: C:\Users\Wilso/.stm32cubeide/favorites.boards.txt
2023-05-01 15:14:23,987 [INFO] DbBoards:190 - Set 0 / 0 favorites Boards
2023-05-01 15:14:23,989 [INFO] ApiDb:668 - CubeFinder database Data Model version=2.1
2023-05-01 15:14:23,989 [INFO] ApiDb:669 - CubeFinder database Configuration version=3.0.35
2023-05-01 15:14:23,989 [INFO] ApiDb:670 - CubeFinder database generation date=2023-04-03 (1680511692)
2023-05-01 15:14:23,989 [INFO] ApiDb:671 - CubeFinder database FW Pack versions=[FP-ATR-ASTRA1_V2.0.0, STM32Cube_FW_C0_V1.0.1, STM32Cube_FW_F0_V1.11.4, STM32Cube_FW_F3_V1.11.4, STM32Cube_FW_F4_V1.27.1, STM32Cube_FW_F7_V1.17.0, STM32Cube_FW_G0_V1.6.1, STM32Cube_FW_G4_V1.5.1, STM32Cube_FW_H5_V0.5.1, STM32Cube_FW_H5_V1.0.0, STM32Cube_FW_H7_V1.11.0, STM32Cube_FW_L0_V1.12.2, STM32Cube_FW_L5_V1.5.0, STM32Cube_FW_U5_V1.2.0, STM32Cube_FW_WBA_V1.0.0, STM32Cube_FW_WBA_V1.0.0RC1, STM32Cube_FW_WBA_V1.0.0RC3, STM32Cube_FW_WB_V1.15.0RC1, STM32Cube_FW_WB_V1.16.0, STM32Cube_FW_WB_V1.16.0RC2, STM32Cube_FW_WL_V1.3.0, X-CUBE-ALGOBUILD_V1.3.0, X-CUBE-ALS_V1.0.1, X-CUBE-AZRTOS-F4_V1.1.0, X-CUBE-AZRTOS-F7_V1.1.0, X-CUBE-AZRTOS-G0_V1.1.0, X-CUBE-AZRTOS-G4_V1.0.0, X-CUBE-AZRTOS-H7_V3.0.0, X-CUBE-AZRTOS-L4_V1.0.0, X-CUBE-AZRTOS-L5_V1.1.0, X-CUBE-AZRTOS-WB_V1.1.0, X-CUBE-AZRTOS-WL_V1.0.0, X-CUBE-BLE1_V6.2.4, X-CUBE-BLE2_V3.3.0, X-CUBE-BLEMGR_V1.3.0, X-CUBE-EEPRMA1_V4.1.0, X-CUBE-FREERTOS_V1.0.1, X-CUBE-GNSS1_V6.0.0, X-CUBE-MEMS1_V9.1.0, X-CUBE-MEMS1_V9.4.0, X-CUBE-MEMS1_V9.5.0, X-CUBE-NFC4_V3.0.0, X-CUBE-NFC7_V1.0.0, X-CUBE-SFXS2LP1_V4.0.0, X-CUBE-SUBG2_V5.0.0]
2023-05-01 15:14:24,612 [INFO] DbExamplesSqlite:376 - Ignored 46 examples not supported by CubeIDE
2023-05-01 15:14:24,612 [INFO] DbExamplesSqlite:377 - Found 7336 examples active
2023-05-01 15:14:24,613 [INFO] DbExamplesSqlite:378 - Found 1095 examples obsolete
2023-05-01 15:14:24,613 [INFO] DbExamplesSqlite:379 - Found 0 examples under development
2023-05-01 15:14:24,614 [INFO] DbExamplesSqlite:380 - Found 77 examples not building
2023-05-01 15:14:24,615 [INFO] DbExamples:125 - Found 7367 examples
2023-05-01 15:14:24,622 [INFO] DbExamples:222 - Found 92 boards with related examples
2023-05-01 15:14:24,623 [INFO] DbExamples:235 - Found 78 MCUs with related examples
2023-05-01 15:14:24,635 [INFO] ApiDb:414 - User favorites file not found: C:\Users\Wilso/.stm32cubeide/favorites.examples.txt
2023-05-01 15:14:24,635 [INFO] DbExamples:250 - Set 0 / 0 favorites Examples
2023-05-01 15:14:24,857 [INFO] McuFinderGlobals:66 - Set McuFinderConnectedMode to true
2023-05-01 15:14:24,865 [INFO] MultiScanPanel:200 - Auto-refresh data requested => check proxy status ongoing
2023-05-01 15:14:24,870 [INFO] FinderPluginLoader:95 - Searching for filters in installed packs
2023-05-01 15:14:24,985 [WARN] PackLoader:240 - Cannot read IP mode file for STMicroelectronics.X-CUBE-GNSS1.6.0.0
2023-05-01 15:14:25,019 [WARN] PackLoader:240 - Cannot read IP mode file for STMicroelectronics.X-CUBE-AZRTOS-F4.1.1.0
2023-05-01 15:14:25,043 [WARN] PackLoader:240 - Cannot read IP mode file for STMicroelectronics.X-CUBE-SMBUS.2.1.0
2023-05-01 15:14:25,051 [WARN] PackLoader:240 - Cannot read IP mode file for wolfSSL.I-CUBE-wolfSSL.5.6.0
2023-05-01 15:14:25,073 [WARN] PackLoader:240 - Cannot read IP mode file for STMicroelectronics.X-CUBE-AZRTOS-F7.1.1.0
2023-05-01 15:14:25,147 [WARN] PackLoader:240 - Cannot read IP mode file for STMicroelectronics.X-CUBE-MEMS1.9.6.0
2023-05-01 15:14:25,346 [WARN] PackLoader:240 - Cannot read IP mode file for STMicroelectronics.X-CUBE-BLE1.6.2.4
2023-05-01 15:14:25,364 [WARN] PackLoader:240 - Cannot read IP mode file for emotas.I-CUBE-CANOPEN.1.1.3
2023-05-01 15:14:25,384 [WARN] PackLoader:240 - Cannot read IP mode file for STMicroelectronics.X-CUBE-BLEMGR.2.0.0
2023-05-01 15:14:25,448 [WARN] ConditionMgr:438 - getConditionDescription Invalid condition id : UX DEVICE CLASS RTOS Condition cause : null
2023-05-01 15:14:25,449 [WARN] ConditionMgr:438 - getConditionDescription Invalid condition id : UX DEVICE CLASS RTOS Condition cause : null
2023-05-01 15:14:25,453 [WARN] PackLoader:240 - Cannot read IP mode file for STMicroelectronics.X-CUBE-AZRTOS-H7.3.1.0
2023-05-01 15:14:25,454 [WARN] ConditionMgr:1039 - genDependencies : Invalid condition id : UX DEVICE CLASS RTOS Condition cause : null
2023-05-01 15:14:25,454 [WARN] ConditionMgr:1039 - genDependencies : Invalid condition id : UX DEVICE CLASS RTOS Condition cause : null
2023-05-01 15:14:25,455 [WARN] ConditionMgr:1039 - genDependencies : Invalid condition id : UX DEVICE CLASS RTOS Condition cause : null
2023-05-01 15:14:25,456 [WARN] ConditionMgr:1039 - genDependencies : Invalid condition id : UX DEVICE CLASS RTOS Condition cause : null
2023-05-01 15:14:25,456 [WARN] ConditionMgr:1039 - genDependencies : Invalid condition id : UX DEVICE CLASS RTOS Condition cause : null
2023-05-01 15:14:25,476 [WARN] PackLoader:240 - Cannot read IP mode file for STMicroelectronics.X-CUBE-DISPLAY.3.0.0
2023-05-01 15:14:25,494 [WARN] PackLoader:240 - Cannot read IP mode file for STMicroelectronics.X-CUBE-NFC7.1.0.0
2023-05-01 15:14:25,513 [WARN] PackLoader:240 - Cannot read IP mode file for STMicroelectronics.X-CUBE-EEPRMA1.4.1.0
2023-05-01 15:14:25,544 [WARN] PackLoader:240 - Cannot read IP mode file for WES.I-CUBE-Cesium.1.3.0
2023-05-01 15:14:25,562 [WARN] PackLoader:240 - Cannot read IP mode file for STMicroelectronics.X-CUBE-SFXS2LP1.4.0.0
2023-05-01 15:14:25,579 [WARN] PackLoader:240 - Cannot read IP mode file for STMicroelectronics.X-CUBE-BLE2.3.3.0
2023-05-01 15:14:25,625 [WARN] PackLoader:240 - Cannot read IP mode file for STMicroelectronics.X-CUBE-AZRTOS-H7.3.0.0
2023-05-01 15:14:25,640 [WARN] PackLoader:240 - Cannot read IP mode file for STMicroelectronics.X-CUBE-ISPU.1.1.0
2023-05-01 15:14:25,662 [WARN] PackLoader:240 - Cannot read IP mode file for RoweBots.I-CUBE-UNISONRTOS.5.5.0-4
2023-05-01 15:14:25,679 [WARN] PackLoader:240 - Cannot read IP mode file for STMicroelectronics.X-CUBE-AI.8.0.0
2023-05-01 15:14:25,694 [WARN] PackLoader:240 - Cannot read IP mode file for STMicroelectronics.X-CUBE-FREERTOS.1.0.0
2023-05-01 15:14:25,707 [WARN] PackLoader:240 - Cannot read IP mode file for STMicroelectronics.X-CUBE-FREERTOS.1.0.1
2023-05-01 15:14:25,721 [WARN] PackLoader:240 - Cannot read IP mode file for STMicroelectronics.X-CUBE-TOUCHGFX.4.21.3
2023-05-01 15:14:25,735 [WARN] PackLoader:240 - Cannot read IP mode file for STMicroelectronics.X-CUBE-ALGOBUILD.1.3.0
2023-05-01 15:14:25,779 [WARN] PackLoader:240 - Cannot read IP mode file for STMicroelectronics.X-CUBE-AZRTOS-L5.1.1.0
2023-05-01 15:14:25,830 [WARN] PackLoader:240 - Cannot read IP mode file for STMicroelectronics.X-CUBE-AZRTOS-G0.1.1.0
2023-05-01 15:14:25,869 [WARN] PackLoader:240 - Cannot read IP mode file for STMicroelectronics.X-CUBE-SUBG2.5.0.0
2023-05-01 15:14:25,889 [WARN] PackLoader:240 - Cannot read IP mode file for STMicroelectronics.X-CUBE-NFC4.3.0.0
2023-05-01 15:14:25,927 [WARN] PackLoader:240 - Cannot read IP mode file for STMicroelectronics.X-CUBE-AZRTOS-G4.2.0.0
2023-05-01 15:14:25,956 [WARN] PackLoader:240 - Cannot read IP mode file for STMicroelectronics.X-CUBE-TOF1.3.3.0
2023-05-01 15:14:26,010 [WARN] PackLoader:240 - Cannot read IP mode file for STMicroelectronics.FP-ATR-ASTRA1.1.1.1
2023-05-01 15:14:26,040 [WARN] PackLoader:240 - Cannot read IP mode file for STMicroelectronics.X-CUBE-AZRTOS-G4.1.0.0
2023-05-01 15:14:26,057 [WARN] PackLoader:240 - Cannot read IP mode file for STMicroelectronics.FP-ATR-SIGFOX1.3.2.0
2023-05-01 15:14:26,103 [WARN] PackLoader:240 - Cannot read IP mode file for STMicroelectronics.X-CUBE-AZRTOS-L4.1.0.0
2023-05-01 15:14:26,140 [WARN] PackLoader:240 - Cannot read IP mode file for STMicroelectronics.X-CUBE-AZRTOS-WL.1.0.0
2023-05-01 15:14:26,167 [WARN] PackLoader:240 - Cannot read IP mode file for portGmbH.I-Cube-SoM-uGOAL.1.1.0
2023-05-01 15:14:26,183 [WARN] PackLoader:240 - Cannot read IP mode file for STMicroelectronics.X-CUBE-ALS.1.0.1
2023-05-01 15:14:26,283 [WARN] PackLoader:240 - Cannot read IP mode file for STMicroelectronics.X-CUBE-MEMS1.9.5.0
2023-05-01 15:14:26,513 [WARN] PackLoader:240 - Cannot read IP mode file for STMicroelectronics.X-CUBE-AZRTOS-WB.1.1.0
2023-05-01 15:14:26,570 [WARN] PackLoader:240 - Cannot read IP mode file for SEGGER.I-CUBE-embOS.1.3.1
2023-05-01 15:14:26,635 [WARN] PackLoader:240 - Cannot read IP mode file for STMicroelectronics.FP-ATR-ASTRA1.2.0.0
2023-05-01 15:14:26,636 [INFO] ThirdParty:978 - Integrity check success = true
2023-05-01 15:14:26,637 [INFO] IntegrityCheckThread:100 - exiting critical section [integrity check]
2023-05-01 15:14:26,637 [INFO] IntegrityCheckThread:103 - End integrity checks thread
2023-05-01 15:14:27,022 [INFO] LoadUrlFilesThread:185 - End of LoadServerUrlFiles without Thread
2023-05-01 15:14:27,032 [INFO] DetailPanel:341 - Set advertising image to C:/Users/Wilso/STM32Cube/Repository/\en.prom-stm32h5-mcu-finder.jpg
2023-05-01 15:15:58,697 [INFO] MainUpdater:2854 - connection check result : 10
2023-05-01 15:15:58,697 [INFO] MainUpdater:2854 - connection check result : 10
2023-05-01 15:15:58,720 [INFO] MicroXplorer:468 - Change Database Path : 
2023-05-01 15:15:58,720 [INFO] MicroXplorer:498 - Change Database Version : DB.6.0.80
2023-05-01 15:15:58,720 [WARN] ThirdParty:871 - waiting for thirdparty lock release [close project]
2023-05-01 15:15:58,720 [INFO] ThirdParty:873 - entering critical section [close project]
2023-05-01 15:15:58,721 [INFO] ThirdParty:883 - exiting critical section [close project]
2023-05-01 15:15:58,724 [INFO] PinOutPanel:1499 - setPackage(No Configuration,No Configuration)
2023-05-01 15:15:58,728 [INFO] UtilMem:75 - Begin LoadConfig() Used Memory: 510966216 Bytes (743440384)
2023-05-01 15:15:58,729 [INFO] MicroXplorer:468 - Change Database Path : 
2023-05-01 15:15:58,729 [INFO] MicroXplorer:498 - Change Database Version : DB.6.0.80
2023-05-01 15:15:58,729 [INFO] OpenFileManager:308 - Change cursor
2023-05-01 15:15:58,761 [INFO] Mcu:1937 - Initializing MCU STM32L4A6ZGTx STM32L4A6ZGTx 
2023-05-01 15:15:58,762 [INFO] Mcu:1950 - No CPN specified => set CPN to STM32L4A6ZGT6
2023-05-01 15:16:00,978 [INFO] Context:659 - Trying to add GPIOservice into a context  which must be forbidden
2023-05-01 15:16:01,581 [INFO] ImportTextPane:194 - (OptionalMessage_ERROR) Unable to find key (Mcu.ThirdPartyNb) in loaded IOC file
2023-05-01 15:16:01,581 [INFO] ImportTextPane:194 - (OptionalMessage_ERROR) Unable to find key (Mcu.PinsNb) in loaded IOC file
2023-05-01 15:16:01,581 [INFO] ImportTextPane:194 - (OptionalMessage_ERROR) Unable to find key (Mcu.IPNb) in loaded IOC file
2023-05-01 15:16:01,765 [INFO] RtosManager:555 - Registered RTOS mode: class=CMSIS, group=RTOS, mode=CMSIS_V1, owner=FREERTOS
2023-05-01 15:16:01,766 [INFO] RtosManager:555 - Registered RTOS mode: class=CMSIS, group=RTOS2, mode=CMSIS_V2, owner=FREERTOS
2023-05-01 15:16:01,766 [INFO] RtosManager:555 - Registered RTOS mode: class=RTOS, group=Core, mode=CMSIS_V1, owner=FREERTOS
2023-05-01 15:16:01,766 [INFO] RtosManager:555 - Registered RTOS mode: class=RTOS, group=Core, mode=CMSIS_V2, owner=FREERTOS
2023-05-01 15:16:01,767 [WARN] ModelIntegratedComponent:184 - Missing modes for component STMicroelectronics:FreeRTOS:0.0.1:STMicroelectronics:RTOS:FreeRTOS:Core:::10.2.0:
2023-05-01 15:16:01,776 [WARN] ModelIntegratedComponent:63 - No mode defined for component null
2023-05-01 15:16:01,776 [WARN] ModelIntegratedComponent:63 - No mode defined for component null
2023-05-01 15:16:01,776 [WARN] ModelIntegratedComponent:63 - No mode defined for component null
2023-05-01 15:16:01,776 [WARN] ModelIntegratedComponent:63 - No mode defined for component null
2023-05-01 15:16:01,777 [WARN] ModelIntegratedComponent:63 - No mode defined for component null
2023-05-01 15:16:01,777 [WARN] ModelIntegratedComponent:63 - No mode defined for component null
2023-05-01 15:16:01,777 [WARN] ModelIntegratedComponent:63 - No mode defined for component null
2023-05-01 15:16:01,777 [WARN] ModelIntegratedComponent:63 - No mode defined for component null
2023-05-01 15:16:01,777 [WARN] ModelIntegratedComponent:63 - No mode defined for component null
2023-05-01 15:16:01,777 [WARN] ModelIntegratedComponent:63 - No mode defined for component null
2023-05-01 15:16:01,777 [WARN] ModelIntegratedComponent:63 - No mode defined for component null
2023-05-01 15:16:01,777 [WARN] ModelIntegratedComponent:63 - No mode defined for component null
2023-05-01 15:16:01,777 [WARN] ModelIntegratedComponent:63 - No mode defined for component null
2023-05-01 15:16:01,777 [WARN] ModelIntegratedComponent:63 - No mode defined for component null
2023-05-01 15:16:01,777 [WARN] ModelIntegratedComponent:63 - No mode defined for component null
2023-05-01 15:16:01,777 [WARN] ModelIntegratedComponent:63 - No mode defined for component null
2023-05-01 15:16:01,778 [WARN] ModelIntegratedComponent:63 - No mode defined for component null
2023-05-01 15:16:01,778 [WARN] ModelIntegratedComponent:63 - No mode defined for component null
2023-05-01 15:16:01,778 [WARN] ModelIntegratedComponent:63 - No mode defined for component null
2023-05-01 15:16:01,778 [WARN] ModelIntegratedComponent:63 - No mode defined for component null
2023-05-01 15:16:01,778 [WARN] ModelIntegratedComponent:63 - No mode defined for component null
2023-05-01 15:16:01,778 [WARN] ModelIntegratedComponent:63 - No mode defined for component null
2023-05-01 15:16:01,778 [WARN] ModelIntegratedComponent:63 - No mode defined for component null
2023-05-01 15:16:01,778 [WARN] ModelIntegratedComponent:63 - No mode defined for component null
2023-05-01 15:16:01,778 [WARN] ModelIntegratedComponent:63 - No mode defined for component null
2023-05-01 15:16:01,778 [WARN] ModelIntegratedComponent:63 - No mode defined for component null
2023-05-01 15:16:01,778 [WARN] ModelIntegratedComponent:63 - No mode defined for component null
2023-05-01 15:16:01,779 [WARN] ModelIntegratedComponent:63 - No mode defined for component null
2023-05-01 15:16:01,779 [WARN] ModelIntegratedComponent:63 - No mode defined for component null
2023-05-01 15:16:01,779 [WARN] ModelIntegratedComponent:63 - No mode defined for component null
2023-05-01 15:16:01,779 [WARN] ModelIntegratedComponent:63 - No mode defined for component null
2023-05-01 15:16:01,779 [WARN] ModelIntegratedComponent:63 - No mode defined for component null
2023-05-01 15:16:01,779 [WARN] ModelIntegratedComponent:63 - No mode defined for component null
2023-05-01 15:16:01,853 [INFO] ThirdPartyModel:298 - Start build external matchings
2023-05-01 15:16:02,370 [INFO] ThirdPartyModel:316 - End build external matchings
2023-05-01 15:16:02,737 [INFO] UtilMem:75 - End LoadConfig() Used Memory: 548660128 Bytes (743440384)
2023-05-01 15:16:02,764 [WARN] ThirdParty:833 - waiting for thirdparty lock release [change project]
2023-05-01 15:16:02,764 [INFO] ThirdParty:835 - entering critical section [change project]
2023-05-01 15:16:02,764 [INFO] ThirdParty:1030 - CMSIS Pack Vendor :STMicroelectronics X-CUBE-ISPU 1.1.0
2023-05-01 15:16:02,764 [INFO] ThirdParty:1030 - CMSIS Pack Vendor :RoweBots I-CUBE-UNISONRTOS 5.5.0-4
2023-05-01 15:16:02,764 [INFO] ThirdParty:1030 - CMSIS Pack Vendor :STMicroelectronics X-CUBE-GNSS1 6.0.0
2023-05-01 15:16:02,765 [INFO] ThirdParty:1030 - CMSIS Pack Vendor :STMicroelectronics USB_HOST 2.0.0
2023-05-01 15:16:02,765 [INFO] ThirdParty:1030 - CMSIS Pack Vendor :STMicroelectronics X-CUBE-AZRTOS-F4 1.1.0
2023-05-01 15:16:02,765 [INFO] ThirdParty:1030 - CMSIS Pack Vendor :STMicroelectronics LIBJPEG 8.0.0
2023-05-01 15:16:02,765 [INFO] ThirdParty:1030 - CMSIS Pack Vendor :STMicroelectronics X-CUBE-SMBUS 2.1.0
2023-05-01 15:16:02,765 [INFO] ThirdParty:1030 - CMSIS Pack Vendor :wolfSSL I-CUBE-wolfSSL 5.6.0
2023-05-01 15:16:02,765 [INFO] ThirdParty:1030 - CMSIS Pack Vendor :STMicroelectronics USB_DEVICE 3.0.0
2023-05-01 15:16:02,765 [INFO] ThirdParty:1030 - CMSIS Pack Vendor :STMicroelectronics X-CUBE-AI 8.0.0
2023-05-01 15:16:02,765 [INFO] ThirdParty:1030 - CMSIS Pack Vendor :STMicroelectronics X-CUBE-FREERTOS 1.0.0
2023-05-01 15:16:02,765 [INFO] ThirdParty:1030 - CMSIS Pack Vendor :STMicroelectronics X-CUBE-FREERTOS 1.0.1
2023-05-01 15:16:02,765 [INFO] ThirdParty:1030 - CMSIS Pack Vendor :STMicroelectronics X-CUBE-TOUCHGFX 4.21.3
2023-05-01 15:16:02,765 [INFO] ThirdParty:1030 - CMSIS Pack Vendor :STMicroelectronics X-CUBE-AZRTOS-F7 1.1.0
2023-05-01 15:16:02,765 [INFO] ThirdParty:1030 - CMSIS Pack Vendor :STMicroelectronics USB_DEVICE 2.0.0
2023-05-01 15:16:02,765 [INFO] ThirdParty:1030 - CMSIS Pack Vendor :STMicroelectronics X-CUBE-MEMS1 9.6.0
2023-05-01 15:16:02,765 [INFO] ThirdParty:1030 - CMSIS Pack Vendor :STMicroelectronics X-CUBE-ALGOBUILD 1.3.0
2023-05-01 15:16:02,766 [INFO] ThirdParty:1030 - CMSIS Pack Vendor :STMicroelectronics X-CUBE-BLE1 6.2.4
2023-05-01 15:16:02,766 [INFO] ThirdParty:1030 - CMSIS Pack Vendor :STMicroelectronics X-CUBE-AZRTOS-L5 1.1.0
2023-05-01 15:16:02,766 [INFO] ThirdParty:1030 - CMSIS Pack Vendor :STMicroelectronics FreeRTOS 0.0.1
2023-05-01 15:16:02,766 [INFO] ThirdParty:1030 - CMSIS Pack Vendor :emotas I-CUBE-CANOPEN 1.1.3
2023-05-01 15:16:02,766 [INFO] ThirdParty:1030 - CMSIS Pack Vendor :STMicroelectronics X-CUBE-AZRTOS-G0 1.1.0
2023-05-01 15:16:02,766 [INFO] ThirdParty:1030 - CMSIS Pack Vendor :STMicroelectronics X-CUBE-BLEMGR 2.0.0
2023-05-01 15:16:02,766 [INFO] ThirdParty:1030 - CMSIS Pack Vendor :STMicroelectronics X-CUBE-SUBG2 5.0.0
2023-05-01 15:16:02,766 [INFO] ThirdParty:1030 - CMSIS Pack Vendor :STMicroelectronics X-CUBE-NFC4 3.0.0
2023-05-01 15:16:02,767 [INFO] ThirdParty:1030 - CMSIS Pack Vendor :STMicroelectronics STM32_WPAN 1.0.0
2023-05-01 15:16:02,767 [INFO] ThirdParty:1030 - CMSIS Pack Vendor :STMicroelectronics lwIP 2.0.3
2023-05-01 15:16:02,767 [INFO] ThirdParty:1030 - CMSIS Pack Vendor :STMicroelectronics USB_HOST 1.0.0
2023-05-01 15:16:02,767 [INFO] ThirdParty:1030 - CMSIS Pack Vendor :STMicroelectronics X-CUBE-AZRTOS-G4 2.0.0
2023-05-01 15:16:02,767 [INFO] ThirdParty:1030 - CMSIS Pack Vendor :STMicroelectronics PDM2PCM 3.1.0
2023-05-01 15:16:02,767 [INFO] ThirdParty:1030 - CMSIS Pack Vendor :STMicroelectronics X-CUBE-AZRTOS-H7 3.1.0
2023-05-01 15:16:02,767 [INFO] ThirdParty:1030 - CMSIS Pack Vendor :STMicroelectronics X-CUBE-TOF1 3.3.0
2023-05-01 15:16:02,767 [INFO] ThirdParty:1030 - CMSIS Pack Vendor :STMicroelectronics FP-ATR-ASTRA1 1.1.1
2023-05-01 15:16:02,767 [INFO] ThirdParty:1030 - CMSIS Pack Vendor :STMicroelectronics PDM2PCM 3.3.0
2023-05-01 15:16:02,767 [INFO] ThirdParty:1030 - CMSIS Pack Vendor :STMicroelectronics X-CUBE-DISPLAY 3.0.0
2023-05-01 15:16:02,767 [INFO] ThirdParty:1030 - CMSIS Pack Vendor :STMicroelectronics X-CUBE-AZRTOS-G4 1.0.0
2023-05-01 15:16:02,767 [INFO] ThirdParty:1030 - CMSIS Pack Vendor :STMicroelectronics FP-ATR-SIGFOX1 3.2.0
2023-05-01 15:16:02,767 [INFO] ThirdParty:1030 - CMSIS Pack Vendor :STMicroelectronics X-CUBE-AZRTOS-L4 1.0.0
2023-05-01 15:16:02,767 [INFO] ThirdParty:1030 - CMSIS Pack Vendor :STMicroelectronics HAL Drivers 0.0.0
2023-05-01 15:16:02,767 [INFO] ThirdParty:1030 - CMSIS Pack Vendor :STMicroelectronics MBEDTLS 2.16.2
2023-05-01 15:16:02,767 [INFO] ThirdParty:1030 - CMSIS Pack Vendor :STMicroelectronics MBEDTLS 2.14.1
2023-05-01 15:16:02,767 [INFO] ThirdParty:1030 - CMSIS Pack Vendor :STMicroelectronics X-CUBE-NFC7 1.0.0
2023-05-01 15:16:02,767 [INFO] ThirdParty:1030 - CMSIS Pack Vendor :STMicroelectronics X-CUBE-AZRTOS-WL 1.0.0
2023-05-01 15:16:02,767 [INFO] ThirdParty:1030 - CMSIS Pack Vendor :STMicroelectronics X-CUBE-EEPRMA1 4.1.0
2023-05-01 15:16:02,767 [INFO] ThirdParty:1030 - CMSIS Pack Vendor :portGmbH I-Cube-SoM-uGOAL 1.1.0
2023-05-01 15:16:02,767 [INFO] ThirdParty:1030 - CMSIS Pack Vendor :STMicroelectronics X-CUBE-ALS 1.0.1
2023-05-01 15:16:02,768 [INFO] ThirdParty:1030 - CMSIS Pack Vendor :STMicroelectronics X-CUBE-MEMS1 9.5.0
2023-05-01 15:16:02,768 [INFO] ThirdParty:1030 - CMSIS Pack Vendor :STMicroelectronics ThreadX 1.0.0
2023-05-01 15:16:02,768 [INFO] ThirdParty:1030 - CMSIS Pack Vendor :STMicroelectronics X-CUBE-AZRTOS-WB 1.1.0
2023-05-01 15:16:02,768 [INFO] ThirdParty:1030 - CMSIS Pack Vendor :SEGGER I-CUBE-embOS 1.3.1
2023-05-01 15:16:02,768 [INFO] ThirdParty:1030 - CMSIS Pack Vendor :STMicroelectronics USB_DEVICE 1.0.0
2023-05-01 15:16:02,768 [INFO] ThirdParty:1030 - CMSIS Pack Vendor :STMicroelectronics ThreadX 0.0.2
2023-05-01 15:16:02,768 [INFO] ThirdParty:1030 - CMSIS Pack Vendor :WES I-CUBE-Cesium 1.3.0
2023-05-01 15:16:02,768 [INFO] ThirdParty:1030 - CMSIS Pack Vendor :STMicroelectronics FP-ATR-ASTRA1 2.0.0
2023-05-01 15:16:02,768 [INFO] ThirdParty:1030 - CMSIS Pack Vendor :STMicroelectronics lwIP 2.1.2
2023-05-01 15:16:02,768 [INFO] ThirdParty:1030 - CMSIS Pack Vendor :STMicroelectronics X-CUBE-SFXS2LP1 4.0.0
2023-05-01 15:16:02,768 [INFO] ThirdParty:1030 - CMSIS Pack Vendor :STMicroelectronics X-CUBE-BLE2 3.3.0
2023-05-01 15:16:02,768 [INFO] ThirdParty:1030 - CMSIS Pack Vendor :STMicroelectronics PDM2PCM 3.2.0
2023-05-01 15:16:02,768 [INFO] ThirdParty:1030 - CMSIS Pack Vendor :STMicroelectronics X-CUBE-AZRTOS-H7 3.0.0
2023-05-01 15:16:02,768 [INFO] ThirdParty:841 - exiting critical section [change project]
2023-05-01 15:16:03,307 [INFO] PinOutPanel:1499 - setPackage(No Configuration,No Configuration)
2023-05-01 15:16:03,309 [INFO] PinOutPanel:1499 - setPackage(STM32L4A6ZGTx,LQFP144)
2023-05-01 15:16:03,886 [INFO] UtilMem:75 - Before build in PCC Used Memory: 524520696 Bytes (743440384)
2023-05-01 15:16:04,564 [INFO] UtilMem:75 - After build in PCC Used Memory: 616193504 Bytes (743440384)
2023-05-01 15:16:04,592 [INFO] IPUIPlugin:80 - create IPUIPlugin
2023-05-01 15:16:04,593 [INFO] IPUIPlugin:80 - create IPUIPlugin
2023-05-01 15:16:04,593 [INFO] IPUIPlugin:80 - create IPUIPlugin
2023-05-01 15:16:04,593 [INFO] IPUIPlugin:80 - create IPUIPlugin
2023-05-01 15:16:04,593 [INFO] IPUIPlugin:80 - create IPUIPlugin
2023-05-01 15:16:04,593 [INFO] IPUIPlugin:80 - create IPUIPlugin
2023-05-01 15:16:04,594 [INFO] IPUIPlugin:80 - create IPUIPlugin
2023-05-01 15:16:04,594 [INFO] IPUIPlugin:80 - create IPUIPlugin
2023-05-01 15:16:04,594 [INFO] IPUIPlugin:80 - create IPUIPlugin
2023-05-01 15:16:04,594 [INFO] IPUIPlugin:80 - create IPUIPlugin
2023-05-01 15:16:04,594 [INFO] IPUIPlugin:80 - create IPUIPlugin
2023-05-01 15:16:04,595 [INFO] IPUIPlugin:80 - create IPUIPlugin
2023-05-01 15:16:04,595 [INFO] IPUIPlugin:80 - create IPUIPlugin
2023-05-01 15:16:04,595 [INFO] IPUIPlugin:80 - create IPUIPlugin
2023-05-01 15:16:04,595 [INFO] IPUIPlugin:80 - create IPUIPlugin
2023-05-01 15:16:04,595 [INFO] IPUIPlugin:80 - create IPUIPlugin
2023-05-01 15:16:04,595 [INFO] IPUIPlugin:80 - create IPUIPlugin
2023-05-01 15:16:04,595 [INFO] IPUIPlugin:80 - create IPUIPlugin
2023-05-01 15:16:04,596 [INFO] IPUIPlugin:80 - create IPUIPlugin
2023-05-01 15:16:04,596 [INFO] IPUIPlugin:80 - create IPUIPlugin
2023-05-01 15:16:04,596 [INFO] IPUIPlugin:80 - create IPUIPlugin
2023-05-01 15:16:04,596 [INFO] IPUIPlugin:80 - create IPUIPlugin
2023-05-01 15:16:04,596 [INFO] IPUIPlugin:80 - create IPUIPlugin
2023-05-01 15:16:04,597 [INFO] IPUIPlugin:80 - create IPUIPlugin
2023-05-01 15:16:04,597 [INFO] IPUIPlugin:80 - create IPUIPlugin
2023-05-01 15:16:04,597 [INFO] IPUIPlugin:80 - create IPUIPlugin
2023-05-01 15:16:04,597 [INFO] IPUIPlugin:80 - create IPUIPlugin
2023-05-01 15:16:04,598 [INFO] IPUIPlugin:80 - create IPUIPlugin
2023-05-01 15:16:04,598 [INFO] IPUIPlugin:80 - create IPUIPlugin
2023-05-01 15:16:04,598 [INFO] IPUIPlugin:80 - create IPUIPlugin
2023-05-01 15:16:04,598 [INFO] IPUIPlugin:80 - create IPUIPlugin
2023-05-01 15:16:04,599 [INFO] IPUIPlugin:80 - create IPUIPlugin
2023-05-01 15:16:04,599 [INFO] IPUIPlugin:80 - create IPUIPlugin
2023-05-01 15:16:04,599 [INFO] IPUIPlugin:80 - create IPUIPlugin
2023-05-01 15:16:04,599 [INFO] IPUIPlugin:80 - create IPUIPlugin
2023-05-01 15:16:04,600 [INFO] IPUIPlugin:80 - create IPUIPlugin
2023-05-01 15:16:04,600 [INFO] IPUIPlugin:80 - create IPUIPlugin
2023-05-01 15:16:04,600 [INFO] IPUIPlugin:80 - create IPUIPlugin
2023-05-01 15:16:04,609 [INFO] IPUIPlugin:80 - create IPUIPlugin
2023-05-01 15:16:04,609 [INFO] IPUIPlugin:80 - create IPUIPlugin
2023-05-01 15:16:04,610 [INFO] IPUIPlugin:80 - create IPUIPlugin
2023-05-01 15:16:04,610 [INFO] IPUIPlugin:80 - create IPUIPlugin
2023-05-01 15:16:04,610 [INFO] IPUIPlugin:80 - create IPUIPlugin
2023-05-01 15:16:04,612 [INFO] IPUIPlugin:80 - create IPUIPlugin
2023-05-01 15:16:04,612 [INFO] IPUIPlugin:80 - create IPUIPlugin
2023-05-01 15:16:04,612 [INFO] IPUIPlugin:80 - create IPUIPlugin
2023-05-01 15:16:04,613 [INFO] IPUIPlugin:80 - create IPUIPlugin
2023-05-01 15:16:04,613 [INFO] IPUIPlugin:80 - create IPUIPlugin
2023-05-01 15:16:04,613 [INFO] IPUIPlugin:80 - create IPUIPlugin
2023-05-01 15:16:04,613 [INFO] IPUIPlugin:80 - create IPUIPlugin
2023-05-01 15:16:04,614 [INFO] IPUIPlugin:80 - create IPUIPlugin
2023-05-01 15:16:04,614 [INFO] IPUIPlugin:80 - create IPUIPlugin
2023-05-01 15:16:04,615 [INFO] IPUIPlugin:80 - create IPUIPlugin
2023-05-01 15:16:04,617 [INFO] IPUIPlugin:80 - create IPUIPlugin
2023-05-01 15:16:04,617 [INFO] IPUIPlugin:80 - create IPUIPlugin
2023-05-01 15:16:04,617 [INFO] IPUIPlugin:80 - create IPUIPlugin
2023-05-01 15:16:04,618 [INFO] IPUIPlugin:80 - create IPUIPlugin
2023-05-01 15:16:04,618 [INFO] IPUIPlugin:80 - create IPUIPlugin
2023-05-01 15:16:04,619 [INFO] IPUIPlugin:80 - create IPUIPlugin
2023-05-01 15:16:04,619 [INFO] IPUIPlugin:80 - create IPUIPlugin
2023-05-01 15:16:04,620 [INFO] IPUIPlugin:80 - create IPUIPlugin
2023-05-01 15:16:04,620 [INFO] IPUIPlugin:80 - create IPUIPlugin
2023-05-01 15:16:04,621 [INFO] IPUIPlugin:80 - create IPUIPlugin
2023-05-01 15:16:04,621 [INFO] IPUIPlugin:80 - create IPUIPlugin
2023-05-01 15:16:04,622 [INFO] IPUIPlugin:80 - create IPUIPlugin
2023-05-01 15:16:04,622 [INFO] IPUIPlugin:80 - create IPUIPlugin
2023-05-01 15:16:04,771 [INFO] CADModel:165 - CPN selected for project levelSTM32L4A6ZGT6
2023-05-01 15:16:04,772 [INFO] CADModel:114 - Register for checkConnection events
2023-05-01 15:16:04,828 [INFO] OpenFileManager:328 - Restore cursor
2023-05-01 15:16:05,418 [INFO] UtilMem:75 - End SaveConfig() Used Memory: 645411328 Bytes (743440384)
2023-05-01 15:16:05,496 [INFO] UtilMem:75 - End SaveConfig() Used Memory: 514616936 Bytes (743440384)
2023-05-01 15:16:05,919 [INFO] BlockDiagram:2759 - set Specific Code input for plugin: RCC
2023-05-01 15:16:05,920 [INFO] BlockDiagram:2759 - set Specific Code input for plugin: NVIC
2023-05-01 15:16:05,921 [INFO] CodeGenerator:793 - code generatio: config db path: C:\Users\Wilso\Desktop\329\STM32CubeIDE_1.12.0\STM32CubeIDE\plugins\com.st.stm32cube.common.mx_6.8.0.202302231600\\db\
2023-05-01 15:16:06,215 [INFO] CodeEngine:255 - oldGeneratedFile, C:\Users\Wilso\Desktop\Code\C\A5\MXTmpFiles\license.tmp_save
2023-05-01 15:16:06,515 [INFO] CodeEngine:279 - Generated code: C:\Users\Wilso\Desktop\Code\C\A5\MXTmpFiles\license.tmp
2023-05-01 15:16:06,538 [INFO] CodeEngine:255 - oldGeneratedFile, C:\Users\Wilso\Desktop\Code\C\A5\Core\Src\stm32l4xx_it.c_save
2023-05-01 15:16:06,692 [INFO] CodeEngine:279 - Generated code: C:\Users\Wilso\Desktop\Code\C\A5\Core\Src\stm32l4xx_it.c
2023-05-01 15:16:06,701 [INFO] CodeEngine:255 - oldGeneratedFile, C:\Users\Wilso\Desktop\Code\C\A5\Core\Inc\stm32l4xx_it.h_save
2023-05-01 15:16:06,861 [INFO] CodeEngine:279 - Generated code: C:\Users\Wilso\Desktop\Code\C\A5\Core\Inc\stm32l4xx_it.h
2023-05-01 15:16:07,045 [INFO] CodeEngine:255 - oldGeneratedFile, C:\Users\Wilso\Desktop\Code\C\A5\Core\Src\stm32l4xx_hal_msp.c_save
2023-05-01 15:16:07,179 [INFO] CodeEngine:279 - Generated code: C:\Users\Wilso\Desktop\Code\C\A5\Core\Src\stm32l4xx_hal_msp.c
2023-05-01 15:16:07,186 [INFO] CodeEngine:255 - oldGeneratedFile, C:\Users\Wilso\Desktop\Code\C\A5\MXTmpFiles\system.tmp_save
2023-05-01 15:16:07,238 [INFO] CodeEngine:279 - Generated code: C:\Users\Wilso\Desktop\Code\C\A5\MXTmpFiles\system.tmp
2023-05-01 15:16:07,250 [INFO] CodeEngine:311 - oldGeneratedFile, C:\Users\Wilso\Desktop\Code\C\A5\Core\Inc\stm32l4xx_hal_conf.h_save
2023-05-01 15:16:07,321 [INFO] CodeEngine:335 - Generated code: C:\Users\Wilso\Desktop\Code\C\A5\Core\Inc\stm32l4xx_hal_conf.h
2023-05-01 15:16:07,368 [INFO] CodeEngine:255 - oldGeneratedFile, C:\Users\Wilso\Desktop\Code\C\A5\Core\Inc\main.h_save
2023-05-01 15:16:07,444 [INFO] CodeEngine:279 - Generated code: C:\Users\Wilso\Desktop\Code\C\A5\Core\Inc\main.h
2023-05-01 15:16:07,452 [INFO] CodeEngine:255 - oldGeneratedFile, C:\Users\Wilso\Desktop\Code\C\A5\Core\Src\main.c_save
2023-05-01 15:16:07,557 [INFO] CodeEngine:279 - Generated code: C:\Users\Wilso\Desktop\Code\C\A5\Core\Src\main.c
2023-05-01 15:16:08,246 [INFO] ProjectBuilder:2996 - Time for Copy HAL[1] : 287mS.
2023-05-01 15:16:08,255 [INFO] ProjectBuilder:4304 - Project Generator version: 3.19.2
2023-05-01 15:16:08,489 [INFO] ConfigFileManager:1483 - The Die is : DIE461
2023-05-01 15:16:08,502 [INFO] ApiDbMcu:507 - Load IP Config File for FATFS
2023-05-01 15:16:08,512 [INFO] ApiDbMcu:507 - Load IP Config File for FREERTOS
2023-05-01 15:16:08,526 [INFO] ApiDbMcu:507 - Load IP Config File for TOUCHSENSING
2023-05-01 15:16:08,536 [INFO] ApiDbMcu:507 - Load IP Config File for USB_DEVICE
2023-05-01 15:16:08,543 [INFO] ApiDbMcu:507 - Load IP Config File for USB_HOST
2023-05-01 15:16:09,352 [INFO] LogOutputStream:77 - [STDOUT_REDIRECT] 
2023-05-01 15:16:12,154 [INFO] ProjectBuilder:4505 - Time for Generating toolchain IDE Files: 3899mS.
2023-05-01 15:16:12,155 [INFO] ProjectBuilder:2867 - Time for Copy CMSIS : 1mS.
2023-05-01 15:16:12,157 [INFO] ProjectBuilder:2867 - Time for Copy CMSIS : 0mS.
2023-05-01 15:16:13,314 [INFO] McuFinderGlobals:66 - Set McuFinderConnectedMode to true
2023-05-01 15:16:13,317 [INFO] ApiDb:448 - Save user favorites file C:\Users\Wilso/.stm32cubeide/favorites.mcus.txt: 0 item(s)
2023-05-01 15:16:13,317 [INFO] ApiDb:452 - User favorites MCUs=[]
2023-05-01 15:17:07,396 [ERROR] LogOutputStream:75 - [STDERR_REDIRECT] Exception in thread "AWT-EventQueue-0" java.awt.IllegalComponentStateException: Native resources unavailable
2023-05-01 15:17:07,397 [ERROR] LogOutputStream:75 - [STDERR_REDIRECT] 	at java.desktop/sun.awt.windows.WWindowPeer.getScreenImOn(Native Method)
2023-05-01 15:17:07,399 [ERROR] LogOutputStream:75 - [STDERR_REDIRECT] 	at java.desktop/sun.awt.windows.WWindowPeer.updateGC(WWindowPeer.java:566)
2023-05-01 15:17:07,401 [ERROR] LogOutputStream:75 - [STDERR_REDIRECT] 	at java.desktop/java.awt.event.InvocationEvent.dispatch(InvocationEvent.java:313)
2023-05-01 15:17:07,402 [ERROR] LogOutputStream:75 - [STDERR_REDIRECT] 	at java.desktop/java.awt.EventQueue.dispatchEventImpl(EventQueue.java:770)
2023-05-01 15:17:07,404 [ERROR] LogOutputStream:75 - [STDERR_REDIRECT] 	at java.desktop/java.awt.EventQueue$4.run(EventQueue.java:721)
2023-05-01 15:17:07,405 [ERROR] LogOutputStream:75 - [STDERR_REDIRECT] 	at java.desktop/java.awt.EventQueue$4.run(EventQueue.java:715)
2023-05-01 15:17:07,407 [ERROR] LogOutputStream:75 - [STDERR_REDIRECT] 	at java.base/java.security.AccessController.doPrivileged(Native Method)
2023-05-01 15:17:07,409 [ERROR] LogOutputStream:75 - [STDERR_REDIRECT] 	at java.base/java.security.ProtectionDomain$JavaSecurityAccessImpl.doIntersectionPrivilege(ProtectionDomain.java:85)
2023-05-01 15:17:07,411 [ERROR] LogOutputStream:75 - [STDERR_REDIRECT] 	at java.base/java.security.ProtectionDomain$JavaSecurityAccessImpl.doIntersectionPrivilege(ProtectionDomain.java:95)
2023-05-01 15:17:07,412 [ERROR] LogOutputStream:75 - [STDERR_REDIRECT] 	at java.desktop/java.awt.EventQueue$5.run(EventQueue.java:745)
2023-05-01 15:17:07,414 [ERROR] LogOutputStream:75 - [STDERR_REDIRECT] 	at java.desktop/java.awt.EventQueue$5.run(EventQueue.java:743)
2023-05-01 15:17:07,416 [ERROR] LogOutputStream:75 - [STDERR_REDIRECT] 	at java.base/java.security.AccessController.doPrivileged(Native Method)
2023-05-01 15:17:07,418 [ERROR] LogOutputStream:75 - [STDERR_REDIRECT] 	at java.base/java.security.ProtectionDomain$JavaSecurityAccessImpl.doIntersectionPrivilege(ProtectionDomain.java:85)
2023-05-01 15:17:07,420 [ERROR] LogOutputStream:75 - [STDERR_REDIRECT] 	at java.desktop/java.awt.EventQueue.dispatchEvent(EventQueue.java:742)
2023-05-01 15:17:07,421 [ERROR] LogOutputStream:75 - [STDERR_REDIRECT] 	at java.desktop/java.awt.EventDispatchThread.pumpOneEventForFilters(EventDispatchThread.java:203)
2023-05-01 15:17:07,423 [ERROR] LogOutputStream:75 - [STDERR_REDIRECT] 	at java.desktop/java.awt.EventDispatchThread.pumpEventsForFilter(EventDispatchThread.java:124)
2023-05-01 15:17:07,425 [ERROR] LogOutputStream:75 - [STDERR_REDIRECT] 	at java.desktop/java.awt.EventDispatchThread.pumpEventsForHierarchy(EventDispatchThread.java:113)
2023-05-01 15:17:07,427 [ERROR] LogOutputStream:75 - [STDERR_REDIRECT] 	at java.desktop/java.awt.EventDispatchThread.pumpEvents(EventDispatchThread.java:109)
2023-05-01 15:17:07,428 [ERROR] LogOutputStream:75 - [STDERR_REDIRECT] 	at java.desktop/java.awt.EventDispatchThread.pumpEvents(EventDispatchThread.java:101)
2023-05-01 15:17:07,429 [ERROR] LogOutputStream:75 - [STDERR_REDIRECT] 	at java.desktop/java.awt.EventDispatchThread.run(EventDispatchThread.java:90)
2023-05-01 15:23:18,255 [INFO] Activator:176 - 


2023-05-01 15:23:18,256 [INFO] Activator:177 - !SESSION log4j initialized
2023-05-01 15:23:22,854 [INFO] LogOutputStream:77 - [STDOUT_REDIRECT] 
2023-05-01 15:23:43,979 [ERROR] LogOutputStream:75 - [STDERR_REDIRECT] SLF4J: Failed to load class "org.slf4j.impl.StaticLoggerBinder".
2023-05-01 15:23:43,980 [ERROR] LogOutputStream:75 - [STDERR_REDIRECT] SLF4J: Defaulting to no-operation (NOP) logger implementation
2023-05-01 15:23:43,981 [ERROR] LogOutputStream:75 - [STDERR_REDIRECT] SLF4J: See http://www.slf4j.org/codes.html#StaticLoggerBinder for further details.
