2023-05-15 19:33:39,610 [INFO] Activator:176 - 


2023-05-15 19:33:39,615 [INFO] Activator:177 - !SESSION log4j initialized
2023-05-15 19:33:45,174 [INFO] LogOutputStream:77 - [STDOUT_REDIRECT] 
2023-05-15 19:33:58,512 [INFO] ApplicationProperties:184 - Using Application install path: C:\Users\Wilso\Desktop\329\STM32CubeIDE_1.12.0\STM32CubeIDE\plugins\com.st.stm32cube.common.mx_6.8.0.202302231600
2023-05-15 19:33:58,532 [INFO] DbMcusXml:78 - Set database path to: C:\Users\Wilso\Desktop\329\STM32CubeIDE_1.12.0\STM32CubeIDE\plugins\com.st.stm32cube.common.mx_6.8.0.202302231600\\db\/mcu/
2023-05-15 19:33:58,532 [INFO] ApiDb:274 - Set plugin database path to: C:\Users\Wilso\Desktop\329\STM32CubeIDE_1.12.0\STM32CubeIDE\plugins\com.st.stm32cube.common.mx_6.8.0.202302231600\\db\/plugins/boardmanager/
2023-05-15 19:33:58,533 [WARN] ApiDb:259 - Overriding images path with different value:  => C:\Users\Wilso\Desktop\329\STM32CubeIDE_1.12.0\STM32CubeIDE\plugins\com.st.stm32cube.common.mx_6.8.0.202302231600\\db\/plugins/mcufinder/images/
2023-05-15 19:33:58,547 [INFO] ApiDb:250 - Set database path to: C:\Users\Wilso\.stmcufinder\plugins\mcufinder//mcu/
2023-05-15 19:33:58,548 [INFO] DbMcusAds:125 - Set database path to: C:\Users\Wilso\.stmcufinder\plugins\mcufinder//mcu/
2023-05-15 19:33:58,578 [INFO] CrossReferenceDbSqlite:203 - Set database path to: C:\Users\Wilso\.stmcufinder\plugins\mcufinder//mcu/cs/
2023-05-15 19:33:58,684 [INFO] RulesReader:64 - Compatibility file has been processed (293 Rules)
2023-05-15 19:33:58,769 [INFO] DbMcusXml:78 - Set database path to: C:\Users\Wilso\Desktop\329\STM32CubeIDE_1.12.0\STM32CubeIDE\plugins\com.st.stm32cube.common.mx_6.8.0.202302231600\\db\/mcu/
2023-05-15 19:33:58,769 [INFO] ApiDb:274 - Set plugin database path to: C:\Users\Wilso\Desktop\329\STM32CubeIDE_1.12.0\STM32CubeIDE\plugins\com.st.stm32cube.common.mx_6.8.0.202302231600\\db\/plugins/boardmanager/
2023-05-15 19:33:58,769 [INFO] ApiDb:261 - Set plugin images path to: C:\Users\Wilso\Desktop\329\STM32CubeIDE_1.12.0\STM32CubeIDE\plugins\com.st.stm32cube.common.mx_6.8.0.202302231600\\db\/plugins/mcufinder/images/
2023-05-15 19:33:58,770 [WARN] DbFile:41 - Overriding database path with different value: C:\Users\Wilso\.stmcufinder\plugins\mcufinder/ => C:\Users\Wilso\.stmcufinder\plugins\mcufinder
2023-05-15 19:33:58,770 [INFO] ApiDb:250 - Set database path to: C:\Users\Wilso\.stmcufinder\plugins\mcufinder//mcu/
2023-05-15 19:33:58,770 [WARN] DbFile:41 - Overriding database path with different value: C:\Users\Wilso\.stmcufinder\plugins\mcufinder/ => C:\Users\Wilso\.stmcufinder\plugins\mcufinder
2023-05-15 19:33:58,770 [INFO] DbMcusAds:125 - Set database path to: C:\Users\Wilso\.stmcufinder\plugins\mcufinder//mcu/
2023-05-15 19:33:58,770 [WARN] DbFile:41 - Overriding database path with different value: C:\Users\Wilso\.stmcufinder\plugins\mcufinder/ => C:\Users\Wilso\.stmcufinder\plugins\mcufinder
2023-05-15 19:33:58,770 [WARN] DbFile:41 - Overriding database path with different value: C:\Users\Wilso\.stmcufinder\plugins\mcufinder/ => C:\Users\Wilso\.stmcufinder\plugins\mcufinder
2023-05-15 19:33:58,771 [INFO] CrossReferenceDbSqlite:203 - Set database path to: C:\Users\Wilso\.stmcufinder\plugins\mcufinder//mcu/cs/
2023-05-15 19:33:58,867 [INFO] MainPanel:253 - HeapMemory: 268435456
2023-05-15 19:33:58,946 [INFO] DbMcusXml:78 - Set database path to: C:\Users\Wilso\Desktop\329\STM32CubeIDE_1.12.0\STM32CubeIDE\plugins\com.st.stm32cube.common.mx_6.8.0.202302231600\\db\/mcu/
2023-05-15 19:33:58,946 [INFO] ApiDb:274 - Set plugin database path to: C:\Users\Wilso\Desktop\329\STM32CubeIDE_1.12.0\STM32CubeIDE\plugins\com.st.stm32cube.common.mx_6.8.0.202302231600\\db\/plugins/boardmanager/
2023-05-15 19:33:58,947 [INFO] ApiDb:261 - Set plugin images path to: C:\Users\Wilso\Desktop\329\STM32CubeIDE_1.12.0\STM32CubeIDE\plugins\com.st.stm32cube.common.mx_6.8.0.202302231600\\db\/plugins/mcufinder/images/
2023-05-15 19:33:58,947 [WARN] DbFile:41 - Overriding database path with different value: C:\Users\Wilso\.stmcufinder\plugins\mcufinder/ => C:\Users\Wilso\.stmcufinder\plugins\mcufinder
2023-05-15 19:33:58,947 [INFO] ApiDb:250 - Set database path to: C:\Users\Wilso\.stmcufinder\plugins\mcufinder//mcu/
2023-05-15 19:33:58,947 [WARN] DbFile:41 - Overriding database path with different value: C:\Users\Wilso\.stmcufinder\plugins\mcufinder/ => C:\Users\Wilso\.stmcufinder\plugins\mcufinder
2023-05-15 19:33:58,947 [INFO] DbMcusAds:125 - Set database path to: C:\Users\Wilso\.stmcufinder\plugins\mcufinder//mcu/
2023-05-15 19:33:58,947 [WARN] DbFile:41 - Overriding database path with different value: C:\Users\Wilso\.stmcufinder\plugins\mcufinder/ => C:\Users\Wilso\.stmcufinder\plugins\mcufinder
2023-05-15 19:33:58,947 [WARN] DbFile:41 - Overriding database path with different value: C:\Users\Wilso\.stmcufinder\plugins\mcufinder/ => C:\Users\Wilso\.stmcufinder\plugins\mcufinder
2023-05-15 19:33:58,947 [INFO] CrossReferenceDbSqlite:203 - Set database path to: C:\Users\Wilso\.stmcufinder\plugins\mcufinder//mcu/cs/
2023-05-15 19:33:58,961 [INFO] ApplicationProperties:184 - Using Application install path: C:\Users\Wilso\Desktop\329\STM32CubeIDE_1.12.0\STM32CubeIDE\plugins\com.st.stm32cube.common.mx_6.8.0.202302231600
2023-05-15 19:33:58,962 [INFO] PluginManage:196 - Search for loadable plugins [exclusion list=, ]
2023-05-15 19:33:58,964 [INFO] PluginManage:310 - Check plugin analytics
2023-05-15 19:33:59,098 [INFO] AnalyticsPlugin:253 - Accepted Software Licenses: 
2023-05-15 19:33:59,099 [INFO] AnalyticsPlugin:255 - Accepted CMSIS Pack Licenses: 
2023-05-15 19:33:59,099 [INFO] AnalyticsPlugin:257 - Accepted Firmware Licenses: 
2023-05-15 19:33:59,109 [INFO] PluginManage:359 - Loaded plugin analytics (category:tool,tabindex:-1)
2023-05-15 19:33:59,109 [INFO] PluginManage:310 - Check plugin cadmodel
2023-05-15 19:33:59,124 [INFO] CADModel:105 - Init CAD model plugin
2023-05-15 19:33:59,125 [INFO] PluginManage:359 - Loaded plugin cadmodel (category:power,tabindex:5)
2023-05-15 19:33:59,125 [INFO] PluginManage:310 - Check plugin clock
2023-05-15 19:33:59,143 [INFO] PluginManage:359 - Loaded plugin clock (category:base,tabindex:2)
2023-05-15 19:33:59,143 [INFO] PluginManage:310 - Check plugin ddr
2023-05-15 19:33:59,145 [INFO] PluginManage:359 - Loaded plugin ddr (category:tool,tabindex:6)
2023-05-15 19:33:59,146 [INFO] PluginManage:310 - Check plugin filemanager
2023-05-15 19:33:59,252 [INFO] PluginManage:359 - Loaded plugin filemanager (category:base,tabindex:10)
2023-05-15 19:33:59,252 [INFO] PluginManage:310 - Check plugin ipmanager
2023-05-15 19:33:59,257 [INFO] PluginManage:359 - Loaded plugin ipmanager (category:base,tabindex:5)
2023-05-15 19:33:59,257 [INFO] PluginManage:310 - Check plugin lpbam
2023-05-15 19:33:59,271 [INFO] PluginManage:359 - Loaded plugin lpbam (category:base,tabindex:0)
2023-05-15 19:33:59,272 [INFO] PluginManage:310 - Check plugin pinoutandconfiguration
2023-05-15 19:33:59,286 [INFO] PluginManage:359 - Loaded plugin pinoutandconfiguration (category:base,tabindex:1)
2023-05-15 19:33:59,286 [INFO] PluginManage:310 - Check plugin pinoutconfig
2023-05-15 19:33:59,367 [WARN] SupportedApi:132 - Cannot load RTOS API schema: s4s-elt-must-match.1: The content of 'definitions' must match (annotation?, (simpleType | complexType)?, (unique | key | keyref)*)). A problem was found starting at: attribute.
2023-05-15 19:33:59,482 [INFO] PluginManage:359 - Loaded plugin pinoutconfig (category:base,tabindex:0)
2023-05-15 19:33:59,482 [INFO] PluginManage:310 - Check plugin power
2023-05-15 19:33:59,502 [INFO] PluginManage:359 - Loaded plugin power (category:power,tabindex:4)
2023-05-15 19:33:59,502 [INFO] PluginManage:310 - Check plugin projectmanager
2023-05-15 19:33:59,516 [INFO] PluginManage:359 - Loaded plugin projectmanager (category:projectmanager,tabindex:3)
2023-05-15 19:33:59,516 [INFO] PluginManage:310 - Check plugin thirdparty
2023-05-15 19:33:59,721 [INFO] PluginManage:359 - Loaded plugin thirdparty (category:base,tabindex:-1)
2023-05-15 19:33:59,721 [INFO] PluginManage:310 - Check plugin tools
2023-05-15 19:33:59,721 [WARN] IntegrityCheckThread:84 - waiting for thirdparty lock release [integrity check]
2023-05-15 19:33:59,721 [INFO] IntegrityCheckThread:86 - entering critical section [integrity check]
2023-05-15 19:33:59,723 [INFO] ThirdPartyUpdaterWithRetryManager:70 - Updater plugin not ready yet. [1/15]
2023-05-15 19:33:59,744 [INFO] PluginManage:359 - Loaded plugin tools (category:base,tabindex:7)
2023-05-15 19:33:59,744 [INFO] PluginManage:310 - Check plugin tutovideos
2023-05-15 19:33:59,917 [INFO] PluginManage:359 - Loaded plugin tutovideos (category:base,tabindex:-1)
2023-05-15 19:33:59,917 [INFO] PluginManage:310 - Check plugin updater
2023-05-15 19:33:59,932 [INFO] PluginManage:359 - Loaded plugin updater (category:base,tabindex:12)
2023-05-15 19:33:59,932 [INFO] PluginManage:283 - PluginManage : Loaded plugins [15]
2023-05-15 19:34:00,142 [INFO] PinOutPanel:1499 - setPackage(No Configuration,No Configuration)
2023-05-15 19:34:00,196 [INFO] CADModel:165 - CPN selected for project level
2023-05-15 19:34:00,196 [INFO] CADModel:114 - Register for checkConnection events
2023-05-15 19:34:00,218 [INFO] IPUIPlugin:80 - create IPUIPlugin
2023-05-15 19:34:00,219 [INFO] PluginManager:220 - loadIPPluginJar : add adc
2023-05-15 19:34:00,247 [INFO] IPUIPlugin:80 - create IPUIPlugin
2023-05-15 19:34:00,247 [INFO] PluginManager:220 - loadIPPluginJar : add aes
2023-05-15 19:34:00,279 [INFO] IPUIPlugin:80 - create IPUIPlugin
2023-05-15 19:34:00,279 [INFO] PluginManager:220 - loadIPPluginJar : add can
2023-05-15 19:34:00,295 [INFO] IPUIPlugin:80 - create IPUIPlugin
2023-05-15 19:34:00,295 [INFO] PluginManager:220 - loadIPPluginJar : add comp
2023-05-15 19:34:00,320 [INFO] IPUIPlugin:80 - create IPUIPlugin
2023-05-15 19:34:00,321 [INFO] PluginManager:220 - loadIPPluginJar : add cryp
2023-05-15 19:34:00,343 [INFO] IPUIPlugin:80 - create IPUIPlugin
2023-05-15 19:34:00,343 [INFO] PluginManager:220 - loadIPPluginJar : add dfsdm
2023-05-15 19:34:00,355 [INFO] IPUIPlugin:80 - create IPUIPlugin
2023-05-15 19:34:00,356 [INFO] PluginManager:220 - loadIPPluginJar : add dma
2023-05-15 19:34:00,387 [INFO] IPUIPlugin:80 - create IPUIPlugin
2023-05-15 19:34:00,388 [INFO] PluginManager:220 - loadIPPluginJar : add dma3
2023-05-15 19:34:00,403 [INFO] IPUIPlugin:80 - create IPUIPlugin
2023-05-15 19:34:00,403 [INFO] PluginManager:220 - loadIPPluginJar : add fatfs
2023-05-15 19:34:00,438 [INFO] IPUIPlugin:80 - create IPUIPlugin
2023-05-15 19:34:00,439 [INFO] PluginManager:220 - loadIPPluginJar : add fmc
2023-05-15 19:34:00,452 [INFO] IPUIPlugin:80 - create IPUIPlugin
2023-05-15 19:34:00,452 [INFO] PluginManager:220 - loadIPPluginJar : add freertos
2023-05-15 19:34:00,468 [INFO] IPUIPlugin:80 - create IPUIPlugin
2023-05-15 19:34:00,468 [INFO] PluginManager:220 - loadIPPluginJar : add genericplugin
2023-05-15 19:34:00,532 [INFO] IPUIPlugin:80 - create IPUIPlugin
2023-05-15 19:34:00,533 [INFO] PluginManager:220 - loadIPPluginJar : add gfxmmu
2023-05-15 19:34:00,624 [INFO] IPUIPlugin:80 - create IPUIPlugin
2023-05-15 19:34:00,625 [INFO] PluginManager:220 - loadIPPluginJar : add gic
2023-05-15 19:34:00,636 [INFO] IPUIPlugin:80 - create IPUIPlugin
2023-05-15 19:34:00,636 [INFO] PluginManager:220 - loadIPPluginJar : add gpio
2023-05-15 19:34:00,703 [INFO] IPUIPlugin:80 - create IPUIPlugin
2023-05-15 19:34:00,704 [INFO] PluginManager:220 - loadIPPluginJar : add gtzc
2023-05-15 19:34:00,728 [INFO] IPUIPlugin:80 - create IPUIPlugin
2023-05-15 19:34:00,728 [INFO] PluginManager:220 - loadIPPluginJar : add hash
2023-05-15 19:34:00,767 [INFO] IPUIPlugin:80 - create IPUIPlugin
2023-05-15 19:34:00,767 [INFO] PluginManager:220 - loadIPPluginJar : add i2c
2023-05-15 19:34:00,799 [INFO] IPUIPlugin:80 - create IPUIPlugin
2023-05-15 19:34:00,800 [INFO] PluginManager:220 - loadIPPluginJar : add i2s
2023-05-15 19:34:00,832 [INFO] IPUIPlugin:80 - create IPUIPlugin
2023-05-15 19:34:00,832 [INFO] PluginManager:220 - loadIPPluginJar : add i3c
2023-05-15 19:34:00,914 [INFO] IPUIPlugin:80 - create IPUIPlugin
2023-05-15 19:34:00,914 [INFO] PluginManager:220 - loadIPPluginJar : add ipddr
2023-05-15 19:34:00,979 [INFO] IPUIPlugin:80 - create IPUIPlugin
2023-05-15 19:34:00,979 [INFO] PluginManager:220 - loadIPPluginJar : add linkedlist
2023-05-15 19:34:01,006 [INFO] IPUIPlugin:80 - create IPUIPlugin
2023-05-15 19:34:01,006 [INFO] PluginManager:220 - loadIPPluginJar : add lorawan
2023-05-15 19:34:01,032 [INFO] IPUIPlugin:80 - create IPUIPlugin
2023-05-15 19:34:01,032 [INFO] PluginManager:220 - loadIPPluginJar : add ltdc
2023-05-15 19:34:01,044 [INFO] IPUIPlugin:80 - create IPUIPlugin
2023-05-15 19:34:01,044 [INFO] PluginManager:220 - loadIPPluginJar : add mdma
2023-05-15 19:34:01,054 [INFO] IPUIPlugin:80 - create IPUIPlugin
2023-05-15 19:34:01,054 [INFO] PluginManager:220 - loadIPPluginJar : add nvic
2023-05-15 19:34:01,080 [INFO] IPUIPlugin:80 - create IPUIPlugin
2023-05-15 19:34:01,081 [INFO] PluginManager:220 - loadIPPluginJar : add opamp
2023-05-15 19:34:01,122 [INFO] IPUIPlugin:80 - create IPUIPlugin
2023-05-15 19:34:01,122 [INFO] PluginManager:220 - loadIPPluginJar : add openamp
2023-05-15 19:34:01,153 [INFO] IPUIPlugin:80 - create IPUIPlugin
2023-05-15 19:34:01,154 [INFO] PluginManager:220 - loadIPPluginJar : add pdm2pcm
2023-05-15 19:34:01,166 [INFO] IPUIPlugin:80 - create IPUIPlugin
2023-05-15 19:34:01,168 [INFO] PluginManager:220 - loadIPPluginJar : add plateformsettings
2023-05-15 19:34:01,184 [INFO] IPUIPlugin:80 - create IPUIPlugin
2023-05-15 19:34:01,184 [INFO] PluginManager:220 - loadIPPluginJar : add quadspi
2023-05-15 19:34:01,195 [INFO] IPUIPlugin:80 - create IPUIPlugin
2023-05-15 19:34:01,195 [INFO] PluginManager:220 - loadIPPluginJar : add resmgrutility
2023-05-15 19:34:01,232 [INFO] IPUIPlugin:80 - create IPUIPlugin
2023-05-15 19:34:01,232 [INFO] PluginManager:220 - loadIPPluginJar : add sai
2023-05-15 19:34:01,259 [INFO] IPUIPlugin:80 - create IPUIPlugin
2023-05-15 19:34:01,259 [INFO] PluginManager:220 - loadIPPluginJar : add spi
2023-05-15 19:34:01,302 [INFO] IPUIPlugin:80 - create IPUIPlugin
2023-05-15 19:34:01,302 [INFO] PluginManager:220 - loadIPPluginJar : add stm32_wpan
2023-05-15 19:34:01,319 [INFO] IPUIPlugin:80 - create IPUIPlugin
2023-05-15 19:34:01,320 [INFO] PluginManager:220 - loadIPPluginJar : add tim
2023-05-15 19:34:01,360 [INFO] IPUIPlugin:80 - create IPUIPlugin
2023-05-15 19:34:01,360 [INFO] PluginManager:220 - loadIPPluginJar : add touchsensing
2023-05-15 19:34:01,377 [INFO] IPUIPlugin:80 - create IPUIPlugin
2023-05-15 19:34:01,377 [INFO] PluginManager:220 - loadIPPluginJar : add tracer_emb
2023-05-15 19:34:01,395 [INFO] IPUIPlugin:80 - create IPUIPlugin
2023-05-15 19:34:01,395 [INFO] PluginManager:220 - loadIPPluginJar : add ts
2023-05-15 19:34:01,411 [INFO] IPUIPlugin:80 - create IPUIPlugin
2023-05-15 19:34:01,411 [INFO] PluginManager:220 - loadIPPluginJar : add tsc
2023-05-15 19:34:01,427 [INFO] IPUIPlugin:80 - create IPUIPlugin
2023-05-15 19:34:01,427 [INFO] PluginManager:220 - loadIPPluginJar : add ucpd
2023-05-15 19:34:01,459 [INFO] IPUIPlugin:80 - create IPUIPlugin
2023-05-15 19:34:01,460 [INFO] PluginManager:220 - loadIPPluginJar : add usart
2023-05-15 19:34:01,492 [INFO] IPUIPlugin:80 - create IPUIPlugin
2023-05-15 19:34:01,492 [INFO] PluginManager:220 - loadIPPluginJar : add usbx
2023-05-15 19:34:01,608 [INFO] CADModel:165 - CPN selected for project level
2023-05-15 19:34:01,608 [INFO] CADModel:114 - Register for checkConnection events
2023-05-15 19:34:01,608 [FATAL] Updater:308 - Updater called before beeing initialized
2023-05-15 19:34:01,608 [ERROR] CADModel:125 - Updater not yet initialized, retry later 
2023-05-15 19:34:01,736 [INFO] CADModel:165 - CPN selected for project level
2023-05-15 19:34:01,736 [INFO] CADModel:114 - Register for checkConnection events
2023-05-15 19:34:01,736 [FATAL] Updater:308 - Updater called before beeing initialized
2023-05-15 19:34:01,736 [ERROR] CADModel:125 - Updater not yet initialized, retry later 
2023-05-15 19:34:01,738 [FATAL] Updater:308 - Updater called before beeing initialized
2023-05-15 19:34:01,847 [FATAL] Updater:308 - Updater called before beeing initialized
2023-05-15 19:34:01,856 [INFO] DbMcusAds:53 - JSON generation date=Tue Mar 07 00:50:54 PST 2023 (1678179054945)
2023-05-15 19:34:01,857 [FATAL] Updater:308 - Updater called before beeing initialized
2023-05-15 19:34:01,901 [WARN] DetailPanel:346 - Failed to get advertising image, set to default
2023-05-15 19:34:02,007 [FATAL] Updater:308 - Updater called before beeing initialized
2023-05-15 19:34:02,009 [FATAL] Updater:308 - Updater called before beeing initialized
2023-05-15 19:34:02,009 [FATAL] Updater:308 - Updater called before beeing initialized
2023-05-15 19:34:02,009 [WARN] DetailPanel:346 - Failed to get advertising image, set to default
2023-05-15 19:34:02,010 [FATAL] Updater:308 - Updater called before beeing initialized
2023-05-15 19:34:02,059 [ERROR] Updater:1120 - MainUpdater not yet initialized. External WinMGr cannot be set.
2023-05-15 19:34:02,066 [INFO] Updater:1056 - Updater Version found : 6.8.0
2023-05-15 19:34:02,080 [INFO] ApplicationProperties:184 - Using Application install path: C:\Users\Wilso\Desktop\329\STM32CubeIDE_1.12.0\STM32CubeIDE\plugins\com.st.stm32cube.common.mx_6.8.0.202302231600
2023-05-15 19:34:02,209 [INFO] MainUpdater:2854 - connection check result : 10
2023-05-15 19:34:02,209 [INFO] MainUpdater:3548 - Updater definition file requires update
2023-05-15 19:34:02,210 [INFO] MainUpdater:283 - Updater Check For Update Now.
2023-05-15 19:34:02,210 [INFO] MicroXplorer:498 - Change Database Version : DB.6.0.80
2023-05-15 19:34:02,236 [INFO] ServerAccessManage:473 - Download File updaters.zip
2023-05-15 19:34:02,307 [INFO] FileExtend:240 - Unzip File : updaters.zip
2023-05-15 19:34:02,307 [INFO] FileExtend:255 - Standard Zip Deflate
2023-05-15 19:34:02,555 [INFO] ServerAccessManage:473 - Download File PacksControlFlags.xml
2023-05-15 19:34:02,610 [INFO] ServerAccessManage:473 - Download File cubemx.pidx
2023-05-15 19:34:02,731 [WARN] MainUpdater:1187 - Updater busy. Cannot search thirdparties
2023-05-15 19:34:02,731 [INFO] ThirdPartyUpdaterWithRetryManager:96 - Updater plugin is busy. [1/15]
2023-05-15 19:34:02,808 [INFO] ServerAccessManage:473 - Download File STMicroelectronics.FP-SNS-FLIGHT1.pdsc
2023-05-15 19:34:02,858 [INFO] ServerAccessManage:473 - Download File STMicroelectronics.FP-SNS-MOTENV1.pdsc
2023-05-15 19:34:02,934 [INFO] ServerAccessManage:473 - Download File STMicroelectronics.X-CUBE-AI.pdsc
2023-05-15 19:34:03,539 [INFO] ServerAccessManage:473 - Download File STMicroelectronics.X-CUBE-TOUCHGFX.pdsc
2023-05-15 19:34:04,191 [WARN] PackLoader:240 - Cannot read IP mode file for STMicroelectronics.FP-SNS-FLIGHT1.5.0.0
2023-05-15 19:34:04,194 [ERROR] RealEvaluatedCondition:428 - Found unsupported composite condition: CLASS='Data Exchange' GROUP='STM32_MetaDataManager'
2023-05-15 19:34:04,195 [ERROR] RealEvaluatedCondition:428 - Found unsupported composite condition: CLASS='Data Exchange' GROUP='STM32_MetaDataManager'
2023-05-15 19:34:04,196 [WARN] PackLoader:240 - Cannot read IP mode file for STMicroelectronics.FP-SNS-MOTENV1.4.3.0
2023-05-15 19:34:04,201 [WARN] PackLoader:240 - Cannot read IP mode file for STMicroelectronics.X-CUBE-AI.8.0.1
2023-05-15 19:34:04,204 [WARN] PackLoader:240 - Cannot read IP mode file for STMicroelectronics.X-CUBE-TOUCHGFX.4.21.4
2023-05-15 19:34:04,205 [INFO] PopulateThirdPartyThread:66 - Ending populate Thread
2023-05-15 19:34:04,209 [INFO] ThirdParty:1030 - CMSIS Pack Vendor :STMicroelectronics FP-SNS-MOTENV1 4.3.0
2023-05-15 19:34:04,209 [INFO] ThirdParty:1030 - CMSIS Pack Vendor :STMicroelectronics FP-SNS-FLIGHT1 5.0.0
2023-05-15 19:34:04,209 [INFO] ThirdParty:1030 - CMSIS Pack Vendor :STMicroelectronics X-CUBE-TOUCHGFX 4.21.4
2023-05-15 19:34:04,209 [INFO] ThirdParty:1030 - CMSIS Pack Vendor :STMicroelectronics X-CUBE-AI 8.0.1
2023-05-15 19:34:04,209 [INFO] LoadServerUpdatesThread:373 - End of LoadServerUpdate Thread
2023-05-15 19:34:04,297 [INFO] CheckServerUpdateThread:120 - End of CheckServer Thread
2023-05-15 19:34:04,480 [INFO] MainUpdater:2854 - connection check result : 10
2023-05-15 19:34:04,496 [INFO] McuFinderGlobals:66 - Set McuFinderConnectedMode to true
2023-05-15 19:34:04,744 [INFO] ServerAccessManage:473 - Download File mcusAds.json._tmp_
2023-05-15 19:34:04,862 [INFO] LoadUrlFilesThread:156 - End of LoadUrlFiles Thread
2023-05-15 19:34:05,023 [INFO] ServerAccessManage:473 - Download File cube-finder-db.zip
2023-05-15 19:34:05,738 [WARN] MainUpdater:1187 - Updater busy. Cannot search thirdparties
2023-05-15 19:34:05,738 [INFO] ThirdPartyUpdaterWithRetryManager:96 - Updater plugin is busy. [2/15]
2023-05-15 19:34:06,418 [INFO] FileExtend:240 - Unzip File : cube-finder-db.zip
2023-05-15 19:34:06,419 [INFO] FileExtend:255 - Standard Zip Deflate
2023-05-15 19:34:06,994 [INFO] LoadUrlFilesThread:156 - End of LoadUrlFiles Thread
2023-05-15 19:34:07,878 [ERROR] LogOutputStream:75 - [STDERR_REDIRECT] SLF4J: Failed to load class "org.slf4j.impl.StaticLoggerBinder".
2023-05-15 19:34:07,878 [ERROR] LogOutputStream:75 - [STDERR_REDIRECT] SLF4J: Defaulting to no-operation (NOP) logger implementation
2023-05-15 19:34:07,879 [ERROR] LogOutputStream:75 - [STDERR_REDIRECT] SLF4J: See http://www.slf4j.org/codes.html#StaticLoggerBinder for further details.
2023-05-15 19:34:08,205 [INFO] ServerAccessManage:473 - Download File crdb.zip
2023-05-15 19:34:08,739 [WARN] MainUpdater:1187 - Updater busy. Cannot search thirdparties
2023-05-15 19:34:08,739 [INFO] ThirdPartyUpdaterWithRetryManager:96 - Updater plugin is busy. [3/15]
2023-05-15 19:34:11,745 [WARN] MainUpdater:1187 - Updater busy. Cannot search thirdparties
2023-05-15 19:34:11,745 [INFO] ThirdPartyUpdaterWithRetryManager:96 - Updater plugin is busy. [4/15]
2023-05-15 19:34:14,021 [INFO] FileExtend:240 - Unzip File : crdb.zip
2023-05-15 19:34:14,021 [INFO] FileExtend:255 - Standard Zip Deflate
2023-05-15 19:34:14,158 [INFO] LoadUrlFilesThread:156 - End of LoadUrlFiles Thread
2023-05-15 19:34:14,341 [INFO] ServerAccessManage:473 - Download File tutoVideoDB.zip
2023-05-15 19:34:14,387 [INFO] FileExtend:240 - Unzip File : tutoVideoDB.zip
2023-05-15 19:34:14,387 [INFO] FileExtend:255 - Standard Zip Deflate
2023-05-15 19:34:14,535 [INFO] LoadUrlFilesThread:156 - End of LoadUrlFiles Thread
2023-05-15 19:34:14,545 [WARN] DbFile:41 - Overriding database path with different value: C:\Users\Wilso\.stmcufinder\plugins\mcufinder/ => C:\Users\Wilso\.stmcufinder\plugins\mcufinder
2023-05-15 19:34:14,681 [INFO] ServerAccessManage:473 - Download File api_config.json
2023-05-15 19:34:14,748 [WARN] MainUpdater:1187 - Updater busy. Cannot search thirdparties
2023-05-15 19:34:14,748 [INFO] ThirdPartyUpdaterWithRetryManager:96 - Updater plugin is busy. [5/15]
2023-05-15 19:34:14,800 [INFO] LoadUrlFilesThread:156 - End of LoadUrlFiles Thread
2023-05-15 19:34:14,800 [INFO] DbMcusAds:53 - JSON generation date=Tue Mar 07 00:50:54 PST 2023 (1678179054945)
2023-05-15 19:34:14,819 [INFO] LoadUrlFilesThread:185 - End of LoadServerUrlFiles without Thread
2023-05-15 19:34:14,819 [INFO] TargetSelectorAdapter:259 - Refresh data is successful
2023-05-15 19:34:14,932 [INFO] ApiDb:581 - Connected to CubeFinder SQLite database (C:\Users\Wilso\.stmcufinder\plugins\mcufinder\mcu\cube-finder-db.db)
2023-05-15 19:34:14,982 [INFO] ApiDb:668 - CubeFinder database Data Model version=2.1
2023-05-15 19:34:14,982 [INFO] ApiDb:669 - CubeFinder database Configuration version=3.0.35
2023-05-15 19:34:14,982 [INFO] ApiDb:670 - CubeFinder database generation date=2023-04-03 (1680511692)
2023-05-15 19:34:14,982 [INFO] ApiDb:671 - CubeFinder database FW Pack versions=[FP-ATR-ASTRA1_V2.0.0, STM32Cube_FW_C0_V1.0.1, STM32Cube_FW_F0_V1.11.4, STM32Cube_FW_F3_V1.11.4, STM32Cube_FW_F4_V1.27.1, STM32Cube_FW_F7_V1.17.0, STM32Cube_FW_G0_V1.6.1, STM32Cube_FW_G4_V1.5.1, STM32Cube_FW_H5_V0.5.1, STM32Cube_FW_H5_V1.0.0, STM32Cube_FW_H7_V1.11.0, STM32Cube_FW_L0_V1.12.2, STM32Cube_FW_L5_V1.5.0, STM32Cube_FW_U5_V1.2.0, STM32Cube_FW_WBA_V1.0.0, STM32Cube_FW_WBA_V1.0.0RC1, STM32Cube_FW_WBA_V1.0.0RC3, STM32Cube_FW_WB_V1.15.0RC1, STM32Cube_FW_WB_V1.16.0, STM32Cube_FW_WB_V1.16.0RC2, STM32Cube_FW_WL_V1.3.0, X-CUBE-ALGOBUILD_V1.3.0, X-CUBE-ALS_V1.0.1, X-CUBE-AZRTOS-F4_V1.1.0, X-CUBE-AZRTOS-F7_V1.1.0, X-CUBE-AZRTOS-G0_V1.1.0, X-CUBE-AZRTOS-G4_V1.0.0, X-CUBE-AZRTOS-H7_V3.0.0, X-CUBE-AZRTOS-L4_V1.0.0, X-CUBE-AZRTOS-L5_V1.1.0, X-CUBE-AZRTOS-WB_V1.1.0, X-CUBE-AZRTOS-WL_V1.0.0, X-CUBE-BLE1_V6.2.4, X-CUBE-BLE2_V3.3.0, X-CUBE-BLEMGR_V1.3.0, X-CUBE-EEPRMA1_V4.1.0, X-CUBE-FREERTOS_V1.0.1, X-CUBE-GNSS1_V6.0.0, X-CUBE-MEMS1_V9.1.0, X-CUBE-MEMS1_V9.4.0, X-CUBE-MEMS1_V9.5.0, X-CUBE-NFC4_V3.0.0, X-CUBE-NFC7_V1.0.0, X-CUBE-SFXS2LP1_V4.0.0, X-CUBE-SUBG2_V5.0.0]
2023-05-15 19:34:16,284 [INFO] ApiDb:240 - Found 297 in-development CPN: [B-G473E-ZEST1S, B-WB1M-WPAN1, B-WL5M-SUBG1, NUCLEO-C031C6, NUCLEO-H503RB, NUCLEO-H563ZI, NUCLEO-U545RE-Q, NUCLEO-U5A5ZJ-Q, NUCLEO-WBA52CG, STEVAL-PROTEUS1, STEVAL-STWINBX1, STM320518-EVAL, STM32C0116-DK, STM32C011D6Y3TR, STM32C011D6Y6TR, STM32C011F4P3, STM32C011F4P6, STM32C011F4U3, STM32C011F4U6TR, STM32C011F6P3, STM32C011F6P6, STM32C011F6U3, STM32C011F6U6TR, STM32C011J4M3, STM32C011J4M6, STM32C011J6M3, STM32C011J6M6, STM32C0316-DK, STM32C031C4T3, STM32C031C4T6, STM32C031C4U3, STM32C031C4U6, STM32C031C6T3, STM32C031C6T6, STM32C031C6U3, STM32C031C6U6, STM32C031F4P3, STM32C031F4P6, STM32C031F6P3, STM32C031F6P6, STM32C031G4U3, STM32C031G4U6, STM32C031G6U3, STM32C031G6U6, STM32C031K4T3, STM32C031K4T6, STM32C031K4U3, STM32C031K4U6, STM32C031K6T3, STM32C031K6T6, STM32C031K6U3, STM32C031K6U6, STM32G071K8TXN, STM32G071K8UXN, STM32G081GBU6N, STM32G081KBT6N, STM32G081KBUXN, STM32G0B1CCT6N, STM32G0B1KCT6, STM32G0B1NEY6TR, STM32G0B1RCT6N, STM32G0C1CCT6, STM32G0C1CCT6N, STM32G0C1CCU6N, STM32G0C1CET6N, STM32G0C1CEU6N, STM32G0C1KCT6, STM32G0C1NEY6TR, STM32G0C1RCI6N, STM32G0C1RCT6N, STM32G0C1REI6N, STM32G0C1RET6N, STM32G0C1VCI6, STM32G0C1VEI6, STM32G471CCT6, STM32G471CCU6, STM32G471CET3, STM32G471CET6, STM32G471CEU3, STM32G471CEU6, STM32G471MCT6, STM32G471MET3, STM32G471MET6, STM32G471MEY6TR, STM32G471QCT6, STM32G471QET3, STM32G471RCT6, STM32G471RET3, STM32G471RET6, STM32G471VCH6, STM32G471VCI6, STM32G471VCT6, STM32G471VEH3, STM32G471VEH6, STM32G471VEI3, STM32G471VEI6, STM32G471VET3, STM32G471VET6, STM32G474CCT6, STM32H503CBT6, STM32H503CBU6, STM32H503EBY6TR, STM32H503KBU6, STM32H503RBT6, STM32H562AGI6, STM32H562AII6, STM32H562IGK6, STM32H562IGT6, STM32H562IIK6, STM32H562IIT6, STM32H562RGT6, STM32H562RGV6, STM32H562RIT6, STM32H562RIV6, STM32H562VGT6, STM32H562VIT6, STM32H562ZGT6, STM32H562ZIT6, STM32H563AGI6, STM32H563AII3Q, STM32H563AII6, STM32H563IGK6, STM32H563IGT6, STM32H563IIK3Q, STM32H563IIK6, STM32H563IIT3Q, STM32H563IIT6, STM32H563MIY3QTR, STM32H563RGT6, STM32H563RGV6, STM32H563RIT6, STM32H563RIV6, STM32H563VGT6, STM32H563VIT3Q, STM32H563VIT6, STM32H563ZGT6, STM32H563ZIT3Q, STM32H563ZIT6, STM32H573AII3Q, STM32H573AII6, STM32H573I-DK, STM32H573IIK3Q, STM32H573IIK6, STM32H573IIT3Q, STM32H573IIT6, STM32H573MIY3QTR, STM32H573RIT6, STM32H573RIV6, STM32H573VIT3Q, STM32H573VIT6, STM32H573ZIT3Q, STM32H573ZIT6, STM32L4R5QGI6STR, STM32MP131AAE3, STM32MP131AAF3, STM32MP131AAG3, STM32MP131CAE3, STM32MP131CAF3, STM32MP131CAG3, STM32MP131DAE7, STM32MP131DAF7, STM32MP131DAG7, STM32MP131FAE7, STM32MP131FAF7, STM32MP131FAG7, STM32MP133AAE3, STM32MP133AAF3, STM32MP133AAG3, STM32MP133CAE3, STM32MP133CAF3, STM32MP133CAG3, STM32MP133DAE7, STM32MP133DAF7, STM32MP133DAG7, STM32MP133FAE7, STM32MP133FAF7, STM32MP133FAG7, STM32MP135AAE3, STM32MP135AAF3, STM32MP135AAG3, STM32MP135CAE3, STM32MP135CAF3, STM32MP135CAG3, STM32MP135DAE7, STM32MP135DAF7, STM32MP135DAG7, STM32MP135F-DK, STM32MP135FAE7, STM32MP135FAF7, STM32MP135FAF7T, STM32MP135FAF7U, STM32MP135FAG7, STM32U535CBT6, STM32U535CBT6Q, STM32U535CBU6, STM32U535CBU6Q, STM32U535CCT6, STM32U535CCT6Q, STM32U535CCU6, STM32U535CCU6Q, STM32U535CET6, STM32U535CET6Q, STM32U535CEU6, STM32U535CEU6Q, STM32U535JEY6QTR, STM32U535NCY6QTR, STM32U535NEY6QTR, STM32U535RBI6, STM32U535RBI6Q, STM32U535RBT6, STM32U535RBT6Q, STM32U535RCI6, STM32U535RCI6Q, STM32U535RCT6, STM32U535RCT6Q, STM32U535REI6, STM32U535REI6Q, STM32U535RET6, STM32U535RET6Q, STM32U535VCI6, STM32U535VCI6Q, STM32U535VCT6, STM32U535VCT6Q, STM32U535VEI6, STM32U535VEI6Q, STM32U535VET6, STM32U535VET6Q, STM32U545CET6, STM32U545CET6Q, STM32U545CEU6, STM32U545CEU6Q, STM32U545JEY6QTR, STM32U545NEY6QTR, STM32U545REI6, STM32U545REI6Q, STM32U545RET6, STM32U545RET6Q, STM32U545VEI6, STM32U545VEI6Q, STM32U545VET6, STM32U545VET6Q, STM32U595AIH6, STM32U595AIH6Q, STM32U595AJH6, STM32U595AJH6Q, STM32U595QII6, STM32U595QII6Q, STM32U595QJI6, STM32U595QJI6Q, STM32U595RIT6, STM32U595RIT6Q, STM32U595RJT6, STM32U595RJT6Q, STM32U595VIT6, STM32U595VIT6Q, STM32U595VJT6, STM32U595VJT6Q, STM32U595ZIT6, STM32U595ZIT6Q, STM32U595ZIY6QTR, STM32U595ZJT6, STM32U595ZJT6Q, STM32U595ZJY6QTR, STM32U599BJY6QTR, STM32U599NIH6Q, STM32U599NJH6Q, STM32U599VIT6Q, STM32U599VJT6, STM32U599VJT6Q, STM32U599ZIT6Q, STM32U599ZIY6QTR, STM32U599ZJT6Q, STM32U599ZJY6QTR, STM32U5A5AJH6, STM32U5A5AJH6Q, STM32U5A5QJI6, STM32U5A5QJI6Q, STM32U5A5RJT6, STM32U5A5RJT6Q, STM32U5A5VJT6, STM32U5A5VJT6Q, STM32U5A5ZJT6, STM32U5A5ZJT6Q, STM32U5A5ZJY6QTR, STM32U5A9BJY6QTR, STM32U5A9J-DK, STM32U5A9NJH6Q, STM32U5A9VJT6Q, STM32U5A9ZJT6Q, STM32U5A9ZJY6QTR, STM32WB1MMCH6, STM32WBA52CEU6, STM32WBA52CEU6T, STM32WBA52CGU6, STM32WBA52CGU6T, STM32WL5MOCH6, STM32WL5MOCH6TR]
2023-05-15 19:34:16,287 [INFO] DbMcus:216 - Found 3775 MCUs, 3775 are supported
2023-05-15 19:34:16,290 [INFO] ApiDb:423 - Load user favorites file C:\Users\Wilso/.stm32cubeide/favorites.mcus.txt: 0 item(s)
2023-05-15 19:34:16,290 [INFO] ApiDb:427 - User favorites MCUs=[]
2023-05-15 19:34:16,290 [INFO] DbMcus:222 - Set 0 / 0 favorites MCUs
2023-05-15 19:34:16,461 [INFO] ApiDb:668 - CubeFinder database Data Model version=2.1
2023-05-15 19:34:16,462 [INFO] ApiDb:669 - CubeFinder database Configuration version=3.0.35
2023-05-15 19:34:16,462 [INFO] ApiDb:670 - CubeFinder database generation date=2023-04-03 (1680511692)
2023-05-15 19:34:16,462 [INFO] ApiDb:671 - CubeFinder database FW Pack versions=[FP-ATR-ASTRA1_V2.0.0, STM32Cube_FW_C0_V1.0.1, STM32Cube_FW_F0_V1.11.4, STM32Cube_FW_F3_V1.11.4, STM32Cube_FW_F4_V1.27.1, STM32Cube_FW_F7_V1.17.0, STM32Cube_FW_G0_V1.6.1, STM32Cube_FW_G4_V1.5.1, STM32Cube_FW_H5_V0.5.1, STM32Cube_FW_H5_V1.0.0, STM32Cube_FW_H7_V1.11.0, STM32Cube_FW_L0_V1.12.2, STM32Cube_FW_L5_V1.5.0, STM32Cube_FW_U5_V1.2.0, STM32Cube_FW_WBA_V1.0.0, STM32Cube_FW_WBA_V1.0.0RC1, STM32Cube_FW_WBA_V1.0.0RC3, STM32Cube_FW_WB_V1.15.0RC1, STM32Cube_FW_WB_V1.16.0, STM32Cube_FW_WB_V1.16.0RC2, STM32Cube_FW_WL_V1.3.0, X-CUBE-ALGOBUILD_V1.3.0, X-CUBE-ALS_V1.0.1, X-CUBE-AZRTOS-F4_V1.1.0, X-CUBE-AZRTOS-F7_V1.1.0, X-CUBE-AZRTOS-G0_V1.1.0, X-CUBE-AZRTOS-G4_V1.0.0, X-CUBE-AZRTOS-H7_V3.0.0, X-CUBE-AZRTOS-L4_V1.0.0, X-CUBE-AZRTOS-L5_V1.1.0, X-CUBE-AZRTOS-WB_V1.1.0, X-CUBE-AZRTOS-WL_V1.0.0, X-CUBE-BLE1_V6.2.4, X-CUBE-BLE2_V3.3.0, X-CUBE-BLEMGR_V1.3.0, X-CUBE-EEPRMA1_V4.1.0, X-CUBE-FREERTOS_V1.0.1, X-CUBE-GNSS1_V6.0.0, X-CUBE-MEMS1_V9.1.0, X-CUBE-MEMS1_V9.4.0, X-CUBE-MEMS1_V9.5.0, X-CUBE-NFC4_V3.0.0, X-CUBE-NFC7_V1.0.0, X-CUBE-SFXS2LP1_V4.0.0, X-CUBE-SUBG2_V5.0.0]
2023-05-15 19:34:16,504 [INFO] DbBoardsSqlite:226 - include board P-NUCLEO-WB55-NUCLEO as a kit item of type 'Nucleo-64'
2023-05-15 19:34:16,504 [INFO] DbBoardsSqlite:226 - include board P-NUCLEO-WB55-USBDONGLE as a kit item of type 'Nucleo USB Dongle'
2023-05-15 19:34:16,505 [INFO] DbBoardsSqlite:226 - include board STEVAL-IDP005V1 as a kit item of type 'Evaluation Board'
2023-05-15 19:34:16,505 [INFO] DbBoardsSqlite:226 - include board STEVAL-IDP005V2 as a kit item of type 'Evaluation Board'
2023-05-15 19:34:16,543 [INFO] ApiDb:240 - Found 297 in-development CPN: [B-G473E-ZEST1S, B-WB1M-WPAN1, B-WL5M-SUBG1, NUCLEO-C031C6, NUCLEO-H503RB, NUCLEO-H563ZI, NUCLEO-U545RE-Q, NUCLEO-U5A5ZJ-Q, NUCLEO-WBA52CG, STEVAL-PROTEUS1, STEVAL-STWINBX1, STM320518-EVAL, STM32C0116-DK, STM32C011D6Y3TR, STM32C011D6Y6TR, STM32C011F4P3, STM32C011F4P6, STM32C011F4U3, STM32C011F4U6TR, STM32C011F6P3, STM32C011F6P6, STM32C011F6U3, STM32C011F6U6TR, STM32C011J4M3, STM32C011J4M6, STM32C011J6M3, STM32C011J6M6, STM32C0316-DK, STM32C031C4T3, STM32C031C4T6, STM32C031C4U3, STM32C031C4U6, STM32C031C6T3, STM32C031C6T6, STM32C031C6U3, STM32C031C6U6, STM32C031F4P3, STM32C031F4P6, STM32C031F6P3, STM32C031F6P6, STM32C031G4U3, STM32C031G4U6, STM32C031G6U3, STM32C031G6U6, STM32C031K4T3, STM32C031K4T6, STM32C031K4U3, STM32C031K4U6, STM32C031K6T3, STM32C031K6T6, STM32C031K6U3, STM32C031K6U6, STM32G071K8TXN, STM32G071K8UXN, STM32G081GBU6N, STM32G081KBT6N, STM32G081KBUXN, STM32G0B1CCT6N, STM32G0B1KCT6, STM32G0B1NEY6TR, STM32G0B1RCT6N, STM32G0C1CCT6, STM32G0C1CCT6N, STM32G0C1CCU6N, STM32G0C1CET6N, STM32G0C1CEU6N, STM32G0C1KCT6, STM32G0C1NEY6TR, STM32G0C1RCI6N, STM32G0C1RCT6N, STM32G0C1REI6N, STM32G0C1RET6N, STM32G0C1VCI6, STM32G0C1VEI6, STM32G471CCT6, STM32G471CCU6, STM32G471CET3, STM32G471CET6, STM32G471CEU3, STM32G471CEU6, STM32G471MCT6, STM32G471MET3, STM32G471MET6, STM32G471MEY6TR, STM32G471QCT6, STM32G471QET3, STM32G471RCT6, STM32G471RET3, STM32G471RET6, STM32G471VCH6, STM32G471VCI6, STM32G471VCT6, STM32G471VEH3, STM32G471VEH6, STM32G471VEI3, STM32G471VEI6, STM32G471VET3, STM32G471VET6, STM32G474CCT6, STM32H503CBT6, STM32H503CBU6, STM32H503EBY6TR, STM32H503KBU6, STM32H503RBT6, STM32H562AGI6, STM32H562AII6, STM32H562IGK6, STM32H562IGT6, STM32H562IIK6, STM32H562IIT6, STM32H562RGT6, STM32H562RGV6, STM32H562RIT6, STM32H562RIV6, STM32H562VGT6, STM32H562VIT6, STM32H562ZGT6, STM32H562ZIT6, STM32H563AGI6, STM32H563AII3Q, STM32H563AII6, STM32H563IGK6, STM32H563IGT6, STM32H563IIK3Q, STM32H563IIK6, STM32H563IIT3Q, STM32H563IIT6, STM32H563MIY3QTR, STM32H563RGT6, STM32H563RGV6, STM32H563RIT6, STM32H563RIV6, STM32H563VGT6, STM32H563VIT3Q, STM32H563VIT6, STM32H563ZGT6, STM32H563ZIT3Q, STM32H563ZIT6, STM32H573AII3Q, STM32H573AII6, STM32H573I-DK, STM32H573IIK3Q, STM32H573IIK6, STM32H573IIT3Q, STM32H573IIT6, STM32H573MIY3QTR, STM32H573RIT6, STM32H573RIV6, STM32H573VIT3Q, STM32H573VIT6, STM32H573ZIT3Q, STM32H573ZIT6, STM32L4R5QGI6STR, STM32MP131AAE3, STM32MP131AAF3, STM32MP131AAG3, STM32MP131CAE3, STM32MP131CAF3, STM32MP131CAG3, STM32MP131DAE7, STM32MP131DAF7, STM32MP131DAG7, STM32MP131FAE7, STM32MP131FAF7, STM32MP131FAG7, STM32MP133AAE3, STM32MP133AAF3, STM32MP133AAG3, STM32MP133CAE3, STM32MP133CAF3, STM32MP133CAG3, STM32MP133DAE7, STM32MP133DAF7, STM32MP133DAG7, STM32MP133FAE7, STM32MP133FAF7, STM32MP133FAG7, STM32MP135AAE3, STM32MP135AAF3, STM32MP135AAG3, STM32MP135CAE3, STM32MP135CAF3, STM32MP135CAG3, STM32MP135DAE7, STM32MP135DAF7, STM32MP135DAG7, STM32MP135F-DK, STM32MP135FAE7, STM32MP135FAF7, STM32MP135FAF7T, STM32MP135FAF7U, STM32MP135FAG7, STM32U535CBT6, STM32U535CBT6Q, STM32U535CBU6, STM32U535CBU6Q, STM32U535CCT6, STM32U535CCT6Q, STM32U535CCU6, STM32U535CCU6Q, STM32U535CET6, STM32U535CET6Q, STM32U535CEU6, STM32U535CEU6Q, STM32U535JEY6QTR, STM32U535NCY6QTR, STM32U535NEY6QTR, STM32U535RBI6, STM32U535RBI6Q, STM32U535RBT6, STM32U535RBT6Q, STM32U535RCI6, STM32U535RCI6Q, STM32U535RCT6, STM32U535RCT6Q, STM32U535REI6, STM32U535REI6Q, STM32U535RET6, STM32U535RET6Q, STM32U535VCI6, STM32U535VCI6Q, STM32U535VCT6, STM32U535VCT6Q, STM32U535VEI6, STM32U535VEI6Q, STM32U535VET6, STM32U535VET6Q, STM32U545CET6, STM32U545CET6Q, STM32U545CEU6, STM32U545CEU6Q, STM32U545JEY6QTR, STM32U545NEY6QTR, STM32U545REI6, STM32U545REI6Q, STM32U545RET6, STM32U545RET6Q, STM32U545VEI6, STM32U545VEI6Q, STM32U545VET6, STM32U545VET6Q, STM32U595AIH6, STM32U595AIH6Q, STM32U595AJH6, STM32U595AJH6Q, STM32U595QII6, STM32U595QII6Q, STM32U595QJI6, STM32U595QJI6Q, STM32U595RIT6, STM32U595RIT6Q, STM32U595RJT6, STM32U595RJT6Q, STM32U595VIT6, STM32U595VIT6Q, STM32U595VJT6, STM32U595VJT6Q, STM32U595ZIT6, STM32U595ZIT6Q, STM32U595ZIY6QTR, STM32U595ZJT6, STM32U595ZJT6Q, STM32U595ZJY6QTR, STM32U599BJY6QTR, STM32U599NIH6Q, STM32U599NJH6Q, STM32U599VIT6Q, STM32U599VJT6, STM32U599VJT6Q, STM32U599ZIT6Q, STM32U599ZIY6QTR, STM32U599ZJT6Q, STM32U599ZJY6QTR, STM32U5A5AJH6, STM32U5A5AJH6Q, STM32U5A5QJI6, STM32U5A5QJI6Q, STM32U5A5RJT6, STM32U5A5RJT6Q, STM32U5A5VJT6, STM32U5A5VJT6Q, STM32U5A5ZJT6, STM32U5A5ZJT6Q, STM32U5A5ZJY6QTR, STM32U5A9BJY6QTR, STM32U5A9J-DK, STM32U5A9NJH6Q, STM32U5A9VJT6Q, STM32U5A9ZJT6Q, STM32U5A9ZJY6QTR, STM32WB1MMCH6, STM32WBA52CEU6, STM32WBA52CEU6T, STM32WBA52CGU6, STM32WBA52CGU6T, STM32WL5MOCH6, STM32WL5MOCH6TR]
2023-05-15 19:34:16,632 [INFO] BoardInfo:880 - No configuration file found for board P-NUCLEO-WB55
2023-05-15 19:34:16,632 [INFO] DbBoards:157 - Kit is not supported: P-NUCLEO-WB55
2023-05-15 19:34:16,636 [INFO] BoardInfo:880 - No configuration file found for board STEVAL-BFA001V1B
2023-05-15 19:34:16,636 [INFO] DbBoards:157 - Kit is not supported: STEVAL-BFA001V1B
2023-05-15 19:34:16,637 [INFO] BoardInfo:880 - No configuration file found for board STEVAL-BFA001V2B
2023-05-15 19:34:16,637 [INFO] DbBoards:157 - Kit is not supported: STEVAL-BFA001V2B
2023-05-15 19:34:16,727 [INFO] DbBoards:161 - Found 187 boards, 184 are supported
2023-05-15 19:34:16,729 [INFO] ApiDb:423 - Load user favorites file C:\Users\Wilso/.stm32cubeide/favorites.boards.txt: 0 item(s)
2023-05-15 19:34:16,729 [INFO] ApiDb:427 - User favorites Boards=[]
2023-05-15 19:34:16,729 [INFO] DbBoards:190 - Set 0 / 0 favorites Boards
2023-05-15 19:34:16,731 [INFO] ApiDb:668 - CubeFinder database Data Model version=2.1
2023-05-15 19:34:16,731 [INFO] ApiDb:669 - CubeFinder database Configuration version=3.0.35
2023-05-15 19:34:16,731 [INFO] ApiDb:670 - CubeFinder database generation date=2023-04-03 (1680511692)
2023-05-15 19:34:16,731 [INFO] ApiDb:671 - CubeFinder database FW Pack versions=[FP-ATR-ASTRA1_V2.0.0, STM32Cube_FW_C0_V1.0.1, STM32Cube_FW_F0_V1.11.4, STM32Cube_FW_F3_V1.11.4, STM32Cube_FW_F4_V1.27.1, STM32Cube_FW_F7_V1.17.0, STM32Cube_FW_G0_V1.6.1, STM32Cube_FW_G4_V1.5.1, STM32Cube_FW_H5_V0.5.1, STM32Cube_FW_H5_V1.0.0, STM32Cube_FW_H7_V1.11.0, STM32Cube_FW_L0_V1.12.2, STM32Cube_FW_L5_V1.5.0, STM32Cube_FW_U5_V1.2.0, STM32Cube_FW_WBA_V1.0.0, STM32Cube_FW_WBA_V1.0.0RC1, STM32Cube_FW_WBA_V1.0.0RC3, STM32Cube_FW_WB_V1.15.0RC1, STM32Cube_FW_WB_V1.16.0, STM32Cube_FW_WB_V1.16.0RC2, STM32Cube_FW_WL_V1.3.0, X-CUBE-ALGOBUILD_V1.3.0, X-CUBE-ALS_V1.0.1, X-CUBE-AZRTOS-F4_V1.1.0, X-CUBE-AZRTOS-F7_V1.1.0, X-CUBE-AZRTOS-G0_V1.1.0, X-CUBE-AZRTOS-G4_V1.0.0, X-CUBE-AZRTOS-H7_V3.0.0, X-CUBE-AZRTOS-L4_V1.0.0, X-CUBE-AZRTOS-L5_V1.1.0, X-CUBE-AZRTOS-WB_V1.1.0, X-CUBE-AZRTOS-WL_V1.0.0, X-CUBE-BLE1_V6.2.4, X-CUBE-BLE2_V3.3.0, X-CUBE-BLEMGR_V1.3.0, X-CUBE-EEPRMA1_V4.1.0, X-CUBE-FREERTOS_V1.0.1, X-CUBE-GNSS1_V6.0.0, X-CUBE-MEMS1_V9.1.0, X-CUBE-MEMS1_V9.4.0, X-CUBE-MEMS1_V9.5.0, X-CUBE-NFC4_V3.0.0, X-CUBE-NFC7_V1.0.0, X-CUBE-SFXS2LP1_V4.0.0, X-CUBE-SUBG2_V5.0.0]
2023-05-15 19:34:17,339 [INFO] DbExamplesSqlite:376 - Ignored 46 examples not supported by CubeIDE
2023-05-15 19:34:17,339 [INFO] DbExamplesSqlite:377 - Found 7336 examples active
2023-05-15 19:34:17,340 [INFO] DbExamplesSqlite:378 - Found 1095 examples obsolete
2023-05-15 19:34:17,340 [INFO] DbExamplesSqlite:379 - Found 0 examples under development
2023-05-15 19:34:17,340 [INFO] DbExamplesSqlite:380 - Found 77 examples not building
2023-05-15 19:34:17,341 [INFO] DbExamples:125 - Found 7367 examples
2023-05-15 19:34:17,350 [INFO] DbExamples:222 - Found 92 boards with related examples
2023-05-15 19:34:17,350 [INFO] DbExamples:235 - Found 78 MCUs with related examples
2023-05-15 19:34:17,363 [INFO] ApiDb:414 - User favorites file not found: C:\Users\Wilso/.stm32cubeide/favorites.examples.txt
2023-05-15 19:34:17,363 [INFO] DbExamples:250 - Set 0 / 0 favorites Examples
2023-05-15 19:34:17,585 [INFO] McuFinderGlobals:66 - Set McuFinderConnectedMode to true
2023-05-15 19:34:17,592 [INFO] MultiScanPanel:200 - Auto-refresh data requested => check proxy status ongoing
2023-05-15 19:34:17,596 [INFO] FinderPluginLoader:95 - Searching for filters in installed packs
2023-05-15 19:34:17,883 [WARN] PackLoader:240 - Cannot read IP mode file for STMicroelectronics.X-CUBE-GNSS1.6.0.0
2023-05-15 19:34:17,917 [WARN] PackLoader:240 - Cannot read IP mode file for STMicroelectronics.X-CUBE-AZRTOS-F4.1.1.0
2023-05-15 19:34:17,935 [WARN] PackLoader:240 - Cannot read IP mode file for STMicroelectronics.X-CUBE-SMBUS.2.1.0
2023-05-15 19:34:17,946 [WARN] PackLoader:240 - Cannot read IP mode file for wolfSSL.I-CUBE-wolfSSL.5.6.0
2023-05-15 19:34:17,974 [WARN] PackLoader:240 - Cannot read IP mode file for STMicroelectronics.X-CUBE-AZRTOS-F7.1.1.0
2023-05-15 19:34:18,032 [WARN] PackLoader:240 - Cannot read IP mode file for STMicroelectronics.X-CUBE-MEMS1.9.6.0
2023-05-15 19:34:18,219 [ERROR] RealEvaluatedCondition:428 - Found unsupported composite condition: GROUP='STM32_MetaDataManager' CLASS='Data Exchange'
2023-05-15 19:34:18,219 [ERROR] RealEvaluatedCondition:428 - Found unsupported composite condition: GROUP='STM32_MetaDataManager' CLASS='Data Exchange'
2023-05-15 19:34:18,221 [WARN] PackLoader:240 - Cannot read IP mode file for STMicroelectronics.FP-SNS-MOTENV1.4.3.0
2023-05-15 19:34:18,227 [WARN] PackLoader:240 - Cannot read IP mode file for STMicroelectronics.FP-SNS-FLIGHT1.5.0.0
2023-05-15 19:34:18,245 [WARN] PackLoader:240 - Cannot read IP mode file for STMicroelectronics.X-CUBE-BLE1.6.2.4
2023-05-15 19:34:18,265 [WARN] PackLoader:240 - Cannot read IP mode file for emotas.I-CUBE-CANOPEN.1.1.3
2023-05-15 19:34:18,285 [WARN] PackLoader:240 - Cannot read IP mode file for STMicroelectronics.X-CUBE-BLEMGR.2.0.0
2023-05-15 19:34:18,319 [WARN] ConditionMgr:438 - getConditionDescription Invalid condition id : UX DEVICE CLASS RTOS Condition cause : null
2023-05-15 19:34:18,319 [WARN] ConditionMgr:438 - getConditionDescription Invalid condition id : UX DEVICE CLASS RTOS Condition cause : null
2023-05-15 19:34:18,322 [WARN] PackLoader:240 - Cannot read IP mode file for STMicroelectronics.X-CUBE-AZRTOS-H7.3.1.0
2023-05-15 19:34:18,324 [WARN] ConditionMgr:1039 - genDependencies : Invalid condition id : UX DEVICE CLASS RTOS Condition cause : null
2023-05-15 19:34:18,324 [WARN] ConditionMgr:1039 - genDependencies : Invalid condition id : UX DEVICE CLASS RTOS Condition cause : null
2023-05-15 19:34:18,325 [WARN] ConditionMgr:1039 - genDependencies : Invalid condition id : UX DEVICE CLASS RTOS Condition cause : null
2023-05-15 19:34:18,325 [WARN] ConditionMgr:1039 - genDependencies : Invalid condition id : UX DEVICE CLASS RTOS Condition cause : null
2023-05-15 19:34:18,325 [WARN] ConditionMgr:1039 - genDependencies : Invalid condition id : UX DEVICE CLASS RTOS Condition cause : null
2023-05-15 19:34:18,340 [WARN] PackLoader:240 - Cannot read IP mode file for STMicroelectronics.X-CUBE-DISPLAY.3.0.0
2023-05-15 19:34:18,366 [WARN] PackLoader:240 - Cannot read IP mode file for STMicroelectronics.X-CUBE-NFC7.1.0.0
2023-05-15 19:34:18,384 [WARN] PackLoader:240 - Cannot read IP mode file for STMicroelectronics.X-CUBE-EEPRMA1.4.1.0
2023-05-15 19:34:18,454 [WARN] PackLoader:240 - Cannot read IP mode file for WES.I-CUBE-Cesium.1.3.0
2023-05-15 19:34:18,472 [WARN] PackLoader:240 - Cannot read IP mode file for STMicroelectronics.X-CUBE-SFXS2LP1.4.0.0
2023-05-15 19:34:18,489 [WARN] PackLoader:240 - Cannot read IP mode file for STMicroelectronics.X-CUBE-BLE2.3.3.0
2023-05-15 19:34:18,541 [WARN] PackLoader:240 - Cannot read IP mode file for STMicroelectronics.X-CUBE-AZRTOS-H7.3.0.0
2023-05-15 19:34:18,575 [WARN] PackLoader:240 - Cannot read IP mode file for STMicroelectronics.X-CUBE-ISPU.1.1.0
2023-05-15 19:34:18,596 [WARN] PackLoader:240 - Cannot read IP mode file for RoweBots.I-CUBE-UNISONRTOS.5.5.0-4
2023-05-15 19:34:18,635 [WARN] PackLoader:240 - Cannot read IP mode file for STMicroelectronics.X-CUBE-AI.8.0.0
2023-05-15 19:34:18,654 [WARN] PackLoader:240 - Cannot read IP mode file for STMicroelectronics.X-CUBE-FREERTOS.1.0.0
2023-05-15 19:34:18,668 [WARN] PackLoader:240 - Cannot read IP mode file for STMicroelectronics.X-CUBE-FREERTOS.1.0.1
2023-05-15 19:34:18,686 [WARN] PackLoader:240 - Cannot read IP mode file for STMicroelectronics.X-CUBE-TOUCHGFX.4.21.3
2023-05-15 19:34:18,688 [WARN] PackLoader:240 - Cannot read IP mode file for STMicroelectronics.X-CUBE-TOUCHGFX.4.21.4
2023-05-15 19:34:18,703 [WARN] PackLoader:240 - Cannot read IP mode file for STMicroelectronics.X-CUBE-ALGOBUILD.1.3.0
2023-05-15 19:34:18,745 [WARN] PackLoader:240 - Cannot read IP mode file for STMicroelectronics.X-CUBE-AZRTOS-L5.1.1.0
2023-05-15 19:34:18,798 [WARN] PackLoader:240 - Cannot read IP mode file for STMicroelectronics.X-CUBE-AZRTOS-G0.1.1.0
2023-05-15 19:34:18,802 [WARN] PackLoader:240 - Cannot read IP mode file for STMicroelectronics.X-CUBE-AI.8.0.1
2023-05-15 19:34:18,822 [WARN] PackLoader:240 - Cannot read IP mode file for STMicroelectronics.X-CUBE-SUBG2.5.0.0
2023-05-15 19:34:18,841 [WARN] PackLoader:240 - Cannot read IP mode file for STMicroelectronics.X-CUBE-NFC4.3.0.0
2023-05-15 19:34:18,877 [WARN] PackLoader:240 - Cannot read IP mode file for STMicroelectronics.X-CUBE-AZRTOS-G4.2.0.0
2023-05-15 19:34:18,904 [WARN] PackLoader:240 - Cannot read IP mode file for STMicroelectronics.X-CUBE-TOF1.3.3.0
2023-05-15 19:34:18,931 [WARN] PackLoader:240 - Cannot read IP mode file for STMicroelectronics.FP-ATR-ASTRA1.1.1.1
2023-05-15 19:34:18,964 [WARN] PackLoader:240 - Cannot read IP mode file for STMicroelectronics.X-CUBE-AZRTOS-G4.1.0.0
2023-05-15 19:34:18,971 [WARN] PackLoader:240 - Cannot read IP mode file for STMicroelectronics.FP-ATR-SIGFOX1.3.2.0
2023-05-15 19:34:19,004 [WARN] PackLoader:240 - Cannot read IP mode file for STMicroelectronics.X-CUBE-AZRTOS-L4.1.0.0
2023-05-15 19:34:19,034 [WARN] PackLoader:240 - Cannot read IP mode file for STMicroelectronics.X-CUBE-AZRTOS-WL.1.0.0
2023-05-15 19:34:19,056 [WARN] PackLoader:240 - Cannot read IP mode file for portGmbH.I-Cube-SoM-uGOAL.1.1.0
2023-05-15 19:34:19,070 [WARN] PackLoader:240 - Cannot read IP mode file for STMicroelectronics.X-CUBE-ALS.1.0.1
2023-05-15 19:34:19,149 [WARN] PackLoader:240 - Cannot read IP mode file for STMicroelectronics.X-CUBE-MEMS1.9.5.0
2023-05-15 19:34:19,299 [WARN] PackLoader:240 - Cannot read IP mode file for STMicroelectronics.X-CUBE-AZRTOS-WB.1.1.0
2023-05-15 19:34:19,356 [WARN] PackLoader:240 - Cannot read IP mode file for SEGGER.I-CUBE-embOS.1.3.1
2023-05-15 19:34:19,356 [INFO] LoadUrlFilesThread:185 - End of LoadServerUrlFiles without Thread
2023-05-15 19:34:19,369 [INFO] DetailPanel:341 - Set advertising image to C:/Users/Wilso/STM32Cube/Repository/\en.prom-stm32h5-mcu-finder.jpg
2023-05-15 19:34:19,419 [WARN] PackLoader:240 - Cannot read IP mode file for STMicroelectronics.FP-ATR-ASTRA1.2.0.0
2023-05-15 19:34:19,420 [INFO] ThirdParty:978 - Integrity check success = true
2023-05-15 19:34:19,420 [INFO] IntegrityCheckThread:100 - exiting critical section [integrity check]
2023-05-15 19:34:19,420 [INFO] IntegrityCheckThread:103 - End integrity checks thread
2023-05-15 19:38:56,602 [INFO] MainUpdater:2854 - connection check result : 10
2023-05-15 19:38:56,602 [INFO] MainUpdater:2854 - connection check result : 10
2023-05-15 19:38:56,624 [INFO] MicroXplorer:468 - Change Database Path : 
2023-05-15 19:38:56,624 [INFO] MicroXplorer:498 - Change Database Version : DB.6.0.80
2023-05-15 19:38:56,624 [WARN] ThirdParty:871 - waiting for thirdparty lock release [close project]
2023-05-15 19:38:56,624 [INFO] ThirdParty:873 - entering critical section [close project]
2023-05-15 19:38:56,625 [INFO] ThirdParty:883 - exiting critical section [close project]
2023-05-15 19:38:56,627 [INFO] PinOutPanel:1499 - setPackage(No Configuration,No Configuration)
2023-05-15 19:38:56,631 [INFO] UtilMem:75 - Begin LoadConfig() Used Memory: 535592968 Bytes (613416960)
2023-05-15 19:38:56,632 [INFO] MicroXplorer:468 - Change Database Path : 
2023-05-15 19:38:56,632 [INFO] MicroXplorer:498 - Change Database Version : DB.6.0.80
2023-05-15 19:38:56,632 [INFO] OpenFileManager:308 - Change cursor
2023-05-15 19:38:56,663 [INFO] Mcu:1937 - Initializing MCU STM32L4A6ZGTx STM32L4A6ZGTx 
2023-05-15 19:38:56,665 [INFO] Mcu:1950 - No CPN specified => set CPN to STM32L4A6ZGT6
2023-05-15 19:38:58,881 [INFO] Context:659 - Trying to add GPIOservice into a context  which must be forbidden
2023-05-15 19:38:59,571 [INFO] ImportTextPane:194 - (OptionalMessage_ERROR) Unable to find key (Mcu.ThirdPartyNb) in loaded IOC file
2023-05-15 19:38:59,571 [INFO] ImportTextPane:194 - (OptionalMessage_ERROR) Unable to find key (Mcu.PinsNb) in loaded IOC file
2023-05-15 19:38:59,571 [INFO] ImportTextPane:194 - (OptionalMessage_ERROR) Unable to find key (Mcu.IPNb) in loaded IOC file
2023-05-15 19:38:59,778 [INFO] RtosManager:555 - Registered RTOS mode: class=CMSIS, group=RTOS, mode=CMSIS_V1, owner=FREERTOS
2023-05-15 19:38:59,778 [INFO] RtosManager:555 - Registered RTOS mode: class=CMSIS, group=RTOS2, mode=CMSIS_V2, owner=FREERTOS
2023-05-15 19:38:59,779 [INFO] RtosManager:555 - Registered RTOS mode: class=RTOS, group=Core, mode=CMSIS_V1, owner=FREERTOS
2023-05-15 19:38:59,779 [INFO] RtosManager:555 - Registered RTOS mode: class=RTOS, group=Core, mode=CMSIS_V2, owner=FREERTOS
2023-05-15 19:38:59,779 [WARN] ModelIntegratedComponent:184 - Missing modes for component STMicroelectronics:FreeRTOS:0.0.1:STMicroelectronics:RTOS:FreeRTOS:Core:::10.2.0:
2023-05-15 19:38:59,787 [WARN] ModelIntegratedComponent:63 - No mode defined for component null
2023-05-15 19:38:59,788 [WARN] ModelIntegratedComponent:63 - No mode defined for component null
2023-05-15 19:38:59,788 [WARN] ModelIntegratedComponent:63 - No mode defined for component null
2023-05-15 19:38:59,788 [WARN] ModelIntegratedComponent:63 - No mode defined for component null
2023-05-15 19:38:59,788 [WARN] ModelIntegratedComponent:63 - No mode defined for component null
2023-05-15 19:38:59,788 [WARN] ModelIntegratedComponent:63 - No mode defined for component null
2023-05-15 19:38:59,788 [WARN] ModelIntegratedComponent:63 - No mode defined for component null
2023-05-15 19:38:59,788 [WARN] ModelIntegratedComponent:63 - No mode defined for component null
2023-05-15 19:38:59,788 [WARN] ModelIntegratedComponent:63 - No mode defined for component null
2023-05-15 19:38:59,788 [WARN] ModelIntegratedComponent:63 - No mode defined for component null
2023-05-15 19:38:59,788 [WARN] ModelIntegratedComponent:63 - No mode defined for component null
2023-05-15 19:38:59,788 [WARN] ModelIntegratedComponent:63 - No mode defined for component null
2023-05-15 19:38:59,788 [WARN] ModelIntegratedComponent:63 - No mode defined for component null
2023-05-15 19:38:59,789 [WARN] ModelIntegratedComponent:63 - No mode defined for component null
2023-05-15 19:38:59,789 [WARN] ModelIntegratedComponent:63 - No mode defined for component null
2023-05-15 19:38:59,789 [WARN] ModelIntegratedComponent:63 - No mode defined for component null
2023-05-15 19:38:59,789 [WARN] ModelIntegratedComponent:63 - No mode defined for component null
2023-05-15 19:38:59,789 [WARN] ModelIntegratedComponent:63 - No mode defined for component null
2023-05-15 19:38:59,789 [WARN] ModelIntegratedComponent:63 - No mode defined for component null
2023-05-15 19:38:59,790 [WARN] ModelIntegratedComponent:63 - No mode defined for component null
2023-05-15 19:38:59,790 [WARN] ModelIntegratedComponent:63 - No mode defined for component null
2023-05-15 19:38:59,790 [WARN] ModelIntegratedComponent:63 - No mode defined for component null
2023-05-15 19:38:59,791 [WARN] ModelIntegratedComponent:63 - No mode defined for component null
2023-05-15 19:38:59,791 [WARN] ModelIntegratedComponent:63 - No mode defined for component null
2023-05-15 19:38:59,791 [WARN] ModelIntegratedComponent:63 - No mode defined for component null
2023-05-15 19:38:59,791 [WARN] ModelIntegratedComponent:63 - No mode defined for component null
2023-05-15 19:38:59,791 [WARN] ModelIntegratedComponent:63 - No mode defined for component null
2023-05-15 19:38:59,791 [WARN] ModelIntegratedComponent:63 - No mode defined for component null
2023-05-15 19:38:59,791 [WARN] ModelIntegratedComponent:63 - No mode defined for component null
2023-05-15 19:38:59,791 [WARN] ModelIntegratedComponent:63 - No mode defined for component null
2023-05-15 19:38:59,791 [WARN] ModelIntegratedComponent:63 - No mode defined for component null
2023-05-15 19:38:59,792 [WARN] ModelIntegratedComponent:63 - No mode defined for component null
2023-05-15 19:38:59,792 [WARN] ModelIntegratedComponent:63 - No mode defined for component null
2023-05-15 19:38:59,878 [INFO] ThirdPartyModel:298 - Start build external matchings
2023-05-15 19:39:00,455 [INFO] ThirdPartyModel:316 - End build external matchings
2023-05-15 19:39:00,865 [INFO] UtilMem:75 - End LoadConfig() Used Memory: 511069088 Bytes (613416960)
2023-05-15 19:39:00,887 [WARN] ThirdParty:833 - waiting for thirdparty lock release [change project]
2023-05-15 19:39:00,887 [INFO] ThirdParty:835 - entering critical section [change project]
2023-05-15 19:39:00,887 [INFO] ThirdParty:1030 - CMSIS Pack Vendor :STMicroelectronics X-CUBE-ISPU 1.1.0
2023-05-15 19:39:00,887 [INFO] ThirdParty:1030 - CMSIS Pack Vendor :RoweBots I-CUBE-UNISONRTOS 5.5.0-4
2023-05-15 19:39:00,887 [INFO] ThirdParty:1030 - CMSIS Pack Vendor :STMicroelectronics X-CUBE-GNSS1 6.0.0
2023-05-15 19:39:00,887 [INFO] ThirdParty:1030 - CMSIS Pack Vendor :STMicroelectronics USB_HOST 2.0.0
2023-05-15 19:39:00,887 [INFO] ThirdParty:1030 - CMSIS Pack Vendor :STMicroelectronics X-CUBE-AZRTOS-F4 1.1.0
2023-05-15 19:39:00,888 [INFO] ThirdParty:1030 - CMSIS Pack Vendor :STMicroelectronics LIBJPEG 8.0.0
2023-05-15 19:39:00,888 [INFO] ThirdParty:1030 - CMSIS Pack Vendor :STMicroelectronics X-CUBE-SMBUS 2.1.0
2023-05-15 19:39:00,888 [INFO] ThirdParty:1030 - CMSIS Pack Vendor :wolfSSL I-CUBE-wolfSSL 5.6.0
2023-05-15 19:39:00,888 [INFO] ThirdParty:1030 - CMSIS Pack Vendor :STMicroelectronics USB_DEVICE 3.0.0
2023-05-15 19:39:00,888 [INFO] ThirdParty:1030 - CMSIS Pack Vendor :STMicroelectronics X-CUBE-AI 8.0.0
2023-05-15 19:39:00,888 [INFO] ThirdParty:1030 - CMSIS Pack Vendor :STMicroelectronics X-CUBE-FREERTOS 1.0.0
2023-05-15 19:39:00,888 [INFO] ThirdParty:1030 - CMSIS Pack Vendor :STMicroelectronics X-CUBE-FREERTOS 1.0.1
2023-05-15 19:39:00,888 [INFO] ThirdParty:1030 - CMSIS Pack Vendor :STMicroelectronics X-CUBE-TOUCHGFX 4.21.3
2023-05-15 19:39:00,888 [INFO] ThirdParty:1030 - CMSIS Pack Vendor :STMicroelectronics X-CUBE-AZRTOS-F7 1.1.0
2023-05-15 19:39:00,888 [INFO] ThirdParty:1030 - CMSIS Pack Vendor :STMicroelectronics X-CUBE-TOUCHGFX 4.21.4
2023-05-15 19:39:00,888 [INFO] ThirdParty:1030 - CMSIS Pack Vendor :STMicroelectronics USB_DEVICE 2.0.0
2023-05-15 19:39:00,888 [INFO] ThirdParty:1030 - CMSIS Pack Vendor :STMicroelectronics X-CUBE-MEMS1 9.6.0
2023-05-15 19:39:00,888 [INFO] ThirdParty:1030 - CMSIS Pack Vendor :STMicroelectronics FP-SNS-MOTENV1 4.3.0
2023-05-15 19:39:00,888 [INFO] ThirdParty:1030 - CMSIS Pack Vendor :STMicroelectronics FP-SNS-FLIGHT1 5.0.0
2023-05-15 19:39:00,888 [INFO] ThirdParty:1030 - CMSIS Pack Vendor :STMicroelectronics X-CUBE-ALGOBUILD 1.3.0
2023-05-15 19:39:00,888 [INFO] ThirdParty:1030 - CMSIS Pack Vendor :STMicroelectronics X-CUBE-BLE1 6.2.4
2023-05-15 19:39:00,888 [INFO] ThirdParty:1030 - CMSIS Pack Vendor :STMicroelectronics X-CUBE-AZRTOS-L5 1.1.0
2023-05-15 19:39:00,888 [INFO] ThirdParty:1030 - CMSIS Pack Vendor :STMicroelectronics FreeRTOS 0.0.1
2023-05-15 19:39:00,888 [INFO] ThirdParty:1030 - CMSIS Pack Vendor :emotas I-CUBE-CANOPEN 1.1.3
2023-05-15 19:39:00,888 [INFO] ThirdParty:1030 - CMSIS Pack Vendor :STMicroelectronics X-CUBE-AZRTOS-G0 1.1.0
2023-05-15 19:39:00,888 [INFO] ThirdParty:1030 - CMSIS Pack Vendor :STMicroelectronics X-CUBE-BLEMGR 2.0.0
2023-05-15 19:39:00,888 [INFO] ThirdParty:1030 - CMSIS Pack Vendor :STMicroelectronics X-CUBE-AI 8.0.1
2023-05-15 19:39:00,888 [INFO] ThirdParty:1030 - CMSIS Pack Vendor :STMicroelectronics X-CUBE-SUBG2 5.0.0
2023-05-15 19:39:00,889 [INFO] ThirdParty:1030 - CMSIS Pack Vendor :STMicroelectronics X-CUBE-NFC4 3.0.0
2023-05-15 19:39:00,889 [INFO] ThirdParty:1030 - CMSIS Pack Vendor :STMicroelectronics STM32_WPAN 1.0.0
2023-05-15 19:39:00,889 [INFO] ThirdParty:1030 - CMSIS Pack Vendor :STMicroelectronics lwIP 2.0.3
2023-05-15 19:39:00,889 [INFO] ThirdParty:1030 - CMSIS Pack Vendor :STMicroelectronics USB_HOST 1.0.0
2023-05-15 19:39:00,889 [INFO] ThirdParty:1030 - CMSIS Pack Vendor :STMicroelectronics X-CUBE-AZRTOS-G4 2.0.0
2023-05-15 19:39:00,889 [INFO] ThirdParty:1030 - CMSIS Pack Vendor :STMicroelectronics PDM2PCM 3.1.0
2023-05-15 19:39:00,889 [INFO] ThirdParty:1030 - CMSIS Pack Vendor :STMicroelectronics X-CUBE-AZRTOS-H7 3.1.0
2023-05-15 19:39:00,889 [INFO] ThirdParty:1030 - CMSIS Pack Vendor :STMicroelectronics X-CUBE-TOF1 3.3.0
2023-05-15 19:39:00,890 [INFO] ThirdParty:1030 - CMSIS Pack Vendor :STMicroelectronics FP-ATR-ASTRA1 1.1.1
2023-05-15 19:39:00,890 [INFO] ThirdParty:1030 - CMSIS Pack Vendor :STMicroelectronics PDM2PCM 3.3.0
2023-05-15 19:39:00,890 [INFO] ThirdParty:1030 - CMSIS Pack Vendor :STMicroelectronics X-CUBE-DISPLAY 3.0.0
2023-05-15 19:39:00,890 [INFO] ThirdParty:1030 - CMSIS Pack Vendor :STMicroelectronics X-CUBE-AZRTOS-G4 1.0.0
2023-05-15 19:39:00,890 [INFO] ThirdParty:1030 - CMSIS Pack Vendor :STMicroelectronics FP-ATR-SIGFOX1 3.2.0
2023-05-15 19:39:00,890 [INFO] ThirdParty:1030 - CMSIS Pack Vendor :STMicroelectronics X-CUBE-AZRTOS-L4 1.0.0
2023-05-15 19:39:00,890 [INFO] ThirdParty:1030 - CMSIS Pack Vendor :STMicroelectronics HAL Drivers 0.0.0
2023-05-15 19:39:00,890 [INFO] ThirdParty:1030 - CMSIS Pack Vendor :STMicroelectronics MBEDTLS 2.16.2
2023-05-15 19:39:00,890 [INFO] ThirdParty:1030 - CMSIS Pack Vendor :STMicroelectronics MBEDTLS 2.14.1
2023-05-15 19:39:00,890 [INFO] ThirdParty:1030 - CMSIS Pack Vendor :STMicroelectronics X-CUBE-NFC7 1.0.0
2023-05-15 19:39:00,890 [INFO] ThirdParty:1030 - CMSIS Pack Vendor :STMicroelectronics X-CUBE-AZRTOS-WL 1.0.0
2023-05-15 19:39:00,890 [INFO] ThirdParty:1030 - CMSIS Pack Vendor :STMicroelectronics X-CUBE-EEPRMA1 4.1.0
2023-05-15 19:39:00,890 [INFO] ThirdParty:1030 - CMSIS Pack Vendor :portGmbH I-Cube-SoM-uGOAL 1.1.0
2023-05-15 19:39:00,890 [INFO] ThirdParty:1030 - CMSIS Pack Vendor :STMicroelectronics X-CUBE-ALS 1.0.1
2023-05-15 19:39:00,890 [INFO] ThirdParty:1030 - CMSIS Pack Vendor :STMicroelectronics X-CUBE-MEMS1 9.5.0
2023-05-15 19:39:00,890 [INFO] ThirdParty:1030 - CMSIS Pack Vendor :STMicroelectronics ThreadX 1.0.0
2023-05-15 19:39:00,890 [INFO] ThirdParty:1030 - CMSIS Pack Vendor :STMicroelectronics X-CUBE-AZRTOS-WB 1.1.0
2023-05-15 19:39:00,890 [INFO] ThirdParty:1030 - CMSIS Pack Vendor :SEGGER I-CUBE-embOS 1.3.1
2023-05-15 19:39:00,891 [INFO] ThirdParty:1030 - CMSIS Pack Vendor :STMicroelectronics USB_DEVICE 1.0.0
2023-05-15 19:39:00,891 [INFO] ThirdParty:1030 - CMSIS Pack Vendor :STMicroelectronics ThreadX 0.0.2
2023-05-15 19:39:00,891 [INFO] ThirdParty:1030 - CMSIS Pack Vendor :WES I-CUBE-Cesium 1.3.0
2023-05-15 19:39:00,891 [INFO] ThirdParty:1030 - CMSIS Pack Vendor :STMicroelectronics FP-ATR-ASTRA1 2.0.0
2023-05-15 19:39:00,891 [INFO] ThirdParty:1030 - CMSIS Pack Vendor :STMicroelectronics lwIP 2.1.2
2023-05-15 19:39:00,891 [INFO] ThirdParty:1030 - CMSIS Pack Vendor :STMicroelectronics X-CUBE-SFXS2LP1 4.0.0
2023-05-15 19:39:00,891 [INFO] ThirdParty:1030 - CMSIS Pack Vendor :STMicroelectronics X-CUBE-BLE2 3.3.0
2023-05-15 19:39:00,891 [INFO] ThirdParty:1030 - CMSIS Pack Vendor :STMicroelectronics PDM2PCM 3.2.0
2023-05-15 19:39:00,891 [INFO] ThirdParty:1030 - CMSIS Pack Vendor :STMicroelectronics X-CUBE-AZRTOS-H7 3.0.0
2023-05-15 19:39:00,891 [INFO] ThirdParty:841 - exiting critical section [change project]
2023-05-15 19:39:01,399 [INFO] PinOutPanel:1499 - setPackage(No Configuration,No Configuration)
2023-05-15 19:39:01,400 [INFO] PinOutPanel:1499 - setPackage(STM32L4A6ZGTx,LQFP144)
2023-05-15 19:39:01,952 [INFO] UtilMem:75 - Before build in PCC Used Memory: 538110464 Bytes (613416960)
2023-05-15 19:39:02,799 [INFO] UtilMem:75 - After build in PCC Used Memory: 520816096 Bytes (613416960)
2023-05-15 19:39:02,838 [INFO] IPUIPlugin:80 - create IPUIPlugin
2023-05-15 19:39:02,838 [INFO] IPUIPlugin:80 - create IPUIPlugin
2023-05-15 19:39:02,838 [INFO] IPUIPlugin:80 - create IPUIPlugin
2023-05-15 19:39:02,838 [INFO] IPUIPlugin:80 - create IPUIPlugin
2023-05-15 19:39:02,838 [INFO] IPUIPlugin:80 - create IPUIPlugin
2023-05-15 19:39:02,838 [INFO] IPUIPlugin:80 - create IPUIPlugin
2023-05-15 19:39:02,838 [INFO] IPUIPlugin:80 - create IPUIPlugin
2023-05-15 19:39:02,839 [INFO] IPUIPlugin:80 - create IPUIPlugin
2023-05-15 19:39:02,839 [INFO] IPUIPlugin:80 - create IPUIPlugin
2023-05-15 19:39:02,839 [INFO] IPUIPlugin:80 - create IPUIPlugin
2023-05-15 19:39:02,839 [INFO] IPUIPlugin:80 - create IPUIPlugin
2023-05-15 19:39:02,839 [INFO] IPUIPlugin:80 - create IPUIPlugin
2023-05-15 19:39:02,840 [INFO] IPUIPlugin:80 - create IPUIPlugin
2023-05-15 19:39:02,840 [INFO] IPUIPlugin:80 - create IPUIPlugin
2023-05-15 19:39:02,840 [INFO] IPUIPlugin:80 - create IPUIPlugin
2023-05-15 19:39:02,840 [INFO] IPUIPlugin:80 - create IPUIPlugin
2023-05-15 19:39:02,840 [INFO] IPUIPlugin:80 - create IPUIPlugin
2023-05-15 19:39:02,840 [INFO] IPUIPlugin:80 - create IPUIPlugin
2023-05-15 19:39:02,840 [INFO] IPUIPlugin:80 - create IPUIPlugin
2023-05-15 19:39:02,840 [INFO] IPUIPlugin:80 - create IPUIPlugin
2023-05-15 19:39:02,840 [INFO] IPUIPlugin:80 - create IPUIPlugin
2023-05-15 19:39:02,841 [INFO] IPUIPlugin:80 - create IPUIPlugin
2023-05-15 19:39:02,841 [INFO] IPUIPlugin:80 - create IPUIPlugin
2023-05-15 19:39:02,841 [INFO] IPUIPlugin:80 - create IPUIPlugin
2023-05-15 19:39:02,841 [INFO] IPUIPlugin:80 - create IPUIPlugin
2023-05-15 19:39:02,842 [INFO] IPUIPlugin:80 - create IPUIPlugin
2023-05-15 19:39:02,842 [INFO] IPUIPlugin:80 - create IPUIPlugin
2023-05-15 19:39:02,842 [INFO] IPUIPlugin:80 - create IPUIPlugin
2023-05-15 19:39:02,843 [INFO] IPUIPlugin:80 - create IPUIPlugin
2023-05-15 19:39:02,843 [INFO] IPUIPlugin:80 - create IPUIPlugin
2023-05-15 19:39:02,843 [INFO] IPUIPlugin:80 - create IPUIPlugin
2023-05-15 19:39:02,843 [INFO] IPUIPlugin:80 - create IPUIPlugin
2023-05-15 19:39:02,844 [INFO] IPUIPlugin:80 - create IPUIPlugin
2023-05-15 19:39:02,844 [INFO] IPUIPlugin:80 - create IPUIPlugin
2023-05-15 19:39:02,844 [INFO] IPUIPlugin:80 - create IPUIPlugin
2023-05-15 19:39:02,845 [INFO] IPUIPlugin:80 - create IPUIPlugin
2023-05-15 19:39:02,845 [INFO] IPUIPlugin:80 - create IPUIPlugin
2023-05-15 19:39:02,845 [INFO] IPUIPlugin:80 - create IPUIPlugin
2023-05-15 19:39:02,845 [INFO] IPUIPlugin:80 - create IPUIPlugin
2023-05-15 19:39:02,846 [INFO] IPUIPlugin:80 - create IPUIPlugin
2023-05-15 19:39:02,846 [INFO] IPUIPlugin:80 - create IPUIPlugin
2023-05-15 19:39:02,846 [INFO] IPUIPlugin:80 - create IPUIPlugin
2023-05-15 19:39:02,847 [INFO] IPUIPlugin:80 - create IPUIPlugin
2023-05-15 19:39:02,848 [INFO] IPUIPlugin:80 - create IPUIPlugin
2023-05-15 19:39:02,848 [INFO] IPUIPlugin:80 - create IPUIPlugin
2023-05-15 19:39:02,849 [INFO] IPUIPlugin:80 - create IPUIPlugin
2023-05-15 19:39:02,849 [INFO] IPUIPlugin:80 - create IPUIPlugin
2023-05-15 19:39:02,849 [INFO] IPUIPlugin:80 - create IPUIPlugin
2023-05-15 19:39:02,849 [INFO] IPUIPlugin:80 - create IPUIPlugin
2023-05-15 19:39:02,850 [INFO] IPUIPlugin:80 - create IPUIPlugin
2023-05-15 19:39:02,851 [INFO] IPUIPlugin:80 - create IPUIPlugin
2023-05-15 19:39:02,851 [INFO] IPUIPlugin:80 - create IPUIPlugin
2023-05-15 19:39:02,852 [INFO] IPUIPlugin:80 - create IPUIPlugin
2023-05-15 19:39:02,852 [INFO] IPUIPlugin:80 - create IPUIPlugin
2023-05-15 19:39:02,853 [INFO] IPUIPlugin:80 - create IPUIPlugin
2023-05-15 19:39:02,853 [INFO] IPUIPlugin:80 - create IPUIPlugin
2023-05-15 19:39:02,853 [INFO] IPUIPlugin:80 - create IPUIPlugin
2023-05-15 19:39:02,854 [INFO] IPUIPlugin:80 - create IPUIPlugin
2023-05-15 19:39:02,854 [INFO] IPUIPlugin:80 - create IPUIPlugin
2023-05-15 19:39:02,854 [INFO] IPUIPlugin:80 - create IPUIPlugin
2023-05-15 19:39:02,855 [INFO] IPUIPlugin:80 - create IPUIPlugin
2023-05-15 19:39:02,855 [INFO] IPUIPlugin:80 - create IPUIPlugin
2023-05-15 19:39:02,855 [INFO] IPUIPlugin:80 - create IPUIPlugin
2023-05-15 19:39:02,856 [INFO] IPUIPlugin:80 - create IPUIPlugin
2023-05-15 19:39:02,856 [INFO] IPUIPlugin:80 - create IPUIPlugin
2023-05-15 19:39:02,856 [INFO] IPUIPlugin:80 - create IPUIPlugin
2023-05-15 19:39:03,015 [INFO] CADModel:165 - CPN selected for project levelSTM32L4A6ZGT6
2023-05-15 19:39:03,015 [INFO] CADModel:114 - Register for checkConnection events
2023-05-15 19:39:03,068 [INFO] OpenFileManager:328 - Restore cursor
2023-05-15 19:39:03,651 [INFO] UtilMem:75 - End SaveConfig() Used Memory: 524962736 Bytes (613416960)
2023-05-15 19:39:03,705 [INFO] UtilMem:75 - End SaveConfig() Used Memory: 517389736 Bytes (613416960)
2023-05-15 19:39:04,158 [INFO] BlockDiagram:2759 - set Specific Code input for plugin: RCC
2023-05-15 19:39:04,159 [INFO] BlockDiagram:2759 - set Specific Code input for plugin: NVIC
2023-05-15 19:39:04,160 [INFO] CodeGenerator:793 - code generatio: config db path: C:\Users\Wilso\Desktop\329\STM32CubeIDE_1.12.0\STM32CubeIDE\plugins\com.st.stm32cube.common.mx_6.8.0.202302231600\\db\
2023-05-15 19:39:04,489 [INFO] CodeEngine:255 - oldGeneratedFile, C:\Users\Wilso\Desktop\Code\C\A6\MXTmpFiles\license.tmp_save
2023-05-15 19:39:04,863 [INFO] CodeEngine:279 - Generated code: C:\Users\Wilso\Desktop\Code\C\A6\MXTmpFiles\license.tmp
2023-05-15 19:39:04,887 [INFO] CodeEngine:255 - oldGeneratedFile, C:\Users\Wilso\Desktop\Code\C\A6\Core\Src\stm32l4xx_it.c_save
2023-05-15 19:39:05,072 [INFO] CodeEngine:279 - Generated code: C:\Users\Wilso\Desktop\Code\C\A6\Core\Src\stm32l4xx_it.c
2023-05-15 19:39:05,082 [INFO] CodeEngine:255 - oldGeneratedFile, C:\Users\Wilso\Desktop\Code\C\A6\Core\Inc\stm32l4xx_it.h_save
2023-05-15 19:39:05,207 [INFO] CodeEngine:279 - Generated code: C:\Users\Wilso\Desktop\Code\C\A6\Core\Inc\stm32l4xx_it.h
2023-05-15 19:39:05,382 [INFO] CodeEngine:255 - oldGeneratedFile, C:\Users\Wilso\Desktop\Code\C\A6\Core\Src\stm32l4xx_hal_msp.c_save
2023-05-15 19:39:05,519 [INFO] CodeEngine:279 - Generated code: C:\Users\Wilso\Desktop\Code\C\A6\Core\Src\stm32l4xx_hal_msp.c
2023-05-15 19:39:05,527 [INFO] CodeEngine:255 - oldGeneratedFile, C:\Users\Wilso\Desktop\Code\C\A6\MXTmpFiles\system.tmp_save
2023-05-15 19:39:05,583 [INFO] CodeEngine:279 - Generated code: C:\Users\Wilso\Desktop\Code\C\A6\MXTmpFiles\system.tmp
2023-05-15 19:39:05,596 [INFO] CodeEngine:311 - oldGeneratedFile, C:\Users\Wilso\Desktop\Code\C\A6\Core\Inc\stm32l4xx_hal_conf.h_save
2023-05-15 19:39:05,734 [INFO] CodeEngine:335 - Generated code: C:\Users\Wilso\Desktop\Code\C\A6\Core\Inc\stm32l4xx_hal_conf.h
2023-05-15 19:39:05,804 [INFO] CodeEngine:255 - oldGeneratedFile, C:\Users\Wilso\Desktop\Code\C\A6\Core\Inc\main.h_save
2023-05-15 19:39:05,890 [INFO] CodeEngine:279 - Generated code: C:\Users\Wilso\Desktop\Code\C\A6\Core\Inc\main.h
2023-05-15 19:39:05,899 [INFO] CodeEngine:255 - oldGeneratedFile, C:\Users\Wilso\Desktop\Code\C\A6\Core\Src\main.c_save
2023-05-15 19:39:06,003 [INFO] CodeEngine:279 - Generated code: C:\Users\Wilso\Desktop\Code\C\A6\Core\Src\main.c
2023-05-15 19:39:06,707 [INFO] ProjectBuilder:2996 - Time for Copy HAL[1] : 266mS.
2023-05-15 19:39:06,716 [INFO] ProjectBuilder:4304 - Project Generator version: 3.19.2
2023-05-15 19:39:06,940 [INFO] ConfigFileManager:1483 - The Die is : DIE461
2023-05-15 19:39:06,954 [INFO] ApiDbMcu:507 - Load IP Config File for FATFS
2023-05-15 19:39:06,964 [INFO] ApiDbMcu:507 - Load IP Config File for FREERTOS
2023-05-15 19:39:06,982 [INFO] ApiDbMcu:507 - Load IP Config File for TOUCHSENSING
2023-05-15 19:39:06,992 [INFO] ApiDbMcu:507 - Load IP Config File for USB_DEVICE
2023-05-15 19:39:07,002 [INFO] ApiDbMcu:507 - Load IP Config File for USB_HOST
2023-05-15 19:39:07,870 [INFO] LogOutputStream:77 - [STDOUT_REDIRECT] 
2023-05-15 19:39:11,041 [INFO] ProjectBuilder:4505 - Time for Generating toolchain IDE Files: 4324mS.
2023-05-15 19:39:11,042 [INFO] ProjectBuilder:2867 - Time for Copy CMSIS : 0mS.
2023-05-15 19:39:11,043 [INFO] ProjectBuilder:2867 - Time for Copy CMSIS : 0mS.
2023-05-15 19:39:12,139 [INFO] McuFinderGlobals:66 - Set McuFinderConnectedMode to true
2023-05-15 19:39:12,141 [INFO] ApiDb:448 - Save user favorites file C:\Users\Wilso/.stm32cubeide/favorites.mcus.txt: 0 item(s)
2023-05-15 19:39:12,141 [INFO] ApiDb:452 - User favorites MCUs=[]
