2023-06-03 08:54:07,146 [INFO] ApplicationProperties:184 - Using Application install path: C:\Users\Wilso\Desktop\329\STM32CubeIDE_1.12.0\STM32CubeIDE\plugins\com.st.stm32cube.common.mx_6.8.0.202302231600
2023-06-03 08:54:07,167 [INFO] DbMcusXml:78 - Set database path to: C:\Users\Wilso\Desktop\329\STM32CubeIDE_1.12.0\STM32CubeIDE\plugins\com.st.stm32cube.common.mx_6.8.0.202302231600\\db\/mcu/
2023-06-03 08:54:07,168 [INFO] ApiDb:274 - Set plugin database path to: C:\Users\Wilso\Desktop\329\STM32CubeIDE_1.12.0\STM32CubeIDE\plugins\com.st.stm32cube.common.mx_6.8.0.202302231600\\db\/plugins/boardmanager/
2023-06-03 08:54:07,169 [WARN] ApiDb:259 - Overriding images path with different value:  => C:\Users\Wilso\Desktop\329\STM32CubeIDE_1.12.0\STM32CubeIDE\plugins\com.st.stm32cube.common.mx_6.8.0.202302231600\\db\/plugins/mcufinder/images/
2023-06-03 08:54:07,181 [INFO] ApiDb:250 - Set database path to: C:\Users\Wilso\.stmcufinder\plugins\mcufinder//mcu/
2023-06-03 08:54:07,183 [INFO] DbMcusAds:125 - Set database path to: C:\Users\Wilso\.stmcufinder\plugins\mcufinder//mcu/
2023-06-03 08:54:07,250 [INFO] CrossReferenceDbSqlite:203 - Set database path to: C:\Users\Wilso\.stmcufinder\plugins\mcufinder//mcu/cs/
2023-06-03 08:54:07,347 [INFO] RulesReader:64 - Compatibility file has been processed (293 Rules)
2023-06-03 08:54:07,416 [INFO] DbMcusXml:78 - Set database path to: C:\Users\Wilso\Desktop\329\STM32CubeIDE_1.12.0\STM32CubeIDE\plugins\com.st.stm32cube.common.mx_6.8.0.202302231600\\db\/mcu/
2023-06-03 08:54:07,416 [INFO] ApiDb:274 - Set plugin database path to: C:\Users\Wilso\Desktop\329\STM32CubeIDE_1.12.0\STM32CubeIDE\plugins\com.st.stm32cube.common.mx_6.8.0.202302231600\\db\/plugins/boardmanager/
2023-06-03 08:54:07,416 [INFO] ApiDb:261 - Set plugin images path to: C:\Users\Wilso\Desktop\329\STM32CubeIDE_1.12.0\STM32CubeIDE\plugins\com.st.stm32cube.common.mx_6.8.0.202302231600\\db\/plugins/mcufinder/images/
2023-06-03 08:54:07,416 [WARN] DbFile:41 - Overriding database path with different value: C:\Users\Wilso\.stmcufinder\plugins\mcufinder/ => C:\Users\Wilso\.stmcufinder\plugins\mcufinder
2023-06-03 08:54:07,416 [INFO] ApiDb:250 - Set database path to: C:\Users\Wilso\.stmcufinder\plugins\mcufinder//mcu/
2023-06-03 08:54:07,417 [WARN] DbFile:41 - Overriding database path with different value: C:\Users\Wilso\.stmcufinder\plugins\mcufinder/ => C:\Users\Wilso\.stmcufinder\plugins\mcufinder
2023-06-03 08:54:07,417 [INFO] DbMcusAds:125 - Set database path to: C:\Users\Wilso\.stmcufinder\plugins\mcufinder//mcu/
2023-06-03 08:54:07,417 [WARN] DbFile:41 - Overriding database path with different value: C:\Users\Wilso\.stmcufinder\plugins\mcufinder/ => C:\Users\Wilso\.stmcufinder\plugins\mcufinder
2023-06-03 08:54:07,417 [WARN] DbFile:41 - Overriding database path with different value: C:\Users\Wilso\.stmcufinder\plugins\mcufinder/ => C:\Users\Wilso\.stmcufinder\plugins\mcufinder
2023-06-03 08:54:07,417 [INFO] CrossReferenceDbSqlite:203 - Set database path to: C:\Users\Wilso\.stmcufinder\plugins\mcufinder//mcu/cs/
2023-06-03 08:54:07,473 [INFO] MainPanel:253 - HeapMemory: 602931200
2023-06-03 08:54:07,553 [INFO] DbMcusXml:78 - Set database path to: C:\Users\Wilso\Desktop\329\STM32CubeIDE_1.12.0\STM32CubeIDE\plugins\com.st.stm32cube.common.mx_6.8.0.202302231600\\db\/mcu/
2023-06-03 08:54:07,553 [INFO] ApiDb:274 - Set plugin database path to: C:\Users\Wilso\Desktop\329\STM32CubeIDE_1.12.0\STM32CubeIDE\plugins\com.st.stm32cube.common.mx_6.8.0.202302231600\\db\/plugins/boardmanager/
2023-06-03 08:54:07,553 [INFO] ApiDb:261 - Set plugin images path to: C:\Users\Wilso\Desktop\329\STM32CubeIDE_1.12.0\STM32CubeIDE\plugins\com.st.stm32cube.common.mx_6.8.0.202302231600\\db\/plugins/mcufinder/images/
2023-06-03 08:54:07,554 [WARN] DbFile:41 - Overriding database path with different value: C:\Users\Wilso\.stmcufinder\plugins\mcufinder/ => C:\Users\Wilso\.stmcufinder\plugins\mcufinder
2023-06-03 08:54:07,554 [INFO] ApiDb:250 - Set database path to: C:\Users\Wilso\.stmcufinder\plugins\mcufinder//mcu/
2023-06-03 08:54:07,554 [WARN] DbFile:41 - Overriding database path with different value: C:\Users\Wilso\.stmcufinder\plugins\mcufinder/ => C:\Users\Wilso\.stmcufinder\plugins\mcufinder
2023-06-03 08:54:07,554 [INFO] DbMcusAds:125 - Set database path to: C:\Users\Wilso\.stmcufinder\plugins\mcufinder//mcu/
2023-06-03 08:54:07,554 [WARN] DbFile:41 - Overriding database path with different value: C:\Users\Wilso\.stmcufinder\plugins\mcufinder/ => C:\Users\Wilso\.stmcufinder\plugins\mcufinder
2023-06-03 08:54:07,554 [WARN] DbFile:41 - Overriding database path with different value: C:\Users\Wilso\.stmcufinder\plugins\mcufinder/ => C:\Users\Wilso\.stmcufinder\plugins\mcufinder
2023-06-03 08:54:07,554 [INFO] CrossReferenceDbSqlite:203 - Set database path to: C:\Users\Wilso\.stmcufinder\plugins\mcufinder//mcu/cs/
2023-06-03 08:54:07,569 [INFO] ApplicationProperties:184 - Using Application install path: C:\Users\Wilso\Desktop\329\STM32CubeIDE_1.12.0\STM32CubeIDE\plugins\com.st.stm32cube.common.mx_6.8.0.202302231600
2023-06-03 08:54:07,570 [INFO] PluginManage:196 - Search for loadable plugins [exclusion list=, ]
2023-06-03 08:54:07,572 [INFO] PluginManage:310 - Check plugin analytics
2023-06-03 08:54:07,710 [INFO] AnalyticsPlugin:253 - Accepted Software Licenses: 
2023-06-03 08:54:07,710 [INFO] AnalyticsPlugin:255 - Accepted CMSIS Pack Licenses: 
2023-06-03 08:54:07,710 [INFO] AnalyticsPlugin:257 - Accepted Firmware Licenses: 
2023-06-03 08:54:07,718 [INFO] PluginManage:359 - Loaded plugin analytics (category:tool,tabindex:-1)
2023-06-03 08:54:07,718 [INFO] PluginManage:310 - Check plugin cadmodel
2023-06-03 08:54:07,731 [INFO] CADModel:105 - Init CAD model plugin
2023-06-03 08:54:07,731 [INFO] PluginManage:359 - Loaded plugin cadmodel (category:power,tabindex:5)
2023-06-03 08:54:07,731 [INFO] PluginManage:310 - Check plugin clock
2023-06-03 08:54:07,748 [INFO] PluginManage:359 - Loaded plugin clock (category:base,tabindex:2)
2023-06-03 08:54:07,748 [INFO] PluginManage:310 - Check plugin ddr
2023-06-03 08:54:07,750 [INFO] PluginManage:359 - Loaded plugin ddr (category:tool,tabindex:6)
2023-06-03 08:54:07,750 [INFO] PluginManage:310 - Check plugin filemanager
2023-06-03 08:54:07,863 [INFO] PluginManage:359 - Loaded plugin filemanager (category:base,tabindex:10)
2023-06-03 08:54:07,863 [INFO] PluginManage:310 - Check plugin ipmanager
2023-06-03 08:54:07,868 [INFO] PluginManage:359 - Loaded plugin ipmanager (category:base,tabindex:5)
2023-06-03 08:54:07,868 [INFO] PluginManage:310 - Check plugin lpbam
2023-06-03 08:54:07,882 [INFO] PluginManage:359 - Loaded plugin lpbam (category:base,tabindex:0)
2023-06-03 08:54:07,882 [INFO] PluginManage:310 - Check plugin pinoutandconfiguration
2023-06-03 08:54:07,895 [INFO] PluginManage:359 - Loaded plugin pinoutandconfiguration (category:base,tabindex:1)
2023-06-03 08:54:07,895 [INFO] PluginManage:310 - Check plugin pinoutconfig
2023-06-03 08:54:07,986 [WARN] SupportedApi:132 - Cannot load RTOS API schema: s4s-elt-must-match.1: The content of 'definitions' must match (annotation?, (simpleType | complexType)?, (unique | key | keyref)*)). A problem was found starting at: attribute.
2023-06-03 08:54:08,106 [INFO] PluginManage:359 - Loaded plugin pinoutconfig (category:base,tabindex:0)
2023-06-03 08:54:08,106 [INFO] PluginManage:310 - Check plugin power
2023-06-03 08:54:08,122 [INFO] PluginManage:359 - Loaded plugin power (category:power,tabindex:4)
2023-06-03 08:54:08,122 [INFO] PluginManage:310 - Check plugin projectmanager
2023-06-03 08:54:08,136 [INFO] PluginManage:359 - Loaded plugin projectmanager (category:projectmanager,tabindex:3)
2023-06-03 08:54:08,136 [INFO] PluginManage:310 - Check plugin thirdparty
2023-06-03 08:54:08,319 [INFO] PluginManage:359 - Loaded plugin thirdparty (category:base,tabindex:-1)
2023-06-03 08:54:08,319 [WARN] IntegrityCheckThread:84 - waiting for thirdparty lock release [integrity check]
2023-06-03 08:54:08,319 [INFO] PluginManage:310 - Check plugin tools
2023-06-03 08:54:08,320 [INFO] IntegrityCheckThread:86 - entering critical section [integrity check]
2023-06-03 08:54:08,321 [INFO] ThirdPartyUpdaterWithRetryManager:70 - Updater plugin not ready yet. [1/15]
2023-06-03 08:54:08,340 [INFO] PluginManage:359 - Loaded plugin tools (category:base,tabindex:7)
2023-06-03 08:54:08,340 [INFO] PluginManage:310 - Check plugin tutovideos
2023-06-03 08:54:08,562 [INFO] PluginManage:359 - Loaded plugin tutovideos (category:base,tabindex:-1)
2023-06-03 08:54:08,562 [INFO] PluginManage:310 - Check plugin updater
2023-06-03 08:54:08,580 [INFO] PluginManage:359 - Loaded plugin updater (category:base,tabindex:12)
2023-06-03 08:54:08,581 [INFO] PluginManage:283 - PluginManage : Loaded plugins [15]
2023-06-03 08:54:08,805 [INFO] PinOutPanel:1499 - setPackage(No Configuration,No Configuration)
2023-06-03 08:54:08,863 [INFO] CADModel:165 - CPN selected for project level
2023-06-03 08:54:08,863 [INFO] CADModel:114 - Register for checkConnection events
2023-06-03 08:54:08,886 [INFO] IPUIPlugin:80 - create IPUIPlugin
2023-06-03 08:54:08,886 [INFO] PluginManager:220 - loadIPPluginJar : add adc
2023-06-03 08:54:08,915 [INFO] IPUIPlugin:80 - create IPUIPlugin
2023-06-03 08:54:08,915 [INFO] PluginManager:220 - loadIPPluginJar : add aes
2023-06-03 08:54:08,944 [INFO] IPUIPlugin:80 - create IPUIPlugin
2023-06-03 08:54:08,944 [INFO] PluginManager:220 - loadIPPluginJar : add can
2023-06-03 08:54:08,960 [INFO] IPUIPlugin:80 - create IPUIPlugin
2023-06-03 08:54:08,960 [INFO] PluginManager:220 - loadIPPluginJar : add comp
2023-06-03 08:54:08,979 [INFO] IPUIPlugin:80 - create IPUIPlugin
2023-06-03 08:54:08,980 [INFO] PluginManager:220 - loadIPPluginJar : add cryp
2023-06-03 08:54:08,998 [INFO] IPUIPlugin:80 - create IPUIPlugin
2023-06-03 08:54:08,998 [INFO] PluginManager:220 - loadIPPluginJar : add dfsdm
2023-06-03 08:54:09,009 [INFO] IPUIPlugin:80 - create IPUIPlugin
2023-06-03 08:54:09,010 [INFO] PluginManager:220 - loadIPPluginJar : add dma
2023-06-03 08:54:09,038 [INFO] IPUIPlugin:80 - create IPUIPlugin
2023-06-03 08:54:09,038 [INFO] PluginManager:220 - loadIPPluginJar : add dma3
2023-06-03 08:54:09,051 [INFO] IPUIPlugin:80 - create IPUIPlugin
2023-06-03 08:54:09,051 [INFO] PluginManager:220 - loadIPPluginJar : add fatfs
2023-06-03 08:54:09,081 [INFO] IPUIPlugin:80 - create IPUIPlugin
2023-06-03 08:54:09,081 [INFO] PluginManager:220 - loadIPPluginJar : add fmc
2023-06-03 08:54:09,093 [INFO] IPUIPlugin:80 - create IPUIPlugin
2023-06-03 08:54:09,094 [INFO] PluginManager:220 - loadIPPluginJar : add freertos
2023-06-03 08:54:09,105 [INFO] IPUIPlugin:80 - create IPUIPlugin
2023-06-03 08:54:09,106 [INFO] PluginManager:220 - loadIPPluginJar : add genericplugin
2023-06-03 08:54:09,164 [INFO] IPUIPlugin:80 - create IPUIPlugin
2023-06-03 08:54:09,164 [INFO] PluginManager:220 - loadIPPluginJar : add gfxmmu
2023-06-03 08:54:09,244 [INFO] IPUIPlugin:80 - create IPUIPlugin
2023-06-03 08:54:09,245 [INFO] PluginManager:220 - loadIPPluginJar : add gic
2023-06-03 08:54:09,254 [INFO] IPUIPlugin:80 - create IPUIPlugin
2023-06-03 08:54:09,254 [INFO] PluginManager:220 - loadIPPluginJar : add gpio
2023-06-03 08:54:09,314 [INFO] IPUIPlugin:80 - create IPUIPlugin
2023-06-03 08:54:09,314 [INFO] PluginManager:220 - loadIPPluginJar : add gtzc
2023-06-03 08:54:09,333 [INFO] IPUIPlugin:80 - create IPUIPlugin
2023-06-03 08:54:09,333 [INFO] PluginManager:220 - loadIPPluginJar : add hash
2023-06-03 08:54:09,367 [INFO] IPUIPlugin:80 - create IPUIPlugin
2023-06-03 08:54:09,367 [INFO] PluginManager:220 - loadIPPluginJar : add i2c
2023-06-03 08:54:09,391 [INFO] IPUIPlugin:80 - create IPUIPlugin
2023-06-03 08:54:09,391 [INFO] PluginManager:220 - loadIPPluginJar : add i2s
2023-06-03 08:54:09,417 [INFO] IPUIPlugin:80 - create IPUIPlugin
2023-06-03 08:54:09,417 [INFO] PluginManager:220 - loadIPPluginJar : add i3c
2023-06-03 08:54:09,487 [INFO] IPUIPlugin:80 - create IPUIPlugin
2023-06-03 08:54:09,487 [INFO] PluginManager:220 - loadIPPluginJar : add ipddr
2023-06-03 08:54:09,543 [INFO] IPUIPlugin:80 - create IPUIPlugin
2023-06-03 08:54:09,544 [INFO] PluginManager:220 - loadIPPluginJar : add linkedlist
2023-06-03 08:54:09,564 [INFO] IPUIPlugin:80 - create IPUIPlugin
2023-06-03 08:54:09,564 [INFO] PluginManager:220 - loadIPPluginJar : add lorawan
2023-06-03 08:54:09,586 [INFO] IPUIPlugin:80 - create IPUIPlugin
2023-06-03 08:54:09,586 [INFO] PluginManager:220 - loadIPPluginJar : add ltdc
2023-06-03 08:54:09,596 [INFO] IPUIPlugin:80 - create IPUIPlugin
2023-06-03 08:54:09,596 [INFO] PluginManager:220 - loadIPPluginJar : add mdma
2023-06-03 08:54:09,604 [INFO] IPUIPlugin:80 - create IPUIPlugin
2023-06-03 08:54:09,604 [INFO] PluginManager:220 - loadIPPluginJar : add nvic
2023-06-03 08:54:09,626 [INFO] IPUIPlugin:80 - create IPUIPlugin
2023-06-03 08:54:09,626 [INFO] PluginManager:220 - loadIPPluginJar : add opamp
2023-06-03 08:54:09,662 [INFO] IPUIPlugin:80 - create IPUIPlugin
2023-06-03 08:54:09,662 [INFO] PluginManager:220 - loadIPPluginJar : add openamp
2023-06-03 08:54:09,689 [INFO] IPUIPlugin:80 - create IPUIPlugin
2023-06-03 08:54:09,689 [INFO] PluginManager:220 - loadIPPluginJar : add pdm2pcm
2023-06-03 08:54:09,700 [INFO] IPUIPlugin:80 - create IPUIPlugin
2023-06-03 08:54:09,702 [INFO] PluginManager:220 - loadIPPluginJar : add plateformsettings
2023-06-03 08:54:09,716 [INFO] IPUIPlugin:80 - create IPUIPlugin
2023-06-03 08:54:09,716 [INFO] PluginManager:220 - loadIPPluginJar : add quadspi
2023-06-03 08:54:09,724 [INFO] IPUIPlugin:80 - create IPUIPlugin
2023-06-03 08:54:09,724 [INFO] PluginManager:220 - loadIPPluginJar : add resmgrutility
2023-06-03 08:54:09,755 [INFO] IPUIPlugin:80 - create IPUIPlugin
2023-06-03 08:54:09,755 [INFO] PluginManager:220 - loadIPPluginJar : add sai
2023-06-03 08:54:09,777 [INFO] IPUIPlugin:80 - create IPUIPlugin
2023-06-03 08:54:09,778 [INFO] PluginManager:220 - loadIPPluginJar : add spi
2023-06-03 08:54:09,814 [INFO] IPUIPlugin:80 - create IPUIPlugin
2023-06-03 08:54:09,814 [INFO] PluginManager:220 - loadIPPluginJar : add stm32_wpan
2023-06-03 08:54:09,830 [INFO] IPUIPlugin:80 - create IPUIPlugin
2023-06-03 08:54:09,830 [INFO] PluginManager:220 - loadIPPluginJar : add tim
2023-06-03 08:54:09,864 [INFO] IPUIPlugin:80 - create IPUIPlugin
2023-06-03 08:54:09,864 [INFO] PluginManager:220 - loadIPPluginJar : add touchsensing
2023-06-03 08:54:09,878 [INFO] IPUIPlugin:80 - create IPUIPlugin
2023-06-03 08:54:09,878 [INFO] PluginManager:220 - loadIPPluginJar : add tracer_emb
2023-06-03 08:54:09,892 [INFO] IPUIPlugin:80 - create IPUIPlugin
2023-06-03 08:54:09,892 [INFO] PluginManager:220 - loadIPPluginJar : add ts
2023-06-03 08:54:09,906 [INFO] IPUIPlugin:80 - create IPUIPlugin
2023-06-03 08:54:09,906 [INFO] PluginManager:220 - loadIPPluginJar : add tsc
2023-06-03 08:54:09,919 [INFO] IPUIPlugin:80 - create IPUIPlugin
2023-06-03 08:54:09,919 [INFO] PluginManager:220 - loadIPPluginJar : add ucpd
2023-06-03 08:54:09,946 [INFO] IPUIPlugin:80 - create IPUIPlugin
2023-06-03 08:54:09,946 [INFO] PluginManager:220 - loadIPPluginJar : add usart
2023-06-03 08:54:09,973 [INFO] IPUIPlugin:80 - create IPUIPlugin
2023-06-03 08:54:09,973 [INFO] PluginManager:220 - loadIPPluginJar : add usbx
2023-06-03 08:54:10,089 [INFO] CADModel:165 - CPN selected for project level
2023-06-03 08:54:10,089 [INFO] CADModel:114 - Register for checkConnection events
2023-06-03 08:54:10,089 [FATAL] Updater:308 - Updater called before beeing initialized
2023-06-03 08:54:10,089 [ERROR] CADModel:125 - Updater not yet initialized, retry later 
2023-06-03 08:54:10,213 [INFO] CADModel:165 - CPN selected for project level
2023-06-03 08:54:10,213 [INFO] CADModel:114 - Register for checkConnection events
2023-06-03 08:54:10,213 [FATAL] Updater:308 - Updater called before beeing initialized
2023-06-03 08:54:10,213 [ERROR] CADModel:125 - Updater not yet initialized, retry later 
2023-06-03 08:54:10,215 [FATAL] Updater:308 - Updater called before beeing initialized
2023-06-03 08:54:10,312 [FATAL] Updater:308 - Updater called before beeing initialized
2023-06-03 08:54:10,327 [INFO] DbMcusAds:53 - JSON generation date=Tue Mar 07 00:50:54 PST 2023 (1678179054945)
2023-06-03 08:54:10,327 [FATAL] Updater:308 - Updater called before beeing initialized
2023-06-03 08:54:10,409 [WARN] DetailPanel:346 - Failed to get advertising image, set to default
2023-06-03 08:54:10,508 [FATAL] Updater:308 - Updater called before beeing initialized
2023-06-03 08:54:10,510 [FATAL] Updater:308 - Updater called before beeing initialized
2023-06-03 08:54:10,510 [FATAL] Updater:308 - Updater called before beeing initialized
2023-06-03 08:54:10,510 [WARN] DetailPanel:346 - Failed to get advertising image, set to default
2023-06-03 08:54:10,511 [FATAL] Updater:308 - Updater called before beeing initialized
2023-06-03 08:54:10,558 [ERROR] Updater:1120 - MainUpdater not yet initialized. External WinMGr cannot be set.
2023-06-03 08:54:10,565 [INFO] Updater:1056 - Updater Version found : 6.8.0
2023-06-03 08:54:10,580 [INFO] ApplicationProperties:184 - Using Application install path: C:\Users\Wilso\Desktop\329\STM32CubeIDE_1.12.0\STM32CubeIDE\plugins\com.st.stm32cube.common.mx_6.8.0.202302231600
2023-06-03 08:54:10,717 [INFO] MainUpdater:2854 - connection check result : 10
2023-06-03 08:54:10,717 [INFO] MainUpdater:3548 - Updater definition file requires update
2023-06-03 08:54:10,718 [INFO] MainUpdater:283 - Updater Check For Update Now.
2023-06-03 08:54:10,718 [INFO] MicroXplorer:498 - Change Database Version : DB.6.0.80
2023-06-03 08:54:10,752 [INFO] ServerAccessManage:473 - Download File updaters.zip
2023-06-03 08:54:10,835 [INFO] FileExtend:240 - Unzip File : updaters.zip
2023-06-03 08:54:10,835 [INFO] FileExtend:255 - Standard Zip Deflate
2023-06-03 08:54:11,101 [INFO] ServerAccessManage:473 - Download File PacksControlFlags.xml
2023-06-03 08:54:11,153 [INFO] ServerAccessManage:473 - Download File cubemx.pidx
2023-06-03 08:54:11,331 [WARN] MainUpdater:1187 - Updater busy. Cannot search thirdparties
2023-06-03 08:54:11,332 [INFO] ThirdPartyUpdaterWithRetryManager:96 - Updater plugin is busy. [1/15]
2023-06-03 08:54:11,924 [INFO] ServerAccessManage:473 - Download File STMicroelectronics.X-CUBE-AZRTOS-WL.pdsc
