2023-05-28 14:51:04,528 [INFO] MainUpdater:2854 - connection check result : 10
2023-05-28 14:51:04,544 [INFO] MainUpdater:2854 - connection check result : 10
2023-05-28 14:51:04,800 [INFO] MicroXplorer:468 - Change Database Path : 
2023-05-28 14:51:04,800 [INFO] MicroXplorer:498 - Change Database Version : DB.6.0.80
2023-05-28 14:51:04,829 [WARN] ThirdParty:871 - waiting for thirdparty lock release [close project]
2023-05-28 14:51:04,829 [INFO] ThirdParty:873 - entering critical section [close project]
2023-05-28 14:51:04,829 [INFO] ThirdParty:883 - exiting critical section [close project]
2023-05-28 14:51:04,831 [INFO] PinOutPanel:1499 - setPackage(No Configuration,No Configuration)
2023-05-28 14:51:04,836 [INFO] UtilMem:75 - Begin LoadConfig() Used Memory: 677715232 Bytes (951058432)
2023-05-28 14:51:04,837 [INFO] MicroXplorer:468 - Change Database Path : 
2023-05-28 14:51:04,837 [INFO] MicroXplorer:498 - Change Database Version : DB.6.0.80
2023-05-28 14:51:04,837 [INFO] OpenFileManager:308 - Change cursor
2023-05-28 14:51:04,853 [INFO] RulesReader:64 - Compatibility file has been processed (293 Rules)
2023-05-28 14:51:04,862 [INFO] Mcu:1937 - Initializing MCU STM32L4A6ZGTx STM32L4A6ZGTx STM32L4A6ZGT6
2023-05-28 14:51:06,587 [INFO] Context:659 - Trying to add GPIOservice into a context  which must be forbidden
2023-05-28 14:51:06,898 [INFO] RtosManager:555 - Registered RTOS mode: class=CMSIS, group=RTOS, mode=CMSIS_V1, owner=FREERTOS
2023-05-28 14:51:06,898 [INFO] RtosManager:555 - Registered RTOS mode: class=CMSIS, group=RTOS2, mode=CMSIS_V2, owner=FREERTOS
2023-05-28 14:51:06,898 [INFO] RtosManager:555 - Registered RTOS mode: class=RTOS, group=Core, mode=CMSIS_V1, owner=FREERTOS
2023-05-28 14:51:06,898 [INFO] RtosManager:555 - Registered RTOS mode: class=RTOS, group=Core, mode=CMSIS_V2, owner=FREERTOS
2023-05-28 14:51:06,898 [WARN] ModelIntegratedComponent:184 - Missing modes for component STMicroelectronics:FreeRTOS:0.0.1:STMicroelectronics:RTOS:FreeRTOS:Core:::10.2.0:
2023-05-28 14:51:06,904 [WARN] ModelIntegratedComponent:63 - No mode defined for component null
2023-05-28 14:51:06,904 [WARN] ModelIntegratedComponent:63 - No mode defined for component null
2023-05-28 14:51:06,904 [WARN] ModelIntegratedComponent:63 - No mode defined for component null
2023-05-28 14:51:06,905 [WARN] ModelIntegratedComponent:63 - No mode defined for component null
2023-05-28 14:51:06,905 [WARN] ModelIntegratedComponent:63 - No mode defined for component null
2023-05-28 14:51:06,905 [WARN] ModelIntegratedComponent:63 - No mode defined for component null
2023-05-28 14:51:06,905 [WARN] ModelIntegratedComponent:63 - No mode defined for component null
2023-05-28 14:51:06,905 [WARN] ModelIntegratedComponent:63 - No mode defined for component null
2023-05-28 14:51:06,905 [WARN] ModelIntegratedComponent:63 - No mode defined for component null
2023-05-28 14:51:06,905 [WARN] ModelIntegratedComponent:63 - No mode defined for component null
2023-05-28 14:51:06,905 [WARN] ModelIntegratedComponent:63 - No mode defined for component null
2023-05-28 14:51:06,905 [WARN] ModelIntegratedComponent:63 - No mode defined for component null
2023-05-28 14:51:06,905 [WARN] ModelIntegratedComponent:63 - No mode defined for component null
2023-05-28 14:51:06,905 [WARN] ModelIntegratedComponent:63 - No mode defined for component null
2023-05-28 14:51:06,905 [WARN] ModelIntegratedComponent:63 - No mode defined for component null
2023-05-28 14:51:06,905 [WARN] ModelIntegratedComponent:63 - No mode defined for component null
2023-05-28 14:51:06,905 [WARN] ModelIntegratedComponent:63 - No mode defined for component null
2023-05-28 14:51:06,905 [WARN] ModelIntegratedComponent:63 - No mode defined for component null
2023-05-28 14:51:06,905 [WARN] ModelIntegratedComponent:63 - No mode defined for component null
2023-05-28 14:51:06,905 [WARN] ModelIntegratedComponent:63 - No mode defined for component null
2023-05-28 14:51:06,905 [WARN] ModelIntegratedComponent:63 - No mode defined for component null
2023-05-28 14:51:06,905 [WARN] ModelIntegratedComponent:63 - No mode defined for component null
2023-05-28 14:51:06,905 [WARN] ModelIntegratedComponent:63 - No mode defined for component null
2023-05-28 14:51:06,905 [WARN] ModelIntegratedComponent:63 - No mode defined for component null
2023-05-28 14:51:06,905 [WARN] ModelIntegratedComponent:63 - No mode defined for component null
2023-05-28 14:51:06,905 [WARN] ModelIntegratedComponent:63 - No mode defined for component null
2023-05-28 14:51:06,906 [WARN] ModelIntegratedComponent:63 - No mode defined for component null
2023-05-28 14:51:06,906 [WARN] ModelIntegratedComponent:63 - No mode defined for component null
2023-05-28 14:51:06,906 [WARN] ModelIntegratedComponent:63 - No mode defined for component null
2023-05-28 14:51:06,906 [WARN] ModelIntegratedComponent:63 - No mode defined for component null
2023-05-28 14:51:06,906 [WARN] ModelIntegratedComponent:63 - No mode defined for component null
2023-05-28 14:51:06,906 [WARN] ModelIntegratedComponent:63 - No mode defined for component null
2023-05-28 14:51:06,906 [WARN] ModelIntegratedComponent:63 - No mode defined for component null
2023-05-28 14:51:06,991 [INFO] ThirdPartyModel:298 - Start build external matchings
2023-05-28 14:51:07,566 [INFO] ThirdPartyModel:316 - End build external matchings
2023-05-28 14:51:07,914 [INFO] UtilMem:75 - End LoadConfig() Used Memory: 788327304 Bytes (951058432)
2023-05-28 14:51:07,937 [WARN] ThirdParty:833 - waiting for thirdparty lock release [change project]
2023-05-28 14:51:07,937 [INFO] ThirdParty:835 - entering critical section [change project]
2023-05-28 14:51:07,937 [INFO] ThirdParty:1030 - CMSIS Pack Vendor :STMicroelectronics X-CUBE-ISPU 1.1.0
2023-05-28 14:51:07,937 [INFO] ThirdParty:1030 - CMSIS Pack Vendor :RoweBots I-CUBE-UNISONRTOS 5.5.0-4
2023-05-28 14:51:07,937 [INFO] ThirdParty:1030 - CMSIS Pack Vendor :STMicroelectronics X-CUBE-GNSS1 6.0.0
2023-05-28 14:51:07,937 [INFO] ThirdParty:1030 - CMSIS Pack Vendor :STMicroelectronics USB_HOST 2.0.0
2023-05-28 14:51:07,937 [INFO] ThirdParty:1030 - CMSIS Pack Vendor :STMicroelectronics X-CUBE-AZRTOS-F4 1.1.0
2023-05-28 14:51:07,937 [INFO] ThirdParty:1030 - CMSIS Pack Vendor :STMicroelectronics LIBJPEG 8.0.0
2023-05-28 14:51:07,937 [INFO] ThirdParty:1030 - CMSIS Pack Vendor :STMicroelectronics X-CUBE-SMBUS 2.1.0
2023-05-28 14:51:07,937 [INFO] ThirdParty:1030 - CMSIS Pack Vendor :wolfSSL I-CUBE-wolfSSL 5.6.0
2023-05-28 14:51:07,937 [INFO] ThirdParty:1030 - CMSIS Pack Vendor :STMicroelectronics USB_DEVICE 3.0.0
2023-05-28 14:51:07,937 [INFO] ThirdParty:1030 - CMSIS Pack Vendor :STMicroelectronics X-CUBE-AI 8.0.0
2023-05-28 14:51:07,937 [INFO] ThirdParty:1030 - CMSIS Pack Vendor :STMicroelectronics X-CUBE-FREERTOS 1.0.0
2023-05-28 14:51:07,937 [INFO] ThirdParty:1030 - CMSIS Pack Vendor :STMicroelectronics X-CUBE-FREERTOS 1.0.1
2023-05-28 14:51:07,937 [INFO] ThirdParty:1030 - CMSIS Pack Vendor :STMicroelectronics X-CUBE-TOUCHGFX 4.21.3
2023-05-28 14:51:07,937 [INFO] ThirdParty:1030 - CMSIS Pack Vendor :STMicroelectronics X-CUBE-AZRTOS-F7 1.1.0
2023-05-28 14:51:07,937 [INFO] ThirdParty:1030 - CMSIS Pack Vendor :STMicroelectronics X-CUBE-TOUCHGFX 4.21.4
2023-05-28 14:51:07,937 [INFO] ThirdParty:1030 - CMSIS Pack Vendor :STMicroelectronics USB_DEVICE 2.0.0
2023-05-28 14:51:07,937 [INFO] ThirdParty:1030 - CMSIS Pack Vendor :STMicroelectronics X-CUBE-MEMS1 9.6.0
2023-05-28 14:51:07,937 [INFO] ThirdParty:1030 - CMSIS Pack Vendor :STMicroelectronics FP-SNS-MOTENV1 4.3.0
2023-05-28 14:51:07,937 [INFO] ThirdParty:1030 - CMSIS Pack Vendor :STMicroelectronics FP-SNS-FLIGHT1 5.0.0
2023-05-28 14:51:07,937 [INFO] ThirdParty:1030 - CMSIS Pack Vendor :STMicroelectronics FP-SNS-MOTENV1 4.3.1
2023-05-28 14:51:07,937 [INFO] ThirdParty:1030 - CMSIS Pack Vendor :STMicroelectronics FP-SNS-FLIGHT1 5.0.1
2023-05-28 14:51:07,937 [INFO] ThirdParty:1030 - CMSIS Pack Vendor :STMicroelectronics X-CUBE-ALGOBUILD 1.3.0
2023-05-28 14:51:07,937 [INFO] ThirdParty:1030 - CMSIS Pack Vendor :STMicroelectronics X-CUBE-BLE1 6.2.4
2023-05-28 14:51:07,937 [INFO] ThirdParty:1030 - CMSIS Pack Vendor :STMicroelectronics X-CUBE-AZRTOS-L5 1.1.0
2023-05-28 14:51:07,937 [INFO] ThirdParty:1030 - CMSIS Pack Vendor :STMicroelectronics FreeRTOS 0.0.1
2023-05-28 14:51:07,937 [INFO] ThirdParty:1030 - CMSIS Pack Vendor :emotas I-CUBE-CANOPEN 1.1.3
2023-05-28 14:51:07,937 [INFO] ThirdParty:1030 - CMSIS Pack Vendor :STMicroelectronics X-CUBE-AZRTOS-G0 1.1.0
2023-05-28 14:51:07,937 [INFO] ThirdParty:1030 - CMSIS Pack Vendor :STMicroelectronics X-CUBE-BLEMGR 2.0.0
2023-05-28 14:51:07,937 [INFO] ThirdParty:1030 - CMSIS Pack Vendor :STMicroelectronics X-CUBE-AI 8.0.1
2023-05-28 14:51:07,937 [INFO] ThirdParty:1030 - CMSIS Pack Vendor :STMicroelectronics X-CUBE-SUBG2 5.0.0
2023-05-28 14:51:07,937 [INFO] ThirdParty:1030 - CMSIS Pack Vendor :STMicroelectronics X-CUBE-NFC4 3.0.0
2023-05-28 14:51:07,937 [INFO] ThirdParty:1030 - CMSIS Pack Vendor :STMicroelectronics STM32_WPAN 1.0.0
2023-05-28 14:51:07,937 [INFO] ThirdParty:1030 - CMSIS Pack Vendor :STMicroelectronics lwIP 2.0.3
2023-05-28 14:51:07,937 [INFO] ThirdParty:1030 - CMSIS Pack Vendor :STMicroelectronics USB_HOST 1.0.0
2023-05-28 14:51:07,937 [INFO] ThirdParty:1030 - CMSIS Pack Vendor :STMicroelectronics X-CUBE-AZRTOS-G4 2.0.0
2023-05-28 14:51:07,937 [INFO] ThirdParty:1030 - CMSIS Pack Vendor :STMicroelectronics PDM2PCM 3.1.0
2023-05-28 14:51:07,937 [INFO] ThirdParty:1030 - CMSIS Pack Vendor :STMicroelectronics X-CUBE-AZRTOS-H7 3.1.0
2023-05-28 14:51:07,937 [INFO] ThirdParty:1030 - CMSIS Pack Vendor :STMicroelectronics X-CUBE-TOF1 3.3.0
2023-05-28 14:51:07,937 [INFO] ThirdParty:1030 - CMSIS Pack Vendor :STMicroelectronics FP-ATR-ASTRA1 1.1.1
2023-05-28 14:51:07,938 [INFO] ThirdParty:1030 - CMSIS Pack Vendor :STMicroelectronics PDM2PCM 3.3.0
2023-05-28 14:51:07,938 [INFO] ThirdParty:1030 - CMSIS Pack Vendor :STMicroelectronics X-CUBE-DISPLAY 3.0.0
2023-05-28 14:51:07,938 [INFO] ThirdParty:1030 - CMSIS Pack Vendor :STMicroelectronics X-CUBE-AZRTOS-G4 1.0.0
2023-05-28 14:51:07,938 [INFO] ThirdParty:1030 - CMSIS Pack Vendor :STMicroelectronics FP-ATR-SIGFOX1 3.2.0
2023-05-28 14:51:07,938 [INFO] ThirdParty:1030 - CMSIS Pack Vendor :STMicroelectronics X-CUBE-AZRTOS-L4 1.0.0
2023-05-28 14:51:07,938 [INFO] ThirdParty:1030 - CMSIS Pack Vendor :STMicroelectronics HAL Drivers 0.0.0
2023-05-28 14:51:07,938 [INFO] ThirdParty:1030 - CMSIS Pack Vendor :STMicroelectronics MBEDTLS 2.16.2
2023-05-28 14:51:07,938 [INFO] ThirdParty:1030 - CMSIS Pack Vendor :STMicroelectronics MBEDTLS 2.14.1
2023-05-28 14:51:07,938 [INFO] ThirdParty:1030 - CMSIS Pack Vendor :STMicroelectronics X-CUBE-NFC7 1.0.0
2023-05-28 14:51:07,938 [INFO] ThirdParty:1030 - CMSIS Pack Vendor :STMicroelectronics X-CUBE-AZRTOS-WL 1.0.0
2023-05-28 14:51:07,938 [INFO] ThirdParty:1030 - CMSIS Pack Vendor :STMicroelectronics X-CUBE-EEPRMA1 4.1.0
2023-05-28 14:51:07,938 [INFO] ThirdParty:1030 - CMSIS Pack Vendor :portGmbH I-Cube-SoM-uGOAL 1.1.0
2023-05-28 14:51:07,938 [INFO] ThirdParty:1030 - CMSIS Pack Vendor :STMicroelectronics X-CUBE-ALS 1.0.1
2023-05-28 14:51:07,938 [INFO] ThirdParty:1030 - CMSIS Pack Vendor :STMicroelectronics X-CUBE-MEMS1 9.5.0
2023-05-28 14:51:07,938 [INFO] ThirdParty:1030 - CMSIS Pack Vendor :STMicroelectronics ThreadX 1.0.0
2023-05-28 14:51:07,938 [INFO] ThirdParty:1030 - CMSIS Pack Vendor :STMicroelectronics X-CUBE-AZRTOS-WB 1.1.0
2023-05-28 14:51:07,938 [INFO] ThirdParty:1030 - CMSIS Pack Vendor :SEGGER I-CUBE-embOS 1.3.1
2023-05-28 14:51:07,938 [INFO] ThirdParty:1030 - CMSIS Pack Vendor :STMicroelectronics USB_DEVICE 1.0.0
2023-05-28 14:51:07,938 [INFO] ThirdParty:1030 - CMSIS Pack Vendor :STMicroelectronics X-CUBE-AZRTOS-L4 2.0.0
2023-05-28 14:51:07,938 [INFO] ThirdParty:1030 - CMSIS Pack Vendor :STMicroelectronics ThreadX 0.0.2
2023-05-28 14:51:07,938 [INFO] ThirdParty:1030 - CMSIS Pack Vendor :WES I-CUBE-Cesium 1.3.0
2023-05-28 14:51:07,938 [INFO] ThirdParty:1030 - CMSIS Pack Vendor :STMicroelectronics FP-ATR-ASTRA1 2.0.0
2023-05-28 14:51:07,938 [INFO] ThirdParty:1030 - CMSIS Pack Vendor :STMicroelectronics lwIP 2.1.2
2023-05-28 14:51:07,938 [INFO] ThirdParty:1030 - CMSIS Pack Vendor :STMicroelectronics X-CUBE-SFXS2LP1 4.0.0
2023-05-28 14:51:07,938 [INFO] ThirdParty:1030 - CMSIS Pack Vendor :STMicroelectronics X-CUBE-BLE2 3.3.0
2023-05-28 14:51:07,938 [INFO] ThirdParty:1030 - CMSIS Pack Vendor :STMicroelectronics PDM2PCM 3.2.0
2023-05-28 14:51:07,938 [INFO] ThirdParty:1030 - CMSIS Pack Vendor :STMicroelectronics X-CUBE-AZRTOS-H7 3.0.0
2023-05-28 14:51:07,938 [INFO] ThirdParty:841 - exiting critical section [change project]
2023-05-28 14:51:08,144 [INFO] PinOutPanel:1499 - setPackage(No Configuration,No Configuration)
2023-05-28 14:51:08,145 [INFO] PinOutPanel:1499 - setPackage(STM32L4A6ZGTx,LQFP144)
2023-05-28 14:51:08,326 [INFO] UtilMem:75 - Before build in PCC Used Memory: 802720680 Bytes (951058432)
2023-05-28 14:51:08,543 [INFO] UtilMem:75 - After build in PCC Used Memory: 636651304 Bytes (951058432)
2023-05-28 14:51:08,560 [INFO] IPUIPlugin:80 - create IPUIPlugin
2023-05-28 14:51:08,560 [INFO] IPUIPlugin:80 - create IPUIPlugin
2023-05-28 14:51:08,560 [INFO] IPUIPlugin:80 - create IPUIPlugin
2023-05-28 14:51:08,560 [INFO] IPUIPlugin:80 - create IPUIPlugin
2023-05-28 14:51:08,560 [INFO] IPUIPlugin:80 - create IPUIPlugin
2023-05-28 14:51:08,560 [INFO] IPUIPlugin:80 - create IPUIPlugin
2023-05-28 14:51:08,560 [INFO] IPUIPlugin:80 - create IPUIPlugin
2023-05-28 14:51:08,560 [INFO] IPUIPlugin:80 - create IPUIPlugin
2023-05-28 14:51:08,561 [INFO] IPUIPlugin:80 - create IPUIPlugin
2023-05-28 14:51:08,561 [INFO] IPUIPlugin:80 - create IPUIPlugin
2023-05-28 14:51:08,561 [INFO] IPUIPlugin:80 - create IPUIPlugin
2023-05-28 14:51:08,561 [INFO] IPUIPlugin:80 - create IPUIPlugin
2023-05-28 14:51:08,561 [INFO] IPUIPlugin:80 - create IPUIPlugin
2023-05-28 14:51:08,561 [INFO] IPUIPlugin:80 - create IPUIPlugin
2023-05-28 14:51:08,561 [INFO] IPUIPlugin:80 - create IPUIPlugin
2023-05-28 14:51:08,561 [INFO] IPUIPlugin:80 - create IPUIPlugin
2023-05-28 14:51:08,561 [INFO] IPUIPlugin:80 - create IPUIPlugin
2023-05-28 14:51:08,561 [INFO] IPUIPlugin:80 - create IPUIPlugin
2023-05-28 14:51:08,561 [INFO] IPUIPlugin:80 - create IPUIPlugin
2023-05-28 14:51:08,561 [INFO] IPUIPlugin:80 - create IPUIPlugin
2023-05-28 14:51:08,561 [INFO] IPUIPlugin:80 - create IPUIPlugin
2023-05-28 14:51:08,561 [INFO] IPUIPlugin:80 - create IPUIPlugin
2023-05-28 14:51:08,561 [INFO] IPUIPlugin:80 - create IPUIPlugin
2023-05-28 14:51:08,562 [INFO] IPUIPlugin:80 - create IPUIPlugin
2023-05-28 14:51:08,562 [INFO] IPUIPlugin:80 - create IPUIPlugin
2023-05-28 14:51:08,562 [INFO] IPUIPlugin:80 - create IPUIPlugin
2023-05-28 14:51:08,563 [INFO] IPUIPlugin:80 - create IPUIPlugin
2023-05-28 14:51:08,563 [INFO] IPUIPlugin:80 - create IPUIPlugin
2023-05-28 14:51:08,563 [INFO] IPUIPlugin:80 - create IPUIPlugin
2023-05-28 14:51:08,563 [INFO] IPUIPlugin:80 - create IPUIPlugin
2023-05-28 14:51:08,563 [INFO] IPUIPlugin:80 - create IPUIPlugin
2023-05-28 14:51:08,563 [INFO] IPUIPlugin:80 - create IPUIPlugin
2023-05-28 14:51:08,563 [INFO] IPUIPlugin:80 - create IPUIPlugin
2023-05-28 14:51:08,564 [INFO] IPUIPlugin:80 - create IPUIPlugin
2023-05-28 14:51:08,564 [INFO] IPUIPlugin:80 - create IPUIPlugin
2023-05-28 14:51:08,564 [INFO] IPUIPlugin:80 - create IPUIPlugin
2023-05-28 14:51:08,564 [INFO] IPUIPlugin:80 - create IPUIPlugin
2023-05-28 14:51:08,564 [INFO] IPUIPlugin:80 - create IPUIPlugin
2023-05-28 14:51:08,564 [INFO] IPUIPlugin:80 - create IPUIPlugin
2023-05-28 14:51:08,564 [INFO] IPUIPlugin:80 - create IPUIPlugin
2023-05-28 14:51:08,564 [INFO] IPUIPlugin:80 - create IPUIPlugin
2023-05-28 14:51:08,565 [INFO] IPUIPlugin:80 - create IPUIPlugin
2023-05-28 14:51:08,565 [INFO] IPUIPlugin:80 - create IPUIPlugin
2023-05-28 14:51:08,565 [INFO] IPUIPlugin:80 - create IPUIPlugin
2023-05-28 14:51:08,565 [INFO] IPUIPlugin:80 - create IPUIPlugin
2023-05-28 14:51:08,565 [INFO] IPUIPlugin:80 - create IPUIPlugin
2023-05-28 14:51:08,565 [INFO] IPUIPlugin:80 - create IPUIPlugin
2023-05-28 14:51:08,565 [INFO] IPUIPlugin:80 - create IPUIPlugin
2023-05-28 14:51:08,566 [INFO] IPUIPlugin:80 - create IPUIPlugin
2023-05-28 14:51:08,566 [INFO] IPUIPlugin:80 - create IPUIPlugin
2023-05-28 14:51:08,566 [INFO] IPUIPlugin:80 - create IPUIPlugin
2023-05-28 14:51:08,566 [INFO] IPUIPlugin:80 - create IPUIPlugin
2023-05-28 14:51:08,566 [INFO] IPUIPlugin:80 - create IPUIPlugin
2023-05-28 14:51:08,567 [INFO] IPUIPlugin:80 - create IPUIPlugin
2023-05-28 14:51:08,567 [INFO] IPUIPlugin:80 - create IPUIPlugin
2023-05-28 14:51:08,567 [INFO] IPUIPlugin:80 - create IPUIPlugin
2023-05-28 14:51:08,568 [INFO] IPUIPlugin:80 - create IPUIPlugin
2023-05-28 14:51:08,568 [INFO] IPUIPlugin:80 - create IPUIPlugin
2023-05-28 14:51:08,568 [INFO] IPUIPlugin:80 - create IPUIPlugin
2023-05-28 14:51:08,568 [INFO] IPUIPlugin:80 - create IPUIPlugin
2023-05-28 14:51:08,569 [INFO] IPUIPlugin:80 - create IPUIPlugin
2023-05-28 14:51:08,569 [INFO] IPUIPlugin:80 - create IPUIPlugin
2023-05-28 14:51:08,569 [INFO] IPUIPlugin:80 - create IPUIPlugin
2023-05-28 14:51:08,570 [INFO] IPUIPlugin:80 - create IPUIPlugin
2023-05-28 14:51:08,570 [INFO] IPUIPlugin:80 - create IPUIPlugin
2023-05-28 14:51:08,570 [INFO] IPUIPlugin:80 - create IPUIPlugin
2023-05-28 14:51:08,582 [INFO] CADModel:165 - CPN selected for project levelSTM32L4A6ZGT6
2023-05-28 14:51:08,582 [INFO] CADModel:114 - Register for checkConnection events
2023-05-28 14:51:08,640 [INFO] OpenFileManager:328 - Restore cursor
2023-05-28 14:52:01,033 [INFO] UtilMem:75 - End SaveConfig() Used Memory: 808944152 Bytes (1073741824)
2023-05-28 14:52:02,252 [INFO] UtilMem:75 - End SaveConfig() Used Memory: 842935968 Bytes (1073741824)
2023-05-28 14:52:05,493 [INFO] UtilMem:75 - End SaveConfig() Used Memory: 907375472 Bytes (1073741824)
2023-05-28 14:52:05,651 [INFO] BlockDiagram:2759 - set Specific Code input for plugin: RCC
2023-05-28 14:52:05,651 [INFO] BlockDiagram:2759 - set Specific Code input for plugin: NVIC
2023-05-28 14:52:05,652 [INFO] CodeGenerator:793 - code generatio: config db path: C:\Users\Wilso\Desktop\329\STM32CubeIDE_1.12.0\STM32CubeIDE\plugins\com.st.stm32cube.common.mx_6.8.0.202302231600\\db\
2023-05-28 14:52:05,814 [INFO] CodeEngine:255 - oldGeneratedFile, C:\Users\Wilso\Desktop\Code\C\A7\MXTmpFiles\license.tmp_save
2023-05-28 14:52:05,870 [INFO] CodeEngine:279 - Generated code: C:\Users\Wilso\Desktop\Code\C\A7\MXTmpFiles\license.tmp
2023-05-28 14:52:05,888 [INFO] CodeEngine:255 - oldGeneratedFile, C:\Users\Wilso\Desktop\Code\C\A7\Core\Src\stm32l4xx_it.c_save
2023-05-28 14:52:05,996 [INFO] CodeEngine:279 - Generated code: C:\Users\Wilso\Desktop\Code\C\A7\Core\Src\stm32l4xx_it.c
2023-05-28 14:52:06,004 [INFO] CodeEngine:255 - oldGeneratedFile, C:\Users\Wilso\Desktop\Code\C\A7\Core\Inc\stm32l4xx_it.h_save
2023-05-28 14:52:06,052 [INFO] CodeEngine:279 - Generated code: C:\Users\Wilso\Desktop\Code\C\A7\Core\Inc\stm32l4xx_it.h
2023-05-28 14:52:06,095 [INFO] CodeEngine:255 - oldGeneratedFile, C:\Users\Wilso\Desktop\Code\C\A7\Core\Src\stm32l4xx_hal_msp.c_save
2023-05-28 14:52:06,160 [INFO] CodeEngine:279 - Generated code: C:\Users\Wilso\Desktop\Code\C\A7\Core\Src\stm32l4xx_hal_msp.c
2023-05-28 14:52:06,167 [INFO] CodeEngine:255 - oldGeneratedFile, C:\Users\Wilso\Desktop\Code\C\A7\MXTmpFiles\system.tmp_save
2023-05-28 14:52:06,209 [INFO] CodeEngine:279 - Generated code: C:\Users\Wilso\Desktop\Code\C\A7\MXTmpFiles\system.tmp
2023-05-28 14:52:06,223 [INFO] CodeEngine:311 - oldGeneratedFile, C:\Users\Wilso\Desktop\Code\C\A7\Core\Inc\stm32l4xx_hal_conf.h_save
2023-05-28 14:52:06,283 [INFO] CodeEngine:335 - Generated code: C:\Users\Wilso\Desktop\Code\C\A7\Core\Inc\stm32l4xx_hal_conf.h
2023-05-28 14:52:06,321 [INFO] CodeEngine:255 - oldGeneratedFile, C:\Users\Wilso\Desktop\Code\C\A7\Core\Inc\main.h_save
2023-05-28 14:52:06,384 [INFO] CodeEngine:279 - Generated code: C:\Users\Wilso\Desktop\Code\C\A7\Core\Inc\main.h
2023-05-28 14:52:06,397 [INFO] CodeEngine:255 - oldGeneratedFile, C:\Users\Wilso\Desktop\Code\C\A7\Core\Src\main.c_save
2023-05-28 14:52:06,466 [INFO] CodeEngine:279 - Generated code: C:\Users\Wilso\Desktop\Code\C\A7\Core\Src\main.c
2023-05-28 14:52:07,111 [INFO] ProjectBuilder:2996 - Time for Copy HAL[1] : 277mS.
2023-05-28 14:52:07,113 [INFO] ProjectBuilder:4304 - Project Generator version: 3.19.2
2023-05-28 14:52:07,383 [INFO] ConfigFileManager:1483 - The Die is : DIE461
2023-05-28 14:52:07,390 [INFO] ApiDbMcu:507 - Load IP Config File for FATFS
2023-05-28 14:52:07,399 [INFO] ApiDbMcu:507 - Load IP Config File for FREERTOS
2023-05-28 14:52:07,414 [INFO] ApiDbMcu:507 - Load IP Config File for TOUCHSENSING
2023-05-28 14:52:07,423 [INFO] ApiDbMcu:507 - Load IP Config File for USB_DEVICE
2023-05-28 14:52:07,431 [INFO] ApiDbMcu:507 - Load IP Config File for USB_HOST
2023-05-28 14:52:08,266 [INFO] ProjectBuilder:4505 - Time for Generating toolchain IDE Files: 1153mS.
2023-05-28 14:52:08,267 [INFO] ProjectBuilder:2867 - Time for Copy CMSIS : 0mS.
2023-05-28 14:52:08,269 [INFO] ProjectBuilder:2867 - Time for Copy CMSIS : 1mS.
2023-05-28 22:56:45,949 [INFO] Activator:176 - 


2023-05-28 22:56:45,951 [INFO] Activator:177 - !SESSION log4j initialized
2023-05-28 22:56:51,379 [INFO] LogOutputStream:77 - [STDOUT_REDIRECT] 
2023-05-28 22:57:14,235 [ERROR] LogOutputStream:75 - [STDERR_REDIRECT] SLF4J: Failed to load class "org.slf4j.impl.StaticLoggerBinder".
2023-05-28 22:57:14,236 [ERROR] LogOutputStream:75 - [STDERR_REDIRECT] SLF4J: Defaulting to no-operation (NOP) logger implementation
2023-05-28 22:57:14,237 [ERROR] LogOutputStream:75 - [STDERR_REDIRECT] SLF4J: See http://www.slf4j.org/codes.html#StaticLoggerBinder for further details.
